2021-09-02 09:59:24.019：Dev_GetInfo       0 Id=0 Ver=0x0 Baudrate=0
2021-09-02 09:59:25.151：Dev_Reset         0
2021-09-02 09:59:26.034：Dev_GetInfo       0 Id=0 Ver=0x0 Baudrate=0
2021-09-02 09:59:26.858：Dev_Reset         0
2021-09-02 09:59:27.581：Dev_GetInfo       0 Id=0 Ver=0x0 Baudrate=0
2021-09-02 09:59:28.422：Dev_Reset         0
2021-09-02 09:59:31.628：Dev_GetInfo       0 Id=0 Ver=0x0 Baudrate=0
2021-09-02 09:59:32.484：Dev_Reset         0
2021-09-02 09:59:33.034：Dev_GetInfo       0 Id=0 Ver=0x0 Baudrate=0
2021-09-02 09:59:33.157：Dev_Reset         0
2021-09-02 09:59:33.768：Dev_GetInfo       0 Id=0 Ver=0x0 Baudrate=0
2021-09-02 09:59:34.123：Dev_Reset         0
2021-09-02 09:59:34.534：Dev_GetInfo       0 Id=0 Ver=0x0 Baudrate=0
2021-09-02 09:59:34.654：Dev_Reset         0
2021-09-02 09:59:34.924：Dev_GetInfo       0 Id=0 Ver=0x0 Baudrate=0
2021-09-02 09:59:35.051：Dev_Reset         0
2021-09-02 09:59:35.346：Dev_GetInfo       0 Id=0 Ver=0x0 Baudrate=0
2021-09-02 09:59:35.736：Dev_Reset         0
2021-09-02 09:59:36.675：Dev_GetInfo       0 Id=0 Ver=0x0 Baudrate=0
2021-09-02 09:59:37.565：Dev_Reset         0
2021-09-02 09:59:38.424：Dev_GetInfo       0 Id=0 Ver=0x0 Baudrate=0
2021-09-02 09:59:39.295：Dev_Reset         0
2021-09-02 09:59:40.097：Dev_GetInfo       0 Id=0 Ver=0x0 Baudrate=0
2021-09-02 09:59:40.692：Dev_Reset         0
2021-09-02 09:59:41.550：Dev_GetInfo       0 Id=0 Ver=0x0 Baudrate=0
2021-09-02 09:59:48.560：Dev_Reset         0
2021-09-02 09:59:50.940：Dev_GetInfo       0 Id=0 Ver=0x0 Baudrate=0
2021-09-02 09:59:54.665：Dev_Reset         0
2021-09-02 09:59:55.596：Dev_GetInfo       0 Id=0 Ver=0x0 Baudrate=0
2021-09-02 09:59:55.917：Dev_Reset         0
2021-09-02 09:59:56.674：Dev_GetInfo       0 Id=0 Ver=0x0 Baudrate=0
2021-09-02 09:59:56.827：Dev_Reset         0
2021-09-02 09:59:57.159：Dev_GetInfo       0 Id=0 Ver=0x0 Baudrate=0
2021-09-02 09:59:57.437：Dev_Reset         0
2021-09-02 09:59:57.878：Dev_GetInfo       0 Id=0 Ver=0x0 Baudrate=0
2021-09-02 09:59:58.024：Dev_Reset         0
2021-09-02 09:59:58.284：Dev_GetInfo       0 Id=0 Ver=0x0 Baudrate=0
2021-09-02 09:59:58.423：Dev_Reset         0
2021-09-02 09:59:58.736：Dev_GetInfo       0 Id=0 Ver=0x0 Baudrate=0
2021-09-02 09:59:59.064：Dev_Reset         0
2021-09-02 09:59:59.347：Dev_GetInfo       0 Id=0 Ver=0x0 Baudrate=0
2021-09-02 09:59:59.492：Dev_Reset         0
2021-09-02 09:59:59.722：Dev_GetInfo       0 Id=0 Ver=0x0 Baudrate=0
2021-09-02 09:59:59.854：Dev_Reset         0
2021-09-02 10:00:00.080：Dev_GetInfo       0 Id=0 Ver=0x0 Baudrate=0
2021-09-02 10:00:00.211：Dev_Reset         0
2021-09-02 10:00:00.487：Dev_GetInfo       0 Id=0 Ver=0x0 Baudrate=0
2021-09-02 10:00:00.619：Dev_Reset         0
2021-09-02 10:00:03.909：Dev_GetInfo       0 Id=0 Ver=0x0 Baudrate=0
2021-09-02 10:00:05.737：Dev_Reset         0
2021-09-02 10:00:10.941：Dev_GetInfo       0 Id=0 Ver=0x0 Baudrate=0
2021-09-02 10:00:11.763：Dev_Reset         0
2021-09-02 10:00:15.112：Dev_GetInfo       0 Id=0 Ver=0x0 Baudrate=0
2021-09-02 10:00:16.483：Dev_Reset         0
2021-09-02 10:00:17.175：Dev_GetInfo       0 Id=0 Ver=0x0 Baudrate=0
2021-09-02 10:00:17.993：Dev_Reset         0
2021-09-02 10:00:18.862：Dev_GetInfo       0 Id=0 Ver=0x0 Baudrate=0
2021-09-02 10:00:19.427：Dev_Reset         0
2021-09-02 10:00:19.737：Dev_GetInfo       0 Id=0 Ver=0x0 Baudrate=0
2021-09-02 10:00:19.865：Dev_Reset         0
2021-09-02 10:00:20.159：Dev_GetInfo       0 Id=0 Ver=0x0 Baudrate=0
2021-09-02 10:00:20.488：Dev_Reset         0
2021-09-02 10:00:21.816：Dev_GetInfo       0 Id=0 Ver=0x0 Baudrate=0
2021-09-02 10:00:22.117：Dev_Reset         0
2021-09-02 10:00:22.440：Dev_GetInfo       0 Id=0 Ver=0x0 Baudrate=0
2021-09-02 10:25:06.750：Dev_Reset         0
2021-09-02 10:25:07.867：Dev_GetInfo       1 Id=201208 Ver=0x2C Baudrate=460800
2021-09-02 10:25:08.395：Dev_Reset         1
2021-09-02 10:25:09.229：Dev_GetInfo       1 Id=201208 Ver=0x2C Baudrate=460800
2021-09-02 10:30:48.847：Dev_Reset         1
2021-09-02 10:30:48.983：Dev_ModPower      1 OnOff=1
2021-09-02 10:30:50.221：Mod_GetIdVer      0 Id=20000000 Fuse=0x0 V0=0.000   I0=0.000   V1=30.176  接收超时 0
2021-09-02 10:30:50.538：Mod_GetIdVer      0 Id=20000000 Fuse=0x0 V0=0.000   I0=0.000   V1=30.185  接收超时 0 Retry 1
2021-09-02 10:30:50.842：Mod_GetIdVer      0 Id=20000000 Fuse=0x0 V0=0.000   I0=0.000   V1=30.105  接收超时 0 Retry 2
2021-09-02 10:30:51.150：Mod_GetIdVer      0 Id=20000000 Fuse=0x0 V0=0.000   I0=0.000   V1=30.203  接收超时 0 Retry 3
2021-09-02 10:30:51.460：Mod_GetIdVer      0 Id=20000000 Fuse=0x0 V0=0.000   I0=0.000   V1=30.123  接收超时 0 Retry 4
2021-09-02 10:30:51.763：Mod_GetIdVer      0 Id=20000000 Fuse=0x0 V0=0.000   I0=0.000   V1=30.167  接收超时 0 Retry 5
2021-09-02 10:30:52.068：Mod_GetIdVer      0 Id=20000000 Fuse=0x0 V0=0.000   I0=0.000   V1=30.176  接收超时 0 Retry 6
2021-09-02 10:30:52.372：Mod_GetIdVer      0 Id=20000000 Fuse=0x0 V0=0.000   I0=0.000   V1=30.176  接收超时 0 Retry 7
2021-09-02 10:30:52.681：Mod_GetIdVer      0 Id=20000000 Fuse=0x0 V0=0.000   I0=0.000   V1=30.185  接收超时 0 Retry 8
2021-09-02 10:30:52.983：Mod_GetIdVer      0 Id=20000000 Fuse=0x0 V0=0.000   I0=0.000   V1=30.185  接收超时 0 Retry 9
2021-09-02 10:30:53.293：Mod_GetIdVer      0 Id=20000000 Fuse=0x0 V0=0.000   I0=0.000   V1=30.158  接收超时 0 Retry 10
2021-09-02 14:02:34.991：Dev_Reset         0
2021-09-02 14:02:35.634：Dev_GetInfo       1 Id=201208 Ver=0x2C Baudrate=460800
2021-09-02 14:02:37.302：Dev_Reset         1
2021-09-02 14:02:38.208：Dev_Reset         1
2021-09-02 14:02:38.319：Dev_ModPower      1 OnOff=1
2021-09-02 14:02:39.911：Mod_GetIdVer      0 Id=20000000 Fuse=0x0 V0=0.000   I0=0.000   V1=30.158  接收超时 0
2021-09-02 14:02:40.213：Mod_GetIdVer      0 Id=20000000 Fuse=0x0 V0=0.000   I0=0.000   V1=30.150  接收超时 0 Retry 1
2021-09-02 14:02:40.498：Mod_GetIdVer      0 Id=20000000 Fuse=0x0 V0=0.000   I0=0.000   V1=30.150  接收超时 0 Retry 2
2021-09-02 14:02:40.801：Mod_GetIdVer      0 Id=20000000 Fuse=0x0 V0=0.000   I0=0.000   V1=30.123  接收超时 0 Retry 3
2021-09-02 14:02:41.107：Mod_GetIdVer      0 Id=20000000 Fuse=0x0 V0=0.000   I0=0.000   V1=30.212  接收超时 0 Retry 4
2021-09-02 14:02:41.409：Mod_GetIdVer      0 Id=20000000 Fuse=0x0 V0=0.000   I0=0.000   V1=30.132  接收超时 0 Retry 5
2021-09-02 14:02:41.710：Mod_GetIdVer      0 Id=20000000 Fuse=0x0 V0=0.000   I0=0.000   V1=30.141  接收超时 0 Retry 6
2021-09-02 14:02:42.011：Mod_GetIdVer      0 Id=20000000 Fuse=0x0 V0=0.000   I0=0.000   V1=30.185  接收超时 0 Retry 7
2021-09-02 14:02:42.321：Mod_GetIdVer      0 Id=20000000 Fuse=0x0 V0=0.000   I0=0.000   V1=30.079  接收超时 0 Retry 8
2021-09-02 14:02:42.630：Mod_GetIdVer      0 Id=20000000 Fuse=0x0 V0=0.000   I0=0.000   V1=30.176  接收超时 0 Retry 9
2021-09-02 14:02:42.933：Mod_GetIdVer      0 Id=20000000 Fuse=0x0 V0=0.000   I0=0.000   V1=30.096  接收超时 0 Retry 10
2021-09-02 14:04:14.816：Dev_Reset         1
2021-09-02 14:04:14.929：Dev_ModPower      1 OnOff=1
2021-09-02 14:04:16.180：Mod_GetIdVer      1 Id=20132012 Fuse=0x1 V0=0.000   I0=0.000   V1=30.158 
2021-09-02 14:04:16.286：Mod_NextCtrlOn    1 Id=20132012 V0=0.000   I0=0.000   V1=30.176 
2021-09-02 14:04:16.542：Mod_GetIdVer      0 Id=20000000 Fuse=0x0 V0=0.000   I0=0.000   V1=30.141  接收超时 0
2021-09-02 14:04:16.843：Mod_GetIdVer      0 Id=20000000 Fuse=0x0 V0=0.000   I0=0.000   V1=30.132  接收超时 0 Retry 1
2021-09-02 14:04:17.131：Mod_GetIdVer      0 Id=20000000 Fuse=0x0 V0=0.000   I0=0.000   V1=30.141  接收超时 0 Retry 2
2021-09-02 14:04:17.432：Mod_GetIdVer      0 Id=20000000 Fuse=0x0 V0=0.000   I0=0.000   V1=30.132  接收超时 0 Retry 3
2021-09-02 14:04:17.733：Mod_GetIdVer      0 Id=20000000 Fuse=0x0 V0=0.000   I0=0.000   V1=30.132  接收超时 0 Retry 4
2021-09-02 14:04:18.044：Mod_GetIdVer      0 Id=20000000 Fuse=0x0 V0=0.000   I0=0.000   V1=30.132  接收超时 0 Retry 5
2021-09-02 14:04:18.330：Mod_GetIdVer      0 Id=20000000 Fuse=0x0 V0=0.000   I0=0.000   V1=30.150  接收超时 0 Retry 6
2021-09-02 14:04:18.641：Mod_GetIdVer      0 Id=20000000 Fuse=0x0 V0=0.000   I0=0.000   V1=30.141  接收超时 0 Retry 7
2021-09-02 14:04:18.943：Mod_GetIdVer      0 Id=20000000 Fuse=0x0 V0=0.000   I0=0.000   V1=30.176  接收超时 0 Retry 8
2021-09-02 14:04:19.245：Mod_GetIdVer      0 Id=20000000 Fuse=0x0 V0=0.000   I0=0.000   V1=30.132  接收超时 0 Retry 9
2021-09-02 14:04:19.546：Mod_GetIdVer      0 Id=20000000 Fuse=0x0 V0=0.000   I0=0.000   V1=30.150  接收超时 0 Retry 10
2021-09-02 14:05:16.453：Dev_Reset         1
2021-09-02 14:05:30.940：Dev_Reset         1
2021-09-02 14:05:31.059：Dev_ModPower      1 OnOff=1
2021-09-02 14:05:32.306：Mod_GetIdVer      1 Id=20132012 Fuse=0x1 V0=0.000   I0=0.000   V1=30.096 
2021-09-02 14:05:32.427：Mod_NextCtrlOn    1 Id=20132012 V0=0.000   I0=0.000   V1=30.194 
2021-09-02 14:05:32.673：Mod_GetIdVer      0 Id=20000000 Fuse=0x0 V0=0.000   I0=0.000   V1=30.167  接收超时 0
2021-09-02 14:05:32.981：Mod_GetIdVer      0 Id=20000000 Fuse=0x0 V0=0.000   I0=0.000   V1=30.132  接收超时 0 Retry 1
2021-09-02 14:05:33.286：Mod_GetIdVer      0 Id=20000000 Fuse=0x0 V0=0.000   I0=0.000   V1=30.167  接收超时 0 Retry 2
2021-09-02 14:05:33.587：Mod_GetIdVer      0 Id=20000000 Fuse=0x0 V0=0.000   I0=0.000   V1=30.158  接收超时 0 Retry 3
2021-09-02 14:05:33.896：Mod_GetIdVer      0 Id=20000000 Fuse=0x0 V0=0.000   I0=0.000   V1=30.123  接收超时 0 Retry 4
2021-09-02 14:05:34.197：Mod_GetIdVer      0 Id=20000000 Fuse=0x0 V0=0.000   I0=0.000   V1=30.167  接收超时 0 Retry 5
2021-09-02 14:05:34.492：Mod_GetIdVer      0 Id=20000000 Fuse=0x0 V0=0.000   I0=0.000   V1=30.158  接收超时 0 Retry 6
2021-09-02 14:05:34.778：Mod_GetIdVer      0 Id=20000000 Fuse=0x0 V0=0.000   I0=0.000   V1=30.141  接收超时 0 Retry 7
2021-09-02 14:05:35.080：Mod_GetIdVer      0 Id=20000000 Fuse=0x0 V0=0.000   I0=0.000   V1=30.167  接收超时 0 Retry 8
2021-09-02 14:05:35.381：Mod_GetIdVer      0 Id=20000000 Fuse=0x0 V0=0.000   I0=0.000   V1=30.158  接收超时 0 Retry 9
2021-09-02 14:05:35.683：Mod_GetIdVer      0 Id=20000000 Fuse=0x0 V0=0.000   I0=0.000   V1=30.203  接收超时 0 Retry 10
2021-09-02 14:05:35.700：Dev_LEDCtrl       1 No=1 OnOff=0
2021-09-02 14:22:09.256：Dev_Reset         0
2021-09-02 14:22:16.720：Dev_Reset         0
2021-09-02 14:22:16.834：Dev_ModPower      0 OnOff=1
2021-09-02 14:22:17.866：Mod_GetIdVer      0 Id=20000000 Fuse=0x0 V0=0.000   I0=0.000   V1=0.000  
2021-09-02 14:22:17.967：Mod_GetIdVer      0 Id=20000000 Fuse=0x0 V0=0.000   I0=0.000   V1=0.000   Retry 1
2021-09-02 14:22:18.067：Mod_GetIdVer      0 Id=20000000 Fuse=0x0 V0=0.000   I0=0.000   V1=0.000   Retry 2
2021-09-02 14:22:18.168：Mod_GetIdVer      0 Id=20000000 Fuse=0x0 V0=0.000   I0=0.000   V1=0.000   Retry 3
2021-09-02 14:22:18.271：Mod_GetIdVer      0 Id=20000000 Fuse=0x0 V0=0.000   I0=0.000   V1=0.000   Retry 4
2021-09-02 14:22:18.372：Mod_GetIdVer      0 Id=20000000 Fuse=0x0 V0=0.000   I0=0.000   V1=0.000   Retry 5
2021-09-02 14:22:18.472：Mod_GetIdVer      0 Id=20000000 Fuse=0x0 V0=0.000   I0=0.000   V1=0.000   Retry 6
2021-09-02 14:22:18.573：Mod_GetIdVer      0 Id=20000000 Fuse=0x0 V0=0.000   I0=0.000   V1=0.000   Retry 7
2021-09-02 14:22:18.674：Mod_GetIdVer      0 Id=20000000 Fuse=0x0 V0=0.000   I0=0.000   V1=0.000   Retry 8
2021-09-02 14:22:18.774：Mod_GetIdVer      0 Id=20000000 Fuse=0x0 V0=0.000   I0=0.000   V1=0.000   Retry 9
2021-09-02 14:22:18.875：Mod_GetIdVer      0 Id=20000000 Fuse=0x0 V0=0.000   I0=0.000   V1=0.000   Retry 10
2021-09-02 14:24:33.598：Dev_Reset         0
2021-09-02 14:24:33.709：Dev_ModPower      0 OnOff=1
2021-09-02 14:24:34.741：Mod_GetIdVer      0 Id=20000000 Fuse=0x0 V0=0.000   I0=0.000   V1=0.000  
2021-09-02 14:24:34.842：Mod_GetIdVer      0 Id=20000000 Fuse=0x0 V0=0.000   I0=0.000   V1=0.000   Retry 1
2021-09-02 14:24:34.942：Mod_GetIdVer      0 Id=20000000 Fuse=0x0 V0=0.000   I0=0.000   V1=0.000   Retry 2
2021-09-02 14:24:35.043：Mod_GetIdVer      0 Id=20000000 Fuse=0x0 V0=0.000   I0=0.000   V1=0.000   Retry 3
2021-09-02 14:24:35.144：Mod_GetIdVer      0 Id=20000000 Fuse=0x0 V0=0.000   I0=0.000   V1=0.000   Retry 4
2021-09-02 14:24:35.245：Mod_GetIdVer      0 Id=20000000 Fuse=0x0 V0=0.000   I0=0.000   V1=0.000   Retry 5
2021-09-02 14:24:35.345：Mod_GetIdVer      0 Id=20000000 Fuse=0x0 V0=0.000   I0=0.000   V1=0.000   Retry 6
2021-09-02 14:24:35.446：Mod_GetIdVer      0 Id=20000000 Fuse=0x0 V0=0.000   I0=0.000   V1=0.000   Retry 7
2021-09-02 14:24:35.546：Mod_GetIdVer      0 Id=20000000 Fuse=0x0 V0=0.000   I0=0.000   V1=0.000   Retry 8
2021-09-02 14:24:35.647：Mod_GetIdVer      0 Id=20000000 Fuse=0x0 V0=0.000   I0=0.000   V1=0.000   Retry 9
2021-09-02 14:24:35.748：Mod_GetIdVer      0 Id=20000000 Fuse=0x0 V0=0.000   I0=0.000   V1=0.000   Retry 10
2021-09-02 14:25:11.537：Dev_Reset         0
2021-09-02 14:25:12.870：Dev_GetInfo       1 Id=201208 Ver=0x2C Baudrate=460800
2021-09-02 14:25:16.342：Dev_Reset         1
2021-09-02 14:25:16.446：Dev_ModPower      1 OnOff=1
2021-09-02 14:25:17.690：Mod_GetIdVer      1 Id=20132012 Fuse=0x1 V0=0.000   I0=0.000   V1=30.203 
2021-09-02 14:25:17.715：Dev_LEDCtrl       1 No=1 OnOff=0
2021-09-02 14:25:23.153：Dev_Reset         1
2021-09-02 14:25:23.272：Dev_ModPower      1 OnOff=1
2021-09-02 14:25:24.524：Mod_GetIdVer      1 Id=20132012 Fuse=0x1 V0=0.000   I0=0.000   V1=30.158 
2021-09-02 14:25:24.532：Dev_LEDCtrl       1 No=1 OnOff=0
2021-09-02 14:25:25.108：Dev_Reset         1
2021-09-02 14:25:25.210：Dev_ModPower      1 OnOff=1
2021-09-02 14:25:26.445：Mod_GetIdVer      1 Id=20132012 Fuse=0x1 V0=0.000   I0=0.000   V1=30.176 
2021-09-02 14:25:26.455：Dev_LEDCtrl       1 No=1 OnOff=0
2021-09-02 14:25:28.261：Dev_Reset         1
2021-09-02 14:25:29.479：Dev_Reset         1
2021-09-02 14:25:29.600：Dev_ModPower      1 OnOff=1
2021-09-02 14:25:30.865：Mod_GetIdVer      1 Id=20132012 Fuse=0x1 V0=0.000   I0=0.000   V1=30.150 
2021-09-02 14:25:30.987：Mod_NextCtrlOn    1 Id=20132012 V0=0.000   I0=0.000   V1=30.167 
2021-09-02 14:25:31.215：Mod_GetIdVer      0 Id=20000000 Fuse=0x0 V0=0.000   I0=0.000   V1=30.158  接收超时 0
2021-09-02 14:25:31.501：Mod_GetIdVer      0 Id=20000000 Fuse=0x0 V0=0.000   I0=0.000   V1=30.150  接收超时 0 Retry 1
2021-09-02 14:25:31.807：Mod_GetIdVer      0 Id=20000000 Fuse=0x0 V0=0.000   I0=0.000   V1=30.167  接收超时 0 Retry 2
2021-09-02 14:25:32.116：Mod_GetIdVer      0 Id=20000000 Fuse=0x0 V0=0.000   I0=0.000   V1=30.150  接收超时 0 Retry 3
2021-09-02 14:25:32.426：Mod_GetIdVer      0 Id=20000000 Fuse=0x0 V0=0.000   I0=0.000   V1=30.141  接收超时 0 Retry 4
2021-09-02 14:25:32.712：Mod_GetIdVer      0 Id=20000000 Fuse=0x0 V0=0.000   I0=0.000   V1=30.141  接收超时 0 Retry 5
2021-09-02 14:25:33.013：Mod_GetIdVer      0 Id=20000000 Fuse=0x0 V0=0.000   I0=0.000   V1=30.105  接收超时 0 Retry 6
2021-09-02 14:25:33.314：Mod_GetIdVer      0 Id=20000000 Fuse=0x0 V0=0.000   I0=0.000   V1=30.132  接收超时 0 Retry 7
2021-09-02 14:25:33.601：Mod_GetIdVer      0 Id=20000000 Fuse=0x0 V0=0.000   I0=0.000   V1=30.158  接收超时 0 Retry 8
2021-09-02 14:25:33.907：Mod_GetIdVer      0 Id=20000000 Fuse=0x0 V0=0.000   I0=0.000   V1=30.185  接收超时 0 Retry 9
2021-09-02 14:25:34.208：Mod_GetIdVer      0 Id=20000000 Fuse=0x0 V0=0.000   I0=0.000   V1=30.132  接收超时 0 Retry 10
2021-09-02 14:25:34.210：Dev_LEDCtrl       1 No=1 OnOff=0
2021-09-02 14:25:38.984：Dev_Reset         1
2021-09-02 14:25:43.772：Dev_Reset         1
2021-09-02 14:25:43.882：Dev_ModPower      1 OnOff=1
2021-09-02 14:25:45.118：Mod_GetIdVer      1 Id=20132012 Fuse=0x1 V0=0.000   I0=0.000   V1=30.150 
2021-09-02 14:25:45.128：Dev_LEDCtrl       1 No=1 OnOff=0
2021-09-02 14:26:02.554：Dev_Reset         1
2021-09-02 14:26:02.678：Dev_ModPower      1 OnOff=1
2021-09-02 14:26:03.941：Mod_GetIdVer      1 Id=20132012 Fuse=0x1 V0=0.000   I0=0.000   V1=30.185 
2021-09-02 14:26:03.973：Dev_LEDCtrl       1 No=1 OnOff=0
2021-09-02 14:30:33.740：Mod_DetonCtrl15s  1 Id=20132012 V0=0.000   I0=0.000   V1=30.167 
2021-09-02 14:30:33.758：Dev_KA1Ctrl       1 KA1=1
2021-09-02 14:30:34.759：Dev_KA23Ctrl      1 KA2=1 KA3=1
2021-09-02 14:30:34.775：Dev_KA4Ctrl       1 KA4=1
2021-09-02 14:30:34.792：Dev_LEDCtrl       1 No=2 OnOff=1
2021-09-02 14:30:35.948：Dev_ModPower      1 OnOff=0
2021-09-02 14:30:35.949：Dev_KA4Ctrl       1 KA4=0
2021-09-02 14:30:35.966：Dev_KA23Ctrl      1 KA2=0 KA3=0
2021-09-02 14:30:36.198：Dev_KA1Ctrl       1 KA1=0
2021-09-02 14:30:36.231：Dev_LEDCtrl       1 No=2 OnOff=0
2021-09-02 14:30:38.754：Dev_Reset         1
2021-09-02 14:30:39.944：Dev_Reset         1
2021-09-02 14:30:40.053：Dev_ModPower      1 OnOff=1
2021-09-02 14:30:41.305：Mod_GetIdVer      1 Id=20132012 Fuse=0x1 V0=0.000   I0=0.000   V1=30.176 
2021-09-02 14:30:41.337：Dev_LEDCtrl       1 No=1 OnOff=0
2021-09-02 14:30:43.085：Mod_DetonCtrl15s  1 Id=20132012 V0=0.000   I0=0.000   V1=30.123 
2021-09-02 14:30:43.102：Dev_KA1Ctrl       1 KA1=1
2021-09-02 14:30:44.130：Dev_KA23Ctrl      1 KA2=1 KA3=1
2021-09-02 14:30:44.163：Dev_KA4Ctrl       1 KA4=1
2021-09-02 14:30:44.195：Dev_LEDCtrl       1 No=2 OnOff=1
2021-09-02 14:30:48.251：Dev_ModPower      1 OnOff=0
2021-09-02 14:30:48.267：Dev_KA4Ctrl       1 KA4=0
2021-09-02 14:30:48.299：Dev_KA23Ctrl      1 KA2=0 KA3=0
2021-09-02 14:30:48.516：Dev_KA1Ctrl       1 KA1=0
2021-09-02 14:30:48.533：Dev_LEDCtrl       1 No=2 OnOff=0
2021-09-02 14:30:51.305：Dev_Reset         1
2021-09-02 14:30:54.301：Dev_Reset         1
2021-09-02 16:41:03.498：Dev_Reset         0
