2021-08-23 09:21:34.398：Dev_GetInfo       0 Id=0 Ver=0x0 Baudrate=0
2021-08-23 09:21:35.822：Dev_Reset         0
2021-08-23 09:21:39.804：Dev_GetInfo       0 Id=0 Ver=0x0 Baudrate=0
2021-08-23 09:21:40.719：Dev_Reset         0
2021-08-23 09:21:41.460：Dev_GetInfo       0 Id=0 Ver=0x0 Baudrate=0
2021-08-23 09:21:41.907：Dev_Reset         0
2021-08-23 09:21:42.241：Dev_GetInfo       0 Id=0 Ver=0x0 Baudrate=0
2021-08-23 09:21:45.312：Dev_Reset         0
2021-08-23 09:21:46.194：Dev_GetInfo       0 Id=0 Ver=0x0 Baudrate=0
2021-08-23 09:21:52.411：Dev_Reset         0
2021-08-23 09:21:55.336：Dev_GetInfo       1 Id=201313 Ver=0x2C Baudrate=460800
2021-08-23 09:21:55.869：Dev_Reset         1
2021-08-23 09:21:56.736：Dev_GetInfo       1 Id=201313 Ver=0x2C Baudrate=460800
2021-08-23 09:21:59.719：Dev_Reset         1
2021-08-23 09:22:01.075：Dev_Reset         1
2021-08-23 09:22:01.187：Dev_ModPower      1 OnOff=1
2021-08-23 09:22:02.434：Mod_GetIdVer      1 Id=20160562 Fuse=0x1 V0=28.350  I0=48.900  V1=30.096 
2021-08-23 09:22:02.532：Mod_NextCtrlOn    1 Id=20160562 V0=28.350  I0=48.900  V1=30.141 
2021-08-23 09:22:02.743：Mod_GetIdVer      0 Id=20018817 Fuse=0x0 V0=28.550  I0=0.300   V1=30.088  接收超时 0
2021-08-23 09:22:03.044：Mod_GetIdVer      0 Id=20019125 Fuse=0x0 V0=28.600  I0=0.300   V1=30.105  接收超时 0 Retry 1
2021-08-23 09:22:03.345：Mod_GetIdVer      0 Id=20019427 Fuse=0x0 V0=28.550  I0=0.300   V1=30.079  接收超时 0 Retry 2
2021-08-23 09:22:03.646：Mod_GetIdVer      0 Id=20019725 Fuse=0x0 V0=28.550  I0=0.300   V1=30.088  接收超时 0 Retry 3
2021-08-23 09:22:03.933：Mod_GetIdVer      0 Id=20020027 Fuse=0x0 V0=28.550  I0=0.300   V1=30.105  接收超时 0 Retry 4
2021-08-23 09:22:04.222：Mod_GetIdVer      0 Id=20020305 Fuse=0x0 V0=28.550  I0=0.300   V1=30.167  接收超时 0 Retry 5
2021-08-23 09:22:04.528：Mod_GetIdVer      0 Id=20020596 Fuse=0x0 V0=28.600  I0=0.300   V1=30.105  接收超时 0 Retry 6
2021-08-23 09:22:04.814：Mod_GetIdVer      0 Id=20020911 Fuse=0x0 V0=28.550  I0=0.300   V1=30.088  接收超时 0 Retry 7
2021-08-23 09:22:05.100：Mod_GetIdVer      0 Id=20021194 Fuse=0x0 V0=28.600  I0=0.300   V1=30.043  接收超时 0 Retry 8
2021-08-23 09:22:05.403：Mod_GetIdVer      0 Id=20021484 Fuse=0x0 V0=28.550  I0=0.300   V1=30.079  接收超时 0 Retry 9
2021-08-23 09:22:05.709：Mod_GetIdVer      0 Id=20021777 Fuse=0x0 V0=28.600  I0=0.300   V1=30.088  接收超时 0 Retry 10
2021-08-23 09:22:05.711：Dev_LEDCtrl       1 No=1 OnOff=0
2021-08-23 09:22:36.354：Dev_Reset         1
2021-08-23 09:25:51.456：Dev_GetInfo       1 Id=201313 Ver=0x2C Baudrate=460800
2021-08-23 09:25:54.506：Dev_Reset         1
2021-08-23 09:25:58.604：Dev_Reset         1
2021-08-23 09:25:58.715：Dev_ModPower      1 OnOff=1
2021-08-23 09:25:59.945：Mod_GetIdVer      0 Id=20256040 Fuse=0x0 V0=28.150  I0=0.300   V1=30.061  接收超时 0
2021-08-23 09:26:00.248：Mod_GetIdVer      0 Id=20256342 Fuse=0x0 V0=28.150  I0=0.300   V1=30.025  接收超时 0 Retry 1
2021-08-23 09:26:00.550：Mod_GetIdVer      0 Id=20256632 Fuse=0x0 V0=28.150  I0=0.300   V1=30.034  接收超时 0 Retry 2
2021-08-23 09:26:00.852：Mod_GetIdVer      0 Id=20256945 Fuse=0x0 V0=28.150  I0=0.300   V1=30.070  接收超时 0 Retry 3
2021-08-23 09:26:01.158：Mod_GetIdVer      0 Id=20257242 Fuse=0x0 V0=28.150  I0=0.300   V1=30.052  接收超时 0 Retry 4
2021-08-23 09:26:01.445：Mod_GetIdVer      0 Id=20257556 Fuse=0x0 V0=28.200  I0=0.300   V1=29.990  接收超时 0 Retry 5
2021-08-23 09:26:01.747：Mod_GetIdVer      0 Id=20257844 Fuse=0x0 V0=28.150  I0=0.300   V1=30.052  接收超时 0 Retry 6
2021-08-23 09:26:02.033：Mod_GetIdVer      0 Id=20258126 Fuse=0x0 V0=28.150  I0=0.300   V1=30.043  接收超时 0 Retry 7
2021-08-23 09:26:02.335：Mod_GetIdVer      0 Id=20258424 Fuse=0x0 V0=28.150  I0=0.300   V1=30.061  接收超时 0 Retry 8
2021-08-23 09:26:02.633：Mod_GetIdVer      0 Id=20258732 Fuse=0x0 V0=28.150  I0=0.300   V1=30.088  接收超时 0 Retry 9
2021-08-23 09:26:02.919：Mod_GetIdVer      0 Id=20259030 Fuse=0x0 V0=28.150  I0=0.300   V1=30.096  接收超时 0 Retry 10
2021-08-23 09:26:45.973：Dev_Reset         1
2021-08-23 09:26:46.093：Dev_ModPower      1 OnOff=1
2021-08-23 09:26:47.341：Mod_GetIdVer      1 Id=20160562 Fuse=0x1 V0=27.850  I0=50.100  V1=30.061 
2021-08-23 09:26:47.457：Mod_NextCtrlOn    1 Id=20160562 V0=27.850  I0=50.100  V1=30.052 
2021-08-23 09:26:47.679：Mod_GetIdVer      0 Id=20303761 Fuse=0x0 V0=28.150  I0=0.300   V1=30.079  接收超时 0
2021-08-23 09:26:47.965：Mod_GetIdVer      0 Id=20304083 Fuse=0x0 V0=28.100  I0=0.300   V1=30.061  接收超时 0 Retry 1
2021-08-23 09:26:48.252：Mod_GetIdVer      0 Id=20304364 Fuse=0x0 V0=28.150  I0=0.300   V1=30.052  接收超时 0 Retry 2
2021-08-23 09:26:48.553：Mod_GetIdVer      0 Id=20304654 Fuse=0x0 V0=28.150  I0=0.300   V1=30.061  接收超时 0 Retry 3
2021-08-23 09:26:48.840：Mod_GetIdVer      0 Id=20304947 Fuse=0x0 V0=28.150  I0=0.300   V1=30.052  接收超时 0 Retry 4
2021-08-23 09:26:49.142：Mod_GetIdVer      0 Id=20305241 Fuse=0x0 V0=28.150  I0=0.300   V1=30.043  接收超时 0 Retry 5
2021-08-23 09:26:49.443：Mod_GetIdVer      0 Id=20305541 Fuse=0x0 V0=28.150  I0=0.300   V1=30.043  接收超时 0 Retry 6
2021-08-23 09:26:49.745：Mod_GetIdVer      0 Id=20305846 Fuse=0x0 V0=28.150  I0=0.300   V1=30.061  接收超时 0 Retry 7
2021-08-23 09:26:50.031：Mod_GetIdVer      0 Id=20306140 Fuse=0x0 V0=28.150  I0=0.300   V1=30.052  接收超时 0 Retry 8
2021-08-23 09:26:50.333：Mod_GetIdVer      0 Id=20306425 Fuse=0x0 V0=28.150  I0=0.300   V1=30.052  接收超时 0 Retry 9
2021-08-23 09:26:50.635：Mod_GetIdVer      0 Id=20306732 Fuse=0x0 V0=28.100  I0=0.300   V1=30.043  接收超时 0 Retry 10
2021-08-23 09:26:50.652：Dev_LEDCtrl       1 No=1 OnOff=0
2021-08-23 09:27:40.420：Dev_Reset         1
2021-08-23 09:27:40.536：Dev_ModPower      1 OnOff=1
2021-08-23 09:27:41.743：Mod_GetIdVer      0 Id=20357847 Fuse=0x0 V0=28.100  I0=0.300   V1=30.061  接收超时 0
2021-08-23 09:27:42.044：Mod_GetIdVer      0 Id=20358147 Fuse=0x0 V0=28.100  I0=0.300   V1=30.070  接收超时 0 Retry 1
2021-08-23 09:27:42.331：Mod_GetIdVer      0 Id=20358447 Fuse=0x0 V0=28.100  I0=0.300   V1=30.034  接收超时 0 Retry 2
2021-08-23 09:27:42.633：Mod_GetIdVer      0 Id=20358736 Fuse=0x0 V0=28.100  I0=0.300   V1=30.088  接收超时 0 Retry 3
2021-08-23 09:27:42.919：Mod_GetIdVer      0 Id=20359040 Fuse=0x0 V0=28.100  I0=0.300   V1=30.070  接收超时 0 Retry 4
2021-08-23 09:27:43.205：Mod_GetIdVer      0 Id=20359316 Fuse=0x0 V0=28.100  I0=0.300   V1=30.141  接收超时 0 Retry 5
2021-08-23 09:27:43.507：Mod_GetIdVer      0 Id=20359605 Fuse=0x0 V0=28.100  I0=0.300   V1=30.070  接收超时 0 Retry 6
2021-08-23 09:27:43.808：Mod_GetIdVer      0 Id=20359910 Fuse=0x0 V0=28.050  I0=0.300   V1=30.061  接收超时 0 Retry 7
2021-08-23 09:27:44.097：Mod_GetIdVer      0 Id=20360212 Fuse=0x0 V0=28.150  I0=0.300   V1=30.061  接收超时 0 Retry 8
2021-08-23 09:27:44.399：Mod_GetIdVer      0 Id=20360505 Fuse=0x0 V0=28.100  I0=0.300   V1=30.070  接收超时 0 Retry 9
2021-08-23 09:27:44.701：Mod_GetIdVer      0 Id=20360802 Fuse=0x0 V0=28.100  I0=0.300   V1=30.043  接收超时 0 Retry 10
2021-08-23 09:27:53.992：Dev_Reset         1
2021-08-23 09:27:54.108：Dev_ModPower      1 OnOff=1
2021-08-23 09:27:55.321：Mod_GetIdVer      0 Id=20371439 Fuse=0x0 V0=28.100  I0=0.900   V1=30.052  接收超时 0
2021-08-23 09:27:55.622：Mod_GetIdVer      0 Id=20371725 Fuse=0x0 V0=28.100  I0=0.900   V1=30.052  接收超时 0 Retry 1
2021-08-23 09:27:55.908：Mod_GetIdVer      0 Id=20372027 Fuse=0x0 V0=28.100  I0=0.900   V1=30.061  接收超时 0 Retry 2
2021-08-23 09:27:56.209：Mod_GetIdVer      0 Id=20372316 Fuse=0x0 V0=28.100  I0=0.900   V1=30.070  接收超时 0 Retry 3
2021-08-23 09:27:56.512：Mod_GetIdVer      0 Id=20372608 Fuse=0x0 V0=28.100  I0=0.900   V1=30.061  接收超时 0 Retry 4
2021-08-23 09:27:56.799：Mod_GetIdVer      0 Id=20372914 Fuse=0x0 V0=28.100  I0=0.900   V1=30.070  接收超时 0 Retry 5
2021-08-23 09:27:57.113：Mod_GetIdVer      0 Id=20373204 Fuse=0x0 V0=28.100  I0=0.900   V1=30.052  接收超时 0 Retry 6
2021-08-23 09:27:57.414：Mod_GetIdVer      0 Id=20373511 Fuse=0x0 V0=28.100  I0=0.900   V1=30.079  接收超时 0 Retry 7
2021-08-23 09:27:57.700：Mod_GetIdVer      0 Id=20373817 Fuse=0x0 V0=28.100  I0=0.900   V1=30.052  接收超时 0 Retry 8
2021-08-23 09:27:57.986：Mod_GetIdVer      0 Id=20374099 Fuse=0x0 V0=28.100  I0=0.600   V1=30.070  接收超时 0 Retry 9
2021-08-23 09:27:58.289：Mod_GetIdVer      0 Id=20374370 Fuse=0x0 V0=28.150  I0=0.900   V1=30.043  接收超时 0 Retry 10
2021-08-23 09:28:10.597：Dev_Reset         1
2021-08-23 09:28:10.698：Dev_ModPower      1 OnOff=1
2021-08-23 09:28:11.935：Mod_GetIdVer      1 Id=20160562 Fuse=0x1 V0=27.850  I0=47.400  V1=30.052 
2021-08-23 09:28:11.949：Dev_LEDCtrl       1 No=1 OnOff=0
2021-08-23 09:28:51.792：Dev_Reset         1
2021-08-23 09:28:51.918：Dev_ModPower      1 OnOff=1
2021-08-23 09:28:53.149：Mod_GetIdVer      0 Id=20429254 Fuse=0x0 V0=28.050  I0=0.900   V1=30.052  接收超时 0
2021-08-23 09:28:53.436：Mod_GetIdVer      0 Id=20429563 Fuse=0x0 V0=28.050  I0=0.900   V1=30.061  接收超时 0 Retry 1
2021-08-23 09:28:53.739：Mod_GetIdVer      0 Id=20429839 Fuse=0x0 V0=28.100  I0=0.900   V1=30.052  接收超时 0 Retry 2
2021-08-23 09:28:54.024：Mod_GetIdVer      0 Id=20430126 Fuse=0x0 V0=28.100  I0=0.900   V1=30.079  接收超时 0 Retry 3
2021-08-23 09:28:54.326：Mod_GetIdVer      0 Id=20430426 Fuse=0x0 V0=28.100  I0=0.900   V1=29.999  接收超时 0 Retry 4
2021-08-23 09:28:54.627：Mod_GetIdVer      0 Id=20430733 Fuse=0x0 V0=28.100  I0=0.900   V1=30.052  接收超时 0 Retry 5
2021-08-23 09:28:54.929：Mod_GetIdVer      0 Id=20431038 Fuse=0x0 V0=28.100  I0=0.900   V1=30.043  接收超时 0 Retry 6
2021-08-23 09:28:55.231：Mod_GetIdVer      0 Id=20431337 Fuse=0x0 V0=28.100  I0=0.900   V1=30.061  接收超时 0 Retry 7
2021-08-23 09:28:55.539：Mod_GetIdVer      0 Id=20431633 Fuse=0x0 V0=28.100  I0=0.900   V1=30.070  接收超时 0 Retry 8
2021-08-23 09:28:55.840：Mod_GetIdVer      0 Id=20431941 Fuse=0x0 V0=28.100  I0=0.900   V1=30.034  接收超时 0 Retry 9
2021-08-23 09:28:56.142：Mod_GetIdVer      0 Id=20432253 Fuse=0x0 V0=28.050  I0=0.900   V1=30.043  接收超时 0 Retry 10
2021-08-23 09:29:05.300：Dev_Reset         1
2021-08-23 09:29:05.403：Dev_ModPower      1 OnOff=1
2021-08-23 09:29:06.645：Mod_GetIdVer      0 Id=20442742 Fuse=0x0 V0=28.050  I0=0.300   V1=30.025  接收超时 0
2021-08-23 09:29:06.933：Mod_GetIdVer      0 Id=20443050 Fuse=0x0 V0=28.050  I0=0.300   V1=30.061  接收超时 0 Retry 1
2021-08-23 09:29:07.219：Mod_GetIdVer      0 Id=20443341 Fuse=0x0 V0=28.100  I0=0.300   V1=30.034  接收超时 0 Retry 2
2021-08-23 09:29:07.519：Mod_GetIdVer      0 Id=20443632 Fuse=0x0 V0=28.050  I0=0.300   V1=30.034  接收超时 0 Retry 3
2021-08-23 09:29:07.822：Mod_GetIdVer      0 Id=20443933 Fuse=0x0 V0=28.100  I0=0.300   V1=30.061  接收超时 0 Retry 4
2021-08-23 09:29:08.108：Mod_GetIdVer      0 Id=20444234 Fuse=0x0 V0=28.100  I0=0.300   V1=30.034  接收超时 0 Retry 5
2021-08-23 09:29:08.409：Mod_GetIdVer      0 Id=20444511 Fuse=0x0 V0=28.100  I0=0.300   V1=30.043  接收超时 0 Retry 6
2021-08-23 09:29:08.695：Mod_GetIdVer      0 Id=20444817 Fuse=0x0 V0=28.100  I0=0.300   V1=30.141  接收超时 0 Retry 7
2021-08-23 09:29:08.982：Mod_GetIdVer      0 Id=20445102 Fuse=0x0 V0=28.050  I0=0.300   V1=30.025  接收超时 0 Retry 8
2021-08-23 09:29:09.283：Mod_GetIdVer      0 Id=20445386 Fuse=0x0 V0=28.100  I0=0.300   V1=30.017  接收超时 0 Retry 9
2021-08-23 09:29:09.585：Mod_GetIdVer      0 Id=20445697 Fuse=0x0 V0=28.100  I0=0.300   V1=30.052  接收超时 0 Retry 10
2021-08-23 09:29:25.888：Dev_Reset         1
2021-08-23 09:29:25.997：Dev_ModPower      1 OnOff=1
2021-08-23 09:29:27.233：Mod_GetIdVer      1 Id=20160562 Fuse=0x1 V0=27.850  I0=39.300  V1=30.052 
2021-08-23 09:29:27.258：Dev_LEDCtrl       1 No=1 OnOff=0
2021-08-23 09:31:36.757：Dev_Reset         1
2021-08-23 09:40:43.131：Dev_GetInfo       1 Id=201313 Ver=0x2C Baudrate=460800
2021-08-23 09:40:49.890：Dev_Reset         1
2021-08-23 09:40:51.606：Dev_Reset         1
2021-08-23 09:40:51.715：Dev_ModPower      1 OnOff=1
2021-08-23 09:40:53.080：Mod_GetIdVer      1 Id=20160562 Fuse=0x1 V0=27.600  I0=43.800  V1=30.034 
2021-08-23 09:40:53.176：Mod_NextCtrlOn    1 Id=20160562 V0=27.600  I0=43.800  V1=30.079 
2021-08-23 09:40:53.398：Mod_GetIdVer      0 Id=21149547 Fuse=0x0 V0=27.850  I0=0.300   V1=30.034  接收超时 0
2021-08-23 09:40:53.684：Mod_GetIdVer      0 Id=21149847 Fuse=0x0 V0=27.850  I0=0.300   V1=30.061  接收超时 0 Retry 1
2021-08-23 09:40:53.986：Mod_GetIdVer      0 Id=21150143 Fuse=0x0 V0=27.850  I0=0.300   V1=30.061  接收超时 0 Retry 2
2021-08-23 09:40:54.287：Mod_GetIdVer      0 Id=21150444 Fuse=0x0 V0=27.850  I0=0.300   V1=30.052  接收超时 0 Retry 3
2021-08-23 09:40:54.590：Mod_GetIdVer      0 Id=21150745 Fuse=0x0 V0=27.850  I0=0.300   V1=30.114  接收超时 0 Retry 4
2021-08-23 09:40:54.891：Mod_GetIdVer      0 Id=21151046 Fuse=0x0 V0=27.900  I0=0.300   V1=30.034  接收超时 0 Retry 5
2021-08-23 09:40:55.178：Mod_GetIdVer      0 Id=21151349 Fuse=0x0 V0=27.850  I0=0.300   V1=30.070  接收超时 0 Retry 6
2021-08-23 09:40:55.480：Mod_GetIdVer      0 Id=21151636 Fuse=0x0 V0=27.850  I0=0.300   V1=30.070  接收超时 0 Retry 7
2021-08-23 09:40:55.782：Mod_GetIdVer      0 Id=21151934 Fuse=0x0 V0=27.900  I0=0.300   V1=30.043  接收超时 0 Retry 8
2021-08-23 09:40:56.084：Mod_GetIdVer      0 Id=21152231 Fuse=0x0 V0=27.900  I0=0.300   V1=30.061  接收超时 0 Retry 9
2021-08-23 09:40:56.386：Mod_GetIdVer      0 Id=21152534 Fuse=0x0 V0=27.850  I0=0.600   V1=30.034  接收超时 0 Retry 10
2021-08-23 09:40:56.388：Dev_LEDCtrl       1 No=1 OnOff=0
2021-08-23 09:41:16.004：Dev_Reset         1
2021-08-23 09:41:16.105：Dev_ModPower      1 OnOff=1
2021-08-23 09:41:17.341：Mod_GetIdVer      1 Id=20160562 Fuse=0x1 V0=27.600  I0=42.300  V1=30.061 
2021-08-23 09:41:17.389：Dev_LEDCtrl       1 No=1 OnOff=0
2021-08-23 09:41:26.531：Dev_Reset         1
2021-08-23 09:54:36.479：Dev_Reset         1
2021-08-23 09:54:36.606：Dev_ModPower      1 OnOff=1
2021-08-23 09:54:37.843：Mod_GetIdVer      1 Id=20160562 Fuse=0x1 V0=27.450  I0=45.000  V1=30.061 
2021-08-23 09:54:37.979：Mod_NextCtrlOn    1 Id=20160562 V0=27.550  I0=36.600  V1=30.105 
2021-08-23 09:54:38.214：Mod_GetIdVer      0 Id=21974439 Fuse=0x0 V0=27.750  I0=0.300   V1=30.061  接收超时 0
2021-08-23 09:54:38.501：Mod_GetIdVer      0 Id=21974720 Fuse=0x0 V0=27.750  I0=0.300   V1=30.070  接收超时 0 Retry 1
2021-08-23 09:54:38.803：Mod_GetIdVer      0 Id=21974991 Fuse=0x0 V0=27.700  I0=0.300   V1=30.034  接收超时 0 Retry 2
2021-08-23 09:54:39.104：Mod_GetIdVer      0 Id=21975305 Fuse=0x0 V0=27.750  I0=0.300   V1=30.025  接收超时 0 Retry 3
2021-08-23 09:54:39.391：Mod_GetIdVer      0 Id=21975611 Fuse=0x0 V0=27.750  I0=0.300   V1=29.981  接收超时 0 Retry 4
2021-08-23 09:54:39.677：Mod_GetIdVer      0 Id=21975901 Fuse=0x0 V0=27.750  I0=0.300   V1=30.070  接收超时 0 Retry 5
2021-08-23 09:54:39.964：Mod_GetIdVer      0 Id=21976181 Fuse=0x0 V0=27.750  I0=0.300   V1=30.052  接收超时 0 Retry 6
2021-08-23 09:54:40.250：Mod_GetIdVer      0 Id=21976475 Fuse=0x0 V0=27.700  I0=0.300   V1=30.088  接收超时 0 Retry 7
2021-08-23 09:54:40.537：Mod_GetIdVer      0 Id=21976752 Fuse=0x0 V0=27.700  I0=0.300   V1=30.008  接收超时 0 Retry 8
2021-08-23 09:54:40.839：Mod_GetIdVer      0 Id=21977046 Fuse=0x0 V0=27.750  I0=0.300   V1=30.034  接收超时 0 Retry 9
2021-08-23 09:54:41.140：Mod_GetIdVer      0 Id=21977329 Fuse=0x0 V0=27.700  I0=0.300   V1=30.034  接收超时 0 Retry 10
2021-08-23 09:54:41.157：Dev_LEDCtrl       1 No=1 OnOff=0
2021-08-23 09:54:45.930：Dev_Reset         1
2021-08-23 10:25:15.340：Dev_Reset         1
2021-08-23 10:25:15.450：Dev_ModPower      1 OnOff=1
2021-08-23 10:25:16.698：Mod_GetIdVer      1 Id=20160562 Fuse=0x1 V0=27.400  I0=43.500  V1=30.017 
2021-08-23 10:25:16.821：Mod_NextCtrlOn    1 Id=20160562 V0=27.400  I0=43.500  V1=30.052 
2021-08-23 10:25:17.039：Mod_GetIdVer      0 Id=23813214 Fuse=0x0 V0=27.650  I0=0.300   V1=30.061  接收超时 0
2021-08-23 10:25:17.340：Mod_GetIdVer      0 Id=23813510 Fuse=0x0 V0=27.600  I0=0.300   V1=29.990  接收超时 0 Retry 1
2021-08-23 10:25:17.656：Mod_GetIdVer      0 Id=23813833 Fuse=0x0 V0=27.600  I0=0.300   V1=30.061  接收超时 0 Retry 2
2021-08-23 10:25:17.949：Mod_GetIdVer      0 Id=23814139 Fuse=0x0 V0=27.600  I0=0.300   V1=30.043  接收超时 0 Retry 3
2021-08-23 10:25:18.250：Mod_GetIdVer      0 Id=23814436 Fuse=0x0 V0=27.650  I0=0.300   V1=30.043  接收超时 0 Retry 4
2021-08-23 10:25:18.542：Mod_GetIdVer      0 Id=23814734 Fuse=0x0 V0=27.650  I0=0.300   V1=30.088  接收超时 0 Retry 5
2021-08-23 10:25:18.843：Mod_GetIdVer      0 Id=23815035 Fuse=0x0 V0=27.650  I0=0.300   V1=30.025  接收超时 0 Retry 6
2021-08-23 10:25:19.129：Mod_GetIdVer      0 Id=23815314 Fuse=0x0 V0=27.650  I0=0.300   V1=30.088  接收超时 0 Retry 7
2021-08-23 10:25:19.416：Mod_GetIdVer      0 Id=23815616 Fuse=0x0 V0=27.650  I0=0.300   V1=30.034  接收超时 0 Retry 8
2021-08-23 10:25:19.702：Mod_GetIdVer      0 Id=23815884 Fuse=0x0 V0=27.650  I0=0.300   V1=30.008  接收超时 0 Retry 9
2021-08-23 10:25:20.004：Mod_GetIdVer      0 Id=23816184 Fuse=0x0 V0=27.600  I0=0.300   V1=30.017  接收超时 0 Retry 10
2021-08-23 10:25:20.021：Dev_LEDCtrl       1 No=1 OnOff=0
2021-08-23 10:25:23.193：Dev_Reset         1
2021-08-23 10:25:23.297：Dev_ModPower      1 OnOff=1
2021-08-23 10:25:24.547：Mod_GetIdVer      1 Id=20160562 Fuse=0x1 V0=27.400  I0=42.600  V1=30.025 
2021-08-23 10:25:24.580：Dev_LEDCtrl       1 No=1 OnOff=0
2021-08-23 10:25:30.500：Dev_Reset         1
2021-08-23 10:37:40.156：Dev_Reset         1
2021-08-23 10:37:40.276：Dev_ModPower      1 OnOff=1
2021-08-23 10:37:41.532：Mod_GetIdVer      1 Id=20160562 Fuse=0x1 V0=27.350  I0=42.000  V1=30.043 
2021-08-23 10:37:41.654：Mod_NextCtrlOn    1 Id=20160562 V0=27.350  I0=42.000  V1=30.034 
2021-08-23 10:37:41.882：Mod_GetIdVer      0 Id=24558120 Fuse=0x0 V0=27.600  I0=0.300   V1=30.034  接收超时 0
2021-08-23 10:37:42.184：Mod_GetIdVer      0 Id=24558416 Fuse=0x0 V0=27.600  I0=0.300   V1=30.025  接收超时 0 Retry 1
2021-08-23 10:37:42.486：Mod_GetIdVer      0 Id=24558720 Fuse=0x0 V0=27.600  I0=0.300   V1=30.025  接收超时 0 Retry 2
2021-08-23 10:37:42.802：Mod_GetIdVer      0 Id=24559024 Fuse=0x0 V0=27.600  I0=0.300   V1=30.017  接收超时 0 Retry 3
2021-08-23 10:37:43.096：Mod_GetIdVer      0 Id=24559334 Fuse=0x0 V0=27.600  I0=0.300   V1=30.017  接收超时 0 Retry 4
2021-08-23 10:37:43.382：Mod_GetIdVer      0 Id=24559634 Fuse=0x0 V0=36.800  I0=35.700  V1=30.025  接收超时 0 Retry 5
2021-08-23 10:37:43.668：Mod_GetIdVer      0 Id=24559917 Fuse=0x0 V0=27.600  I0=0.300   V1=30.017  接收超时 0 Retry 6
2021-08-23 10:37:43.970：Mod_GetIdVer      0 Id=24560196 Fuse=0x0 V0=27.600  I0=0.300   V1=30.008  接收超时 0 Retry 7
2021-08-23 10:37:44.256：Mod_GetIdVer      0 Id=24560509 Fuse=0x0 V0=27.600  I0=0.300   V1=29.955  接收超时 0 Retry 8
2021-08-23 10:37:44.542：Mod_GetIdVer      0 Id=24560787 Fuse=0x0 V0=27.550  I0=0.300   V1=30.052  接收超时 0 Retry 9
2021-08-23 10:37:44.831：Mod_GetIdVer      0 Id=24561069 Fuse=0x0 V0=27.600  I0=0.300   V1=30.025  接收超时 0 Retry 10
2021-08-23 10:37:44.849：Dev_LEDCtrl       1 No=1 OnOff=0
2021-08-23 10:37:50.272：Dev_Reset         1
2021-08-23 10:56:43.337：Dev_Reset         1
2021-08-23 10:56:43.464：Dev_ModPower      1 OnOff=1
2021-08-23 10:56:44.716：Mod_GetIdVer      1 Id=20160566 Fuse=0x1 V0=27.250  I0=44.400  V1=30.052 
2021-08-23 10:56:44.822：Mod_NextCtrlOn    1 Id=20160566 V0=27.250  I0=44.400  V1=30.043 
2021-08-23 10:56:45.075：Mod_GetIdVer      1 Id=20160578 Fuse=0x1 V0=27.250  I0=44.400  V1=29.963 
2021-08-23 10:56:45.166：Mod_NextCtrlOn    1 Id=20160578 V0=27.250  I0=44.400  V1=30.025 
2021-08-23 10:56:45.420：Mod_GetIdVer      1 Id=20160599 Fuse=0x1 V0=27.300  I0=42.300  V1=30.034 
2021-08-23 10:56:45.511：Mod_NextCtrlOn    1 Id=20160599 V0=27.300  I0=42.300  V1=30.043 
2021-08-23 10:56:45.749：Mod_GetIdVer      1 Id=20160586 Fuse=0x1 V0=27.200  I0=47.100  V1=30.043 
2021-08-23 10:56:45.839：Mod_NextCtrlOn    1 Id=20160586 V0=27.200  I0=47.100  V1=30.052 
2021-08-23 10:56:46.077：Mod_GetIdVer      1 Id=20160550 Fuse=0x1 V0=27.300  I0=45.300  V1=30.043 
2021-08-23 10:56:46.167：Mod_NextCtrlOn    1 Id=20160550 V0=27.300  I0=45.300  V1=30.025 
2021-08-23 10:56:46.404：Mod_GetIdVer      1 Id=20160577 Fuse=0x1 V0=27.300  I0=43.800  V1=30.034 
2021-08-23 10:56:46.525：Mod_NextCtrlOn    1 Id=20160577 V0=27.300  I0=43.800  V1=30.061 
2021-08-23 10:56:46.778：Mod_GetIdVer      1 Id=20160593 Fuse=0x1 V0=27.250  I0=45.300  V1=30.043 
2021-08-23 10:56:46.869：Mod_NextCtrlOn    1 Id=20160593 V0=27.250  I0=45.300  V1=30.025 
2021-08-23 10:56:47.114：Mod_GetIdVer      1 Id=20160563 Fuse=0x1 V0=27.200  I0=44.700  V1=30.034 
2021-08-23 10:56:47.221：Mod_NextCtrlOn    1 Id=20160563 V0=27.200  I0=44.700  V1=30.025 
2021-08-23 10:56:47.468：Mod_GetIdVer      1 Id=20160568 Fuse=0x1 V0=27.250  I0=40.800  V1=30.070 
2021-08-23 10:56:47.588：Mod_NextCtrlOn    1 Id=20160568 V0=27.250  I0=40.800  V1=30.034 
2021-08-23 10:56:47.855：Mod_GetIdVer      1 Id=20160596 Fuse=0x1 V0=27.200  I0=47.100  V1=30.061 
2021-08-23 10:56:47.879：Dev_LEDCtrl       1 No=1 OnOff=0
2021-08-23 10:56:50.058：Dev_Reset         1
2021-08-23 10:56:50.168：Dev_ModPower      1 OnOff=1
2021-08-23 10:56:51.405：Mod_GetIdVer      1 Id=20160566 Fuse=0x1 V0=27.300  I0=41.700  V1=30.034 
2021-08-23 10:56:51.496：Mod_NextCtrlOn    1 Id=20160566 V0=27.300  I0=41.700  V1=30.008 
2021-08-23 10:56:51.762：Mod_GetIdVer      1 Id=20160578 Fuse=0x1 V0=27.250  I0=46.500  V1=30.025 
2021-08-23 10:56:51.868：Mod_NextCtrlOn    1 Id=20160578 V0=27.250  I0=46.500  V1=29.972 
2021-08-23 10:56:52.124：Mod_GetIdVer      1 Id=20160599 Fuse=0x1 V0=27.250  I0=44.700  V1=30.025 
2021-08-23 10:56:52.246：Mod_NextCtrlOn    1 Id=20160599 V0=27.250  I0=44.700  V1=30.052 
2021-08-23 10:56:52.515：Mod_GetIdVer      1 Id=20160586 Fuse=0x1 V0=27.250  I0=43.200  V1=30.088 
2021-08-23 10:56:52.606：Mod_NextCtrlOn    1 Id=20160586 V0=27.250  I0=43.200  V1=30.034 
2021-08-23 10:56:52.867：Mod_GetIdVer      1 Id=20160550 Fuse=0x1 V0=27.250  I0=45.000  V1=30.043 
2021-08-23 10:56:52.988：Mod_NextCtrlOn    1 Id=20160550 V0=27.250  I0=45.000  V1=30.070 
2021-08-23 10:56:53.248：Mod_GetIdVer      1 Id=20160577 Fuse=0x1 V0=27.250  I0=46.800  V1=30.025 
2021-08-23 10:56:53.353：Mod_NextCtrlOn    1 Id=20160577 V0=27.250  I0=46.800  V1=30.070 
2021-08-23 10:56:53.593：Mod_GetIdVer      1 Id=20160593 Fuse=0x1 V0=27.250  I0=47.100  V1=30.043 
2021-08-23 10:56:53.683：Mod_NextCtrlOn    1 Id=20160593 V0=27.250  I0=47.100  V1=30.043 
2021-08-23 10:56:53.935：Mod_GetIdVer      1 Id=20160563 Fuse=0x1 V0=27.200  I0=46.500  V1=30.034 
2021-08-23 10:56:54.042：Mod_NextCtrlOn    1 Id=20160563 V0=27.200  I0=46.500  V1=30.017 
2021-08-23 10:56:54.279：Mod_GetIdVer      1 Id=20160568 Fuse=0x1 V0=27.250  I0=46.800  V1=30.061 
2021-08-23 10:56:54.385：Mod_NextCtrlOn    1 Id=20160568 V0=27.250  I0=46.800  V1=30.096 
2021-08-23 10:56:54.623：Mod_GetIdVer      1 Id=20160596 Fuse=0x1 V0=27.250  I0=44.100  V1=30.034 
2021-08-23 10:56:54.640：Dev_LEDCtrl       1 No=1 OnOff=0
2021-08-23 10:59:16.324：Dev_Reset         1
2021-08-23 11:09:55.842：Dev_Reset         1
2021-08-23 11:09:55.950：Dev_ModPower      1 OnOff=1
2021-08-23 11:09:57.200：Mod_GetIdVer      1 Id=20134121 Fuse=0x1 V0=28.100  I0=0.300   V1=30.052 
2021-08-23 11:09:57.307：Mod_NextCtrlOn    1 Id=20134121 V0=28.100  I0=0.300   V1=30.070 
2021-08-23 11:09:57.570：Mod_GetIdVer      0 Id=20015895 Fuse=0x0 V0=28.050  I0=0.300   V1=30.079  接收超时 0
2021-08-23 11:09:57.856：Mod_GetIdVer      0 Id=20016199 Fuse=0x0 V0=28.050  I0=0.300   V1=30.079  接收超时 0 Retry 1
2021-08-23 11:09:58.143：Mod_GetIdVer      0 Id=20016485 Fuse=0x0 V0=28.050  I0=0.300   V1=30.096  接收超时 0 Retry 2
2021-08-23 11:09:58.429：Mod_GetIdVer      0 Id=20016770 Fuse=0x0 V0=28.050  I0=0.300   V1=30.052  接收超时 0 Retry 3
2021-08-23 11:09:58.730：Mod_GetIdVer      0 Id=20017054 Fuse=0x0 V0=28.000  I0=0.300   V1=29.990  接收超时 0 Retry 4
2021-08-23 11:09:59.032：Mod_GetIdVer      0 Id=20017350 Fuse=0x0 V0=28.050  I0=0.300   V1=30.070  接收超时 0 Retry 5
2021-08-23 11:09:59.318：Mod_GetIdVer      0 Id=20017652 Fuse=0x0 V0=28.050  I0=0.300   V1=30.096  接收超时 0 Retry 6
2021-08-23 11:09:59.619：Mod_GetIdVer      0 Id=20017943 Fuse=0x0 V0=28.050  I0=0.300   V1=30.114  接收超时 0 Retry 7
2021-08-23 11:09:59.916：Mod_GetIdVer      0 Id=20018244 Fuse=0x0 V0=28.050  I0=0.300   V1=30.070  接收超时 0 Retry 8
2021-08-23 11:10:00.203：Mod_GetIdVer      0 Id=20018521 Fuse=0x0 V0=28.000  I0=0.300   V1=30.052  接收超时 0 Retry 9
2021-08-23 11:10:00.503：Mod_GetIdVer      0 Id=20018831 Fuse=0x0 V0=28.050  I0=0.300   V1=30.061  接收超时 0 Retry 10
2021-08-23 11:10:06.787：Dev_Reset         1
2021-08-23 11:10:12.736：Dev_Reset         1
2021-08-23 11:10:12.868：Dev_ModPower      1 OnOff=1
2021-08-23 11:10:14.107：Mod_GetIdVer      1 Id=20134121 Fuse=0x1 V0=27.700  I0=45.600  V1=30.052 
2021-08-23 11:10:14.124：Dev_LEDCtrl       1 No=1 OnOff=0
2021-08-23 11:10:35.451：Mod_DetonCtrl15s  1 Id=20134121 V0=27.650  I0=44.100  V1=30.079 
2021-08-23 11:10:35.471：Dev_KA1Ctrl       1 KA1=1
2021-08-23 11:10:36.464：Dev_KA23Ctrl      1 KA2=1 KA3=1
2021-08-23 11:10:36.481：Dev_KA4Ctrl       1 KA4=1
2021-08-23 11:10:36.498：Dev_LEDCtrl       1 No=2 OnOff=1
2021-08-23 11:10:47.852：Dev_ModPower      1 OnOff=0
2021-08-23 11:10:47.854：Dev_KA4Ctrl       1 KA4=0
2021-08-23 11:10:47.855：Dev_KA23Ctrl      1 KA2=0 KA3=0
2021-08-23 11:10:48.056：Dev_KA1Ctrl       1 KA1=0
2021-08-23 11:10:48.057：Dev_LEDCtrl       1 No=2 OnOff=0
2021-08-23 11:11:01.121：Dev_Reset         1
2021-08-23 11:11:02.450：Dev_Reset         1
2021-08-23 11:11:02.564：Dev_ModPower      1 OnOff=1
2021-08-23 11:11:03.811：Mod_GetIdVer      1 Id=20134121 Fuse=0x1 V0=27.600  I0=44.100  V1=30.079 
2021-08-23 11:11:03.827：Dev_LEDCtrl       1 No=1 OnOff=0
2021-08-23 11:11:10.453：Mod_DetonCtrl15s  1 Id=20134121 V0=27.550  I0=44.700  V1=30.070 
2021-08-23 11:11:10.459：Dev_KA1Ctrl       1 KA1=1
2021-08-23 11:11:11.450：Dev_KA23Ctrl      1 KA2=1 KA3=1
2021-08-23 11:11:11.451：Dev_KA4Ctrl       1 KA4=1
2021-08-23 11:11:11.452：Dev_LEDCtrl       1 No=2 OnOff=1
2021-08-23 11:11:26.633：Dev_ModPower      1 OnOff=0
2021-08-23 11:11:26.634：Dev_KA4Ctrl       1 KA4=0
2021-08-23 11:11:26.637：Dev_KA23Ctrl      1 KA2=0 KA3=0
2021-08-23 11:11:26.858：Dev_KA1Ctrl       1 KA1=0
2021-08-23 11:11:26.860：Dev_LEDCtrl       1 No=2 OnOff=0
2021-08-23 11:11:30.972：Dev_Reset         1
2021-08-23 11:11:32.450：Dev_Reset         1
2021-08-23 11:11:32.601：Dev_ModPower      1 OnOff=1
2021-08-23 11:11:33.850：Mod_GetIdVer      1 Id=20134121 Fuse=0x1 V0=27.550  I0=43.800  V1=30.088 
2021-08-23 11:11:33.877：Dev_LEDCtrl       1 No=1 OnOff=0
2021-08-23 11:11:38.219：Mod_DetonCtrl15s  1 Id=20134121 V0=27.600  I0=42.300  V1=30.043 
2021-08-23 11:11:38.236：Dev_KA1Ctrl       1 KA1=1
2021-08-23 11:11:39.231：Dev_KA23Ctrl      1 KA2=1 KA3=1
2021-08-23 11:11:39.232：Dev_KA4Ctrl       1 KA4=1
2021-08-23 11:11:39.234：Dev_LEDCtrl       1 No=2 OnOff=1
2021-08-23 11:11:54.372：Dev_ModPower      1 OnOff=0
2021-08-23 11:11:54.373：Dev_KA4Ctrl       1 KA4=0
2021-08-23 11:11:54.389：Dev_KA23Ctrl      1 KA2=0 KA3=0
2021-08-23 11:11:54.591：Dev_KA1Ctrl       1 KA1=0
2021-08-23 11:11:54.593：Dev_LEDCtrl       1 No=2 OnOff=0
2021-08-23 11:12:10.172：Dev_Reset         1
2021-08-23 11:12:11.452：Dev_Reset         1
2021-08-23 11:12:11.574：Dev_ModPower      1 OnOff=1
2021-08-23 11:12:12.825：Mod_GetIdVer      1 Id=20134121 Fuse=0x1 V0=27.500  I0=46.200  V1=30.043 
2021-08-23 11:12:12.857：Dev_LEDCtrl       1 No=1 OnOff=0
2021-08-23 11:12:20.103：Mod_DetonCtrl15s  1 Id=20134121 V0=27.500  I0=45.600  V1=30.061 
2021-08-23 11:12:20.125：Dev_KA1Ctrl       1 KA1=1
2021-08-23 11:12:21.121：Dev_KA23Ctrl      1 KA2=1 KA3=1
2021-08-23 11:12:21.122：Dev_KA4Ctrl       1 KA4=1
2021-08-23 11:12:21.123：Dev_LEDCtrl       1 No=2 OnOff=1
2021-08-23 11:12:29.356：Dev_ModPower      1 OnOff=0
2021-08-23 11:12:29.357：Dev_KA4Ctrl       1 KA4=0
2021-08-23 11:12:29.358：Dev_KA23Ctrl      1 KA2=0 KA3=0
2021-08-23 11:12:29.560：Dev_KA1Ctrl       1 KA1=0
2021-08-23 11:12:29.561：Dev_LEDCtrl       1 No=2 OnOff=0
2021-08-23 11:12:41.170：Dev_Reset         1
2021-08-23 11:12:54.277：Dev_Reset         1
2021-08-23 11:12:54.411：Dev_ModPower      1 OnOff=1
2021-08-23 11:12:55.655：Mod_GetIdVer      1 Id=20134121 Fuse=0x1 V0=27.450  I0=44.100  V1=30.061 
2021-08-23 11:12:55.680：Dev_LEDCtrl       1 No=1 OnOff=0
2021-08-23 11:12:57.457：Mod_DetonCtrl15s  1 Id=20134121 V0=27.400  I0=46.200  V1=30.043 
2021-08-23 11:12:57.501：Dev_KA1Ctrl       1 KA1=1
2021-08-23 11:12:58.496：Dev_KA23Ctrl      1 KA2=1 KA3=1
2021-08-23 11:12:58.498：Dev_KA4Ctrl       1 KA4=1
2021-08-23 11:12:58.499：Dev_LEDCtrl       1 No=2 OnOff=1
2021-08-23 11:12:59.650：WARN_VoltCurr     1 Code=32 V0=0.000   I0=0.000   V1=30.034 
2021-08-23 11:13:08.842：Dev_ModPower      1 OnOff=0
2021-08-23 11:13:08.844：Dev_KA4Ctrl       1 KA4=0
2021-08-23 11:13:08.845：Dev_KA23Ctrl      1 KA2=0 KA3=0
2021-08-23 11:13:09.047：Dev_KA1Ctrl       1 KA1=0
2021-08-23 11:13:09.048：Dev_LEDCtrl       1 No=2 OnOff=0
2021-08-23 11:13:12.076：Dev_Reset         1
2021-08-23 11:13:13.470：Dev_Reset         1
2021-08-23 11:13:13.602：Dev_ModPower      1 OnOff=1
2021-08-23 11:13:14.842：Mod_GetIdVer      1 Id=20134121 Fuse=0x1 V0=27.450  I0=43.800  V1=30.052 
2021-08-23 11:13:14.860：Dev_LEDCtrl       1 No=1 OnOff=0
2021-08-23 11:13:21.650：Mod_DetonCtrl15s  1 Id=20134121 V0=27.600  I0=34.200  V1=30.052 
2021-08-23 11:13:21.654：Dev_KA1Ctrl       1 KA1=1
2021-08-23 11:13:22.669：Dev_KA23Ctrl      1 KA2=1 KA3=1
2021-08-23 11:13:22.670：Dev_KA4Ctrl       1 KA4=1
2021-08-23 11:13:22.672：Dev_LEDCtrl       1 No=2 OnOff=1
2021-08-23 11:13:37.815：Dev_ModPower      1 OnOff=0
2021-08-23 11:13:37.816：Dev_KA4Ctrl       1 KA4=0
2021-08-23 11:13:37.817：Dev_KA23Ctrl      1 KA2=0 KA3=0
2021-08-23 11:13:38.019：Dev_KA1Ctrl       1 KA1=0
2021-08-23 11:13:38.021：Dev_LEDCtrl       1 No=2 OnOff=0
2021-08-23 11:48:59.034：Dev_Reset         1
2021-08-23 11:49:06.823：Dev_Reset         1
2021-08-23 11:49:06.933：Dev_ModPower      1 OnOff=1
2021-08-23 11:49:08.183：Mod_GetIdVer      1 Id=20160566 Fuse=0x1 V0=27.000  I0=43.800  V1=30.043 
2021-08-23 11:49:08.289：Mod_NextCtrlOn    1 Id=20160566 V0=27.000  I0=43.800  V1=30.008 
2021-08-23 11:49:08.529：Mod_GetIdVer      1 Id=20160578 Fuse=0x1 V0=27.300  I0=0.600   V1=30.008 
2021-08-23 11:49:08.635：Mod_NextCtrlOn    1 Id=20160578 V0=27.300  I0=0.600   V1=30.025 
2021-08-23 11:49:08.889：Mod_GetIdVer      1 Id=20160599 Fuse=0x1 V0=27.050  I0=43.200  V1=30.052 
2021-08-23 11:49:08.979：Mod_NextCtrlOn    1 Id=20160599 V0=27.050  I0=43.200  V1=30.017 
2021-08-23 11:49:09.218：Mod_GetIdVer      1 Id=20160586 Fuse=0x1 V0=27.000  I0=45.300  V1=30.025 
2021-08-23 11:49:09.324：Mod_NextCtrlOn    1 Id=20160586 V0=27.000  I0=45.300  V1=30.025 
2021-08-23 11:49:09.561：Mod_GetIdVer      1 Id=20160550 Fuse=0x1 V0=27.050  I0=47.400  V1=30.043 
2021-08-23 11:49:09.652：Mod_NextCtrlOn    1 Id=20160550 V0=27.050  I0=47.400  V1=30.043 
2021-08-23 11:49:09.914：Mod_GetIdVer      1 Id=20160577 Fuse=0x1 V0=27.000  I0=45.600  V1=30.034 
2021-08-23 11:49:10.020：Mod_NextCtrlOn    1 Id=20160577 V0=27.000  I0=45.600  V1=30.025 
2021-08-23 11:49:10.294：Mod_GetIdVer      1 Id=20160593 Fuse=0x1 V0=27.000  I0=46.200  V1=30.061 
2021-08-23 11:49:10.385：Mod_NextCtrlOn    1 Id=20160593 V0=27.000  I0=46.200  V1=30.034 
2021-08-23 11:49:10.623：Mod_GetIdVer      1 Id=20160563 Fuse=0x1 V0=27.000  I0=45.900  V1=30.061 
2021-08-23 11:49:10.714：Mod_NextCtrlOn    1 Id=20160563 V0=27.000  I0=45.900  V1=30.052 
2021-08-23 11:49:10.980：Mod_GetIdVer      1 Id=20160568 Fuse=0x1 V0=26.950  I0=48.000  V1=30.052 
2021-08-23 11:49:11.086：Mod_NextCtrlOn    1 Id=20160568 V0=26.950  I0=48.000  V1=30.017 
2021-08-23 11:49:11.326：Mod_GetIdVer      1 Id=20160596 Fuse=0x1 V0=26.950  I0=47.400  V1=30.034 
2021-08-23 11:49:11.344：Dev_LEDCtrl       1 No=1 OnOff=0
2021-08-23 12:10:21.109：Dev_Reset         1
2021-08-23 12:10:21.214：Dev_ModPower      1 OnOff=1
2021-08-23 12:10:22.479：Mod_GetIdVer      1 Id=20160566 Fuse=0x1 V0=27.050  I0=39.000  V1=30.017 
2021-08-23 12:10:22.585：Mod_NextCtrlOn    1 Id=20160566 V0=27.050  I0=39.000  V1=30.052 
2021-08-23 12:10:22.835：Mod_GetIdVer      1 Id=20160578 Fuse=0x1 V0=27.000  I0=44.700  V1=30.052 
2021-08-23 12:10:22.941：Mod_NextCtrlOn    1 Id=20160578 V0=27.000  I0=44.700  V1=29.999 
2021-08-23 12:10:23.186：Mod_GetIdVer      1 Id=20160599 Fuse=0x1 V0=27.000  I0=44.700  V1=30.008 
2021-08-23 12:10:23.292：Mod_NextCtrlOn    1 Id=20160599 V0=27.000  I0=44.700  V1=30.017 
2021-08-23 12:10:23.529：Mod_GetIdVer      1 Id=20160586 Fuse=0x1 V0=27.000  I0=44.100  V1=29.999 
2021-08-23 12:10:23.650：Mod_NextCtrlOn    1 Id=20160586 V0=27.000  I0=44.100  V1=30.034 
2021-08-23 12:10:23.890：Mod_GetIdVer      1 Id=20160550 Fuse=0x1 V0=26.950  I0=44.700  V1=30.025 
2021-08-23 12:10:23.995：Mod_NextCtrlOn    1 Id=20160550 V0=26.950  I0=44.700  V1=30.017 
2021-08-23 12:10:24.233：Mod_GetIdVer      1 Id=20160577 Fuse=0x1 V0=26.950  I0=45.600  V1=30.017 
2021-08-23 12:10:24.324：Mod_NextCtrlOn    1 Id=20160577 V0=26.950  I0=45.600  V1=30.017 
2021-08-23 12:10:24.577：Mod_GetIdVer      1 Id=20160593 Fuse=0x1 V0=27.000  I0=44.700  V1=30.043 
2021-08-23 12:10:24.698：Mod_NextCtrlOn    1 Id=20160593 V0=27.000  I0=44.700  V1=30.017 
2021-08-23 12:10:24.936：Mod_GetIdVer      1 Id=20160563 Fuse=0x1 V0=26.950  I0=45.300  V1=30.034 
2021-08-23 12:10:25.042：Mod_NextCtrlOn    1 Id=20160563 V0=26.950  I0=45.300  V1=30.017 
2021-08-23 12:10:25.310：Mod_GetIdVer      1 Id=20160568 Fuse=0x1 V0=27.000  I0=45.900  V1=30.008 
2021-08-23 12:10:25.402：Mod_NextCtrlOn    1 Id=20160568 V0=27.000  I0=45.900  V1=30.017 
2021-08-23 12:10:25.668：Mod_GetIdVer      1 Id=20160596 Fuse=0x1 V0=26.900  I0=47.400  V1=30.114 
2021-08-23 12:10:25.675：Dev_LEDCtrl       1 No=1 OnOff=0
2021-08-23 12:10:36.337：Mod_DetonCtrl15s  1 Id=20160596 V0=26.950  I0=45.000  V1=29.999 
2021-08-23 12:10:36.343：Dev_KA1Ctrl       1 KA1=1
2021-08-23 12:10:37.359：Dev_KA23Ctrl      1 KA2=1 KA3=1
2021-08-23 12:10:37.391：Dev_KA4Ctrl       1 KA4=1
2021-08-23 12:10:37.393：Dev_LEDCtrl       1 No=2 OnOff=1
2021-08-23 12:10:49.139：Dev_ModPower      1 OnOff=0
2021-08-23 12:10:49.171：Dev_KA4Ctrl       1 KA4=0
2021-08-23 12:10:49.188：Dev_KA23Ctrl      1 KA2=0 KA3=0
2021-08-23 12:10:49.390：Dev_KA1Ctrl       1 KA1=0
2021-08-23 12:10:49.406：Dev_LEDCtrl       1 No=2 OnOff=0
2021-08-23 12:10:49.408：Dev_Reset         1
2021-08-23 12:10:49.511：Dev_ModPower      1 OnOff=1
2021-08-23 12:10:50.747：Mod_GetIdVer      1 Id=20160566 Fuse=0x1 V0=27.000  I0=44.100  V1=29.990 
2021-08-23 12:10:50.870：Mod_NextCtrlOn    1 Id=20160566 V0=27.000  I0=44.100  V1=30.079 
2021-08-23 12:10:51.144：Mod_GetIdVer      1 Id=20160578 Fuse=0x1 V0=26.950  I0=45.600  V1=30.008 
2021-08-23 12:10:51.250：Mod_NextCtrlOn    1 Id=20160578 V0=26.950  I0=45.600  V1=29.999 
2021-08-23 12:10:51.498：Mod_GetIdVer      1 Id=20160599 Fuse=0x1 V0=27.050  I0=39.000  V1=30.017 
2021-08-23 12:10:51.589：Mod_NextCtrlOn    1 Id=20160599 V0=27.050  I0=39.000  V1=30.008 
2021-08-23 12:10:51.841：Mod_GetIdVer      1 Id=20160586 Fuse=0x1 V0=26.950  I0=45.300  V1=30.017 
2021-08-23 12:10:51.932：Mod_NextCtrlOn    1 Id=20160586 V0=26.950  I0=45.300  V1=29.990 
2021-08-23 12:10:52.169：Mod_GetIdVer      1 Id=20160550 Fuse=0x1 V0=26.950  I0=47.400  V1=30.008 
2021-08-23 12:10:52.260：Mod_NextCtrlOn    1 Id=20160550 V0=26.950  I0=47.400  V1=30.025 
2021-08-23 12:10:56.169：Mod_GetIdVer      1 Id=20160577 Fuse=0x1 V0=26.950  I0=44.100  V1=30.008 
2021-08-23 12:10:56.291：Mod_NextCtrlOn    1 Id=20160577 V0=26.950  I0=44.100  V1=30.043 
2021-08-23 12:10:56.540：Mod_GetIdVer      1 Id=20160593 Fuse=0x1 V0=26.950  I0=46.500  V1=30.008 
2021-08-23 12:10:56.647：Mod_NextCtrlOn    1 Id=20160593 V0=26.950  I0=46.500  V1=30.070 
2021-08-23 12:10:56.887：Mod_GetIdVer      1 Id=20160563 Fuse=0x1 V0=26.950  I0=45.300  V1=30.052 
2021-08-23 12:10:56.979：Mod_NextCtrlOn    1 Id=20160563 V0=26.950  I0=45.300  V1=30.025 
2021-08-23 12:10:57.216：Mod_GetIdVer      1 Id=20160568 Fuse=0x1 V0=27.200  I0=5.100   V1=30.025 
2021-08-23 12:10:57.249：Dev_LEDCtrl       1 No=1 OnOff=0
2021-08-23 12:10:59.485：Mod_DetonCtrl15s  1 Id=20160568 V0=26.950  I0=45.600  V1=30.017 
2021-08-23 12:10:59.492：Dev_KA1Ctrl       1 KA1=1
2021-08-23 12:11:00.480：Dev_KA23Ctrl      1 KA2=1 KA3=1
2021-08-23 12:11:00.481：Dev_KA4Ctrl       1 KA4=1
2021-08-23 12:11:00.482：Dev_LEDCtrl       1 No=2 OnOff=1
2021-08-23 12:11:02.659：Dev_ModPower      1 OnOff=0
2021-08-23 12:11:02.661：Dev_KA4Ctrl       1 KA4=0
2021-08-23 12:11:02.662：Dev_KA23Ctrl      1 KA2=0 KA3=0
2021-08-23 12:11:02.863：Dev_KA1Ctrl       1 KA1=0
2021-08-23 12:11:02.864：Dev_LEDCtrl       1 No=2 OnOff=0
2021-08-23 12:11:02.881：Dev_Reset         1
2021-08-23 12:11:02.981：Dev_ModPower      1 OnOff=1
2021-08-23 12:11:04.233：Mod_GetIdVer      1 Id=20160566 Fuse=0x1 V0=27.000  I0=44.700  V1=30.025 
2021-08-23 12:11:04.354：Mod_NextCtrlOn    1 Id=20160566 V0=27.000  I0=44.700  V1=30.017 
2021-08-23 12:11:04.593：Mod_GetIdVer      1 Id=20160578 Fuse=0x1 V0=27.000  I0=42.900  V1=30.034 
2021-08-23 12:11:04.683：Mod_NextCtrlOn    1 Id=20160578 V0=27.000  I0=42.900  V1=30.008 
2021-08-23 12:11:04.935：Mod_GetIdVer      1 Id=20160599 Fuse=0x1 V0=27.000  I0=43.200  V1=30.008 
2021-08-23 12:11:05.025：Mod_NextCtrlOn    1 Id=20160599 V0=27.000  I0=43.200  V1=30.017 
2021-08-23 12:11:05.265：Mod_GetIdVer      1 Id=20160586 Fuse=0x1 V0=27.000  I0=43.500  V1=30.017 
2021-08-23 12:11:05.356：Mod_NextCtrlOn    1 Id=20160586 V0=27.000  I0=43.500  V1=30.008 
2021-08-23 12:11:05.591：Mod_GetIdVer      1 Id=20160550 Fuse=0x1 V0=27.000  I0=43.800  V1=30.025 
2021-08-23 12:11:05.681：Mod_NextCtrlOn    1 Id=20160550 V0=27.000  I0=43.800  V1=29.963 
2021-08-23 12:11:05.937：Mod_GetIdVer      1 Id=20160577 Fuse=0x1 V0=26.950  I0=43.800  V1=30.034 
2021-08-23 12:11:06.042：Mod_NextCtrlOn    1 Id=20160577 V0=26.950  I0=43.800  V1=30.088 
2021-08-23 12:11:06.294：Mod_GetIdVer      1 Id=20160593 Fuse=0x1 V0=26.950  I0=45.900  V1=29.999 
2021-08-23 12:11:06.400：Mod_NextCtrlOn    1 Id=20160593 V0=26.950  I0=45.900  V1=29.972 
2021-08-23 12:11:06.665：Mod_GetIdVer      1 Id=20160563 Fuse=0x1 V0=26.950  I0=45.900  V1=29.972 
2021-08-23 12:11:06.682：Dev_LEDCtrl       1 No=1 OnOff=0
2021-08-23 12:11:08.269：Mod_DetonCtrl15s  1 Id=20160563 V0=27.000  I0=45.300  V1=30.034 
2021-08-23 12:11:08.314：Dev_KA1Ctrl       1 KA1=1
2021-08-23 12:11:09.309：Dev_KA23Ctrl      1 KA2=1 KA3=1
2021-08-23 12:11:09.310：Dev_KA4Ctrl       1 KA4=1
2021-08-23 12:11:09.312：Dev_LEDCtrl       1 No=2 OnOff=1
2021-08-23 12:11:11.586：Dev_ModPower      1 OnOff=0
2021-08-23 12:11:11.587：Dev_KA4Ctrl       1 KA4=0
2021-08-23 12:11:11.588：Dev_KA23Ctrl      1 KA2=0 KA3=0
2021-08-23 12:11:11.791：Dev_KA1Ctrl       1 KA1=0
2021-08-23 12:11:11.792：Dev_LEDCtrl       1 No=2 OnOff=0
2021-08-23 12:11:11.793：Dev_Reset         1
2021-08-23 12:11:11.901：Dev_ModPower      1 OnOff=1
2021-08-23 12:11:13.138：Mod_GetIdVer      1 Id=20160566 Fuse=0x1 V0=27.000  I0=45.300  V1=30.034 
2021-08-23 12:11:13.260：Mod_NextCtrlOn    1 Id=20160566 V0=27.000  I0=45.300  V1=30.025 
2021-08-23 12:11:13.507：Mod_GetIdVer      1 Id=20160578 Fuse=0x1 V0=27.000  I0=44.700  V1=29.990 
2021-08-23 12:11:13.598：Mod_NextCtrlOn    1 Id=20160578 V0=27.000  I0=44.700  V1=29.999 
2021-08-23 12:11:13.863：Mod_GetIdVer      1 Id=20160599 Fuse=0x1 V0=27.000  I0=42.900  V1=30.008 
2021-08-23 12:11:13.969：Mod_NextCtrlOn    1 Id=20160599 V0=27.000  I0=42.900  V1=30.025 
2021-08-23 12:11:14.245：Mod_GetIdVer      1 Id=20160586 Fuse=0x1 V0=27.000  I0=44.400  V1=30.008 
2021-08-23 12:11:14.336：Mod_NextCtrlOn    1 Id=20160586 V0=27.000  I0=44.400  V1=30.052 
2021-08-23 12:11:14.602：Mod_GetIdVer      1 Id=20160550 Fuse=0x1 V0=26.950  I0=45.900  V1=30.008 
2021-08-23 12:11:14.708：Mod_NextCtrlOn    1 Id=20160550 V0=26.950  I0=45.900  V1=30.017 
2021-08-23 12:11:14.970：Mod_GetIdVer      1 Id=20160577 Fuse=0x1 V0=26.950  I0=47.700  V1=30.025 
2021-08-23 12:11:15.061：Mod_NextCtrlOn    1 Id=20160577 V0=26.950  I0=47.700  V1=30.017 
2021-08-23 12:11:15.311：Mod_GetIdVer      1 Id=20160593 Fuse=0x1 V0=26.950  I0=43.200  V1=29.999 
2021-08-23 12:11:15.329：Dev_LEDCtrl       1 No=1 OnOff=0
2021-08-23 12:11:18.232：Mod_DetonCtrl15s  1 Id=20160593 V0=26.950  I0=46.800  V1=30.017 
2021-08-23 12:11:18.255：Dev_KA1Ctrl       1 KA1=1
2021-08-23 12:11:19.261：Dev_KA23Ctrl      1 KA2=1 KA3=1
2021-08-23 12:11:19.264：Dev_KA4Ctrl       1 KA4=1
2021-08-23 12:11:19.265：Dev_LEDCtrl       1 No=2 OnOff=1
2021-08-23 12:11:22.024：Dev_ModPower      1 OnOff=0
2021-08-23 12:11:22.043：Dev_KA4Ctrl       1 KA4=0
2021-08-23 12:11:22.060：Dev_KA23Ctrl      1 KA2=0 KA3=0
2021-08-23 12:11:22.262：Dev_KA1Ctrl       1 KA1=0
2021-08-23 12:11:22.264：Dev_LEDCtrl       1 No=2 OnOff=0
2021-08-23 12:11:22.265：Dev_Reset         1
2021-08-23 12:11:22.414：Dev_ModPower      1 OnOff=1
2021-08-23 12:11:23.639：Mod_GetIdVer      1 Id=20160566 Fuse=0x1 V0=27.050  I0=42.300  V1=30.017 
2021-08-23 12:11:23.762：Mod_NextCtrlOn    1 Id=20160566 V0=27.050  I0=42.300  V1=30.017 
2021-08-23 12:11:24.008：Mod_GetIdVer      1 Id=20160578 Fuse=0x1 V0=26.950  I0=45.600  V1=30.034 
2021-08-23 12:11:24.100：Mod_NextCtrlOn    1 Id=20160578 V0=26.950  I0=45.600  V1=30.034 
2021-08-23 12:11:24.357：Mod_GetIdVer      1 Id=20160599 Fuse=0x1 V0=27.000  I0=45.600  V1=30.008 
2021-08-23 12:11:24.448：Mod_NextCtrlOn    1 Id=20160599 V0=27.000  I0=45.600  V1=30.034 
2021-08-23 12:11:24.690：Mod_GetIdVer      1 Id=20160586 Fuse=0x1 V0=27.200  I0=1.800   V1=30.025 
2021-08-23 12:11:24.796：Mod_NextCtrlOn    1 Id=20160586 V0=27.200  I0=1.800   V1=30.008 
2021-08-23 12:11:25.059：Mod_GetIdVer      1 Id=20160550 Fuse=0x1 V0=27.000  I0=44.400  V1=29.999 
2021-08-23 12:11:25.150：Mod_NextCtrlOn    1 Id=20160550 V0=27.000  I0=44.400  V1=30.017 
2021-08-23 12:11:25.389：Mod_GetIdVer      1 Id=20160577 Fuse=0x1 V0=27.000  I0=42.900  V1=29.972 
2021-08-23 12:11:25.395：Dev_LEDCtrl       1 No=1 OnOff=0
2021-08-23 12:11:31.250：Mod_DetonCtrl15s  1 Id=20160577 V0=26.950  I0=46.500  V1=30.017 
2021-08-23 12:11:31.264：Dev_KA1Ctrl       1 KA1=1
2021-08-23 12:11:32.261：Dev_KA23Ctrl      1 KA2=1 KA3=1
2021-08-23 12:11:32.278：Dev_KA4Ctrl       1 KA4=1
2021-08-23 12:11:32.281：Dev_LEDCtrl       1 No=2 OnOff=1
2021-08-23 12:11:34.764：Dev_ModPower      1 OnOff=0
2021-08-23 12:11:34.782：Dev_KA4Ctrl       1 KA4=0
2021-08-23 12:11:34.783：Dev_KA23Ctrl      1 KA2=0 KA3=0
2021-08-23 12:11:34.985：Dev_KA1Ctrl       1 KA1=0
2021-08-23 12:11:34.986：Dev_LEDCtrl       1 No=2 OnOff=0
2021-08-23 12:11:34.987：Dev_Reset         1
2021-08-23 12:11:35.128：Dev_ModPower      1 OnOff=1
2021-08-23 12:11:36.357：Mod_GetIdVer      1 Id=20160566 Fuse=0x1 V0=27.000  I0=42.600  V1=30.034 
2021-08-23 12:11:36.449：Mod_NextCtrlOn    1 Id=20160566 V0=27.000  I0=42.600  V1=30.017 
2021-08-23 12:11:36.732：Mod_GetIdVer      1 Id=20160578 Fuse=0x1 V0=26.950  I0=44.700  V1=29.990 
2021-08-23 12:11:36.823：Mod_NextCtrlOn    1 Id=20160578 V0=26.950  I0=44.700  V1=30.008 
2021-08-23 12:11:37.076：Mod_GetIdVer      1 Id=20160599 Fuse=0x1 V0=26.950  I0=46.800  V1=30.017 
2021-08-23 12:11:37.182：Mod_NextCtrlOn    1 Id=20160599 V0=26.950  I0=46.800  V1=30.025 
2021-08-23 12:11:37.420：Mod_GetIdVer      1 Id=20160586 Fuse=0x1 V0=26.950  I0=45.900  V1=30.034 
2021-08-23 12:11:37.543：Mod_NextCtrlOn    1 Id=20160586 V0=26.950  I0=45.900  V1=30.025 
2021-08-23 12:11:37.795：Mod_GetIdVer      1 Id=20160550 Fuse=0x1 V0=27.000  I0=43.200  V1=30.043 
2021-08-23 12:11:37.806：Dev_LEDCtrl       1 No=1 OnOff=0
2021-08-23 12:11:39.395：Mod_DetonCtrl15s  1 Id=20160550 V0=27.000  I0=43.800  V1=29.999 
2021-08-23 12:11:39.402：Dev_KA1Ctrl       1 KA1=1
2021-08-23 12:11:40.403：Dev_KA23Ctrl      1 KA2=1 KA3=1
2021-08-23 12:11:40.404：Dev_KA4Ctrl       1 KA4=1
2021-08-23 12:11:40.405：Dev_LEDCtrl       1 No=2 OnOff=1
2021-08-23 12:11:42.770：Dev_ModPower      1 OnOff=0
2021-08-23 12:11:42.771：Dev_KA4Ctrl       1 KA4=0
2021-08-23 12:11:42.772：Dev_KA23Ctrl      1 KA2=0 KA3=0
2021-08-23 12:11:42.974：Dev_KA1Ctrl       1 KA1=0
2021-08-23 12:11:42.975：Dev_LEDCtrl       1 No=2 OnOff=0
2021-08-23 12:11:42.976：Dev_Reset         1
2021-08-23 12:11:43.090：Dev_ModPower      1 OnOff=1
2021-08-23 12:11:44.327：Mod_GetIdVer      1 Id=20160566 Fuse=0x1 V0=27.000  I0=41.700  V1=30.017 
2021-08-23 12:11:44.432：Mod_NextCtrlOn    1 Id=20160566 V0=27.000  I0=41.700  V1=30.017 
2021-08-23 12:11:44.701：Mod_GetIdVer      1 Id=20160578 Fuse=0x1 V0=27.000  I0=42.000  V1=30.008 
2021-08-23 12:11:44.807：Mod_NextCtrlOn    1 Id=20160578 V0=27.000  I0=42.000  V1=29.999 
2021-08-23 12:11:45.084：Mod_GetIdVer      1 Id=20160599 Fuse=0x1 V0=27.000  I0=45.900  V1=30.034 
2021-08-23 12:11:45.176：Mod_NextCtrlOn    1 Id=20160599 V0=27.000  I0=45.900  V1=29.972 
2021-08-23 12:11:45.420：Mod_GetIdVer      1 Id=20160586 Fuse=0x1 V0=27.000  I0=46.500  V1=30.025 
2021-08-23 12:11:45.453：Dev_LEDCtrl       1 No=1 OnOff=0
2021-08-23 12:11:46.893：Mod_DetonCtrl15s  1 Id=20160586 V0=27.100  I0=34.500  V1=30.017 
2021-08-23 12:11:46.926：Dev_KA1Ctrl       1 KA1=1
2021-08-23 12:11:47.929：Dev_KA23Ctrl      1 KA2=1 KA3=1
2021-08-23 12:11:47.929：Dev_KA4Ctrl       1 KA4=1
2021-08-23 12:11:47.930：Dev_LEDCtrl       1 No=2 OnOff=1
2021-08-23 12:11:50.252：Dev_ModPower      1 OnOff=0
2021-08-23 12:11:50.254：Dev_KA4Ctrl       1 KA4=0
2021-08-23 12:11:50.255：Dev_KA23Ctrl      1 KA2=0 KA3=0
2021-08-23 12:11:50.457：Dev_KA1Ctrl       1 KA1=0
2021-08-23 12:11:50.458：Dev_LEDCtrl       1 No=2 OnOff=0
2021-08-23 12:11:50.459：Dev_Reset         1
2021-08-23 12:11:50.558：Dev_ModPower      1 OnOff=1
2021-08-23 12:11:51.795：Mod_GetIdVer      1 Id=20160566 Fuse=0x1 V0=27.050  I0=42.900  V1=30.079 
2021-08-23 12:11:51.887：Mod_NextCtrlOn    1 Id=20160566 V0=27.050  I0=42.900  V1=29.999 
2021-08-23 12:11:52.157：Mod_GetIdVer      1 Id=20160578 Fuse=0x1 V0=27.000  I0=44.100  V1=30.017 
2021-08-23 12:11:52.263：Mod_NextCtrlOn    1 Id=20160578 V0=27.000  I0=44.100  V1=30.025 
2021-08-23 12:11:52.529：Mod_GetIdVer      1 Id=20160599 Fuse=0x1 V0=27.000  I0=42.900  V1=30.034 
2021-08-23 12:11:52.562：Dev_LEDCtrl       1 No=1 OnOff=0
2021-08-23 12:11:54.208：Mod_DetonCtrl15s  1 Id=20160599 V0=27.250  I0=0.900   V1=30.025 
2021-08-23 12:11:54.242：Dev_KA1Ctrl       1 KA1=1
2021-08-23 12:11:55.246：Dev_KA23Ctrl      1 KA2=1 KA3=1
2021-08-23 12:11:55.248：Dev_KA4Ctrl       1 KA4=1
2021-08-23 12:11:55.249：Dev_LEDCtrl       1 No=2 OnOff=1
2021-08-23 12:11:58.040：Dev_ModPower      1 OnOff=0
2021-08-23 12:11:58.041：Dev_KA4Ctrl       1 KA4=0
2021-08-23 12:11:58.058：Dev_KA23Ctrl      1 KA2=0 KA3=0
2021-08-23 12:11:58.275：Dev_KA1Ctrl       1 KA1=0
2021-08-23 12:11:58.277：Dev_LEDCtrl       1 No=2 OnOff=0
2021-08-23 12:11:58.278：Dev_Reset         1
2021-08-23 12:11:58.386：Dev_ModPower      1 OnOff=1
2021-08-23 12:11:59.638：Mod_GetIdVer      1 Id=20160566 Fuse=0x1 V0=26.950  I0=44.700  V1=30.034 
2021-08-23 12:11:59.761：Mod_NextCtrlOn    1 Id=20160566 V0=26.950  I0=44.700  V1=30.034 
2021-08-23 12:12:00.012：Mod_GetIdVer      1 Id=20160578 Fuse=0x1 V0=27.000  I0=45.600  V1=29.963 
2021-08-23 12:12:00.045：Dev_LEDCtrl       1 No=1 OnOff=0
2021-08-23 12:12:01.765：Mod_DetonCtrl15s  1 Id=20160578 V0=27.000  I0=44.100  V1=30.043 
2021-08-23 12:12:01.784：Dev_KA1Ctrl       1 KA1=1
2021-08-23 12:12:02.778：Dev_KA23Ctrl      1 KA2=1 KA3=1
2021-08-23 12:12:02.779：Dev_KA4Ctrl       1 KA4=1
2021-08-23 12:12:02.780：Dev_LEDCtrl       1 No=2 OnOff=1
2021-08-23 12:12:06.147：Dev_ModPower      1 OnOff=0
2021-08-23 12:12:06.148：Dev_KA4Ctrl       1 KA4=0
2021-08-23 12:12:06.165：Dev_KA23Ctrl      1 KA2=0 KA3=0
2021-08-23 12:12:06.366：Dev_KA1Ctrl       1 KA1=0
2021-08-23 12:12:06.367：Dev_LEDCtrl       1 No=2 OnOff=0
2021-08-23 12:12:06.368：Dev_Reset         1
2021-08-23 12:12:06.479：Dev_ModPower      1 OnOff=1
2021-08-23 12:12:07.735：Mod_GetIdVer      1 Id=20160566 Fuse=0x1 V0=27.000  I0=42.300  V1=30.008 
2021-08-23 12:12:07.758：Dev_LEDCtrl       1 No=1 OnOff=0
2021-08-23 12:12:09.165：Mod_DetonCtrl15s  1 Id=20160566 V0=27.150  I0=30.900  V1=30.008 
2021-08-23 12:12:09.182：Dev_KA1Ctrl       1 KA1=1
2021-08-23 12:12:10.184：Dev_KA23Ctrl      1 KA2=1 KA3=1
2021-08-23 12:12:10.185：Dev_KA4Ctrl       1 KA4=1
2021-08-23 12:12:10.187：Dev_LEDCtrl       1 No=2 OnOff=1
2021-08-23 12:12:15.274：Dev_ModPower      1 OnOff=0
2021-08-23 12:12:15.275：Dev_KA4Ctrl       1 KA4=0
2021-08-23 12:12:15.277：Dev_KA23Ctrl      1 KA2=0 KA3=0
2021-08-23 12:12:15.478：Dev_KA1Ctrl       1 KA1=0
2021-08-23 12:12:15.479：Dev_LEDCtrl       1 No=2 OnOff=0
2021-08-23 12:12:18.320：Dev_Reset         1
2021-08-23 12:12:19.849：Dev_Reset         1
2021-08-23 12:12:19.953：Dev_ModPower      1 OnOff=1
2021-08-23 12:12:21.196：Mod_GetIdVer      1 Id=20160566 Fuse=0x1 V0=27.000  I0=44.700  V1=30.034 
2021-08-23 12:12:21.302：Mod_NextCtrlOn    1 Id=20160566 V0=27.000  I0=44.700  V1=30.034 
2021-08-23 12:12:21.544：Mod_GetIdVer      1 Id=20160578 Fuse=0x1 V0=27.000  I0=44.400  V1=29.999 
2021-08-23 12:12:21.650：Mod_NextCtrlOn    1 Id=20160578 V0=27.000  I0=44.400  V1=29.990 
2021-08-23 12:12:21.904：Mod_GetIdVer      1 Id=20160599 Fuse=0x1 V0=26.950  I0=46.800  V1=30.070 
2021-08-23 12:12:21.995：Mod_NextCtrlOn    1 Id=20160599 V0=26.950  I0=46.800  V1=30.017 
2021-08-23 12:12:22.257：Mod_GetIdVer      1 Id=20160586 Fuse=0x1 V0=27.000  I0=42.000  V1=29.981 
2021-08-23 12:12:22.348：Mod_NextCtrlOn    1 Id=20160586 V0=27.000  I0=42.000  V1=30.008 
2021-08-23 12:12:22.608：Mod_GetIdVer      1 Id=20160550 Fuse=0x1 V0=26.950  I0=46.500  V1=29.990 
2021-08-23 12:12:22.699：Mod_NextCtrlOn    1 Id=20160550 V0=26.950  I0=46.500  V1=30.025 
2021-08-23 12:12:22.950：Mod_GetIdVer      1 Id=20160577 Fuse=0x1 V0=27.000  I0=44.400  V1=30.052 
2021-08-23 12:12:23.057：Mod_NextCtrlOn    1 Id=20160577 V0=27.000  I0=44.400  V1=29.990 
2021-08-23 12:12:23.323：Mod_GetIdVer      1 Id=20160593 Fuse=0x1 V0=26.950  I0=45.000  V1=30.025 
2021-08-23 12:12:23.429：Mod_NextCtrlOn    1 Id=20160593 V0=26.950  I0=45.000  V1=30.025 
2021-08-23 12:12:23.691：Mod_GetIdVer      1 Id=20160563 Fuse=0x1 V0=26.950  I0=45.600  V1=30.017 
2021-08-23 12:12:23.797：Mod_NextCtrlOn    1 Id=20160563 V0=26.950  I0=45.600  V1=29.963 
2021-08-23 12:12:24.044：Mod_GetIdVer      1 Id=20160568 Fuse=0x1 V0=26.900  I0=48.300  V1=30.008 
2021-08-23 12:12:24.151：Mod_NextCtrlOn    1 Id=20160568 V0=26.900  I0=48.300  V1=29.999 
2021-08-23 12:12:24.403：Mod_GetIdVer      1 Id=20160596 Fuse=0x1 V0=26.950  I0=45.300  V1=29.972 
2021-08-23 12:12:24.427：Dev_LEDCtrl       1 No=1 OnOff=0
2021-08-23 12:12:29.082：Mod_DetonCtrl15s  1 Id=20160596 V0=26.900  I0=48.900  V1=30.017 
2021-08-23 12:12:29.113：Dev_KA1Ctrl       1 KA1=1
2021-08-23 12:12:30.104：Dev_KA23Ctrl      1 KA2=1 KA3=1
2021-08-23 12:12:30.105：Dev_KA4Ctrl       1 KA4=1
2021-08-23 12:12:30.106：Dev_LEDCtrl       1 No=2 OnOff=1
2021-08-23 12:12:31.043：Dev_ModPower      1 OnOff=0
2021-08-23 12:12:31.044：Dev_KA4Ctrl       1 KA4=0
2021-08-23 12:12:31.045：Dev_KA23Ctrl      1 KA2=0 KA3=0
2021-08-23 12:12:31.247：Dev_KA1Ctrl       1 KA1=0
2021-08-23 12:12:31.248：Dev_LEDCtrl       1 No=2 OnOff=0
2021-08-23 12:12:31.249：Dev_Reset         1
2021-08-23 12:12:31.424：Dev_ModPower      1 OnOff=1
2021-08-23 12:12:32.654：Mod_GetIdVer      1 Id=20160566 Fuse=0x1 V0=27.000  I0=44.400  V1=30.008 
2021-08-23 12:12:32.775：Mod_NextCtrlOn    1 Id=20160566 V0=27.000  I0=44.400  V1=30.034 
2021-08-23 12:12:33.014：Mod_GetIdVer      1 Id=20160578 Fuse=0x1 V0=26.950  I0=44.400  V1=30.034 
2021-08-23 12:12:33.120：Mod_NextCtrlOn    1 Id=20160578 V0=26.950  I0=44.400  V1=30.034 
2021-08-23 12:12:33.372：Mod_GetIdVer      1 Id=20160599 Fuse=0x1 V0=26.950  I0=46.800  V1=29.955 
2021-08-23 12:12:33.478：Mod_NextCtrlOn    1 Id=20160599 V0=26.950  I0=46.800  V1=30.008 
2021-08-23 12:12:33.743：Mod_GetIdVer      1 Id=20160586 Fuse=0x1 V0=27.000  I0=45.300  V1=30.025 
2021-08-23 12:12:33.865：Mod_NextCtrlOn    1 Id=20160586 V0=27.000  I0=45.300  V1=30.034 
2021-08-23 12:12:34.107：Mod_GetIdVer      1 Id=20160550 Fuse=0x1 V0=26.950  I0=44.100  V1=29.999 
2021-08-23 12:12:34.198：Mod_NextCtrlOn    1 Id=20160550 V0=26.950  I0=44.100  V1=30.017 
2021-08-23 12:12:34.452：Mod_GetIdVer      1 Id=20160577 Fuse=0x1 V0=26.950  I0=45.300  V1=30.052 
2021-08-23 12:12:34.558：Mod_NextCtrlOn    1 Id=20160577 V0=26.950  I0=45.300  V1=30.043 
2021-08-23 12:12:34.808：Mod_GetIdVer      1 Id=20160593 Fuse=0x1 V0=26.950  I0=45.000  V1=30.008 
2021-08-23 12:12:34.899：Mod_NextCtrlOn    1 Id=20160593 V0=26.950  I0=45.000  V1=30.017 
2021-08-23 12:12:35.149：Mod_GetIdVer      1 Id=20160563 Fuse=0x1 V0=26.900  I0=48.000  V1=30.043 
2021-08-23 12:12:35.239：Mod_NextCtrlOn    1 Id=20160563 V0=26.900  I0=48.000  V1=30.017 
2021-08-23 12:12:35.497：Mod_GetIdVer      1 Id=20160568 Fuse=0x1 V0=26.900  I0=48.600  V1=29.999 
2021-08-23 12:12:35.514：Dev_LEDCtrl       1 No=1 OnOff=0
2021-08-23 12:12:38.046：Dev_Reset         1
2021-08-23 13:08:27.509：Dev_Reset         1
2021-08-23 13:08:27.645：Dev_ModPower      1 OnOff=1
2021-08-23 13:08:28.890：Mod_GetIdVer      1 Id=20160566 Fuse=0x1 V0=26.950  I0=43.800  V1=30.034 
2021-08-23 13:08:28.996：Mod_NextCtrlOn    1 Id=20160566 V0=26.950  I0=43.800  V1=30.043 
2021-08-23 13:08:29.259：Mod_GetIdVer      1 Id=20160578 Fuse=0x1 V0=26.950  I0=39.900  V1=30.017 
2021-08-23 13:08:29.365：Mod_NextCtrlOn    1 Id=20160578 V0=26.950  I0=39.900  V1=30.034 
2021-08-23 13:08:29.610：Mod_GetIdVer      1 Id=20160599 Fuse=0x1 V0=26.900  I0=44.100  V1=30.008 
2021-08-23 13:08:29.733：Mod_NextCtrlOn    1 Id=20160599 V0=26.900  I0=44.100  V1=30.061 
2021-08-23 13:08:30.000：Mod_GetIdVer      1 Id=20160586 Fuse=0x1 V0=27.000  I0=37.800  V1=30.061 
2021-08-23 13:08:30.091：Mod_NextCtrlOn    1 Id=20160586 V0=27.000  I0=37.800  V1=30.061 
2021-08-23 13:08:30.345：Mod_GetIdVer      1 Id=20160550 Fuse=0x1 V0=26.950  I0=42.000  V1=30.017 
2021-08-23 13:08:30.452：Mod_NextCtrlOn    1 Id=20160550 V0=26.950  I0=42.000  V1=30.034 
2021-08-23 13:08:30.705：Mod_GetIdVer      1 Id=20160577 Fuse=0x1 V0=26.950  I0=39.600  V1=30.052 
2021-08-23 13:08:30.811：Mod_NextCtrlOn    1 Id=20160577 V0=26.950  I0=39.600  V1=30.070 
2021-08-23 13:08:31.078：Mod_GetIdVer      1 Id=20160593 Fuse=0x1 V0=27.150  I0=3.900   V1=29.981 
2021-08-23 13:08:31.169：Mod_NextCtrlOn    1 Id=20160593 V0=27.150  I0=3.900   V1=30.025 
2021-08-23 13:08:31.448：Mod_GetIdVer      1 Id=20160563 Fuse=0x1 V0=26.900  I0=44.100  V1=30.034 
2021-08-23 13:08:31.554：Mod_NextCtrlOn    1 Id=20160563 V0=26.900  I0=44.100  V1=30.043 
2021-08-23 13:08:31.797：Mod_GetIdVer      1 Id=20160568 Fuse=0x1 V0=26.900  I0=45.300  V1=30.034 
2021-08-23 13:08:31.888：Mod_NextCtrlOn    1 Id=20160568 V0=26.900  I0=45.300  V1=30.034 
2021-08-23 13:08:32.149：Mod_GetIdVer      1 Id=20160596 Fuse=0x1 V0=26.900  I0=45.900  V1=30.017 
2021-08-23 13:08:32.167：Dev_LEDCtrl       1 No=1 OnOff=0
2021-08-23 13:08:35.851：Dev_Reset         1
2021-08-23 15:56:54.022：Dev_Reset         1
2021-08-23 15:56:54.134：Dev_ModPower      1 OnOff=1
2021-08-23 15:56:55.366：Mod_GetIdVer      1 Id=20160566 Fuse=0x1 V0=27.950  I0=45.600  V1=30.061 
2021-08-23 15:56:55.478：Mod_NextCtrlOn    1 Id=20160566 V0=27.950  I0=45.600  V1=30.070 
2021-08-23 15:56:55.733：Mod_GetIdVer      1 Id=20160578 Fuse=0x1 V0=27.900  I0=44.100  V1=30.088 
2021-08-23 15:56:55.846：Mod_NextCtrlOn    1 Id=20160578 V0=27.900  I0=44.100  V1=30.061 
2021-08-23 15:56:56.101：Mod_GetIdVer      1 Id=20160599 Fuse=0x1 V0=27.900  I0=44.400  V1=30.079 
2021-08-23 15:56:56.214：Mod_NextCtrlOn    1 Id=20160599 V0=27.900  I0=44.400  V1=30.088 
2021-08-23 15:56:56.469：Mod_GetIdVer      1 Id=20160586 Fuse=0x1 V0=27.900  I0=44.100  V1=30.043 
2021-08-23 15:56:56.582：Mod_NextCtrlOn    1 Id=20160586 V0=27.900  I0=44.100  V1=30.088 
2021-08-23 15:56:56.837：Mod_GetIdVer      1 Id=20160550 Fuse=0x1 V0=27.950  I0=39.600  V1=30.070 
2021-08-23 15:56:56.949：Mod_NextCtrlOn    1 Id=20160550 V0=27.950  I0=39.600  V1=30.061 
2021-08-23 15:56:57.205：Mod_GetIdVer      1 Id=20160577 Fuse=0x1 V0=27.850  I0=45.000  V1=30.052 
2021-08-23 15:56:57.317：Mod_NextCtrlOn    1 Id=20160577 V0=27.850  I0=45.000  V1=30.088 
2021-08-23 15:56:57.573：Mod_GetIdVer      1 Id=20160593 Fuse=0x1 V0=27.900  I0=42.900  V1=30.167 
2021-08-23 15:56:57.685：Mod_NextCtrlOn    1 Id=20160593 V0=27.900  I0=42.900  V1=30.070 
2021-08-23 15:56:57.957：Mod_GetIdVer      1 Id=20160563 Fuse=0x1 V0=27.850  I0=45.600  V1=30.061 
2021-08-23 15:56:58.069：Mod_NextCtrlOn    1 Id=20160563 V0=27.850  I0=45.600  V1=30.052 
2021-08-23 15:56:58.325：Mod_GetIdVer      1 Id=20160568 Fuse=0x1 V0=27.850  I0=45.000  V1=30.052 
2021-08-23 15:56:58.436：Mod_NextCtrlOn    1 Id=20160568 V0=27.850  I0=45.000  V1=30.079 
2021-08-23 15:56:58.709：Mod_GetIdVer      1 Id=20160596 Fuse=0x1 V0=27.850  I0=46.800  V1=30.088 
2021-08-23 15:56:58.741：Dev_LEDCtrl       1 No=1 OnOff=0
2021-08-23 15:57:02.915：Dev_Reset         1
2021-08-23 16:04:42.933：Dev_Reset         1
2021-08-23 16:04:43.060：Dev_ModPower      1 OnOff=1
2021-08-23 16:04:44.308：Mod_GetIdVer      1 Id=20160566 Fuse=0x1 V0=27.300  I0=43.800  V1=30.025 
2021-08-23 16:04:44.420：Mod_NextCtrlOn    1 Id=20160566 V0=27.300  I0=43.800  V1=30.061 
2021-08-23 16:04:44.692：Mod_GetIdVer      1 Id=20160578 Fuse=0x1 V0=27.300  I0=44.400  V1=29.999 
2021-08-23 16:04:44.804：Mod_NextCtrlOn    1 Id=20160578 V0=27.300  I0=44.400  V1=30.025 
2021-08-23 16:04:45.060：Mod_GetIdVer      1 Id=20160599 Fuse=0x1 V0=27.550  I0=1.200   V1=30.008 
2021-08-23 16:04:45.172：Mod_NextCtrlOn    1 Id=20160599 V0=27.550  I0=1.200   V1=30.043 
2021-08-23 16:04:45.427：Mod_GetIdVer      1 Id=20160586 Fuse=0x1 V0=27.300  I0=42.900  V1=30.052 
2021-08-23 16:04:45.540：Mod_NextCtrlOn    1 Id=20160586 V0=27.300  I0=42.900  V1=30.034 
2021-08-23 16:04:45.795：Mod_GetIdVer      1 Id=20160550 Fuse=0x1 V0=27.300  I0=43.800  V1=30.070 
2021-08-23 16:04:45.908：Mod_NextCtrlOn    1 Id=20160550 V0=27.300  I0=43.800  V1=30.052 
2021-08-23 16:04:46.163：Mod_GetIdVer      1 Id=20160577 Fuse=0x1 V0=27.250  I0=44.700  V1=30.008 
2021-08-23 16:04:46.275：Mod_NextCtrlOn    1 Id=20160577 V0=27.250  I0=44.700  V1=30.034 
2021-08-23 16:04:46.547：Mod_GetIdVer      1 Id=20160593 Fuse=0x1 V0=27.200  I0=44.400  V1=30.017 
2021-08-23 16:04:46.659：Mod_NextCtrlOn    1 Id=20160593 V0=27.200  I0=44.400  V1=30.034 
2021-08-23 16:04:46.915：Mod_GetIdVer      1 Id=20160563 Fuse=0x1 V0=27.300  I0=40.200  V1=30.017 
2021-08-23 16:04:47.027：Mod_NextCtrlOn    1 Id=20160563 V0=27.300  I0=40.200  V1=30.025 
2021-08-23 16:04:47.283：Mod_GetIdVer      1 Id=20160568 Fuse=0x1 V0=27.250  I0=45.000  V1=30.017 
2021-08-23 16:04:47.395：Mod_NextCtrlOn    1 Id=20160568 V0=27.250  I0=45.000  V1=30.017 
2021-08-23 16:04:47.651：Mod_GetIdVer      1 Id=20160596 Fuse=0x1 V0=27.300  I0=44.700  V1=30.017 
2021-08-23 16:04:47.683：Dev_LEDCtrl       1 No=1 OnOff=0
2021-08-23 16:04:54.113：Dev_Reset         1
2021-08-23 16:06:50.182：Dev_Reset         1
2021-08-23 16:06:57.857：Dev_Reset         0
