2021-08-25 11:42:19.241：Dev_GetInfo       0 Id=0 Ver=0x0 Baudrate=0
2021-08-25 11:42:20.282：Dev_Reset         0
2021-08-25 11:42:20.804：Dev_GetInfo       0 Id=0 Ver=0x0 Baudrate=0
2021-08-25 11:42:21.347：Dev_Reset         0
2021-08-25 11:42:21.851：Dev_GetInfo       0 Id=0 Ver=0x0 Baudrate=0
2021-08-25 11:42:25.765：Dev_Reset         0
2021-08-25 11:42:26.476：Dev_GetInfo       0 Id=0 Ver=0x0 Baudrate=0
2021-08-25 11:42:26.920：Dev_Reset         0
2021-08-25 11:42:27.445：Dev_GetInfo       0 Id=0 Ver=0x0 Baudrate=0
2021-08-25 11:42:27.891：Dev_Reset         0
2021-08-25 11:42:28.507：Dev_GetInfo       0 Id=0 Ver=0x0 Baudrate=0
2021-08-25 11:42:29.007：Dev_Reset         0
2021-08-25 11:42:30.564：Dev_GetInfo       1 Id=201313 Ver=0x2C Baudrate=460800
2021-08-25 11:42:32.557：Dev_Reset         1
2021-08-25 11:42:36.264：Dev_Reset         1
2021-08-25 11:42:36.372：Dev_ModPower      1 OnOff=1
2021-08-25 11:42:37.607：Mod_GetIdVer      1 Id=20160573 Fuse=0x1 V0=28.200  I0=44.400  V1=30.052 
2021-08-25 11:42:37.731：Mod_NextCtrlOn    1 Id=20160573 V0=28.200  I0=44.400  V1=30.096 
2021-08-25 11:42:37.995：Mod_GetIdVer      1 Id=20160589 Fuse=0x1 V0=28.200  I0=42.300  V1=30.061 
2021-08-25 11:42:38.111：Mod_NextCtrlOn    1 Id=20160589 V0=28.200  I0=42.300  V1=30.088 
2021-08-25 11:42:38.320：Mod_GetIdVer      0 Id=20013907 Fuse=0x0 V0=28.400  I0=0.600   V1=30.096  接收超时 0
2021-08-25 11:42:38.627：Mod_GetIdVer      0 Id=20014206 Fuse=0x0 V0=28.450  I0=0.600   V1=30.105  接收超时 0 Retry 1
2021-08-25 11:42:38.928：Mod_GetIdVer      0 Id=20014501 Fuse=0x0 V0=28.400  I0=0.600   V1=30.070  接收超时 0 Retry 2
2021-08-25 11:42:39.215：Mod_GetIdVer      0 Id=20014823 Fuse=0x0 V0=28.400  I0=0.600   V1=30.070  接收超时 0 Retry 3
2021-08-25 11:42:39.506：Mod_GetIdVer      0 Id=20015100 Fuse=0x0 V0=28.450  I0=0.600   V1=30.096  接收超时 0 Retry 4
2021-08-25 11:42:39.808：Mod_GetIdVer      0 Id=20015376 Fuse=0x0 V0=28.450  I0=0.600   V1=30.114  接收超时 0 Retry 5
2021-08-25 11:42:40.115：Mod_GetIdVer      0 Id=20015694 Fuse=0x0 V0=28.400  I0=0.600   V1=30.096  接收超时 0 Retry 6
2021-08-25 11:42:40.416：Mod_GetIdVer      0 Id=20015988 Fuse=0x0 V0=28.450  I0=0.600   V1=30.088  接收超时 0 Retry 7
2021-08-25 11:42:40.702：Mod_GetIdVer      0 Id=20016301 Fuse=0x0 V0=28.400  I0=0.600   V1=30.088  接收超时 0 Retry 8
2021-08-25 11:42:41.003：Mod_GetIdVer      0 Id=20016597 Fuse=0x0 V0=28.400  I0=0.600   V1=30.025  接收超时 0 Retry 9
2021-08-25 11:42:41.305：Mod_GetIdVer      0 Id=20016876 Fuse=0x0 V0=28.400  I0=0.600   V1=30.061  接收超时 0 Retry 10
2021-08-25 11:42:41.307：Dev_LEDCtrl       1 No=1 OnOff=0
2021-08-25 11:42:42.563：Dev_Reset         1
2021-08-25 11:43:10.726：Dev_Reset         1
2021-08-25 11:43:11.797：Dev_Reset         1
2021-08-25 11:43:11.908：Dev_ModPower      1 OnOff=1
2021-08-25 11:43:13.140：Mod_GetIdVer      1 Id=20160573 Fuse=0x1 V0=28.000  I0=45.000  V1=30.088 
2021-08-25 11:43:13.251：Mod_NextCtrlOn    1 Id=20160573 V0=28.000  I0=45.000  V1=30.070 
2021-08-25 11:43:13.507：Mod_GetIdVer      1 Id=20160589 Fuse=0x1 V0=28.000  I0=45.300  V1=30.061 
2021-08-25 11:43:13.618：Mod_NextCtrlOn    1 Id=20160589 V0=28.000  I0=45.300  V1=30.061 
2021-08-25 11:43:13.843：Mod_GetIdVer      0 Id=20049133 Fuse=0x0 V0=28.250  I0=0.600   V1=30.088  接收超时 0
2021-08-25 11:43:14.130：Mod_GetIdVer      0 Id=20049422 Fuse=0x0 V0=28.250  I0=0.600   V1=30.079  接收超时 0 Retry 1
2021-08-25 11:43:14.418：Mod_GetIdVer      0 Id=20049709 Fuse=0x0 V0=28.200  I0=0.600   V1=30.096  接收超时 0 Retry 2
2021-08-25 11:43:14.707：Mod_GetIdVer      0 Id=20049997 Fuse=0x0 V0=28.250  I0=0.600   V1=30.105  接收超时 0 Retry 3
2021-08-25 11:43:14.994：Mod_GetIdVer      0 Id=20050285 Fuse=0x0 V0=28.200  I0=0.600   V1=30.132  接收超时 0 Retry 4
2021-08-25 11:43:15.282：Mod_GetIdVer      0 Id=20050574 Fuse=0x0 V0=28.250  I0=0.600   V1=30.070  接收超时 0 Retry 5
2021-08-25 11:43:15.569：Mod_GetIdVer      0 Id=20050861 Fuse=0x0 V0=28.250  I0=0.600   V1=30.061  接收超时 0 Retry 6
2021-08-25 11:43:15.858：Mod_GetIdVer      0 Id=20051148 Fuse=0x0 V0=28.200  I0=0.600   V1=30.096  接收超时 0 Retry 7
2021-08-25 11:43:16.145：Mod_GetIdVer      0 Id=20051436 Fuse=0x0 V0=28.250  I0=0.600   V1=30.114  接收超时 0 Retry 8
2021-08-25 11:43:16.433：Mod_GetIdVer      0 Id=20051724 Fuse=0x0 V0=28.250  I0=0.600   V1=30.079  接收超时 0 Retry 9
2021-08-25 11:43:16.721：Mod_GetIdVer      0 Id=20052012 Fuse=0x0 V0=28.250  I0=0.600   V1=30.061  接收超时 0 Retry 10
2021-08-25 11:43:16.753：Dev_LEDCtrl       1 No=1 OnOff=0
2021-08-25 11:43:23.164：Mod_DetonCtrl15s  1 Id=20160589 V0=27.950  I0=44.700  V1=30.061 
2021-08-25 11:43:23.196：Dev_KA1Ctrl       1 KA1=1
2021-08-25 11:43:24.187：Dev_KA23Ctrl      1 KA2=1 KA3=1
2021-08-25 11:43:24.220：Dev_KA4Ctrl       1 KA4=1
2021-08-25 11:43:24.252：Dev_LEDCtrl       1 No=2 OnOff=1
2021-08-25 11:43:26.938：Dev_ModPower      1 OnOff=0
2021-08-25 11:43:26.954：Dev_KA4Ctrl       1 KA4=0
2021-08-25 11:43:26.970：Dev_KA23Ctrl      1 KA2=0 KA3=0
2021-08-25 11:43:27.177：Dev_KA1Ctrl       1 KA1=0
2021-08-25 11:43:27.209：Dev_LEDCtrl       1 No=2 OnOff=0
2021-08-25 11:43:27.225：Dev_Reset         1
2021-08-25 11:43:27.336：Dev_ModPower      1 OnOff=1
2021-08-25 11:43:28.568：Mod_GetIdVer      1 Id=20160573 Fuse=0x1 V0=27.950  I0=46.200  V1=30.079 
2021-08-25 11:43:28.600：Dev_LEDCtrl       1 No=1 OnOff=0
2021-08-25 11:43:28.871：Mod_DetonCtrl15s  1 Id=20160573 V0=27.950  I0=45.000  V1=30.034 
2021-08-25 11:43:28.903：Dev_KA1Ctrl       1 KA1=1
2021-08-25 11:43:29.910：Dev_KA23Ctrl      1 KA2=1 KA3=1
2021-08-25 11:43:29.943：Dev_KA4Ctrl       1 KA4=1
2021-08-25 11:43:29.975：Dev_LEDCtrl       1 No=2 OnOff=1
2021-08-25 11:43:36.674：Dev_ModPower      1 OnOff=0
2021-08-25 11:43:36.706：Dev_KA4Ctrl       1 KA4=0
2021-08-25 11:43:36.738：Dev_KA23Ctrl      1 KA2=0 KA3=0
2021-08-25 11:43:36.945：Dev_KA1Ctrl       1 KA1=0
2021-08-25 11:43:36.977：Dev_LEDCtrl       1 No=2 OnOff=0
2021-08-25 11:43:45.627：Dev_Reset         1
2021-08-25 13:15:01.776：Dev_GetInfo       1 Id=201313 Ver=0x2C Baudrate=460800
2021-08-25 13:15:04.049：Dev_Reset         1
2021-08-25 13:15:04.980：Dev_Reset         1
2021-08-25 13:15:05.099：Dev_ModPower      1 OnOff=1
2021-08-25 13:15:06.342：Mod_GetIdVer      1 Id=20160573 Fuse=0x1 V0=28.350  I0=44.700  V1=30.096 
2021-08-25 13:15:06.464：Mod_NextCtrlOn    1 Id=20160573 V0=28.350  I0=44.700  V1=30.088 
2021-08-25 13:15:06.714：Mod_GetIdVer      1 Id=20160589 Fuse=0x1 V0=28.400  I0=45.900  V1=30.079 
2021-08-25 13:15:06.837：Mod_NextCtrlOn    1 Id=20160589 V0=28.400  I0=45.900  V1=30.079 
2021-08-25 13:15:07.055：Mod_GetIdVer      0 Id=20028185 Fuse=0x0 V0=28.600  I0=0.600   V1=30.194  接收超时 0
2021-08-25 13:15:07.355：Mod_GetIdVer      0 Id=20028490 Fuse=0x0 V0=28.600  I0=0.600   V1=30.070  接收超时 0 Retry 1
2021-08-25 13:15:07.641：Mod_GetIdVer      0 Id=20028786 Fuse=0x0 V0=28.650  I0=0.600   V1=30.132  接收超时 0 Retry 2
2021-08-25 13:15:07.928：Mod_GetIdVer      0 Id=20029057 Fuse=0x0 V0=28.600  I0=0.600   V1=30.079  接收超时 0 Retry 3
2021-08-25 13:15:08.214：Mod_GetIdVer      0 Id=20029363 Fuse=0x0 V0=28.650  I0=0.600   V1=30.096  接收超时 0 Retry 4
2021-08-25 13:15:08.516：Mod_GetIdVer      0 Id=20029633 Fuse=0x0 V0=28.600  I0=0.600   V1=30.105  接收超时 0 Retry 5
2021-08-25 13:15:08.818：Mod_GetIdVer      0 Id=20029942 Fuse=0x0 V0=28.600  I0=0.600   V1=30.114  接收超时 0 Retry 6
2021-08-25 13:15:09.119：Mod_GetIdVer      0 Id=20030244 Fuse=0x0 V0=28.600  I0=0.600   V1=30.088  接收超时 0 Retry 7
2021-08-25 13:15:09.406：Mod_GetIdVer      0 Id=20030556 Fuse=0x0 V0=28.600  I0=0.600   V1=30.105  接收超时 0 Retry 8
2021-08-25 13:15:09.707：Mod_GetIdVer      0 Id=20030835 Fuse=0x0 V0=28.650  I0=0.600   V1=30.096  接收超时 0 Retry 9
2021-08-25 13:15:10.018：Mod_GetIdVer      0 Id=20031137 Fuse=0x0 V0=28.600  I0=0.600   V1=30.105  接收超时 0 Retry 10
2021-08-25 13:15:10.035：Dev_LEDCtrl       1 No=1 OnOff=0
2021-08-25 13:38:44.362：Dev_Reset         1
2021-08-25 13:38:44.479：Dev_ModPower      1 OnOff=1
2021-08-25 13:38:45.733：Mod_GetIdVer      1 Id=20160573 Fuse=0x1 V0=27.950  I0=0.300   V1=30.061 
2021-08-25 13:38:45.838：Mod_NextCtrlOn    1 Id=20160573 V0=27.950  I0=0.300   V1=30.079 
2021-08-25 13:38:46.093：Mod_GetIdVer      1 Id=20160589 Fuse=0x1 V0=27.650  I0=42.300  V1=30.034 
2021-08-25 13:38:46.099：Dev_LEDCtrl       1 No=1 OnOff=0
2021-08-25 14:38:03.291：Dev_Reset         0
2021-08-25 14:38:03.417：Dev_ModPower      0 OnOff=1
2021-08-25 14:38:04.448：Mod_GetIdVer      0 Id=20000000 Fuse=0x0 V0=0.000   I0=0.000   V1=0.000  
2021-08-25 14:38:04.549：Mod_GetIdVer      0 Id=20000000 Fuse=0x0 V0=0.000   I0=0.000   V1=0.000   Retry 1
2021-08-25 14:38:04.650：Mod_GetIdVer      0 Id=20000000 Fuse=0x0 V0=0.000   I0=0.000   V1=0.000   Retry 2
2021-08-25 14:38:04.750：Mod_GetIdVer      0 Id=20000000 Fuse=0x0 V0=0.000   I0=0.000   V1=0.000   Retry 3
2021-08-25 14:38:04.851：Mod_GetIdVer      0 Id=20000000 Fuse=0x0 V0=0.000   I0=0.000   V1=0.000   Retry 4
2021-08-25 14:38:04.952：Mod_GetIdVer      0 Id=20000000 Fuse=0x0 V0=0.000   I0=0.000   V1=0.000   Retry 5
2021-08-25 14:38:05.053：Mod_GetIdVer      0 Id=20000000 Fuse=0x0 V0=0.000   I0=0.000   V1=0.000   Retry 6
2021-08-25 14:38:05.153：Mod_GetIdVer      0 Id=20000000 Fuse=0x0 V0=0.000   I0=0.000   V1=0.000   Retry 7
2021-08-25 14:38:05.254：Mod_GetIdVer      0 Id=20000000 Fuse=0x0 V0=0.000   I0=0.000   V1=0.000   Retry 8
2021-08-25 14:38:05.355：Mod_GetIdVer      0 Id=20000000 Fuse=0x0 V0=0.000   I0=0.000   V1=0.000   Retry 9
2021-08-25 14:38:05.456：Mod_GetIdVer      0 Id=20000000 Fuse=0x0 V0=0.000   I0=0.000   V1=0.000   Retry 10
2021-08-25 14:38:13.557：Dev_Reset         0
2021-08-25 14:38:16.145：Dev_Reset         0
2021-08-25 14:38:16.260：Dev_ModPower      0 OnOff=1
2021-08-25 14:38:17.292：Mod_GetIdVer      0 Id=20000000 Fuse=0x0 V0=0.000   I0=0.000   V1=0.000  
2021-08-25 14:38:17.393：Mod_GetIdVer      0 Id=20000000 Fuse=0x0 V0=0.000   I0=0.000   V1=0.000   Retry 1
2021-08-25 14:38:17.494：Mod_GetIdVer      0 Id=20000000 Fuse=0x0 V0=0.000   I0=0.000   V1=0.000   Retry 2
2021-08-25 14:38:17.594：Mod_GetIdVer      0 Id=20000000 Fuse=0x0 V0=0.000   I0=0.000   V1=0.000   Retry 3
2021-08-25 14:38:17.695：Mod_GetIdVer      0 Id=20000000 Fuse=0x0 V0=0.000   I0=0.000   V1=0.000   Retry 4
2021-08-25 14:38:17.796：Mod_GetIdVer      0 Id=20000000 Fuse=0x0 V0=0.000   I0=0.000   V1=0.000   Retry 5
2021-08-25 14:38:17.896：Mod_GetIdVer      0 Id=20000000 Fuse=0x0 V0=0.000   I0=0.000   V1=0.000   Retry 6
2021-08-25 14:38:17.997：Mod_GetIdVer      0 Id=20000000 Fuse=0x0 V0=0.000   I0=0.000   V1=0.000   Retry 7
2021-08-25 14:38:18.098：Mod_GetIdVer      0 Id=20000000 Fuse=0x0 V0=0.000   I0=0.000   V1=0.000   Retry 8
2021-08-25 14:38:18.199：Mod_GetIdVer      0 Id=20000000 Fuse=0x0 V0=0.000   I0=0.000   V1=0.000   Retry 9
2021-08-25 14:38:18.299：Mod_GetIdVer      0 Id=20000000 Fuse=0x0 V0=0.000   I0=0.000   V1=0.000   Retry 10
2021-08-25 14:38:22.125：Dev_Reset         0
2021-08-25 14:38:22.797：Dev_GetInfo       1 Id=201313 Ver=0x2C Baudrate=460800
2021-08-25 14:38:25.482：Dev_Reset         1
2021-08-25 14:38:26.705：Dev_Reset         1
2021-08-25 14:38:26.808：Dev_ModPower      1 OnOff=1
2021-08-25 14:38:28.060：Mod_GetIdVer      1 Id=20160573 Fuse=0x1 V0=28.150  I0=44.100  V1=30.070 
2021-08-25 14:38:28.167：Mod_NextCtrlOn    1 Id=20160573 V0=28.150  I0=44.100  V1=30.079 
2021-08-25 14:38:28.420：Mod_GetIdVer      1 Id=20160589 Fuse=0x1 V0=28.200  I0=42.900  V1=30.105 
2021-08-25 14:38:28.542：Mod_NextCtrlOn    1 Id=20160589 V0=28.200  I0=42.900  V1=30.088 
2021-08-25 14:38:28.775：Mod_GetIdVer      0 Id=20020856 Fuse=0x0 V0=28.450  I0=0.600   V1=30.061  接收超时 0
2021-08-25 14:38:29.079：Mod_GetIdVer      0 Id=20021164 Fuse=0x0 V0=28.450  I0=0.600   V1=30.061  接收超时 0 Retry 1
2021-08-25 14:38:29.380：Mod_GetIdVer      0 Id=20021475 Fuse=0x0 V0=28.450  I0=0.600   V1=30.141  接收超时 0 Retry 2
2021-08-25 14:38:29.682：Mod_GetIdVer      0 Id=20021772 Fuse=0x0 V0=28.400  I0=0.600   V1=30.070  接收超时 0 Retry 3
2021-08-25 14:38:29.983：Mod_GetIdVer      0 Id=20022074 Fuse=0x0 V0=28.450  I0=0.600   V1=30.132  接收超时 0 Retry 4
2021-08-25 14:38:30.284：Mod_GetIdVer      0 Id=20022384 Fuse=0x0 V0=28.400  I0=0.600   V1=30.079  接收超时 0 Retry 5
2021-08-25 14:38:30.585：Mod_GetIdVer      0 Id=20022686 Fuse=0x0 V0=28.450  I0=0.600   V1=30.070  接收超时 0 Retry 6
2021-08-25 14:38:30.871：Mod_GetIdVer      0 Id=20022979 Fuse=0x0 V0=28.450  I0=0.600   V1=30.017  接收超时 0 Retry 7
2021-08-25 14:38:31.173：Mod_GetIdVer      0 Id=20023271 Fuse=0x0 V0=28.400  I0=0.600   V1=30.096  接收超时 0 Retry 8
2021-08-25 14:38:31.460：Mod_GetIdVer      0 Id=20023573 Fuse=0x0 V0=28.450  I0=0.600   V1=30.070  接收超时 0 Retry 9
2021-08-25 14:38:31.761：Mod_GetIdVer      0 Id=20023858 Fuse=0x0 V0=28.450  I0=0.600   V1=30.158  接收超时 0 Retry 10
2021-08-25 14:38:31.763：Dev_LEDCtrl       1 No=1 OnOff=0
2021-08-25 14:38:39.826：Mod_DetonCtrl15s  0 Id=20160589 V0=28.350  I0=0.600   V1=30.079  接收超时 0
2021-08-25 14:38:40.053：Mod_NextCtrlOff   1 Id=20160573 V0=28.250  I0=31.500  V1=30.088 
2021-08-25 14:38:40.345：Mod_NextCtrlOn    1 Id=20160573 V0=28.400  I0=0.300   V1=30.105 
2021-08-25 14:38:40.772：Mod_DetonCtrl15s  1 Id=20160589 V0=28.400  I0=0.600   V1=30.105  Retry 1
2021-08-25 14:38:40.789：Dev_KA1Ctrl       1 KA1=1
2021-08-25 14:38:41.807：Dev_KA23Ctrl      1 KA2=1 KA3=1
2021-08-25 14:38:41.825：Dev_KA4Ctrl       1 KA4=1
2021-08-25 14:38:41.859：Dev_LEDCtrl       1 No=2 OnOff=1
2021-08-25 14:38:46.835：Dev_ModPower      1 OnOff=0
2021-08-25 14:38:46.852：Dev_KA4Ctrl       1 KA4=0
2021-08-25 14:38:46.853：Dev_KA23Ctrl      1 KA2=0 KA3=0
2021-08-25 14:38:47.070：Dev_KA1Ctrl       1 KA1=0
2021-08-25 14:38:47.071：Dev_LEDCtrl       1 No=2 OnOff=0
2021-08-25 14:38:47.072：Dev_Reset         1
2021-08-25 14:38:47.186：Dev_ModPower      1 OnOff=1
2021-08-25 14:38:48.421：Mod_GetIdVer      1 Id=20160573 Fuse=0x1 V0=28.100  I0=45.300  V1=30.079 
2021-08-25 14:38:48.443：Dev_LEDCtrl       1 No=1 OnOff=0
2021-08-25 14:38:49.595：Mod_DetonCtrl15s  1 Id=20160573 V0=28.200  I0=33.900  V1=30.096 
2021-08-25 14:38:49.612：Dev_KA1Ctrl       1 KA1=1
2021-08-25 14:38:50.607：Dev_KA23Ctrl      1 KA2=1 KA3=1
2021-08-25 14:38:50.608：Dev_KA4Ctrl       1 KA4=1
2021-08-25 14:38:50.609：Dev_LEDCtrl       1 No=2 OnOff=1
2021-08-25 14:38:53.050：Dev_ModPower      1 OnOff=0
2021-08-25 14:38:53.067：Dev_KA4Ctrl       1 KA4=0
2021-08-25 14:38:53.069：Dev_KA23Ctrl      1 KA2=0 KA3=0
2021-08-25 14:38:53.272：Dev_KA1Ctrl       1 KA1=0
2021-08-25 14:38:53.273：Dev_LEDCtrl       1 No=2 OnOff=0
2021-08-25 15:13:03.072：Dev_Reset         0
2021-08-25 15:13:11.604：Dev_Reset         0
2021-08-25 15:13:34.791：Dev_Reset         0
2021-08-25 15:13:36.431：Dev_Reset         0
2021-08-25 15:13:37.523：Dev_GetInfo       1 Id=201313 Ver=0x2C Baudrate=460800
2021-08-25 15:13:39.253：Dev_Reset         1
2021-08-25 15:13:47.285：Dev_Reset         1
2021-08-25 15:13:47.409：Dev_ModPower      1 OnOff=1
2021-08-25 15:13:48.638：Mod_GetIdVer      0 Id=20932654 Fuse=0x0 V0=27.950  I0=0.900   V1=30.043  接收超时 0
2021-08-25 15:13:48.924：Mod_GetIdVer      0 Id=20932961 Fuse=0x0 V0=27.900  I0=0.900   V1=30.043  接收超时 0 Retry 1
2021-08-25 15:13:49.233：Mod_GetIdVer      0 Id=20933248 Fuse=0x0 V0=27.900  I0=0.900   V1=30.043  接收超时 0 Retry 2
2021-08-25 15:13:49.519：Mod_GetIdVer      0 Id=20933543 Fuse=0x0 V0=27.950  I0=0.900   V1=30.070  接收超时 0 Retry 3
2021-08-25 15:13:49.805：Mod_GetIdVer      0 Id=20933842 Fuse=0x0 V0=27.900  I0=0.900   V1=30.061  接收超时 0 Retry 4
2021-08-25 15:13:50.091：Mod_GetIdVer      0 Id=20934134 Fuse=0x0 V0=27.900  I0=0.900   V1=30.061  接收超时 0 Retry 5
2021-08-25 15:13:50.379：Mod_GetIdVer      0 Id=20934425 Fuse=0x0 V0=27.950  I0=0.900   V1=30.025  接收超时 0 Retry 6
2021-08-25 15:13:50.680：Mod_GetIdVer      0 Id=20934705 Fuse=0x0 V0=27.950  I0=0.900   V1=30.070  接收超时 0 Retry 7
2021-08-25 15:13:50.987：Mod_GetIdVer      0 Id=20935003 Fuse=0x0 V0=27.950  I0=0.900   V1=30.017  接收超时 0 Retry 8
2021-08-25 15:13:51.294：Mod_GetIdVer      0 Id=20935310 Fuse=0x0 V0=27.950  I0=0.900   V1=30.052  接收超时 0 Retry 9
2021-08-25 15:13:51.580：Mod_GetIdVer      0 Id=20935625 Fuse=0x0 V0=27.900  I0=0.900   V1=30.043  接收超时 0 Retry 10
2021-08-25 15:15:36.678：Dev_Reset         1
2021-08-25 15:15:36.777：Dev_ModPower      1 OnOff=1
2021-08-25 15:15:38.038：Mod_GetIdVer      1 Id=20160302 Fuse=0x1 V0=27.600  I0=44.400  V1=30.025 
2021-08-25 15:15:38.071：Dev_LEDCtrl       1 No=1 OnOff=0
2021-08-25 15:15:43.518：Mod_DetonCtrl15s  1 Id=20160302 V0=27.750  I0=37.500  V1=30.061 
2021-08-25 15:15:43.547：Dev_KA1Ctrl       1 KA1=1
2021-08-25 15:15:44.543：Dev_KA23Ctrl      1 KA2=1 KA3=1
2021-08-25 15:15:44.545：Dev_KA4Ctrl       1 KA4=1
2021-08-25 15:15:44.547：Dev_LEDCtrl       1 No=2 OnOff=1
2021-08-25 15:15:50.068：Dev_ModPower      1 OnOff=0
2021-08-25 15:15:50.085：Dev_KA4Ctrl       1 KA4=0
2021-08-25 15:15:50.087：Dev_KA23Ctrl      1 KA2=0 KA3=0
2021-08-25 15:15:50.289：Dev_KA1Ctrl       1 KA1=0
2021-08-25 15:15:50.290：Dev_LEDCtrl       1 No=2 OnOff=0
2021-08-25 15:15:54.034：Dev_Reset         1
2021-08-25 15:15:55.250：Dev_Reset         1
2021-08-25 15:15:55.355：Dev_ModPower      1 OnOff=1
2021-08-25 15:15:56.608：Mod_GetIdVer      1 Id=20160302 Fuse=0x1 V0=27.600  I0=45.000  V1=30.008 
2021-08-25 15:15:56.617：Dev_LEDCtrl       1 No=1 OnOff=0
2021-08-25 15:16:00.976：Mod_DetonCtrl15s  1 Id=20160302 V0=27.650  I0=41.700  V1=30.017 
2021-08-25 15:16:00.998：Dev_KA1Ctrl       1 KA1=1
2021-08-25 15:16:01.996：Dev_KA23Ctrl      1 KA2=1 KA3=1
2021-08-25 15:16:01.996：Dev_KA4Ctrl       1 KA4=1
2021-08-25 15:16:01.998：Dev_LEDCtrl       1 No=2 OnOff=1
2021-08-25 15:16:16.773：Dev_ModPower      1 OnOff=0
2021-08-25 15:16:16.789：Dev_KA4Ctrl       1 KA4=0
2021-08-25 15:16:16.792：Dev_KA23Ctrl      1 KA2=0 KA3=0
2021-08-25 15:16:16.993：Dev_KA1Ctrl       1 KA1=0
2021-08-25 15:16:16.994：Dev_LEDCtrl       1 No=2 OnOff=0
2021-08-25 15:16:19.248：Dev_Reset         1
2021-08-25 15:16:20.580：Dev_Reset         1
2021-08-25 15:16:20.683：Dev_ModPower      1 OnOff=1
2021-08-25 15:16:21.919：Mod_GetIdVer      1 Id=20160302 Fuse=0x1 V0=27.650  I0=42.900  V1=29.999 
2021-08-25 15:16:21.926：Dev_LEDCtrl       1 No=1 OnOff=0
2021-08-25 15:16:24.855：Mod_DetonCtrl15s  1 Id=20160302 V0=27.650  I0=44.700  V1=30.017 
2021-08-25 15:16:24.867：Dev_KA1Ctrl       1 KA1=1
2021-08-25 15:16:25.871：Dev_KA23Ctrl      1 KA2=1 KA3=1
2021-08-25 15:16:25.889：Dev_KA4Ctrl       1 KA4=1
2021-08-25 15:16:25.890：Dev_LEDCtrl       1 No=2 OnOff=1
2021-08-25 15:16:41.026：Dev_ModPower      1 OnOff=0
2021-08-25 15:16:41.028：Dev_KA4Ctrl       1 KA4=0
2021-08-25 15:16:41.029：Dev_KA23Ctrl      1 KA2=0 KA3=0
2021-08-25 15:16:41.231：Dev_KA1Ctrl       1 KA1=0
2021-08-25 15:16:41.232：Dev_LEDCtrl       1 No=2 OnOff=0
2021-08-25 15:17:31.169：Dev_Reset         1
2021-08-25 15:19:00.962：Dev_Reset         1
2021-08-25 15:19:01.080：Dev_ModPower      1 OnOff=1
2021-08-25 15:19:02.325：Mod_GetIdVer      1 Id=20160302 Fuse=0x1 V0=27.650  I0=42.600  V1=30.043 
2021-08-25 15:19:02.334：Dev_LEDCtrl       1 No=1 OnOff=0
2021-08-25 15:19:05.014：Mod_DetonCtrl15s  1 Id=20160302 V0=27.600  I0=44.100  V1=30.034 
2021-08-25 15:19:05.018：Dev_KA1Ctrl       1 KA1=1
2021-08-25 15:19:06.013：Dev_KA23Ctrl      1 KA2=1 KA3=1
2021-08-25 15:19:06.014：Dev_KA4Ctrl       1 KA4=1
2021-08-25 15:19:06.015：Dev_LEDCtrl       1 No=2 OnOff=1
2021-08-25 15:19:14.862：Dev_ModPower      1 OnOff=0
2021-08-25 15:19:14.879：Dev_KA4Ctrl       1 KA4=0
2021-08-25 15:19:14.882：Dev_KA23Ctrl      1 KA2=0 KA3=0
2021-08-25 15:19:15.083：Dev_KA1Ctrl       1 KA1=0
2021-08-25 15:19:15.085：Dev_LEDCtrl       1 No=2 OnOff=0
2021-08-25 15:21:30.275：Dev_Reset         1
2021-08-25 15:21:31.595：Dev_Reset         1
2021-08-25 15:21:31.699：Dev_ModPower      1 OnOff=1
2021-08-25 15:21:32.936：Mod_GetIdVer      1 Id=20160302 Fuse=0x1 V0=27.850  I0=0.300   V1=30.043 
2021-08-25 15:21:32.958：Dev_LEDCtrl       1 No=1 OnOff=0
2021-08-25 15:21:35.246：Mod_DetonCtrl15s  1 Id=20160302 V0=27.600  I0=45.000  V1=30.043 
2021-08-25 15:21:35.264：Dev_KA1Ctrl       1 KA1=1
2021-08-25 15:21:36.261：Dev_KA23Ctrl      1 KA2=1 KA3=1
2021-08-25 15:21:36.263：Dev_KA4Ctrl       1 KA4=1
2021-08-25 15:21:36.265：Dev_LEDCtrl       1 No=2 OnOff=1
2021-08-25 15:21:43.897：Dev_ModPower      1 OnOff=0
2021-08-25 15:21:43.898：Dev_KA4Ctrl       1 KA4=0
2021-08-25 15:21:43.900：Dev_KA23Ctrl      1 KA2=0 KA3=0
2021-08-25 15:21:44.117：Dev_KA1Ctrl       1 KA1=0
2021-08-25 15:21:44.119：Dev_LEDCtrl       1 No=2 OnOff=0
2021-08-25 15:25:53.999：Dev_Reset         1
2021-08-25 15:26:00.029：Dev_Reset         1
2021-08-25 15:26:00.151：Dev_ModPower      1 OnOff=1
2021-08-25 15:26:01.389：Mod_GetIdVer      1 Id=20160302 Fuse=0x1 V0=27.650  I0=41.700  V1=30.043 
2021-08-25 15:26:01.496：Mod_NextCtrlOn    1 Id=20160302 V0=27.650  I0=41.700  V1=30.025 
2021-08-25 15:26:01.757：Mod_GetIdVer      1 Id=20160573 Fuse=0x1 V0=27.550  I0=45.000  V1=29.990 
2021-08-25 15:26:01.774：Dev_LEDCtrl       1 No=1 OnOff=0
2021-08-25 15:26:08.564：Mod_DetonCtrl15s  1 Id=20160573 V0=27.550  I0=44.400  V1=29.999 
2021-08-25 15:26:08.571：Dev_KA1Ctrl       1 KA1=1
2021-08-25 15:26:09.558：Dev_KA23Ctrl      1 KA2=1 KA3=1
2021-08-25 15:26:09.559：Dev_KA4Ctrl       1 KA4=1
2021-08-25 15:26:09.592：Dev_LEDCtrl       1 No=2 OnOff=1
2021-08-25 15:26:17.730：Dev_ModPower      1 OnOff=0
2021-08-25 15:26:17.731：Dev_KA4Ctrl       1 KA4=0
2021-08-25 15:26:17.732：Dev_KA23Ctrl      1 KA2=0 KA3=0
2021-08-25 15:26:17.934：Dev_KA1Ctrl       1 KA1=0
2021-08-25 15:26:17.936：Dev_LEDCtrl       1 No=2 OnOff=0
2021-08-25 15:26:17.937：Dev_Reset         1
2021-08-25 15:26:18.043：Dev_ModPower      1 OnOff=1
2021-08-25 15:26:19.281：Mod_GetIdVer      1 Id=20160302 Fuse=0x1 V0=27.600  I0=45.000  V1=30.061 
2021-08-25 15:26:19.304：Dev_LEDCtrl       1 No=1 OnOff=0
2021-08-25 15:26:24.293：Dev_Reset         1
2021-08-25 15:27:07.798：Dev_Reset         1
2021-08-25 15:27:07.917：Dev_ModPower      1 OnOff=1
2021-08-25 15:27:09.155：Mod_GetIdVer      1 Id=20160302 Fuse=0x1 V0=27.550  I0=42.900  V1=30.017 
2021-08-25 15:27:09.277：Mod_NextCtrlOn    1 Id=20160302 V0=27.550  I0=42.900  V1=29.999 
2021-08-25 15:27:09.529：Mod_GetIdVer      1 Id=20160573 Fuse=0x1 V0=27.550  I0=44.400  V1=30.052 
2021-08-25 15:27:09.561：Dev_LEDCtrl       1 No=1 OnOff=0
2021-08-25 15:27:15.099：Mod_DetonCtrl15s  1 Id=20160573 V0=27.650  I0=38.100  V1=30.017 
2021-08-25 15:27:15.107：Dev_KA1Ctrl       1 KA1=1
2021-08-25 15:27:16.105：Dev_KA23Ctrl      1 KA2=1 KA3=1
2021-08-25 15:27:16.123：Dev_KA4Ctrl       1 KA4=1
2021-08-25 15:27:16.141：Dev_LEDCtrl       1 No=2 OnOff=1
2021-08-25 15:27:26.274：Dev_ModPower      1 OnOff=0
2021-08-25 15:27:26.291：Dev_KA4Ctrl       1 KA4=0
2021-08-25 15:27:26.293：Dev_KA23Ctrl      1 KA2=0 KA3=0
2021-08-25 15:27:26.496：Dev_KA1Ctrl       1 KA1=0
2021-08-25 15:27:26.498：Dev_LEDCtrl       1 No=2 OnOff=0
2021-08-25 15:27:26.500：Dev_Reset         1
2021-08-25 15:27:26.604：Dev_ModPower      1 OnOff=1
2021-08-25 15:27:27.842：Mod_GetIdVer      1 Id=20160302 Fuse=0x1 V0=27.550  I0=44.700  V1=30.079 
2021-08-25 15:27:27.871：Dev_LEDCtrl       1 No=1 OnOff=0
2021-08-25 15:27:34.655：Dev_Reset         1
2021-08-25 15:27:55.149：Dev_Reset         1
2021-08-25 15:27:55.264：Dev_ModPower      1 OnOff=1
2021-08-25 15:27:56.498：Mod_GetIdVer      1 Id=20160302 Fuse=0x1 V0=27.550  I0=44.400  V1=30.034 
2021-08-25 15:27:56.605：Mod_NextCtrlOn    1 Id=20160302 V0=27.550  I0=44.400  V1=30.017 
2021-08-25 15:27:56.851：Mod_GetIdVer      1 Id=20160573 Fuse=0x1 V0=27.650  I0=45.300  V1=30.043 
2021-08-25 15:27:56.884：Dev_LEDCtrl       1 No=1 OnOff=0
2021-08-25 15:28:12.296：Mod_DetonCtrl15s  1 Id=20160573 V0=27.600  I0=42.600  V1=30.052 
2021-08-25 15:28:12.325：Dev_KA1Ctrl       1 KA1=1
2021-08-25 15:28:13.325：Dev_KA23Ctrl      1 KA2=1 KA3=1
2021-08-25 15:28:13.326：Dev_KA4Ctrl       1 KA4=1
2021-08-25 15:28:13.327：Dev_LEDCtrl       1 No=2 OnOff=1
2021-08-25 15:28:21.089：Dev_ModPower      1 OnOff=0
2021-08-25 15:28:21.090：Dev_KA4Ctrl       1 KA4=0
2021-08-25 15:28:21.091：Dev_KA23Ctrl      1 KA2=0 KA3=0
2021-08-25 15:28:21.293：Dev_KA1Ctrl       1 KA1=0
2021-08-25 15:28:21.295：Dev_LEDCtrl       1 No=2 OnOff=0
2021-08-25 15:28:21.297：Dev_Reset         1
2021-08-25 15:28:21.402：Dev_ModPower      1 OnOff=1
2021-08-25 15:28:22.639：Mod_GetIdVer      1 Id=20160302 Fuse=0x1 V0=27.600  I0=44.400  V1=30.008 
2021-08-25 15:28:22.672：Dev_LEDCtrl       1 No=1 OnOff=0
2021-08-25 15:28:31.278：Dev_Reset         1
2021-08-25 15:31:17.026：Dev_GetInfo       1 Id=201313 Ver=0x2C Baudrate=460800
2021-08-25 15:31:20.263：Dev_Reset         1
2021-08-25 15:31:33.983：Dev_Reset         1
2021-08-25 15:31:34.095：Dev_ModPower      1 OnOff=1
2021-08-25 15:31:35.341：Mod_GetIdVer      1 Id=20160302 Fuse=0x1 V0=27.600  I0=43.800  V1=30.034 
2021-08-25 15:31:35.464：Mod_NextCtrlOn    1 Id=20160302 V0=27.600  I0=43.800  V1=30.061 
2021-08-25 15:31:35.732：Mod_GetIdVer      1 Id=20160573 Fuse=0x1 V0=27.550  I0=45.600  V1=30.070 
2021-08-25 15:31:35.755：Dev_LEDCtrl       1 No=1 OnOff=0
2021-08-25 15:31:45.829：Mod_NextCtrlOff   1 Id=20160302 V0=27.600  I0=39.600  V1=30.052 
2021-08-25 15:31:49.908：Mod_DetonCtrl15s  1 Id=20160302 V0=27.600  I0=39.300  V1=30.070 
2021-08-25 15:31:49.941：Dev_KA1Ctrl       1 KA1=1
2021-08-25 15:31:50.933：Dev_KA23Ctrl      1 KA2=1 KA3=1
2021-08-25 15:31:50.935：Dev_KA4Ctrl       1 KA4=1
2021-08-25 15:31:50.935：Dev_LEDCtrl       1 No=2 OnOff=1
2021-08-25 15:31:52.856：WARN_VoltCurr     1 Code=32 V0=0.000   I0=0.000   V1=30.017 
2021-08-25 15:32:01.056：Dev_ModPower      1 OnOff=0
2021-08-25 15:32:01.057：Dev_KA4Ctrl       1 KA4=0
2021-08-25 15:32:01.058：Dev_KA23Ctrl      1 KA2=0 KA3=0
2021-08-25 15:32:01.260：Dev_KA1Ctrl       1 KA1=0
2021-08-25 15:32:01.261：Dev_LEDCtrl       1 No=2 OnOff=0
2021-08-25 15:32:04.583：Dev_Reset         1
2021-08-25 15:32:06.025：Dev_Reset         1
2021-08-25 15:32:06.152：Dev_ModPower      1 OnOff=1
2021-08-25 15:32:07.405：Mod_GetIdVer      1 Id=20160302 Fuse=0x1 V0=27.600  I0=42.300  V1=30.034 
2021-08-25 15:32:07.511：Mod_NextCtrlOn    1 Id=20160302 V0=27.600  I0=42.300  V1=30.052 
2021-08-25 15:32:07.763：Mod_GetIdVer      1 Id=20160573 Fuse=0x1 V0=27.550  I0=45.900  V1=30.052 
2021-08-25 15:32:07.786：Dev_LEDCtrl       1 No=1 OnOff=0
2021-08-25 15:32:11.116：Mod_NextCtrlOff   1 Id=20160302 V0=27.550  I0=44.400  V1=30.141 
2021-08-25 15:32:12.621：Mod_DetonCtrl15s  1 Id=20160302 V0=27.600  I0=43.200  V1=30.052 
2021-08-25 15:32:12.638：Dev_KA1Ctrl       1 KA1=1
2021-08-25 15:32:13.636：Dev_KA23Ctrl      1 KA2=1 KA3=1
2021-08-25 15:32:13.637：Dev_KA4Ctrl       1 KA4=1
2021-08-25 15:32:13.638：Dev_LEDCtrl       1 No=2 OnOff=1
2021-08-25 15:32:19.947：Dev_ModPower      1 OnOff=0
2021-08-25 15:32:19.949：Dev_KA4Ctrl       1 KA4=0
2021-08-25 15:32:19.950：Dev_KA23Ctrl      1 KA2=0 KA3=0
2021-08-25 15:32:20.153：Dev_KA1Ctrl       1 KA1=0
2021-08-25 15:32:20.154：Dev_LEDCtrl       1 No=2 OnOff=0
2021-08-25 15:33:07.201：Dev_Reset         1
2021-08-25 15:33:12.368：Dev_Reset         1
2021-08-25 15:33:12.512：Dev_ModPower      1 OnOff=1
2021-08-25 15:33:13.749：Mod_GetIdVer      1 Id=20160333 Fuse=0x1 V0=27.550  I0=44.100  V1=30.052 
2021-08-25 15:33:13.855：Mod_NextCtrlOn    1 Id=20160333 V0=27.550  I0=44.100  V1=30.052 
2021-08-25 15:33:14.092：Mod_GetIdVer      1 Id=20160346 Fuse=0x1 V0=27.550  I0=42.300  V1=30.079 
2021-08-25 15:33:14.198：Mod_NextCtrlOn    1 Id=20160346 V0=27.550  I0=42.300  V1=30.043 
2021-08-25 15:33:14.450：Mod_GetIdVer      1 Id=20160349 Fuse=0x1 V0=27.600  I0=42.300  V1=30.043 
2021-08-25 15:33:14.541：Mod_NextCtrlOn    1 Id=20160349 V0=27.600  I0=42.300  V1=30.034 
2021-08-25 15:33:14.826：Mod_GetIdVer      1 Id=20160315 Fuse=0x1 V0=27.550  I0=43.200  V1=30.025 
2021-08-25 15:33:14.948：Mod_NextCtrlOn    1 Id=20160315 V0=27.550  I0=43.200  V1=30.034 
2021-08-25 15:33:15.194：Mod_GetIdVer      1 Id=20160486 Fuse=0x1 V0=27.750  I0=2.700   V1=30.017 
2021-08-25 15:33:15.301：Mod_NextCtrlOn    1 Id=20160486 V0=27.750  I0=2.700   V1=30.025 
2021-08-25 15:33:15.565：Mod_GetIdVer      1 Id=20160342 Fuse=0x1 V0=27.500  I0=46.500  V1=30.043 
2021-08-25 15:33:15.672：Mod_NextCtrlOn    1 Id=20160342 V0=27.500  I0=46.500  V1=30.034 
2021-08-25 15:33:15.936：Mod_GetIdVer      1 Id=20160335 Fuse=0x1 V0=27.500  I0=46.800  V1=30.034 
2021-08-25 15:33:16.043：Mod_NextCtrlOn    1 Id=20160335 V0=27.500  I0=46.800  V1=30.052 
2021-08-25 15:33:16.305：Mod_GetIdVer      1 Id=20160324 Fuse=0x1 V0=27.750  I0=4.800   V1=30.061 
2021-08-25 15:33:16.412：Mod_NextCtrlOn    1 Id=20160324 V0=27.750  I0=4.800   V1=30.088 
2021-08-25 15:33:16.659：Mod_GetIdVer      1 Id=20160305 Fuse=0x1 V0=27.550  I0=45.600  V1=30.034 
2021-08-25 15:33:16.765：Mod_NextCtrlOn    1 Id=20160305 V0=27.550  I0=45.600  V1=29.990 
2021-08-25 15:33:17.030：Mod_GetIdVer      1 Id=20160325 Fuse=0x1 V0=27.500  I0=47.100  V1=30.043 
2021-08-25 15:33:17.048：Dev_LEDCtrl       1 No=1 OnOff=0
2021-08-25 15:34:25.819：Dev_Reset         1
2021-08-25 15:34:32.352：Dev_Reset         1
2021-08-25 15:34:32.480：Dev_ModPower      1 OnOff=1
2021-08-25 15:34:33.732：Mod_GetIdVer      1 Id=20160333 Fuse=0x1 V0=27.600  I0=42.900  V1=30.052 
2021-08-25 15:34:33.839：Mod_NextCtrlOn    1 Id=20160333 V0=27.600  I0=42.900  V1=30.043 
2021-08-25 15:34:34.104：Mod_GetIdVer      1 Id=20160346 Fuse=0x1 V0=27.550  I0=45.900  V1=30.061 
2021-08-25 15:34:34.195：Mod_NextCtrlOn    1 Id=20160346 V0=27.550  I0=45.900  V1=30.043 
2021-08-25 15:34:34.435：Mod_GetIdVer      1 Id=20160349 Fuse=0x1 V0=27.550  I0=45.000  V1=30.034 
2021-08-25 15:34:34.541：Mod_NextCtrlOn    1 Id=20160349 V0=27.550  I0=45.000  V1=30.034 
2021-08-25 15:34:34.795：Mod_GetIdVer      1 Id=20160315 Fuse=0x1 V0=27.550  I0=45.600  V1=30.034 
2021-08-25 15:34:34.918：Mod_NextCtrlOn    1 Id=20160315 V0=27.550  I0=45.600  V1=30.061 
2021-08-25 15:34:35.169：Mod_GetIdVer      1 Id=20160486 Fuse=0x1 V0=27.550  I0=46.500  V1=30.034 
2021-08-25 15:34:35.260：Mod_NextCtrlOn    1 Id=20160486 V0=27.550  I0=46.500  V1=30.052 
2021-08-25 15:34:35.528：Mod_GetIdVer      1 Id=20160342 Fuse=0x1 V0=27.550  I0=47.100  V1=30.043 
2021-08-25 15:34:35.620：Mod_NextCtrlOn    1 Id=20160342 V0=27.550  I0=47.100  V1=30.052 
2021-08-25 15:34:35.896：Mod_GetIdVer      1 Id=20160335 Fuse=0x1 V0=27.600  I0=46.800  V1=30.034 
2021-08-25 15:34:36.003：Mod_NextCtrlOn    1 Id=20160335 V0=27.600  I0=46.800  V1=30.034 
2021-08-25 15:34:36.264：Mod_GetIdVer      1 Id=20160324 Fuse=0x1 V0=27.500  I0=46.800  V1=30.034 
2021-08-25 15:34:36.371：Mod_NextCtrlOn    1 Id=20160324 V0=27.500  I0=46.800  V1=30.088 
2021-08-25 15:34:36.608：Mod_GetIdVer      1 Id=20160305 Fuse=0x1 V0=27.500  I0=46.800  V1=30.008 
2021-08-25 15:34:36.715：Mod_NextCtrlOn    1 Id=20160305 V0=27.500  I0=46.800  V1=30.061 
2021-08-25 15:34:36.992：Mod_GetIdVer      1 Id=20160325 Fuse=0x1 V0=27.550  I0=43.200  V1=30.043 
2021-08-25 15:34:37.083：Mod_NextCtrlOn    1 Id=20160325 V0=27.550  I0=43.200  V1=30.034 
2021-08-25 15:34:37.341：Mod_GetIdVer      1 Id=20160329 Fuse=0x1 V0=27.500  I0=47.100  V1=30.025 
2021-08-25 15:34:37.464：Mod_NextCtrlOn    1 Id=20160329 V0=27.500  I0=47.100  V1=30.043 
2021-08-25 15:34:37.718：Mod_GetIdVer      1 Id=20160341 Fuse=0x1 V0=27.500  I0=48.600  V1=30.043 
2021-08-25 15:34:37.840：Mod_NextCtrlOn    1 Id=20160341 V0=27.500  I0=48.600  V1=30.025 
2021-08-25 15:34:38.076：Mod_GetIdVer      1 Id=20160343 Fuse=0x1 V0=27.550  I0=45.000  V1=30.043 
2021-08-25 15:34:38.183：Mod_NextCtrlOn    1 Id=20160343 V0=27.550  I0=45.000  V1=30.096 
2021-08-25 15:34:38.436：Mod_GetIdVer      1 Id=20160311 Fuse=0x1 V0=27.500  I0=45.300  V1=30.034 
2021-08-25 15:34:38.543：Mod_NextCtrlOn    1 Id=20160311 V0=27.500  I0=45.300  V1=30.088 
2021-08-25 15:34:38.820：Mod_GetIdVer      1 Id=20160316 Fuse=0x1 V0=27.500  I0=48.900  V1=30.052 
2021-08-25 15:34:38.926：Mod_NextCtrlOn    1 Id=20160316 V0=27.500  I0=48.900  V1=30.070 
2021-08-25 15:34:39.191：Mod_GetIdVer      1 Id=20160314 Fuse=0x1 V0=27.750  I0=10.200  V1=30.043 
2021-08-25 15:34:39.283：Mod_NextCtrlOn    1 Id=20160314 V0=27.750  I0=10.200  V1=30.070 
2021-08-25 15:34:39.532：Mod_GetIdVer      1 Id=20160327 Fuse=0x1 V0=27.500  I0=48.000  V1=29.999 
2021-08-25 15:34:39.623：Mod_NextCtrlOn    1 Id=20160327 V0=27.500  I0=48.000  V1=30.043 
2021-08-25 15:34:39.912：Mod_GetIdVer      1 Id=20160336 Fuse=0x1 V0=27.500  I0=43.500  V1=30.079 
2021-08-25 15:34:40.003：Mod_NextCtrlOn    1 Id=20160336 V0=27.500  I0=43.500  V1=30.025 
2021-08-25 15:34:40.264：Mod_GetIdVer      1 Id=20160317 Fuse=0x1 V0=27.450  I0=51.300  V1=30.043 
2021-08-25 15:34:40.355：Mod_NextCtrlOn    1 Id=20160317 V0=27.450  I0=51.300  V1=30.052 
2021-08-25 15:34:40.608：Mod_GetIdVer      1 Id=20160307 Fuse=0x1 V0=27.450  I0=53.400  V1=30.043 
2021-08-25 15:34:40.641：Dev_LEDCtrl       1 No=1 OnOff=0
2021-08-25 15:41:03.800：Dev_Reset         1
2021-08-25 15:41:03.924：Dev_ModPower      1 OnOff=1
2021-08-25 15:41:05.232：Mod_GetIdVer      1 Id=20160333 Fuse=0x1 V0=27.600  I0=44.100  V1=30.079 
2021-08-25 15:41:05.339：Mod_NextCtrlOn    1 Id=20160333 V0=27.600  I0=44.100  V1=30.096 
2021-08-25 15:41:05.593：Mod_GetIdVer      1 Id=20160346 Fuse=0x1 V0=27.550  I0=44.100  V1=30.043 
2021-08-25 15:41:05.715：Mod_NextCtrlOn    1 Id=20160346 V0=27.550  I0=44.100  V1=30.070 
2021-08-25 15:41:05.968：Mod_GetIdVer      1 Id=20160349 Fuse=0x1 V0=27.550  I0=45.600  V1=30.034 
2021-08-25 15:41:06.059：Mod_NextCtrlOn    1 Id=20160349 V0=27.550  I0=45.600  V1=30.017 
2021-08-25 15:41:06.327：Mod_GetIdVer      1 Id=20160315 Fuse=0x1 V0=27.500  I0=46.200  V1=30.017 
2021-08-25 15:41:06.450：Mod_NextCtrlOn    1 Id=20160315 V0=27.500  I0=46.200  V1=30.025 
2021-08-25 15:41:07.943：Dev_Reset         1
2021-08-25 15:41:08.379：Mod_GetIdVer      0 Id=22572500 Fuse=0x0 V0=0.000   I0=0.000   V1=30.061  接收超时 0
2021-08-25 15:41:08.686：Mod_GetIdVer      0 Id=22572807 Fuse=0x0 V0=0.000   I0=0.000   V1=30.061  接收超时 0 Retry 1
2021-08-25 15:41:08.988：Mod_GetIdVer      0 Id=22573114 Fuse=0x0 V0=0.000   I0=0.000   V1=29.955  接收超时 0 Retry 2
2021-08-25 15:41:09.274：Mod_GetIdVer      0 Id=22573416 Fuse=0x0 V0=0.000   I0=0.000   V1=30.025  接收超时 0 Retry 3
2021-08-25 15:41:09.591：Mod_GetIdVer      0 Id=22573712 Fuse=0x0 V0=0.000   I0=0.000   V1=30.043  接收超时 0 Retry 4
2021-08-25 15:41:09.877：Mod_GetIdVer      0 Id=22574028 Fuse=0x0 V0=0.000   I0=0.000   V1=30.061  接收超时 0 Retry 5
2021-08-25 15:41:10.179：Mod_GetIdVer      0 Id=22574315 Fuse=0x0 V0=0.000   I0=0.000   V1=30.052  接收超时 0 Retry 6
2021-08-25 15:41:10.474：Mod_GetIdVer      0 Id=22574610 Fuse=0x0 V0=0.000   I0=0.000   V1=30.008  接收超时 0 Retry 7
2021-08-25 15:41:10.759：Mod_GetIdVer      0 Id=22574910 Fuse=0x0 V0=0.000   I0=0.000   V1=30.096  接收超时 0 Retry 8
2021-08-25 15:41:11.046：Mod_GetIdVer      0 Id=22575191 Fuse=0x0 V0=0.000   I0=0.000   V1=30.017  接收超时 0 Retry 9
2021-08-25 15:41:11.332：Mod_GetIdVer      0 Id=22575483 Fuse=0x0 V0=0.000   I0=0.000   V1=29.999  接收超时 0 Retry 10
2021-08-25 15:41:15.612：Dev_Reset         1
2021-08-25 15:41:24.028：Dev_Reset         1
2021-08-25 15:41:24.136：Dev_ModPower      1 OnOff=1
2021-08-25 15:41:25.373：Mod_GetIdVer      1 Id=20160333 Fuse=0x1 V0=27.550  I0=44.400  V1=30.034 
2021-08-25 15:41:25.464：Mod_NextCtrlOn    1 Id=20160333 V0=27.550  I0=44.400  V1=30.052 
2021-08-25 15:41:25.702：Mod_GetIdVer      1 Id=20160346 Fuse=0x1 V0=27.850  I0=0.600   V1=30.088 
2021-08-25 15:41:25.793：Mod_NextCtrlOn    1 Id=20160346 V0=27.850  I0=0.600   V1=29.990 
2021-08-25 15:41:26.044：Mod_GetIdVer      1 Id=20160349 Fuse=0x1 V0=27.550  I0=45.600  V1=30.034 
2021-08-25 15:41:26.150：Mod_NextCtrlOn    1 Id=20160349 V0=27.550  I0=45.600  V1=29.999 
2021-08-25 15:41:26.405：Mod_GetIdVer      1 Id=20160315 Fuse=0x1 V0=27.550  I0=45.000  V1=30.025 
2021-08-25 15:41:26.511：Mod_NextCtrlOn    1 Id=20160315 V0=27.550  I0=45.000  V1=30.008 
2021-08-25 15:41:26.762：Mod_GetIdVer      1 Id=20160486 Fuse=0x1 V0=27.550  I0=46.200  V1=30.052 
2021-08-25 15:41:26.852：Mod_NextCtrlOn    1 Id=20160486 V0=27.550  I0=46.200  V1=30.043 
2021-08-25 15:41:27.093：Mod_GetIdVer      1 Id=20160342 Fuse=0x1 V0=27.550  I0=46.200  V1=30.034 
2021-08-25 15:41:27.200：Mod_NextCtrlOn    1 Id=20160342 V0=27.550  I0=46.200  V1=30.052 
2021-08-25 15:41:27.482：Mod_GetIdVer      1 Id=20160335 Fuse=0x1 V0=27.500  I0=46.800  V1=30.070 
2021-08-25 15:41:27.588：Mod_NextCtrlOn    1 Id=20160335 V0=27.500  I0=46.800  V1=30.096 
2021-08-25 15:41:27.827：Mod_GetIdVer      1 Id=20160324 Fuse=0x1 V0=27.500  I0=47.100  V1=30.017 
2021-08-25 15:41:27.933：Mod_NextCtrlOn    1 Id=20160324 V0=27.500  I0=47.100  V1=30.043 
2021-08-25 15:41:28.201：Mod_GetIdVer      1 Id=20160305 Fuse=0x1 V0=27.550  I0=47.700  V1=30.043 
2021-08-25 15:41:28.307：Mod_NextCtrlOn    1 Id=20160305 V0=27.550  I0=47.700  V1=30.088 
2021-08-25 15:41:28.575：Mod_GetIdVer      1 Id=20160325 Fuse=0x1 V0=27.550  I0=46.800  V1=30.017 
2021-08-25 15:41:28.682：Mod_NextCtrlOn    1 Id=20160325 V0=27.550  I0=46.800  V1=30.025 
2021-08-25 15:41:28.932：Mod_GetIdVer      1 Id=20160329 Fuse=0x1 V0=27.500  I0=46.200  V1=30.052 
2021-08-25 15:41:29.055：Mod_NextCtrlOn    1 Id=20160329 V0=27.500  I0=46.200  V1=30.034 
2021-08-25 15:41:29.305：Mod_GetIdVer      1 Id=20160341 Fuse=0x1 V0=27.450  I0=48.900  V1=30.034 
2021-08-25 15:41:29.411：Mod_NextCtrlOn    1 Id=20160341 V0=27.450  I0=48.900  V1=30.034 
2021-08-25 15:41:29.676：Mod_GetIdVer      1 Id=20160343 Fuse=0x1 V0=27.500  I0=45.300  V1=30.017 
2021-08-25 15:41:29.768：Mod_NextCtrlOn    1 Id=20160343 V0=27.500  I0=45.300  V1=30.025 
2021-08-25 15:41:30.033：Mod_GetIdVer      1 Id=20160311 Fuse=0x1 V0=27.500  I0=46.500  V1=30.034 
2021-08-25 15:41:30.139：Mod_NextCtrlOn    1 Id=20160311 V0=27.500  I0=46.500  V1=30.034 
2021-08-25 15:41:30.388：Mod_GetIdVer      1 Id=20160316 Fuse=0x1 V0=27.500  I0=49.800  V1=30.061 
2021-08-25 15:41:30.510：Mod_NextCtrlOn    1 Id=20160316 V0=27.500  I0=49.800  V1=30.034 
2021-08-25 15:41:30.764：Mod_GetIdVer      1 Id=20160314 Fuse=0x1 V0=27.500  I0=49.800  V1=30.043 
2021-08-25 15:41:30.855：Mod_NextCtrlOn    1 Id=20160314 V0=27.500  I0=49.800  V1=30.043 
2021-08-25 15:41:31.093：Mod_GetIdVer      1 Id=20160327 Fuse=0x1 V0=27.500  I0=50.100  V1=30.088 
2021-08-25 15:41:31.199：Mod_NextCtrlOn    1 Id=20160327 V0=27.500  I0=50.100  V1=29.990 
2021-08-25 15:41:31.492：Mod_GetIdVer      1 Id=20160336 Fuse=0x1 V0=27.500  I0=48.600  V1=30.025 
2021-08-25 15:41:31.598：Mod_NextCtrlOn    1 Id=20160336 V0=27.500  I0=48.600  V1=30.070 
2021-08-25 15:41:31.858：Mod_GetIdVer      1 Id=20160317 Fuse=0x1 V0=27.450  I0=50.700  V1=30.025 
2021-08-25 15:41:31.964：Mod_NextCtrlOn    1 Id=20160317 V0=27.450  I0=50.700  V1=30.025 
2021-08-25 15:41:32.233：Mod_GetIdVer      1 Id=20160307 Fuse=0x1 V0=27.500  I0=51.900  V1=30.034 
2021-08-25 15:41:32.355：Mod_NextCtrlOn    1 Id=20160307 V0=27.500  I0=51.900  V1=30.061 
2021-08-25 15:41:32.608：Mod_GetIdVer      1 Id=20160328 Fuse=0x1 V0=27.500  I0=50.100  V1=30.052 
2021-08-25 15:41:32.714：Mod_NextCtrlOn    1 Id=20160328 V0=27.500  I0=50.100  V1=30.034 
2021-08-25 15:41:32.982：Mod_GetIdVer      1 Id=20160323 Fuse=0x1 V0=27.450  I0=51.300  V1=30.034 
2021-08-25 15:41:33.073：Mod_NextCtrlOn    1 Id=20160323 V0=27.450  I0=51.300  V1=30.008 
2021-08-25 15:41:33.326：Mod_GetIdVer      1 Id=20160322 Fuse=0x1 V0=27.400  I0=53.400  V1=30.034 
2021-08-25 15:41:33.432：Mod_NextCtrlOn    1 Id=20160322 V0=27.400  I0=53.400  V1=30.070 
2021-08-25 15:41:33.685：Mod_GetIdVer      1 Id=20160326 Fuse=0x1 V0=27.500  I0=43.500  V1=30.034 
2021-08-25 15:41:33.792：Mod_NextCtrlOn    1 Id=20160326 V0=27.500  I0=43.500  V1=30.052 
2021-08-25 15:41:34.045：Mod_GetIdVer      1 Id=20160339 Fuse=0x1 V0=27.400  I0=54.000  V1=30.008 
2021-08-25 15:41:34.151：Mod_NextCtrlOn    1 Id=20160339 V0=27.400  I0=54.000  V1=30.017 
2021-08-25 15:41:34.420：Mod_GetIdVer      1 Id=20160312 Fuse=0x1 V0=27.450  I0=54.900  V1=30.025 
2021-08-25 15:41:34.525：Mod_NextCtrlOn    1 Id=20160312 V0=27.450  I0=54.900  V1=30.025 
2021-08-25 15:41:34.784：Mod_GetIdVer      1 Id=20160304 Fuse=0x1 V0=27.450  I0=55.200  V1=30.052 
2021-08-25 15:41:34.875：Mod_NextCtrlOn    1 Id=20160304 V0=27.450  I0=55.200  V1=30.034 
2021-08-25 15:41:35.154：Mod_GetIdVer      1 Id=20160345 Fuse=0x1 V0=27.400  I0=55.500  V1=30.052 
2021-08-25 15:41:35.245：Mod_NextCtrlOn    1 Id=20160345 V0=27.400  I0=55.500  V1=30.052 
2021-08-25 15:41:35.514：Mod_GetIdVer      1 Id=20160301 Fuse=0x1 V0=27.400  I0=57.900  V1=30.025 
2021-08-25 15:41:35.620：Mod_NextCtrlOn    1 Id=20160301 V0=27.400  I0=57.900  V1=30.034 
2021-08-25 15:41:35.889：Mod_GetIdVer      1 Id=20160318 Fuse=0x1 V0=27.400  I0=57.000  V1=29.963 
2021-08-25 15:41:35.906：Dev_LEDCtrl       1 No=1 OnOff=0
2021-08-25 15:42:39.658：Dev_Reset         1
2021-08-25 15:42:45.478：Dev_Reset         1
2021-08-25 15:42:45.590：Dev_ModPower      1 OnOff=1
2021-08-25 15:42:46.842：Mod_GetIdVer      1 Id=20160333 Fuse=0x1 V0=27.550  I0=43.500  V1=30.025 
2021-08-25 15:42:46.948：Mod_NextCtrlOn    1 Id=20160333 V0=27.550  I0=43.500  V1=30.034 
2021-08-25 15:42:47.212：Mod_GetIdVer      1 Id=20160346 Fuse=0x1 V0=27.550  I0=43.800  V1=30.034 
2021-08-25 15:42:47.317：Mod_NextCtrlOn    1 Id=20160346 V0=27.550  I0=43.800  V1=30.052 
2021-08-25 15:42:47.562：Mod_GetIdVer      1 Id=20160349 Fuse=0x1 V0=27.550  I0=44.700  V1=30.061 
2021-08-25 15:42:47.684：Mod_NextCtrlOn    1 Id=20160349 V0=27.550  I0=44.700  V1=30.017 
2021-08-25 15:42:47.946：Mod_GetIdVer      1 Id=20160315 Fuse=0x1 V0=27.800  I0=1.800   V1=30.017 
2021-08-25 15:42:48.053：Mod_NextCtrlOn    1 Id=20160315 V0=27.800  I0=1.800   V1=30.034 
2021-08-25 15:42:48.311：Mod_GetIdVer      1 Id=20160486 Fuse=0x1 V0=27.600  I0=44.700  V1=30.034 
2021-08-25 15:42:48.402：Mod_NextCtrlOn    1 Id=20160486 V0=27.600  I0=44.700  V1=30.088 
2021-08-25 15:42:48.638：Mod_GetIdVer      1 Id=20160342 Fuse=0x1 V0=27.550  I0=46.200  V1=30.034 
2021-08-25 15:42:48.729：Mod_NextCtrlOn    1 Id=20160342 V0=27.550  I0=46.200  V1=30.034 
2021-08-25 15:42:48.967：Mod_GetIdVer      1 Id=20160335 Fuse=0x1 V0=27.550  I0=43.200  V1=30.034 
2021-08-25 15:42:49.058：Mod_NextCtrlOn    1 Id=20160335 V0=27.550  I0=43.200  V1=30.043 
2021-08-25 15:42:49.311：Mod_GetIdVer      1 Id=20160324 Fuse=0x1 V0=27.550  I0=45.000  V1=30.034 
2021-08-25 15:42:49.403：Mod_NextCtrlOn    1 Id=20160324 V0=27.550  I0=45.000  V1=30.025 
2021-08-25 15:42:49.665：Mod_GetIdVer      1 Id=20160305 Fuse=0x1 V0=27.500  I0=46.200  V1=30.017 
2021-08-25 15:42:49.771：Mod_NextCtrlOn    1 Id=20160305 V0=27.500  I0=46.200  V1=30.025 
2021-08-25 15:42:50.013：Mod_GetIdVer      1 Id=20160325 Fuse=0x1 V0=27.500  I0=46.200  V1=30.034 
2021-08-25 15:42:50.104：Mod_NextCtrlOn    1 Id=20160325 V0=27.500  I0=46.200  V1=30.025 
2021-08-25 15:42:50.357：Mod_GetIdVer      1 Id=20160329 Fuse=0x1 V0=27.500  I0=49.800  V1=30.017 
2021-08-25 15:42:50.479：Mod_NextCtrlOn    1 Id=20160329 V0=27.500  I0=49.800  V1=30.052 
2021-08-25 15:42:50.733：Mod_GetIdVer      1 Id=20160341 Fuse=0x1 V0=27.500  I0=48.900  V1=30.034 
2021-08-25 15:42:50.824：Mod_NextCtrlOn    1 Id=20160341 V0=27.500  I0=48.900  V1=30.079 
2021-08-25 15:42:51.076：Mod_GetIdVer      1 Id=20160343 Fuse=0x1 V0=27.450  I0=48.600  V1=30.096 
2021-08-25 15:42:51.167：Mod_NextCtrlOn    1 Id=20160343 V0=27.450  I0=48.600  V1=30.088 
2021-08-25 15:42:51.429：Mod_GetIdVer      1 Id=20160311 Fuse=0x1 V0=27.500  I0=48.900  V1=30.034 
2021-08-25 15:42:51.536：Mod_NextCtrlOn    1 Id=20160311 V0=27.500  I0=48.900  V1=30.061 
2021-08-25 15:42:51.801：Mod_GetIdVer      1 Id=20160316 Fuse=0x1 V0=27.500  I0=49.800  V1=29.981 
2021-08-25 15:42:51.907：Mod_NextCtrlOn    1 Id=20160316 V0=27.500  I0=49.800  V1=30.034 
2021-08-25 15:42:52.184：Mod_GetIdVer      1 Id=20160314 Fuse=0x1 V0=27.600  I0=43.200  V1=30.043 
2021-08-25 15:42:52.306：Mod_NextCtrlOn    1 Id=20160314 V0=27.600  I0=43.200  V1=30.034 
2021-08-25 15:42:52.575：Mod_GetIdVer      1 Id=20160327 Fuse=0x1 V0=27.450  I0=49.500  V1=30.043 
2021-08-25 15:42:52.666：Mod_NextCtrlOn    1 Id=20160327 V0=27.450  I0=49.500  V1=30.034 
2021-08-25 15:42:52.952：Mod_GetIdVer      1 Id=20160336 Fuse=0x1 V0=27.450  I0=51.300  V1=30.017 
2021-08-25 15:42:53.058：Mod_NextCtrlOn    1 Id=20160336 V0=27.450  I0=51.300  V1=30.034 
2021-08-25 15:42:53.311：Mod_GetIdVer      1 Id=20160317 Fuse=0x1 V0=27.450  I0=53.400  V1=30.088 
2021-08-25 15:42:53.402：Mod_NextCtrlOn    1 Id=20160317 V0=27.450  I0=53.400  V1=30.025 
2021-08-25 15:42:53.676：Mod_GetIdVer      1 Id=20160307 Fuse=0x1 V0=27.500  I0=51.300  V1=30.052 
2021-08-25 15:42:53.782：Mod_NextCtrlOn    1 Id=20160307 V0=27.500  I0=51.300  V1=30.043 
2021-08-25 15:42:54.044：Mod_GetIdVer      1 Id=20160328 Fuse=0x1 V0=27.450  I0=50.100  V1=30.025 
2021-08-25 15:42:54.166：Mod_NextCtrlOn    1 Id=20160328 V0=27.450  I0=50.100  V1=30.034 
2021-08-25 15:42:54.428：Mod_GetIdVer      1 Id=20160323 Fuse=0x1 V0=27.450  I0=51.600  V1=30.052 
2021-08-25 15:42:54.519：Mod_NextCtrlOn    1 Id=20160323 V0=27.450  I0=51.600  V1=30.043 
2021-08-25 15:42:54.783：Mod_GetIdVer      1 Id=20160322 Fuse=0x1 V0=27.500  I0=44.700  V1=30.034 
2021-08-25 15:42:54.889：Mod_NextCtrlOn    1 Id=20160322 V0=27.500  I0=44.700  V1=30.034 
2021-08-25 15:42:55.155：Mod_GetIdVer      1 Id=20160326 Fuse=0x1 V0=27.450  I0=54.000  V1=30.025 
2021-08-25 15:42:55.275：Mod_NextCtrlOn    1 Id=20160326 V0=27.450  I0=54.000  V1=30.034 
2021-08-25 15:42:55.537：Mod_GetIdVer      1 Id=20160339 Fuse=0x1 V0=27.450  I0=52.800  V1=30.043 
2021-08-25 15:42:55.628：Mod_NextCtrlOn    1 Id=20160339 V0=27.450  I0=52.800  V1=30.043 
2021-08-25 15:42:55.890：Mod_GetIdVer      1 Id=20160312 Fuse=0x1 V0=27.400  I0=55.500  V1=30.017 
2021-08-25 15:42:55.981：Mod_NextCtrlOn    1 Id=20160312 V0=27.400  I0=55.500  V1=30.017 
2021-08-25 15:42:56.249：Mod_GetIdVer      1 Id=20160304 Fuse=0x1 V0=27.450  I0=54.300  V1=30.034 
2021-08-25 15:42:56.355：Mod_NextCtrlOn    1 Id=20160304 V0=27.450  I0=54.300  V1=30.034 
2021-08-25 15:42:56.632：Mod_GetIdVer      1 Id=20160345 Fuse=0x1 V0=27.400  I0=55.200  V1=30.043 
2021-08-25 15:42:56.739：Mod_NextCtrlOn    1 Id=20160345 V0=27.400  I0=55.200  V1=30.034 
2021-08-25 15:42:57.013：Mod_GetIdVer      1 Id=20160301 Fuse=0x1 V0=27.400  I0=56.100  V1=30.034 
2021-08-25 15:42:57.119：Mod_NextCtrlOn    1 Id=20160301 V0=27.400  I0=56.100  V1=30.043 
2021-08-25 15:42:57.388：Mod_GetIdVer      1 Id=20160318 Fuse=0x1 V0=27.400  I0=56.400  V1=30.025 
2021-08-25 15:42:57.480：Mod_NextCtrlOn    1 Id=20160318 V0=27.400  I0=56.400  V1=30.034 
2021-08-25 15:42:57.750：Mod_GetIdVer      1 Id=20160338 Fuse=0x1 V0=27.400  I0=56.700  V1=30.008 
2021-08-25 15:42:57.857：Mod_NextCtrlOn    1 Id=20160338 V0=27.400  I0=56.700  V1=30.025 
2021-08-25 15:42:58.122：Mod_GetIdVer      1 Id=20160313 Fuse=0x1 V0=27.500  I0=57.300  V1=30.052 
2021-08-25 15:42:58.245：Mod_NextCtrlOn    1 Id=20160313 V0=27.500  I0=57.300  V1=30.025 
2021-08-25 15:42:58.514：Mod_GetIdVer      1 Id=20160300 Fuse=0x1 V0=27.350  I0=57.900  V1=30.025 
2021-08-25 15:42:58.620：Mod_NextCtrlOn    1 Id=20160300 V0=27.350  I0=57.900  V1=30.034 
2021-08-25 15:42:58.920：Mod_GetIdVer      1 Id=20160320 Fuse=0x1 V0=27.400  I0=58.200  V1=30.025 
2021-08-25 15:42:59.026：Mod_NextCtrlOn    1 Id=20160320 V0=27.400  I0=58.200  V1=30.017 
2021-08-25 15:42:59.280：Mod_GetIdVer      1 Id=20160334 Fuse=0x1 V0=27.400  I0=58.200  V1=30.025 
2021-08-25 15:42:59.370：Mod_NextCtrlOn    1 Id=20160334 V0=27.400  I0=58.200  V1=30.034 
2021-08-25 15:42:59.647：Mod_GetIdVer      1 Id=20160331 Fuse=0x1 V0=27.400  I0=58.800  V1=29.999 
2021-08-25 15:42:59.770：Mod_NextCtrlOn    1 Id=20160331 V0=27.400  I0=58.800  V1=30.025 
2021-08-25 15:43:00.031：Mod_GetIdVer      1 Id=20160337 Fuse=0x1 V0=27.350  I0=60.300  V1=30.034 
2021-08-25 15:43:00.138：Mod_NextCtrlOn    1 Id=20160337 V0=27.350  I0=60.300  V1=30.025 
2021-08-25 15:43:00.414：Mod_GetIdVer      1 Id=20160303 Fuse=0x1 V0=27.350  I0=60.900  V1=30.017 
2021-08-25 15:43:00.521：Mod_NextCtrlOn    1 Id=20160303 V0=27.350  I0=60.900  V1=30.043 
2021-08-25 15:43:00.810：Mod_GetIdVer      1 Id=20160347 Fuse=0x1 V0=27.350  I0=60.300  V1=30.008 
2021-08-25 15:43:00.917：Mod_NextCtrlOn    1 Id=20160347 V0=27.350  I0=60.300  V1=30.096 
2021-08-25 15:43:01.163：Mod_GetIdVer      0 Id=22685289 Fuse=0x0 V0=27.600  I0=27.300  V1=30.034  接收超时 0
2021-08-25 15:43:01.465：Mod_GetIdVer      0 Id=22685603 Fuse=0x0 V0=27.600  I0=27.300  V1=30.017  接收超时 0 Retry 1
2021-08-25 15:43:01.766：Mod_GetIdVer      0 Id=22685910 Fuse=0x0 V0=27.600  I0=27.300  V1=30.043  接收超时 0 Retry 2
2021-08-25 15:43:02.068：Mod_GetIdVer      0 Id=22686187 Fuse=0x0 V0=27.600  I0=27.300  V1=30.025  接收超时 0 Retry 3
2021-08-25 15:43:02.370：Mod_GetIdVer      0 Id=22686503 Fuse=0x0 V0=27.600  I0=27.300  V1=30.052  接收超时 0 Retry 4
2021-08-25 15:43:02.672：Mod_GetIdVer      0 Id=22686807 Fuse=0x0 V0=27.600  I0=27.300  V1=30.025  接收超时 0 Retry 5
2021-08-25 15:43:02.959：Mod_GetIdVer      0 Id=22687109 Fuse=0x0 V0=27.600  I0=27.300  V1=30.043  接收超时 0 Retry 6
2021-08-25 15:43:03.245：Mod_GetIdVer      0 Id=22687382 Fuse=0x0 V0=27.550  I0=27.300  V1=30.034  接收超时 0 Retry 7
2021-08-25 15:43:03.546：Mod_GetIdVer      0 Id=22687689 Fuse=0x0 V0=27.600  I0=27.300  V1=30.052  接收超时 0 Retry 8
2021-08-25 15:43:03.849：Mod_GetIdVer      0 Id=22687981 Fuse=0x0 V0=27.600  I0=27.300  V1=30.017  接收超时 0 Retry 9
2021-08-25 15:43:04.150：Mod_GetIdVer      0 Id=22688291 Fuse=0x0 V0=27.600  I0=27.300  V1=30.025  接收超时 0 Retry 10
2021-08-25 15:45:07.155：Dev_Reset         1
2021-08-25 15:45:14.598：Dev_Reset         1
2021-08-25 15:45:14.732：Dev_ModPower      1 OnOff=1
2021-08-25 15:45:15.983：Mod_GetIdVer      1 Id=20160333 Fuse=0x1 V0=27.550  I0=43.200  V1=30.017 
2021-08-25 15:45:16.089：Mod_NextCtrlOn    1 Id=20160333 V0=27.550  I0=43.200  V1=30.043 
2021-08-25 15:45:16.357：Mod_GetIdVer      1 Id=20160346 Fuse=0x1 V0=27.800  I0=0.600   V1=30.052 
2021-08-25 15:45:16.463：Mod_NextCtrlOn    1 Id=20160346 V0=27.800  I0=0.600   V1=30.034 
2021-08-25 15:45:16.732：Mod_GetIdVer      1 Id=20160349 Fuse=0x1 V0=27.550  I0=43.500  V1=30.043 
2021-08-25 15:45:16.823：Mod_NextCtrlOn    1 Id=20160349 V0=27.550  I0=43.500  V1=30.034 
2021-08-25 15:45:17.077：Mod_GetIdVer      1 Id=20160315 Fuse=0x1 V0=27.550  I0=43.200  V1=30.025 
2021-08-25 15:45:17.168：Mod_NextCtrlOn    1 Id=20160315 V0=27.550  I0=43.200  V1=30.052 
2021-08-25 15:45:17.404：Mod_GetIdVer      1 Id=20160486 Fuse=0x1 V0=27.550  I0=46.200  V1=30.034 
2021-08-25 15:45:17.495：Mod_NextCtrlOn    1 Id=20160486 V0=27.550  I0=46.200  V1=30.034 
2021-08-25 15:45:17.746：Mod_GetIdVer      1 Id=20160342 Fuse=0x1 V0=27.550  I0=46.500  V1=30.025 
2021-08-25 15:45:17.852：Mod_NextCtrlOn    1 Id=20160342 V0=27.550  I0=46.500  V1=30.061 
2021-08-25 15:45:18.123：Mod_GetIdVer      1 Id=20160335 Fuse=0x1 V0=27.550  I0=46.500  V1=30.017 
2021-08-25 15:45:18.230：Mod_NextCtrlOn    1 Id=20160335 V0=27.550  I0=46.500  V1=30.034 
2021-08-25 15:45:18.492：Mod_GetIdVer      1 Id=20160324 Fuse=0x1 V0=27.500  I0=46.500  V1=30.025 
2021-08-25 15:45:18.583：Mod_NextCtrlOn    1 Id=20160324 V0=27.500  I0=46.500  V1=30.061 
2021-08-25 15:45:18.841：Mod_GetIdVer      1 Id=20160305 Fuse=0x1 V0=27.500  I0=47.700  V1=30.043 
2021-08-25 15:45:18.933：Mod_NextCtrlOn    1 Id=20160305 V0=27.500  I0=47.700  V1=30.034 
2021-08-25 15:45:19.185：Mod_GetIdVer      1 Id=20160325 Fuse=0x1 V0=27.500  I0=48.000  V1=30.043 
2021-08-25 15:45:19.307：Mod_NextCtrlOn    1 Id=20160325 V0=27.500  I0=48.000  V1=30.043 
2021-08-25 15:45:19.560：Mod_GetIdVer      1 Id=20160329 Fuse=0x1 V0=27.500  I0=48.300  V1=30.025 
2021-08-25 15:45:19.651：Mod_NextCtrlOn    1 Id=20160329 V0=27.500  I0=48.300  V1=30.017 
2021-08-25 15:45:19.889：Mod_GetIdVer      1 Id=20160341 Fuse=0x1 V0=27.500  I0=47.100  V1=30.043 
2021-08-25 15:45:19.980：Mod_NextCtrlOn    1 Id=20160341 V0=27.500  I0=47.100  V1=30.034 
2021-08-25 15:45:20.248：Mod_GetIdVer      1 Id=20160343 Fuse=0x1 V0=27.500  I0=46.800  V1=30.052 
2021-08-25 15:45:20.369：Mod_NextCtrlOn    1 Id=20160343 V0=27.500  I0=46.800  V1=30.025 
2021-08-25 15:45:20.623：Mod_GetIdVer      1 Id=20160311 Fuse=0x1 V0=27.500  I0=48.900  V1=30.025 
2021-08-25 15:45:20.730：Mod_NextCtrlOn    1 Id=20160311 V0=27.500  I0=48.900  V1=30.034 
2021-08-25 15:45:21.005：Mod_GetIdVer      1 Id=20160316 Fuse=0x1 V0=27.500  I0=51.300  V1=30.008 
2021-08-25 15:45:21.096：Mod_NextCtrlOn    1 Id=20160316 V0=27.500  I0=51.300  V1=30.114 
2021-08-25 15:45:21.358：Mod_GetIdVer      1 Id=20160314 Fuse=0x1 V0=27.500  I0=43.200  V1=30.052 
2021-08-25 15:45:21.449：Mod_NextCtrlOn    1 Id=20160314 V0=27.500  I0=43.200  V1=30.043 
2021-08-25 15:45:21.725：Mod_GetIdVer      1 Id=20160327 Fuse=0x1 V0=27.450  I0=50.400  V1=30.034 
2021-08-25 15:45:21.832：Mod_NextCtrlOn    1 Id=20160327 V0=27.450  I0=50.400  V1=30.017 
2021-08-25 15:45:22.092：Mod_GetIdVer      1 Id=20160336 Fuse=0x1 V0=27.450  I0=50.400  V1=30.043 
2021-08-25 15:45:22.198：Mod_NextCtrlOn    1 Id=20160336 V0=27.450  I0=50.400  V1=30.017 
2021-08-25 15:45:22.475：Mod_GetIdVer      1 Id=20160317 Fuse=0x1 V0=27.500  I0=47.100  V1=30.088 
2021-08-25 15:45:22.582：Mod_NextCtrlOn    1 Id=20160317 V0=27.500  I0=47.100  V1=30.043 
2021-08-25 15:45:22.826：Mod_GetIdVer      1 Id=20160307 Fuse=0x1 V0=27.450  I0=51.900  V1=30.088 
2021-08-25 15:45:22.932：Mod_NextCtrlOn    1 Id=20160307 V0=27.450  I0=51.900  V1=30.052 
2021-08-25 15:45:23.201：Mod_GetIdVer      1 Id=20160328 Fuse=0x1 V0=27.500  I0=50.400  V1=30.043 
2021-08-25 15:45:23.308：Mod_NextCtrlOn    1 Id=20160328 V0=27.500  I0=50.400  V1=30.017 
2021-08-25 15:45:23.576：Mod_GetIdVer      1 Id=20160323 Fuse=0x1 V0=27.500  I0=46.500  V1=30.061 
2021-08-25 15:45:23.682：Mod_NextCtrlOn    1 Id=20160323 V0=27.500  I0=46.500  V1=30.017 
2021-08-25 15:45:23.935：Mod_GetIdVer      1 Id=20160322 Fuse=0x1 V0=27.450  I0=51.900  V1=30.017 
2021-08-25 15:45:24.042：Mod_NextCtrlOn    1 Id=20160322 V0=27.450  I0=51.900  V1=30.043 
2021-08-25 15:45:24.295：Mod_GetIdVer      1 Id=20160326 Fuse=0x1 V0=27.450  I0=51.600  V1=30.017 
2021-08-25 15:45:24.402：Mod_NextCtrlOn    1 Id=20160326 V0=27.450  I0=51.600  V1=30.043 
2021-08-25 15:45:24.664：Mod_GetIdVer      1 Id=20160339 Fuse=0x1 V0=27.400  I0=54.600  V1=30.070 
2021-08-25 15:45:24.756：Mod_NextCtrlOn    1 Id=20160339 V0=27.400  I0=54.600  V1=29.981 
2021-08-25 15:45:25.044：Mod_GetIdVer      1 Id=20160312 Fuse=0x1 V0=27.450  I0=52.800  V1=30.034 
2021-08-25 15:45:25.135：Mod_NextCtrlOn    1 Id=20160312 V0=27.450  I0=52.800  V1=30.025 
2021-08-25 15:45:25.397：Mod_GetIdVer      1 Id=20160304 Fuse=0x1 V0=27.400  I0=52.800  V1=30.061 
2021-08-25 15:45:25.504：Mod_NextCtrlOn    1 Id=20160304 V0=27.400  I0=52.800  V1=30.043 
2021-08-25 15:45:25.794：Mod_GetIdVer      1 Id=20160345 Fuse=0x1 V0=27.450  I0=55.200  V1=30.025 
2021-08-25 15:45:25.901：Mod_NextCtrlOn    1 Id=20160345 V0=27.450  I0=55.200  V1=30.061 
2021-08-25 15:45:26.155：Mod_GetIdVer      1 Id=20160301 Fuse=0x1 V0=27.350  I0=57.300  V1=30.052 
2021-08-25 15:45:26.262：Mod_NextCtrlOn    1 Id=20160301 V0=27.350  I0=57.300  V1=30.043 
2021-08-25 15:45:26.513：Mod_GetIdVer      1 Id=20160318 Fuse=0x1 V0=27.400  I0=55.500  V1=30.025 
2021-08-25 15:45:26.604：Mod_NextCtrlOn    1 Id=20160318 V0=27.400  I0=55.500  V1=30.043 
2021-08-25 15:45:26.880：Mod_GetIdVer      1 Id=20160338 Fuse=0x1 V0=27.400  I0=56.400  V1=30.034 
2021-08-25 15:45:26.987：Mod_NextCtrlOn    1 Id=20160338 V0=27.400  I0=56.400  V1=30.043 
2021-08-25 15:45:27.248：Mod_GetIdVer      1 Id=20160313 Fuse=0x1 V0=27.400  I0=57.000  V1=30.034 
2021-08-25 15:45:27.355：Mod_NextCtrlOn    1 Id=20160313 V0=27.400  I0=57.000  V1=30.034 
2021-08-25 15:45:27.624：Mod_GetIdVer      1 Id=20160300 Fuse=0x1 V0=27.400  I0=57.600  V1=30.123 
2021-08-25 15:45:27.730：Mod_NextCtrlOn    1 Id=20160300 V0=27.400  I0=57.600  V1=30.043 
2021-08-25 15:45:27.998：Mod_GetIdVer      1 Id=20160320 Fuse=0x1 V0=27.400  I0=58.200  V1=30.025 
2021-08-25 15:45:28.121：Mod_NextCtrlOn    1 Id=20160320 V0=27.400  I0=58.200  V1=30.025 
2021-08-25 15:45:28.389：Mod_GetIdVer      1 Id=20160334 Fuse=0x1 V0=27.350  I0=59.400  V1=30.079 
2021-08-25 15:45:28.482：Mod_NextCtrlOn    1 Id=20160334 V0=27.350  I0=59.400  V1=30.052 
2021-08-25 15:45:28.743：Mod_GetIdVer      1 Id=20160331 Fuse=0x1 V0=27.350  I0=59.400  V1=30.008 
2021-08-25 15:45:28.834：Mod_NextCtrlOn    1 Id=20160331 V0=27.350  I0=59.400  V1=30.008 
2021-08-25 15:45:29.111：Mod_GetIdVer      1 Id=20160337 Fuse=0x1 V0=27.350  I0=60.300  V1=30.017 
2021-08-25 15:45:29.217：Mod_NextCtrlOn    1 Id=20160337 V0=27.350  I0=60.300  V1=30.034 
2021-08-25 15:45:29.466：Mod_GetIdVer      1 Id=20160303 Fuse=0x1 V0=27.350  I0=60.900  V1=30.052 
2021-08-25 15:45:29.588：Mod_NextCtrlOn    1 Id=20160303 V0=27.350  I0=60.900  V1=30.043 
2021-08-25 15:45:29.874：Mod_GetIdVer      1 Id=20160347 Fuse=0x1 V0=27.600  I0=26.400  V1=30.034 
2021-08-25 15:45:29.981：Mod_NextCtrlOn    1 Id=20160347 V0=27.600  I0=26.400  V1=30.025 
2021-08-25 15:45:30.247：Mod_GetIdVer      1 Id=20160332 Fuse=0x1 V0=27.350  I0=61.200  V1=30.025 
2021-08-25 15:45:30.353：Mod_NextCtrlOn    1 Id=20160332 V0=27.350  I0=61.200  V1=30.034 
2021-08-25 15:45:30.586：Mod_GetIdVer      0 Id=22834747 Fuse=0x0 V0=27.550  I0=28.200  V1=30.034  接收超时 0
2021-08-25 15:45:30.888：Mod_GetIdVer      0 Id=22835040 Fuse=0x0 V0=27.550  I0=27.600  V1=30.025  接收超时 0 Retry 1
2021-08-25 15:45:31.174：Mod_GetIdVer      0 Id=22835339 Fuse=0x0 V0=27.600  I0=27.600  V1=30.017  接收超时 0 Retry 2
2021-08-25 15:45:31.475：Mod_GetIdVer      0 Id=22835627 Fuse=0x0 V0=27.600  I0=28.200  V1=30.025  接收超时 0 Retry 3
2021-08-25 15:45:31.778：Mod_GetIdVer      0 Id=22835923 Fuse=0x0 V0=27.550  I0=28.200  V1=30.025  接收超时 0 Retry 4
2021-08-25 15:45:32.064：Mod_GetIdVer      0 Id=22836223 Fuse=0x0 V0=27.600  I0=28.200  V1=30.034  接收超时 0 Retry 5
2021-08-25 15:45:32.366：Mod_GetIdVer      0 Id=22836519 Fuse=0x0 V0=27.550  I0=27.600  V1=29.990  接收超时 0 Retry 6
2021-08-25 15:45:32.667：Mod_GetIdVer      0 Id=22836819 Fuse=0x0 V0=27.600  I0=27.600  V1=30.034  接收超时 0 Retry 7
2021-08-25 15:45:32.954：Mod_GetIdVer      0 Id=22837121 Fuse=0x0 V0=27.600  I0=27.600  V1=30.052  接收超时 0 Retry 8
2021-08-25 15:45:33.261：Mod_GetIdVer      0 Id=22837399 Fuse=0x0 V0=27.600  I0=27.900  V1=30.096  接收超时 0 Retry 9
2021-08-25 15:45:33.561：Mod_GetIdVer      0 Id=22837712 Fuse=0x0 V0=27.600  I0=27.900  V1=30.043  接收超时 0 Retry 10
2021-08-25 15:46:03.975：Dev_Reset         1
2021-08-25 15:46:04.113：Dev_ModPower      1 OnOff=1
2021-08-25 15:46:05.498：Mod_GetIdVer      1 Id=20160333 Fuse=0x1 V0=27.550  I0=44.700  V1=30.043 
2021-08-25 15:46:05.605：Mod_NextCtrlOn    1 Id=20160333 V0=27.550  I0=44.700  V1=30.043 
2021-08-25 15:46:05.873：Mod_GetIdVer      1 Id=20160346 Fuse=0x1 V0=27.550  I0=44.700  V1=30.008 
2021-08-25 15:46:05.980：Mod_NextCtrlOn    1 Id=20160346 V0=27.550  I0=44.700  V1=30.017 
2021-08-25 15:46:06.216：Mod_GetIdVer      1 Id=20160349 Fuse=0x1 V0=27.600  I0=45.000  V1=30.017 
2021-08-25 15:46:06.338：Mod_NextCtrlOn    1 Id=20160349 V0=27.600  I0=45.000  V1=30.017 
2021-08-25 15:46:06.591：Mod_GetIdVer      1 Id=20160315 Fuse=0x1 V0=27.550  I0=45.600  V1=30.034 
2021-08-25 15:46:06.682：Mod_NextCtrlOn    1 Id=20160315 V0=27.550  I0=45.600  V1=30.079 
2021-08-25 15:46:06.932：Mod_GetIdVer      1 Id=20160486 Fuse=0x1 V0=27.550  I0=41.400  V1=30.043 
2021-08-25 15:46:07.038：Mod_NextCtrlOn    1 Id=20160486 V0=27.550  I0=41.400  V1=30.025 
2021-08-25 15:46:07.304：Mod_GetIdVer      1 Id=20160342 Fuse=0x1 V0=27.550  I0=45.300  V1=29.999 
2021-08-25 15:46:07.410：Mod_NextCtrlOn    1 Id=20160342 V0=27.550  I0=45.300  V1=30.034 
2021-08-25 15:46:07.685：Mod_GetIdVer      1 Id=20160335 Fuse=0x1 V0=27.550  I0=46.200  V1=30.034 
2021-08-25 15:46:07.792：Mod_NextCtrlOn    1 Id=20160335 V0=27.550  I0=46.200  V1=30.025 
2021-08-25 15:46:08.029：Mod_GetIdVer      1 Id=20160324 Fuse=0x1 V0=27.550  I0=46.500  V1=30.008 
2021-08-25 15:46:08.136：Mod_NextCtrlOn    1 Id=20160324 V0=27.550  I0=46.500  V1=30.025 
2021-08-25 15:46:08.388：Mod_GetIdVer      1 Id=20160305 Fuse=0x1 V0=27.550  I0=41.400  V1=30.061 
2021-08-25 15:46:08.494：Mod_NextCtrlOn    1 Id=20160305 V0=27.550  I0=41.400  V1=30.043 
2021-08-25 15:46:08.771：Mod_GetIdVer      1 Id=20160325 Fuse=0x1 V0=27.500  I0=47.100  V1=30.017 
2021-08-25 15:46:08.862：Mod_NextCtrlOn    1 Id=20160325 V0=27.500  I0=47.100  V1=29.990 
2021-08-25 15:46:09.123：Mod_GetIdVer      1 Id=20160329 Fuse=0x1 V0=27.500  I0=48.300  V1=30.034 
2021-08-25 15:46:09.244：Mod_NextCtrlOn    1 Id=20160329 V0=27.500  I0=48.300  V1=30.025 
2021-08-25 15:46:09.498：Mod_GetIdVer      1 Id=20160341 Fuse=0x1 V0=27.500  I0=48.000  V1=30.061 
2021-08-25 15:46:09.605：Mod_NextCtrlOn    1 Id=20160341 V0=27.500  I0=48.000  V1=30.025 
2021-08-25 15:46:09.870：Mod_GetIdVer      1 Id=20160343 Fuse=0x1 V0=27.450  I0=49.200  V1=30.052 
2021-08-25 15:46:09.961：Mod_NextCtrlOn    1 Id=20160343 V0=27.450  I0=49.200  V1=30.034 
2021-08-25 15:46:10.216：Mod_GetIdVer      1 Id=20160311 Fuse=0x1 V0=27.450  I0=48.300  V1=30.034 
2021-08-25 15:46:10.321：Mod_NextCtrlOn    1 Id=20160311 V0=27.450  I0=48.300  V1=30.017 
2021-08-25 15:46:10.591：Mod_GetIdVer      1 Id=20160316 Fuse=0x1 V0=27.500  I0=51.300  V1=30.025 
2021-08-25 15:46:10.697：Mod_NextCtrlOn    1 Id=20160316 V0=27.500  I0=51.300  V1=30.034 
2021-08-25 15:46:10.935：Mod_GetIdVer      1 Id=20160314 Fuse=0x1 V0=27.450  I0=50.400  V1=29.999 
2021-08-25 15:46:11.026：Mod_NextCtrlOn    1 Id=20160314 V0=27.450  I0=50.400  V1=30.017 
2021-08-25 15:46:11.279：Mod_GetIdVer      1 Id=20160327 Fuse=0x1 V0=27.450  I0=51.300  V1=30.034 
2021-08-25 15:46:11.402：Mod_NextCtrlOn    1 Id=20160327 V0=27.450  I0=51.300  V1=30.017 
2021-08-25 15:46:11.669：Mod_GetIdVer      1 Id=20160336 Fuse=0x1 V0=27.450  I0=51.900  V1=30.025 
2021-08-25 15:46:11.792：Mod_NextCtrlOn    1 Id=20160336 V0=27.450  I0=51.900  V1=30.017 
2021-08-25 15:46:12.053：Mod_GetIdVer      1 Id=20160317 Fuse=0x1 V0=27.450  I0=51.000  V1=30.025 
2021-08-25 15:46:12.144：Mod_NextCtrlOn    1 Id=20160317 V0=27.450  I0=51.000  V1=29.999 
2021-08-25 15:46:12.419：Mod_GetIdVer      1 Id=20160307 Fuse=0x1 V0=27.450  I0=49.800  V1=30.043 
2021-08-25 15:46:12.510：Mod_NextCtrlOn    1 Id=20160307 V0=27.450  I0=49.800  V1=29.946 
2021-08-25 15:46:12.764：Mod_GetIdVer      1 Id=20160328 Fuse=0x1 V0=27.500  I0=50.400  V1=30.025 
2021-08-25 15:46:12.871：Mod_NextCtrlOn    1 Id=20160328 V0=27.500  I0=50.400  V1=30.025 
2021-08-25 15:46:13.138：Mod_GetIdVer      1 Id=20160323 Fuse=0x1 V0=27.450  I0=51.300  V1=30.017 
2021-08-25 15:46:13.229：Mod_NextCtrlOn    1 Id=20160323 V0=27.450  I0=51.300  V1=30.043 
2021-08-25 15:46:13.484：Mod_GetIdVer      1 Id=20160322 Fuse=0x1 V0=27.450  I0=52.500  V1=30.096 
2021-08-25 15:46:13.590：Mod_NextCtrlOn    1 Id=20160322 V0=27.450  I0=52.500  V1=30.043 
2021-08-25 15:46:13.867：Mod_GetIdVer      1 Id=20160326 Fuse=0x1 V0=27.450  I0=46.500  V1=30.025 
2021-08-25 15:46:13.989：Mod_NextCtrlOn    1 Id=20160326 V0=27.450  I0=46.500  V1=30.043 
2021-08-25 15:46:14.280：Mod_GetIdVer      1 Id=20160339 Fuse=0x1 V0=27.450  I0=52.800  V1=30.043 
2021-08-25 15:46:14.387：Mod_NextCtrlOn    1 Id=20160339 V0=27.450  I0=52.800  V1=30.017 
2021-08-25 15:46:14.684：Mod_GetIdVer      1 Id=20160312 Fuse=0x1 V0=27.400  I0=54.600  V1=30.034 
2021-08-25 15:46:14.790：Mod_NextCtrlOn    1 Id=20160312 V0=27.400  I0=54.600  V1=30.043 
2021-08-25 15:46:15.059：Mod_GetIdVer      1 Id=20160304 Fuse=0x1 V0=27.400  I0=54.300  V1=30.025 
2021-08-25 15:46:15.151：Mod_NextCtrlOn    1 Id=20160304 V0=27.400  I0=54.300  V1=30.034 
2021-08-25 15:46:15.418：Mod_GetIdVer      1 Id=20160345 Fuse=0x1 V0=27.400  I0=55.500  V1=30.017 
2021-08-25 15:46:15.509：Mod_NextCtrlOn    1 Id=20160345 V0=27.400  I0=55.500  V1=30.025 
2021-08-25 15:46:15.795：Mod_GetIdVer      1 Id=20160301 Fuse=0x1 V0=27.400  I0=56.100  V1=30.061 
2021-08-25 15:46:15.917：Mod_NextCtrlOn    1 Id=20160301 V0=27.400  I0=56.100  V1=30.017 
2021-08-25 15:46:16.184：Mod_GetIdVer      1 Id=20160318 Fuse=0x1 V0=27.350  I0=56.700  V1=30.052 
2021-08-25 15:46:16.306：Mod_NextCtrlOn    1 Id=20160318 V0=27.350  I0=56.700  V1=30.043 
2021-08-25 15:46:16.560：Mod_GetIdVer      1 Id=20160338 Fuse=0x1 V0=27.400  I0=58.800  V1=30.017 
2021-08-25 15:46:16.652：Mod_NextCtrlOn    1 Id=20160338 V0=27.400  I0=58.800  V1=29.981 
2021-08-25 15:46:16.928：Mod_GetIdVer      1 Id=20160313 Fuse=0x1 V0=27.600  I0=22.200  V1=30.025 
2021-08-25 15:46:17.019：Mod_NextCtrlOn    1 Id=20160313 V0=27.600  I0=22.200  V1=30.017 
2021-08-25 15:46:17.279：Mod_GetIdVer      1 Id=20160300 Fuse=0x1 V0=27.400  I0=57.600  V1=30.034 
2021-08-25 15:46:17.402：Mod_NextCtrlOn    1 Id=20160300 V0=27.400  I0=57.600  V1=30.043 
2021-08-25 15:46:17.686：Mod_GetIdVer      1 Id=20160320 Fuse=0x1 V0=27.450  I0=53.100  V1=30.025 
2021-08-25 15:46:17.777：Mod_NextCtrlOn    1 Id=20160320 V0=27.450  I0=53.100  V1=30.052 
2021-08-25 15:46:18.044：Mod_GetIdVer      1 Id=20160334 Fuse=0x1 V0=27.400  I0=58.200  V1=30.008 
2021-08-25 15:46:18.167：Mod_NextCtrlOn    1 Id=20160334 V0=27.400  I0=58.200  V1=29.937 
2021-08-25 15:46:18.428：Mod_GetIdVer      1 Id=20160331 Fuse=0x1 V0=27.350  I0=59.400  V1=30.079 
2021-08-25 15:46:18.535：Mod_NextCtrlOn    1 Id=20160331 V0=27.350  I0=59.400  V1=30.034 
2021-08-25 15:46:18.784：Mod_GetIdVer      1 Id=20160337 Fuse=0x1 V0=27.400  I0=58.800  V1=29.999 
2021-08-25 15:46:18.906：Mod_NextCtrlOn    1 Id=20160337 V0=27.400  I0=58.800  V1=29.999 
2021-08-25 15:46:19.199：Mod_GetIdVer      1 Id=20160303 Fuse=0x1 V0=27.350  I0=60.900  V1=30.034 
2021-08-25 15:46:19.306：Mod_NextCtrlOn    1 Id=20160303 V0=27.350  I0=60.900  V1=30.034 
2021-08-25 15:46:19.561：Mod_GetIdVer      1 Id=20160347 Fuse=0x1 V0=27.400  I0=60.300  V1=30.017 
2021-08-25 15:46:19.652：Mod_NextCtrlOn    1 Id=20160347 V0=27.400  I0=60.300  V1=30.025 
2021-08-25 15:46:19.904：Mod_GetIdVer      1 Id=20160332 Fuse=0x1 V0=27.350  I0=60.600  V1=30.034 
2021-08-25 15:46:20.009：Mod_NextCtrlOn    1 Id=20160332 V0=27.350  I0=60.600  V1=30.025 
2021-08-25 15:46:20.264：Mod_GetIdVer      1 Id=20160566 Fuse=0x1 V0=27.350  I0=61.200  V1=30.025 
2021-08-25 15:46:20.355：Mod_NextCtrlOn    1 Id=20160566 V0=27.350  I0=61.200  V1=30.025 
2021-08-25 15:46:20.608：Mod_GetIdVer      1 Id=20160578 Fuse=0x1 V0=27.300  I0=64.200  V1=30.034 
2021-08-25 15:46:20.715：Mod_NextCtrlOn    1 Id=20160578 V0=27.300  I0=64.200  V1=29.999 
2021-08-25 15:46:20.982：Mod_GetIdVer      1 Id=20160599 Fuse=0x1 V0=27.300  I0=63.600  V1=30.034 
2021-08-25 15:46:21.104：Mod_NextCtrlOn    1 Id=20160599 V0=27.300  I0=63.600  V1=30.043 
2021-08-25 15:46:21.358：Mod_GetIdVer      1 Id=20160586 Fuse=0x1 V0=27.300  I0=64.200  V1=30.043 
2021-08-25 15:46:21.449：Mod_NextCtrlOn    1 Id=20160586 V0=27.300  I0=64.200  V1=30.052 
2021-08-25 15:46:21.733：Mod_GetIdVer      1 Id=20160550 Fuse=0x1 V0=27.350  I0=64.800  V1=30.034 
2021-08-25 15:46:21.839：Mod_NextCtrlOn    1 Id=20160550 V0=27.350  I0=64.800  V1=30.017 
2021-08-25 15:46:22.092：Mod_GetIdVer      1 Id=20160577 Fuse=0x1 V0=27.300  I0=65.100  V1=30.070 
2021-08-25 15:46:22.184：Mod_NextCtrlOn    1 Id=20160577 V0=27.300  I0=65.100  V1=30.070 
2021-08-25 15:46:22.460：Mod_GetIdVer      1 Id=20160593 Fuse=0x1 V0=27.300  I0=64.800  V1=29.990 
2021-08-25 15:46:22.551：Mod_NextCtrlOn    1 Id=20160593 V0=27.300  I0=64.800  V1=30.025 
2021-08-25 15:46:22.795：Mod_GetIdVer      1 Id=20160563 Fuse=0x1 V0=27.300  I0=65.400  V1=30.052 
2021-08-25 15:46:22.918：Mod_NextCtrlOn    1 Id=20160563 V0=27.300  I0=65.400  V1=30.034 
2021-08-25 15:46:23.176：Mod_GetIdVer      1 Id=20160568 Fuse=0x1 V0=27.300  I0=68.100  V1=30.034 
2021-08-25 15:46:23.267：Mod_NextCtrlOn    1 Id=20160568 V0=27.300  I0=68.100  V1=30.034 
2021-08-25 15:46:23.514：Mod_GetIdVer      1 Id=20160596 Fuse=0x1 V0=27.300  I0=67.200  V1=29.972 
2021-08-25 15:46:23.548：Dev_LEDCtrl       1 No=1 OnOff=0
2021-08-25 15:46:42.809：Dev_Reset         1
2021-08-25 15:46:45.327：Dev_Reset         1
2021-08-25 15:46:45.445：Dev_ModPower      1 OnOff=1
2021-08-25 15:46:46.812：Mod_GetIdVer      1 Id=20160333 Fuse=0x1 V0=27.550  I0=42.600  V1=30.088 
2021-08-25 15:46:46.903：Mod_NextCtrlOn    1 Id=20160333 V0=27.550  I0=42.600  V1=30.105 
2021-08-25 15:46:47.175：Mod_GetIdVer      1 Id=20160346 Fuse=0x1 V0=27.550  I0=45.000  V1=30.088 
2021-08-25 15:46:47.266：Mod_NextCtrlOn    1 Id=20160346 V0=27.550  I0=45.000  V1=30.025 
2021-08-25 15:46:47.514：Mod_GetIdVer      1 Id=20160349 Fuse=0x1 V0=27.550  I0=45.000  V1=30.017 
2021-08-25 15:46:47.604：Mod_NextCtrlOn    1 Id=20160349 V0=27.550  I0=45.000  V1=29.999 
2021-08-25 15:46:47.858：Mod_GetIdVer      1 Id=20160315 Fuse=0x1 V0=27.550  I0=44.700  V1=30.017 
2021-08-25 15:46:47.949：Mod_NextCtrlOn    1 Id=20160315 V0=27.550  I0=44.700  V1=30.017 
2021-08-25 15:46:48.186：Mod_GetIdVer      1 Id=20160486 Fuse=0x1 V0=27.500  I0=45.600  V1=30.017 
2021-08-25 15:46:48.308：Mod_NextCtrlOn    1 Id=20160486 V0=27.500  I0=45.600  V1=30.034 
2021-08-25 15:46:48.544：Mod_GetIdVer      1 Id=20160342 Fuse=0x1 V0=27.550  I0=45.600  V1=30.070 
2021-08-25 15:46:48.650：Mod_NextCtrlOn    1 Id=20160342 V0=27.550  I0=45.600  V1=30.025 
2021-08-25 15:46:48.913：Mod_GetIdVer      1 Id=20160335 Fuse=0x1 V0=27.500  I0=46.200  V1=30.088 
2021-08-25 15:46:49.020：Mod_NextCtrlOn    1 Id=20160335 V0=27.500  I0=46.200  V1=30.034 
2021-08-25 15:46:49.285：Mod_GetIdVer      1 Id=20160324 Fuse=0x1 V0=27.500  I0=46.800  V1=30.034 
2021-08-25 15:46:49.391：Mod_NextCtrlOn    1 Id=20160324 V0=27.500  I0=46.800  V1=30.070 
2021-08-25 15:46:49.654：Mod_GetIdVer      1 Id=20160305 Fuse=0x1 V0=27.500  I0=48.300  V1=30.008 
2021-08-25 15:46:49.760：Mod_NextCtrlOn    1 Id=20160305 V0=27.500  I0=48.300  V1=30.025 
2021-08-25 15:46:50.014：Mod_GetIdVer      1 Id=20160325 Fuse=0x1 V0=27.500  I0=47.700  V1=30.034 
2021-08-25 15:46:50.120：Mod_NextCtrlOn    1 Id=20160325 V0=27.500  I0=47.700  V1=30.017 
2021-08-25 15:46:50.358：Mod_GetIdVer      1 Id=20160329 Fuse=0x1 V0=27.500  I0=47.400  V1=30.150 
2021-08-25 15:46:50.480：Mod_NextCtrlOn    1 Id=20160329 V0=27.500  I0=47.400  V1=30.141 
2021-08-25 15:46:50.732：Mod_GetIdVer      1 Id=20160341 Fuse=0x1 V0=27.500  I0=46.800  V1=30.025 
2021-08-25 15:46:50.823：Mod_NextCtrlOn    1 Id=20160341 V0=27.500  I0=46.800  V1=30.052 
2021-08-25 15:46:51.077：Mod_GetIdVer      1 Id=20160343 Fuse=0x1 V0=27.500  I0=46.800  V1=30.025 
2021-08-25 15:46:51.184：Mod_NextCtrlOn    1 Id=20160343 V0=27.500  I0=46.800  V1=30.017 
2021-08-25 15:46:51.421：Mod_GetIdVer      1 Id=20160311 Fuse=0x1 V0=27.500  I0=47.700  V1=30.017 
2021-08-25 15:46:51.512：Mod_NextCtrlOn    1 Id=20160311 V0=27.500  I0=47.700  V1=30.025 
2021-08-25 15:46:51.780：Mod_GetIdVer      1 Id=20160316 Fuse=0x1 V0=27.500  I0=47.400  V1=30.070 
2021-08-25 15:46:51.871：Mod_NextCtrlOn    1 Id=20160316 V0=27.500  I0=47.400  V1=30.034 
2021-08-25 15:46:52.122：Mod_GetIdVer      1 Id=20160314 Fuse=0x1 V0=27.500  I0=49.500  V1=30.052 
2021-08-25 15:46:52.228：Mod_NextCtrlOn    1 Id=20160314 V0=27.500  I0=49.500  V1=30.025 
2021-08-25 15:46:52.467：Mod_GetIdVer      1 Id=20160327 Fuse=0x1 V0=27.450  I0=50.100  V1=30.025 
2021-08-25 15:46:52.574：Mod_NextCtrlOn    1 Id=20160327 V0=27.450  I0=50.100  V1=29.999 
2021-08-25 15:46:52.873：Mod_GetIdVer      1 Id=20160336 Fuse=0x1 V0=27.450  I0=49.500  V1=30.034 
2021-08-25 15:46:52.995：Mod_NextCtrlOn    1 Id=20160336 V0=27.450  I0=49.500  V1=30.034 
2021-08-25 15:46:53.258：Mod_GetIdVer      1 Id=20160317 Fuse=0x1 V0=27.450  I0=50.100  V1=30.034 
2021-08-25 15:46:53.349：Mod_NextCtrlOn    1 Id=20160317 V0=27.450  I0=50.100  V1=30.052 
2021-08-25 15:46:53.639：Mod_GetIdVer      1 Id=20160307 Fuse=0x1 V0=27.700  I0=12.900  V1=30.017 
2021-08-25 15:46:53.730：Mod_NextCtrlOn    1 Id=20160307 V0=27.700  I0=12.900  V1=30.034 
2021-08-25 15:46:53.998：Mod_GetIdVer      1 Id=20160328 Fuse=0x1 V0=27.450  I0=50.400  V1=29.990 
2021-08-25 15:46:54.089：Mod_NextCtrlOn    1 Id=20160328 V0=27.450  I0=50.400  V1=30.017 
2021-08-25 15:46:54.359：Mod_GetIdVer      1 Id=20160323 Fuse=0x1 V0=27.700  I0=14.700  V1=30.017 
2021-08-25 15:46:54.449：Mod_NextCtrlOn    1 Id=20160323 V0=27.700  I0=14.700  V1=30.034 
2021-08-25 15:46:54.715：Mod_GetIdVer      1 Id=20160322 Fuse=0x1 V0=27.450  I0=51.300  V1=30.052 
2021-08-25 15:46:54.806：Mod_NextCtrlOn    1 Id=20160322 V0=27.450  I0=51.300  V1=30.034 
2021-08-25 15:46:55.068：Mod_GetIdVer      1 Id=20160326 Fuse=0x1 V0=27.450  I0=54.000  V1=30.025 
2021-08-25 15:46:55.190：Mod_NextCtrlOn    1 Id=20160326 V0=27.450  I0=54.000  V1=30.025 
2021-08-25 15:46:55.466：Mod_GetIdVer      1 Id=20160339 Fuse=0x1 V0=27.400  I0=55.800  V1=30.052 
2021-08-25 15:46:55.558：Mod_NextCtrlOn    1 Id=20160339 V0=27.400  I0=55.800  V1=30.034 
2021-08-25 15:46:55.812：Mod_GetIdVer      1 Id=20160312 Fuse=0x1 V0=27.400  I0=56.400  V1=30.017 
2021-08-25 15:46:55.917：Mod_NextCtrlOn    1 Id=20160312 V0=27.400  I0=56.400  V1=30.043 
2021-08-25 15:46:56.229：Mod_GetIdVer      1 Id=20160304 Fuse=0x1 V0=27.400  I0=56.700  V1=30.043 
2021-08-25 15:46:56.335：Mod_NextCtrlOn    1 Id=20160304 V0=27.400  I0=56.700  V1=29.963 
2021-08-25 15:46:56.592：Mod_GetIdVer      1 Id=20160345 Fuse=0x1 V0=27.400  I0=54.900  V1=30.034 
2021-08-25 15:46:56.713：Mod_NextCtrlOn    1 Id=20160345 V0=27.400  I0=54.900  V1=30.034 
2021-08-25 15:46:56.982：Mod_GetIdVer      1 Id=20160301 Fuse=0x1 V0=27.400  I0=56.400  V1=30.008 
2021-08-25 15:46:57.073：Mod_NextCtrlOn    1 Id=20160301 V0=27.400  I0=56.400  V1=30.061 
2021-08-25 15:46:57.326：Mod_GetIdVer      1 Id=20160318 Fuse=0x1 V0=27.350  I0=57.000  V1=30.017 
2021-08-25 15:46:57.448：Mod_NextCtrlOn    1 Id=20160318 V0=27.350  I0=57.000  V1=30.034 
2021-08-25 15:46:57.717：Mod_GetIdVer      1 Id=20160338 Fuse=0x1 V0=27.400  I0=55.500  V1=29.972 
2021-08-25 15:46:57.824：Mod_NextCtrlOn    1 Id=20160338 V0=27.400  I0=55.500  V1=30.034 
2021-08-25 15:46:58.092：Mod_GetIdVer      1 Id=20160313 Fuse=0x1 V0=27.400  I0=56.700  V1=30.017 
2021-08-25 15:46:58.183：Mod_NextCtrlOn    1 Id=20160313 V0=27.400  I0=56.700  V1=29.972 
2021-08-25 15:46:58.450：Mod_GetIdVer      1 Id=20160300 Fuse=0x1 V0=27.400  I0=56.100  V1=30.025 
2021-08-25 15:46:58.541：Mod_NextCtrlOn    1 Id=20160300 V0=27.400  I0=56.100  V1=30.034 
2021-08-25 15:46:58.826：Mod_GetIdVer      1 Id=20160320 Fuse=0x1 V0=27.350  I0=58.200  V1=30.017 
2021-08-25 15:46:58.949：Mod_NextCtrlOn    1 Id=20160320 V0=27.350  I0=58.200  V1=30.034 
2021-08-25 15:46:59.211：Mod_GetIdVer      1 Id=20160334 Fuse=0x1 V0=27.350  I0=60.000  V1=30.034 
2021-08-25 15:46:59.332：Mod_NextCtrlOn    1 Id=20160334 V0=27.350  I0=60.000  V1=30.043 
2021-08-25 15:46:59.607：Mod_GetIdVer      1 Id=20160331 Fuse=0x1 V0=27.400  I0=59.100  V1=30.150 
2021-08-25 15:46:59.713：Mod_NextCtrlOn    1 Id=20160331 V0=27.400  I0=59.100  V1=30.061 
2021-08-25 15:46:59.966：Mod_GetIdVer      1 Id=20160337 Fuse=0x1 V0=27.350  I0=59.700  V1=30.025 
2021-08-25 15:47:00.072：Mod_NextCtrlOn    1 Id=20160337 V0=27.350  I0=59.700  V1=30.034 
2021-08-25 15:47:00.326：Mod_GetIdVer      1 Id=20160303 Fuse=0x1 V0=27.300  I0=61.800  V1=30.025 
2021-08-25 15:47:00.433：Mod_NextCtrlOn    1 Id=20160303 V0=27.300  I0=61.800  V1=30.034 
2021-08-25 15:47:00.732：Mod_GetIdVer      1 Id=20160347 Fuse=0x1 V0=27.350  I0=60.000  V1=30.034 
2021-08-25 15:47:00.839：Mod_NextCtrlOn    1 Id=20160347 V0=27.350  I0=60.000  V1=30.043 
2021-08-25 15:47:01.124：Mod_GetIdVer      1 Id=20160332 Fuse=0x1 V0=27.300  I0=61.500  V1=29.981 
2021-08-25 15:47:01.231：Mod_NextCtrlOn    1 Id=20160332 V0=27.300  I0=61.500  V1=30.043 
2021-08-25 15:47:01.483：Mod_GetIdVer      1 Id=20160566 Fuse=0x1 V0=27.400  I0=54.000  V1=30.061 
2021-08-25 15:47:01.590：Mod_NextCtrlOn    1 Id=20160566 V0=27.400  I0=54.000  V1=30.025 
2021-08-25 15:47:01.842：Mod_GetIdVer      1 Id=20160578 Fuse=0x1 V0=27.400  I0=57.000  V1=30.070 
2021-08-25 15:47:01.933：Mod_NextCtrlOn    1 Id=20160578 V0=27.400  I0=57.000  V1=29.955 
2021-08-25 15:47:02.216：Mod_GetIdVer      1 Id=20160599 Fuse=0x1 V0=27.550  I0=29.400  V1=30.025 
2021-08-25 15:47:02.323：Mod_NextCtrlOn    1 Id=20160599 V0=27.550  I0=29.400  V1=29.999 
2021-08-25 15:47:02.590：Mod_GetIdVer      1 Id=20160586 Fuse=0x1 V0=27.350  I0=62.700  V1=30.052 
2021-08-25 15:47:02.713：Mod_NextCtrlOn    1 Id=20160586 V0=27.350  I0=62.700  V1=30.043 
2021-08-25 15:47:02.968：Mod_GetIdVer      1 Id=20160550 Fuse=0x1 V0=27.350  I0=62.700  V1=30.052 
2021-08-25 15:47:03.074：Mod_NextCtrlOn    1 Id=20160550 V0=27.350  I0=62.700  V1=30.105 
2021-08-25 15:47:03.325：Mod_GetIdVer      1 Id=20160577 Fuse=0x1 V0=27.300  I0=64.500  V1=29.999 
2021-08-25 15:47:03.432：Mod_NextCtrlOn    1 Id=20160577 V0=27.300  I0=64.500  V1=30.052 
2021-08-25 15:47:03.685：Mod_GetIdVer      1 Id=20160593 Fuse=0x1 V0=27.300  I0=65.400  V1=30.008 
2021-08-25 15:47:03.776：Mod_NextCtrlOn    1 Id=20160593 V0=27.300  I0=65.400  V1=30.034 
2021-08-25 15:47:04.030：Mod_GetIdVer      1 Id=20160563 Fuse=0x1 V0=27.300  I0=67.800  V1=30.034 
2021-08-25 15:47:04.153：Mod_NextCtrlOn    1 Id=20160563 V0=27.300  I0=67.800  V1=30.034 
2021-08-25 15:47:04.420：Mod_GetIdVer      1 Id=20160568 Fuse=0x1 V0=27.300  I0=66.600  V1=30.034 
2021-08-25 15:47:04.540：Mod_NextCtrlOn    1 Id=20160568 V0=27.300  I0=66.600  V1=30.025 
2021-08-25 15:47:04.795：Mod_GetIdVer      1 Id=20160596 Fuse=0x1 V0=27.300  I0=66.600  V1=30.052 
2021-08-25 15:47:04.813：Dev_LEDCtrl       1 No=1 OnOff=0
2021-08-25 15:47:56.053：Dev_Reset         1
2021-08-25 15:47:56.191：Dev_ModPower      1 OnOff=1
2021-08-25 15:47:57.607：Mod_GetIdVer      1 Id=20160333 Fuse=0x1 V0=27.550  I0=45.000  V1=30.034 
2021-08-25 15:47:57.729：Mod_NextCtrlOn    1 Id=20160333 V0=27.550  I0=45.000  V1=30.017 
2021-08-25 15:47:57.967：Mod_GetIdVer      1 Id=20160346 Fuse=0x1 V0=27.550  I0=43.800  V1=30.017 
2021-08-25 15:47:58.090：Mod_NextCtrlOn    1 Id=20160346 V0=27.550  I0=43.800  V1=30.017 
2021-08-25 15:47:58.327：Mod_GetIdVer      1 Id=20160349 Fuse=0x1 V0=27.550  I0=44.100  V1=30.034 
2021-08-25 15:47:58.418：Mod_NextCtrlOn    1 Id=20160349 V0=27.550  I0=44.100  V1=30.008 
2021-08-25 15:47:58.701：Mod_GetIdVer      1 Id=20160315 Fuse=0x1 V0=27.550  I0=47.100  V1=30.025 
2021-08-25 15:47:58.792：Mod_NextCtrlOn    1 Id=20160315 V0=27.550  I0=47.100  V1=29.999 
2021-08-25 15:47:59.045：Mod_GetIdVer      1 Id=20160486 Fuse=0x1 V0=27.500  I0=44.400  V1=30.025 
2021-08-25 15:47:59.151：Mod_NextCtrlOn    1 Id=20160486 V0=27.500  I0=44.400  V1=30.096 
2021-08-25 15:47:59.414：Mod_GetIdVer      1 Id=20160342 Fuse=0x1 V0=27.500  I0=47.700  V1=30.025 
2021-08-25 15:47:59.520：Mod_NextCtrlOn    1 Id=20160342 V0=27.500  I0=47.700  V1=30.034 
2021-08-25 15:47:59.763：Mod_GetIdVer      1 Id=20160335 Fuse=0x1 V0=27.800  I0=4.200   V1=30.025 
2021-08-25 15:47:59.854：Mod_NextCtrlOn    1 Id=20160335 V0=27.800  I0=4.200   V1=30.079 
2021-08-25 15:48:00.116：Mod_GetIdVer      1 Id=20160324 Fuse=0x1 V0=27.500  I0=46.500  V1=30.034 
2021-08-25 15:48:00.221：Mod_NextCtrlOn    1 Id=20160324 V0=27.500  I0=46.500  V1=30.061 
2021-08-25 15:48:00.487：Mod_GetIdVer      1 Id=20160305 Fuse=0x1 V0=27.550  I0=43.800  V1=30.025 
2021-08-25 15:48:00.594：Mod_NextCtrlOn    1 Id=20160305 V0=27.550  I0=43.800  V1=30.052 
2021-08-25 15:48:00.842：Mod_GetIdVer      1 Id=20160325 Fuse=0x1 V0=27.500  I0=47.100  V1=30.017 
2021-08-25 15:48:00.934：Mod_NextCtrlOn    1 Id=20160325 V0=27.500  I0=47.100  V1=30.025 
2021-08-25 15:48:01.185：Mod_GetIdVer      1 Id=20160329 Fuse=0x1 V0=27.500  I0=47.400  V1=30.034 
2021-08-25 15:48:01.307：Mod_NextCtrlOn    1 Id=20160329 V0=27.500  I0=47.400  V1=30.025 
2021-08-25 15:48:01.561：Mod_GetIdVer      1 Id=20160341 Fuse=0x1 V0=27.450  I0=48.900  V1=30.034 
2021-08-25 15:48:01.667：Mod_NextCtrlOn    1 Id=20160341 V0=27.450  I0=48.900  V1=30.034 
2021-08-25 15:48:01.905：Mod_GetIdVer      1 Id=20160343 Fuse=0x1 V0=27.500  I0=48.300  V1=30.034 
2021-08-25 15:48:02.027：Mod_NextCtrlOn    1 Id=20160343 V0=27.500  I0=48.300  V1=30.025 
2021-08-25 15:48:02.295：Mod_GetIdVer      1 Id=20160311 Fuse=0x1 V0=27.450  I0=47.700  V1=30.043 
2021-08-25 15:48:02.386：Mod_NextCtrlOn    1 Id=20160311 V0=27.450  I0=47.700  V1=30.025 
2021-08-25 15:48:02.654：Mod_GetIdVer      1 Id=20160316 Fuse=0x1 V0=27.450  I0=49.200  V1=30.017 
2021-08-25 15:48:02.745：Mod_NextCtrlOn    1 Id=20160316 V0=27.450  I0=49.200  V1=30.034 
2021-08-25 15:48:02.998：Mod_GetIdVer      1 Id=20160314 Fuse=0x1 V0=27.450  I0=49.500  V1=30.070 
2021-08-25 15:48:03.105：Mod_NextCtrlOn    1 Id=20160314 V0=27.450  I0=49.500  V1=30.034 
2021-08-25 15:48:03.354：Mod_GetIdVer      1 Id=20160327 Fuse=0x1 V0=27.450  I0=50.400  V1=30.034 
2021-08-25 15:48:03.445：Mod_NextCtrlOn    1 Id=20160327 V0=27.450  I0=50.400  V1=30.034 
2021-08-25 15:48:03.700：Mod_GetIdVer      1 Id=20160336 Fuse=0x1 V0=27.450  I0=51.300  V1=30.025 
2021-08-25 15:48:03.806：Mod_NextCtrlOn    1 Id=20160336 V0=27.450  I0=51.300  V1=30.034 
2021-08-25 15:48:04.077：Mod_GetIdVer      1 Id=20160317 Fuse=0x1 V0=27.450  I0=51.000  V1=30.034 
2021-08-25 15:48:04.184：Mod_NextCtrlOn    1 Id=20160317 V0=27.450  I0=51.000  V1=30.008 
2021-08-25 15:48:04.484：Mod_GetIdVer      1 Id=20160307 Fuse=0x1 V0=27.450  I0=51.300  V1=30.025 
2021-08-25 15:48:04.591：Mod_NextCtrlOn    1 Id=20160307 V0=27.450  I0=51.300  V1=30.034 
2021-08-25 15:48:04.870：Mod_GetIdVer      1 Id=20160328 Fuse=0x1 V0=27.400  I0=51.900  V1=30.025 
2021-08-25 15:48:04.976：Mod_NextCtrlOn    1 Id=20160328 V0=27.400  I0=51.900  V1=30.017 
2021-08-25 15:48:05.234：Mod_GetIdVer      1 Id=20160323 Fuse=0x1 V0=27.550  I0=42.900  V1=30.017 
2021-08-25 15:48:05.356：Mod_NextCtrlOn    1 Id=20160323 V0=27.550  I0=42.900  V1=29.981 
2021-08-25 15:48:05.638：Mod_GetIdVer      1 Id=20160322 Fuse=0x1 V0=27.450  I0=52.500  V1=30.025 
2021-08-25 15:48:05.729：Mod_NextCtrlOn    1 Id=20160322 V0=27.450  I0=52.500  V1=30.025 
2021-08-25 15:48:05.998：Mod_GetIdVer      1 Id=20160326 Fuse=0x1 V0=27.400  I0=53.700  V1=30.096 
2021-08-25 15:48:06.104：Mod_NextCtrlOn    1 Id=20160326 V0=27.400  I0=53.700  V1=30.088 
2021-08-25 15:48:06.374：Mod_GetIdVer      1 Id=20160339 Fuse=0x1 V0=27.400  I0=53.700  V1=30.034 
2021-08-25 15:48:06.480：Mod_NextCtrlOn    1 Id=20160339 V0=27.400  I0=53.700  V1=30.043 
2021-08-25 15:48:06.733：Mod_GetIdVer      1 Id=20160312 Fuse=0x1 V0=27.500  I0=54.900  V1=30.061 
2021-08-25 15:48:06.840：Mod_NextCtrlOn    1 Id=20160312 V0=27.500  I0=54.900  V1=30.052 
2021-08-25 15:48:07.092：Mod_GetIdVer      1 Id=20160304 Fuse=0x1 V0=27.500  I0=47.400  V1=30.025 
2021-08-25 15:48:07.214：Mod_NextCtrlOn    1 Id=20160304 V0=27.500  I0=47.400  V1=30.034 
2021-08-25 15:48:07.491：Mod_GetIdVer      1 Id=20160345 Fuse=0x1 V0=27.400  I0=55.800  V1=30.034 
2021-08-25 15:48:07.582：Mod_NextCtrlOn    1 Id=20160345 V0=27.400  I0=55.800  V1=30.052 
2021-08-25 15:48:07.857：Mod_GetIdVer      1 Id=20160301 Fuse=0x1 V0=27.400  I0=55.500  V1=30.052 
2021-08-25 15:48:07.964：Mod_NextCtrlOn    1 Id=20160301 V0=27.400  I0=55.500  V1=30.017 
2021-08-25 15:48:08.232：Mod_GetIdVer      1 Id=20160318 Fuse=0x1 V0=27.400  I0=56.100  V1=30.017 
2021-08-25 15:48:08.354：Mod_NextCtrlOn    1 Id=20160318 V0=27.400  I0=56.100  V1=30.017 
2021-08-25 15:48:08.607：Mod_GetIdVer      1 Id=20160338 Fuse=0x1 V0=27.350  I0=58.500  V1=30.017 
2021-08-25 15:48:08.713：Mod_NextCtrlOn    1 Id=20160338 V0=27.350  I0=58.500  V1=30.043 
2021-08-25 15:48:08.967：Mod_GetIdVer      1 Id=20160313 Fuse=0x1 V0=27.400  I0=58.500  V1=30.034 
2021-08-25 15:48:09.074：Mod_NextCtrlOn    1 Id=20160313 V0=27.400  I0=58.500  V1=30.052 
2021-08-25 15:48:09.350：Mod_GetIdVer      1 Id=20160300 Fuse=0x1 V0=27.350  I0=57.000  V1=30.025 
2021-08-25 15:48:09.457：Mod_NextCtrlOn    1 Id=20160300 V0=27.350  I0=57.000  V1=30.061 
2021-08-25 15:48:09.763：Mod_GetIdVer      1 Id=20160320 Fuse=0x1 V0=27.400  I0=55.500  V1=30.088 
2021-08-25 15:48:09.870：Mod_NextCtrlOn    1 Id=20160320 V0=27.400  I0=55.500  V1=30.052 
2021-08-25 15:48:10.154：Mod_GetIdVer      1 Id=20160334 Fuse=0x1 V0=27.600  I0=24.300  V1=30.025 
2021-08-25 15:48:10.277：Mod_NextCtrlOn    1 Id=20160334 V0=27.600  I0=24.300  V1=30.017 
2021-08-25 15:48:10.545：Mod_GetIdVer      1 Id=20160331 Fuse=0x1 V0=27.400  I0=58.200  V1=30.025 
2021-08-25 15:48:10.651：Mod_NextCtrlOn    1 Id=20160331 V0=27.400  I0=58.200  V1=30.034 
2021-08-25 15:48:10.912：Mod_GetIdVer      1 Id=20160337 Fuse=0x1 V0=27.300  I0=61.800  V1=30.017 
2021-08-25 15:48:11.018：Mod_NextCtrlOn    1 Id=20160337 V0=27.300  I0=61.800  V1=29.999 
2021-08-25 15:48:11.279：Mod_GetIdVer      1 Id=20160303 Fuse=0x1 V0=27.350  I0=60.300  V1=30.052 
2021-08-25 15:48:11.385：Mod_NextCtrlOn    1 Id=20160303 V0=27.350  I0=60.300  V1=30.043 
2021-08-25 15:48:11.661：Mod_GetIdVer      1 Id=20160347 Fuse=0x1 V0=27.350  I0=57.600  V1=30.025 
2021-08-25 15:48:11.752：Mod_NextCtrlOn    1 Id=20160347 V0=27.350  I0=57.600  V1=30.025 
2021-08-25 15:48:12.011：Mod_GetIdVer      1 Id=20160332 Fuse=0x1 V0=27.350  I0=62.100  V1=30.025 
2021-08-25 15:48:12.117：Mod_NextCtrlOn    1 Id=20160332 V0=27.350  I0=62.100  V1=30.025 
2021-08-25 15:48:12.394：Mod_GetIdVer      1 Id=20160566 Fuse=0x1 V0=27.350  I0=62.100  V1=30.025 
2021-08-25 15:48:12.486：Mod_NextCtrlOn    1 Id=20160566 V0=27.350  I0=62.100  V1=29.972 
2021-08-25 15:48:12.736：Mod_GetIdVer      1 Id=20160578 Fuse=0x1 V0=27.350  I0=60.900  V1=30.052 
2021-08-25 15:48:12.827：Mod_NextCtrlOn    1 Id=20160578 V0=27.350  I0=60.900  V1=30.052 
2021-08-25 15:48:13.077：Mod_GetIdVer      1 Id=20160599 Fuse=0x1 V0=27.300  I0=64.200  V1=30.008 
2021-08-25 15:48:13.168：Mod_NextCtrlOn    1 Id=20160599 V0=27.300  I0=64.200  V1=30.017 
2021-08-25 15:48:13.420：Mod_GetIdVer      1 Id=20160586 Fuse=0x1 V0=27.350  I0=63.300  V1=30.025 
2021-08-25 15:48:13.527：Mod_NextCtrlOn    1 Id=20160586 V0=27.350  I0=63.300  V1=30.052 
2021-08-25 15:48:13.796：Mod_GetIdVer      1 Id=20160550 Fuse=0x1 V0=27.350  I0=63.600  V1=30.017 
2021-08-25 15:48:13.901：Mod_NextCtrlOn    1 Id=20160550 V0=27.350  I0=63.600  V1=30.061 
2021-08-25 15:48:14.187：Mod_GetIdVer      1 Id=20160577 Fuse=0x1 V0=27.350  I0=60.600  V1=30.043 
2021-08-25 15:48:14.293：Mod_NextCtrlOn    1 Id=20160577 V0=27.350  I0=60.600  V1=30.061 
2021-08-25 15:48:14.560：Mod_GetIdVer      1 Id=20160593 Fuse=0x1 V0=27.350  I0=62.700  V1=30.052 
2021-08-25 15:48:14.651：Mod_NextCtrlOn    1 Id=20160593 V0=27.350  I0=62.700  V1=30.025 
2021-08-25 15:48:14.920：Mod_GetIdVer      1 Id=20160563 Fuse=0x1 V0=27.300  I0=63.300  V1=30.088 
2021-08-25 15:48:15.026：Mod_NextCtrlOn    1 Id=20160563 V0=27.300  I0=63.300  V1=30.052 
2021-08-25 15:48:15.295：Mod_GetIdVer      1 Id=20160568 Fuse=0x1 V0=27.300  I0=64.800  V1=30.070 
2021-08-25 15:48:15.416：Mod_NextCtrlOn    1 Id=20160568 V0=27.300  I0=64.800  V1=30.025 
2021-08-25 15:48:15.686：Mod_GetIdVer      1 Id=20160596 Fuse=0x1 V0=27.300  I0=66.000  V1=30.105 
2021-08-25 15:48:15.698：Dev_LEDCtrl       1 No=1 OnOff=0
2021-08-25 15:48:30.932：Dev_Reset         1
2021-08-25 15:48:31.091：Dev_ModPower      1 OnOff=1
2021-08-25 15:48:32.456：Mod_GetIdVer      1 Id=20160333 Fuse=0x1 V0=27.550  I0=45.000  V1=30.034 
2021-08-25 15:48:32.563：Mod_NextCtrlOn    1 Id=20160333 V0=27.550  I0=45.000  V1=30.034 
2021-08-25 15:48:32.811：Mod_GetIdVer      1 Id=20160346 Fuse=0x1 V0=27.550  I0=42.300  V1=30.025 
2021-08-25 15:48:32.902：Mod_NextCtrlOn    1 Id=20160346 V0=27.550  I0=42.300  V1=30.034 
2021-08-25 15:48:33.170：Mod_GetIdVer      1 Id=20160349 Fuse=0x1 V0=27.550  I0=45.900  V1=30.088 
2021-08-25 15:48:33.261：Mod_NextCtrlOn    1 Id=20160349 V0=27.550  I0=45.900  V1=29.981 
2021-08-25 15:48:33.513：Mod_GetIdVer      1 Id=20160315 Fuse=0x1 V0=27.500  I0=47.100  V1=30.034 
2021-08-25 15:48:33.604：Mod_NextCtrlOn    1 Id=20160315 V0=27.500  I0=47.100  V1=30.043 
2021-08-25 15:48:33.842：Mod_GetIdVer      1 Id=20160486 Fuse=0x1 V0=27.500  I0=47.700  V1=30.017 
2021-08-25 15:48:33.948：Mod_NextCtrlOn    1 Id=20160486 V0=27.500  I0=47.700  V1=30.034 
2021-08-25 15:48:34.215：Mod_GetIdVer      1 Id=20160342 Fuse=0x1 V0=27.550  I0=46.500  V1=30.061 
2021-08-25 15:48:34.322：Mod_NextCtrlOn    1 Id=20160342 V0=27.550  I0=46.500  V1=30.043 
2021-08-25 15:48:34.568：Mod_GetIdVer      1 Id=20160335 Fuse=0x1 V0=27.500  I0=48.300  V1=30.017 
2021-08-25 15:48:34.659：Mod_NextCtrlOn    1 Id=20160335 V0=27.500  I0=48.300  V1=30.017 
2021-08-25 15:48:34.905：Mod_GetIdVer      1 Id=20160324 Fuse=0x1 V0=27.750  I0=4.500   V1=30.105 
2021-08-25 15:48:34.996：Mod_NextCtrlOn    1 Id=20160324 V0=27.750  I0=4.500   V1=29.990 
2021-08-25 15:48:35.248：Mod_GetIdVer      1 Id=20160305 Fuse=0x1 V0=27.500  I0=47.400  V1=30.025 
2021-08-25 15:48:35.370：Mod_NextCtrlOn    1 Id=20160305 V0=27.500  I0=47.400  V1=30.017 
2021-08-25 15:48:35.624：Mod_GetIdVer      1 Id=20160325 Fuse=0x1 V0=27.550  I0=46.500  V1=30.034 
2021-08-25 15:48:35.729：Mod_NextCtrlOn    1 Id=20160325 V0=27.550  I0=46.500  V1=30.088 
2021-08-25 15:48:35.997：Mod_GetIdVer      1 Id=20160329 Fuse=0x1 V0=27.500  I0=47.100  V1=30.070 
2021-08-25 15:48:36.103：Mod_NextCtrlOn    1 Id=20160329 V0=27.500  I0=47.100  V1=30.034 
2021-08-25 15:48:36.354：Mod_GetIdVer      1 Id=20160341 Fuse=0x1 V0=27.500  I0=47.400  V1=30.025 
2021-08-25 15:48:36.445：Mod_NextCtrlOn    1 Id=20160341 V0=27.500  I0=47.400  V1=30.034 
2021-08-25 15:48:36.685：Mod_GetIdVer      1 Id=20160343 Fuse=0x1 V0=27.750  I0=8.100   V1=30.034 
2021-08-25 15:48:36.807：Mod_NextCtrlOn    1 Id=20160343 V0=27.750  I0=8.100   V1=30.008 
2021-08-25 15:48:37.067：Mod_GetIdVer      1 Id=20160311 Fuse=0x1 V0=27.500  I0=47.100  V1=30.052 
2021-08-25 15:48:37.159：Mod_NextCtrlOn    1 Id=20160311 V0=27.500  I0=47.100  V1=30.061 
2021-08-25 15:48:37.435：Mod_GetIdVer      1 Id=20160316 Fuse=0x1 V0=27.500  I0=47.100  V1=30.034 
2021-08-25 15:48:37.527：Mod_NextCtrlOn    1 Id=20160316 V0=27.500  I0=47.100  V1=30.052 
2021-08-25 15:48:37.780：Mod_GetIdVer      1 Id=20160314 Fuse=0x1 V0=27.500  I0=48.300  V1=29.972 
2021-08-25 15:48:37.902：Mod_NextCtrlOn    1 Id=20160314 V0=27.500  I0=48.300  V1=29.981 
2021-08-25 15:48:38.170：Mod_GetIdVer      1 Id=20160327 Fuse=0x1 V0=27.450  I0=50.700  V1=30.034 
2021-08-25 15:48:38.276：Mod_NextCtrlOn    1 Id=20160327 V0=27.450  I0=50.700  V1=30.052 
2021-08-25 15:48:38.561：Mod_GetIdVer      1 Id=20160336 Fuse=0x1 V0=27.450  I0=48.900  V1=30.025 
2021-08-25 15:48:38.652：Mod_NextCtrlOn    1 Id=20160336 V0=27.450  I0=48.900  V1=30.025 
2021-08-25 15:48:38.905：Mod_GetIdVer      1 Id=20160317 Fuse=0x1 V0=27.450  I0=49.200  V1=30.034 
2021-08-25 15:48:39.012：Mod_NextCtrlOn    1 Id=20160317 V0=27.450  I0=49.200  V1=30.052 
2021-08-25 15:48:39.273：Mod_GetIdVer      1 Id=20160307 Fuse=0x1 V0=27.500  I0=49.800  V1=30.025 
2021-08-25 15:48:39.364：Mod_NextCtrlOn    1 Id=20160307 V0=27.500  I0=49.800  V1=30.025 
2021-08-25 15:48:39.642：Mod_GetIdVer      1 Id=20160328 Fuse=0x1 V0=27.450  I0=53.400  V1=30.034 
2021-08-25 15:48:39.734：Mod_NextCtrlOn    1 Id=20160328 V0=27.450  I0=53.400  V1=30.043 
2021-08-25 15:48:39.997：Mod_GetIdVer      1 Id=20160323 Fuse=0x1 V0=27.400  I0=53.700  V1=30.034 
2021-08-25 15:48:40.088：Mod_NextCtrlOn    1 Id=20160323 V0=27.400  I0=53.700  V1=30.008 
2021-08-25 15:48:40.372：Mod_GetIdVer      1 Id=20160322 Fuse=0x1 V0=27.450  I0=54.000  V1=29.999 
2021-08-25 15:48:40.493：Mod_NextCtrlOn    1 Id=20160322 V0=27.450  I0=54.000  V1=30.034 
2021-08-25 15:48:40.748：Mod_GetIdVer      1 Id=20160326 Fuse=0x1 V0=27.450  I0=53.100  V1=30.025 
2021-08-25 15:48:40.855：Mod_NextCtrlOn    1 Id=20160326 V0=27.450  I0=53.100  V1=30.043 
2021-08-25 15:48:41.117：Mod_GetIdVer      1 Id=20160339 Fuse=0x1 V0=27.400  I0=55.500  V1=30.043 
2021-08-25 15:48:41.223：Mod_NextCtrlOn    1 Id=20160339 V0=27.400  I0=55.500  V1=30.034 
2021-08-25 15:48:41.482：Mod_GetIdVer      1 Id=20160312 Fuse=0x1 V0=27.400  I0=52.200  V1=29.999 
2021-08-25 15:48:41.589：Mod_NextCtrlOn    1 Id=20160312 V0=27.400  I0=52.200  V1=30.052 
2021-08-25 15:48:41.850：Mod_GetIdVer      1 Id=20160304 Fuse=0x1 V0=27.400  I0=55.200  V1=30.034 
2021-08-25 15:48:41.957：Mod_NextCtrlOn    1 Id=20160304 V0=27.400  I0=55.200  V1=30.043 
2021-08-25 15:48:42.263：Mod_GetIdVer      1 Id=20160345 Fuse=0x1 V0=27.400  I0=55.500  V1=30.043 
2021-08-25 15:48:42.354：Mod_NextCtrlOn    1 Id=20160345 V0=27.400  I0=55.500  V1=30.034 
2021-08-25 15:48:42.622：Mod_GetIdVer      1 Id=20160301 Fuse=0x1 V0=27.400  I0=56.400  V1=30.025 
2021-08-25 15:48:42.744：Mod_NextCtrlOn    1 Id=20160301 V0=27.400  I0=56.400  V1=30.043 
2021-08-25 15:48:43.035：Mod_GetIdVer      1 Id=20160318 Fuse=0x1 V0=27.400  I0=56.700  V1=30.017 
2021-08-25 15:48:43.126：Mod_NextCtrlOn    1 Id=20160318 V0=27.400  I0=56.700  V1=30.123 
2021-08-25 15:48:43.403：Mod_GetIdVer      1 Id=20160338 Fuse=0x1 V0=27.350  I0=57.000  V1=30.043 
2021-08-25 15:48:43.494：Mod_NextCtrlOn    1 Id=20160338 V0=27.350  I0=57.000  V1=30.034 
2021-08-25 15:48:43.771：Mod_GetIdVer      1 Id=20160313 Fuse=0x1 V0=27.400  I0=57.000  V1=30.025 
2021-08-25 15:48:43.893：Mod_NextCtrlOn    1 Id=20160313 V0=27.400  I0=57.000  V1=30.017 
2021-08-25 15:48:44.186：Mod_GetIdVer      1 Id=20160300 Fuse=0x1 V0=27.400  I0=56.100  V1=30.043 
2021-08-25 15:48:44.277：Mod_NextCtrlOn    1 Id=20160300 V0=27.400  I0=56.100  V1=30.043 
2021-08-25 15:48:44.561：Mod_GetIdVer      1 Id=20160320 Fuse=0x1 V0=27.350  I0=58.200  V1=30.008 
2021-08-25 15:48:44.668：Mod_NextCtrlOn    1 Id=20160320 V0=27.350  I0=58.200  V1=30.043 
2021-08-25 15:48:44.920：Mod_GetIdVer      1 Id=20160334 Fuse=0x1 V0=27.400  I0=56.100  V1=30.034 
2021-08-25 15:48:45.027：Mod_NextCtrlOn    1 Id=20160334 V0=27.400  I0=56.100  V1=30.043 
2021-08-25 15:48:45.287：Mod_GetIdVer      1 Id=20160331 Fuse=0x1 V0=27.350  I0=59.400  V1=30.017 
2021-08-25 15:48:45.410：Mod_NextCtrlOn    1 Id=20160331 V0=27.350  I0=59.400  V1=30.025 
2021-08-25 15:48:45.669：Mod_GetIdVer      1 Id=20160337 Fuse=0x1 V0=27.350  I0=60.600  V1=30.017 
2021-08-25 15:48:45.760：Mod_NextCtrlOn    1 Id=20160337 V0=27.350  I0=60.600  V1=30.025 
2021-08-25 15:48:46.014：Mod_GetIdVer      1 Id=20160303 Fuse=0x1 V0=27.350  I0=60.000  V1=30.025 
2021-08-25 15:48:46.121：Mod_NextCtrlOn    1 Id=20160303 V0=27.350  I0=60.000  V1=30.025 
2021-08-25 15:48:46.373：Mod_GetIdVer      1 Id=20160347 Fuse=0x1 V0=27.350  I0=60.600  V1=30.052 
2021-08-25 15:48:46.494：Mod_NextCtrlOn    1 Id=20160347 V0=27.350  I0=60.600  V1=30.043 
2021-08-25 15:48:46.798：Mod_GetIdVer      1 Id=20160332 Fuse=0x1 V0=27.350  I0=56.100  V1=30.034 
2021-08-25 15:48:46.905：Mod_NextCtrlOn    1 Id=20160332 V0=27.350  I0=56.100  V1=30.052 
2021-08-25 15:48:47.171：Mod_GetIdVer      1 Id=20160566 Fuse=0x1 V0=27.550  I0=28.800  V1=30.034 
2021-08-25 15:48:47.293：Mod_NextCtrlOn    1 Id=20160566 V0=27.550  I0=28.800  V1=30.034 
2021-08-25 15:48:47.559：Mod_GetIdVer      1 Id=20160578 Fuse=0x1 V0=27.400  I0=54.600  V1=30.034 
2021-08-25 15:48:47.651：Mod_NextCtrlOn    1 Id=20160578 V0=27.400  I0=54.600  V1=30.034 
2021-08-25 15:48:47.913：Mod_GetIdVer      1 Id=20160599 Fuse=0x1 V0=27.300  I0=62.700  V1=30.034 
2021-08-25 15:48:48.035：Mod_NextCtrlOn    1 Id=20160599 V0=27.300  I0=62.700  V1=30.017 
2021-08-25 15:48:48.336：Mod_GetIdVer      1 Id=20160586 Fuse=0x1 V0=27.350  I0=62.700  V1=30.034 
2021-08-25 15:48:48.458：Mod_NextCtrlOn    1 Id=20160586 V0=27.350  I0=62.700  V1=30.096 
2021-08-25 15:48:48.731：Mod_GetIdVer      1 Id=20160550 Fuse=0x1 V0=27.350  I0=63.000  V1=30.017 
2021-08-25 15:48:48.822：Mod_NextCtrlOn    1 Id=20160550 V0=27.350  I0=63.000  V1=30.052 
2021-08-25 15:48:49.077：Mod_GetIdVer      1 Id=20160577 Fuse=0x1 V0=27.300  I0=64.500  V1=30.034 
2021-08-25 15:48:49.182：Mod_NextCtrlOn    1 Id=20160577 V0=27.300  I0=64.500  V1=30.008 
2021-08-25 15:48:49.451：Mod_GetIdVer      1 Id=20160593 Fuse=0x1 V0=27.300  I0=65.100  V1=30.025 
2021-08-25 15:48:49.542：Mod_NextCtrlOn    1 Id=20160593 V0=27.300  I0=65.100  V1=30.043 
2021-08-25 15:48:49.803：Mod_GetIdVer      1 Id=20160563 Fuse=0x1 V0=27.350  I0=59.100  V1=30.025 
2021-08-25 15:48:49.894：Mod_NextCtrlOn    1 Id=20160563 V0=27.350  I0=59.100  V1=30.017 
2021-08-25 15:48:50.155：Mod_GetIdVer      1 Id=20160568 Fuse=0x1 V0=27.300  I0=62.700  V1=30.025 
2021-08-25 15:48:50.262：Mod_NextCtrlOn    1 Id=20160568 V0=27.300  I0=62.700  V1=30.025 
2021-08-25 15:48:50.520：Mod_GetIdVer      1 Id=20160596 Fuse=0x1 V0=27.300  I0=63.300  V1=30.034 
2021-08-25 15:48:50.552：Dev_LEDCtrl       1 No=1 OnOff=0
2021-08-25 20:25:47.355：Dev_Reset         0
