2021-08-24 16:00:31.314：Dev_GetInfo       1 Id=201313 Ver=0x2C Baudrate=460800
2021-08-24 16:00:31.331：WARN_VoltCurr     1 Code=16 V0=0.000   I0=0.000   V1=30.061 
2021-08-24 16:00:35.925：Dev_Reset         1
2021-08-24 16:00:37.537：Dev_Reset         1
2021-08-24 16:00:37.636：Dev_ModPower      1 OnOff=1
2021-08-24 16:00:37.666：WARN_VoltCurr     1 Code=16 V0=0.000   I0=0.000   V1=30.017 
2021-08-24 16:00:40.007：Mod_GetIdVer      0 Id=20000000 Fuse=0x0 V0=0.000   I0=0.000   V1=0.000  
2021-08-24 16:00:40.508：Mod_GetIdVer      0 Id=20000000 Fuse=0x0 V0=0.000   I0=0.000   V1=0.000   Retry 1
2021-08-24 16:00:41.007：Mod_GetIdVer      0 Id=20000000 Fuse=0x0 V0=0.000   I0=0.000   V1=0.000   Retry 2
2021-08-24 16:00:41.507：Mod_GetIdVer      0 Id=20000000 Fuse=0x0 V0=0.000   I0=0.000   V1=0.000   Retry 3
2021-08-24 16:00:42.008：Mod_GetIdVer      0 Id=20000000 Fuse=0x0 V0=0.000   I0=0.000   V1=0.000   Retry 4
2021-08-24 16:00:42.507：Mod_GetIdVer      0 Id=20000000 Fuse=0x0 V0=0.000   I0=0.000   V1=0.000   Retry 5
2021-08-24 16:00:43.023：Mod_GetIdVer      0 Id=20000000 Fuse=0x0 V0=0.000   I0=0.000   V1=0.000   Retry 6
2021-08-24 16:00:43.523：Mod_GetIdVer      0 Id=20000000 Fuse=0x0 V0=0.000   I0=0.000   V1=0.000   Retry 7
2021-08-24 16:00:44.023：Mod_GetIdVer      0 Id=20000000 Fuse=0x0 V0=0.000   I0=0.000   V1=0.000   Retry 8
2021-08-24 16:00:44.522：Mod_GetIdVer      0 Id=20000000 Fuse=0x0 V0=0.000   I0=0.000   V1=0.000   Retry 9
2021-08-24 16:00:45.023：Mod_GetIdVer      0 Id=20000000 Fuse=0x0 V0=0.000   I0=0.000   V1=0.000   Retry 10
2021-08-24 16:00:49.262：Dev_Reset         1
2021-08-24 16:00:49.371：Dev_ModPower      1 OnOff=1
2021-08-24 16:00:50.601：Mod_GetIdVer      0 Id=22297948 Fuse=0x0 V0=27.450  I0=0.900   V1=30.025  接收超时 0
2021-08-24 16:00:50.904：Mod_GetIdVer      0 Id=22298254 Fuse=0x0 V0=27.450  I0=0.900   V1=30.025  接收超时 0 Retry 1
2021-08-24 16:00:51.207：Mod_GetIdVer      0 Id=22298569 Fuse=0x0 V0=27.450  I0=0.900   V1=30.052  接收超时 0 Retry 2
2021-08-24 16:00:51.524：Mod_GetIdVer      0 Id=22298873 Fuse=0x0 V0=27.450  I0=0.900   V1=30.017  接收超时 0 Retry 3
2021-08-24 16:00:51.811：Mod_GetIdVer      0 Id=22299184 Fuse=0x0 V0=27.450  I0=0.900   V1=30.017  接收超时 0 Retry 4
2021-08-24 16:00:52.118：Mod_GetIdVer      0 Id=22299467 Fuse=0x0 V0=27.450  I0=0.900   V1=29.999  接收超时 0 Retry 5
2021-08-24 16:00:52.404：Mod_GetIdVer      0 Id=22299778 Fuse=0x0 V0=27.450  I0=0.900   V1=30.034  接收超时 0 Retry 6
2021-08-24 16:00:52.709：Mod_GetIdVer      0 Id=22300058 Fuse=0x0 V0=27.450  I0=0.900   V1=30.070  接收超时 0 Retry 7
2021-08-24 16:00:53.010：Mod_GetIdVer      0 Id=22300370 Fuse=0x0 V0=27.450  I0=0.900   V1=29.999  接收超时 0 Retry 8
2021-08-24 16:00:53.311：Mod_GetIdVer      0 Id=22300666 Fuse=0x0 V0=27.500  I0=0.900   V1=30.079  接收超时 0 Retry 9
2021-08-24 16:00:53.616：Mod_GetIdVer      0 Id=22300971 Fuse=0x0 V0=27.450  I0=0.900   V1=30.008  接收超时 0 Retry 10
2021-08-24 16:01:22.624：Dev_Reset         1
2021-08-24 16:01:22.730：Dev_ModPower      1 OnOff=1
2021-08-24 16:01:23.966：Mod_GetIdVer      1 Id=20160565 Fuse=0x1 V0=27.150  I0=43.800  V1=30.025 
2021-08-24 16:01:24.089：Mod_NextCtrlOn    1 Id=20160565 V0=27.150  I0=43.800  V1=29.990 
2021-08-24 16:01:24.320：Mod_GetIdVer      0 Id=22331669 Fuse=0x0 V0=27.400  I0=0.600   V1=29.999  接收超时 0
2021-08-24 16:01:24.607：Mod_GetIdVer      0 Id=22331984 Fuse=0x0 V0=27.450  I0=0.300   V1=30.017  接收超时 0 Retry 1
2021-08-24 16:01:24.909：Mod_GetIdVer      0 Id=22332270 Fuse=0x0 V0=27.450  I0=0.300   V1=29.990  接收超时 0 Retry 2
2021-08-24 16:01:25.210：Mod_GetIdVer      0 Id=22332576 Fuse=0x0 V0=27.400  I0=0.300   V1=29.990  接收超时 0 Retry 3
2021-08-24 16:01:25.512：Mod_GetIdVer      0 Id=22332868 Fuse=0x0 V0=27.400  I0=0.300   V1=30.079  接收超时 0 Retry 4
2021-08-24 16:01:25.814：Mod_GetIdVer      0 Id=22333179 Fuse=0x0 V0=27.450  I0=0.300   V1=30.025  接收超时 0 Retry 5
2021-08-24 16:01:26.116：Mod_GetIdVer      0 Id=22333480 Fuse=0x0 V0=27.450  I0=0.300   V1=30.034  接收超时 0 Retry 6
2021-08-24 16:01:26.417：Mod_GetIdVer      0 Id=22333773 Fuse=0x0 V0=27.450  I0=0.300   V1=30.025  接收超时 0 Retry 7
2021-08-24 16:01:26.705：Mod_GetIdVer      0 Id=22334081 Fuse=0x0 V0=27.450  I0=0.300   V1=30.008  接收超时 0 Retry 8
2021-08-24 16:01:27.009：Mod_GetIdVer      0 Id=22334359 Fuse=0x0 V0=27.450  I0=0.300   V1=30.017  接收超时 0 Retry 9
2021-08-24 16:01:27.297：Mod_GetIdVer      0 Id=22334664 Fuse=0x0 V0=27.450  I0=0.300   V1=30.034  接收超时 0 Retry 10
2021-08-24 16:01:47.099：WARN_VoltCurr     1 Code=16 V0=0.000   I0=0.000   V1=30.025 
2021-08-24 16:02:58.500：WARN_VoltCurr     1 Code=16 V0=0.000   I0=0.000   V1=30.017 
2021-08-24 16:02:58.501：Dev_Reset         1
2021-08-24 16:03:00.505：Dev_ModPower      1 OnOff=1
2021-08-24 16:03:01.748：Mod_GetIdVer      1 Id=20160584 Fuse=0x1 V0=27.150  I0=42.300  V1=30.008 
2021-08-24 16:03:01.854：Mod_NextCtrlOn    1 Id=20160584 V0=27.150  I0=42.300  V1=30.017 
2021-08-24 16:03:04.135：Mod_GetIdVer      0 Id=22431506 Fuse=0x0 V0=27.450  I0=0.300   V1=29.999  接收超时 0
2021-08-24 16:03:04.435：Mod_GetIdVer      0 Id=22431806 Fuse=0x0 V0=27.400  I0=0.300   V1=30.008  接收超时 0 Retry 1
2021-08-24 16:03:04.721：Mod_GetIdVer      0 Id=22432099 Fuse=0x0 V0=27.400  I0=0.600   V1=30.034  接收超时 0 Retry 2
2021-08-24 16:03:05.007：Mod_GetIdVer      0 Id=22432386 Fuse=0x0 V0=27.450  I0=0.300   V1=30.079  接收超时 0 Retry 3
2021-08-24 16:03:05.294：Mod_GetIdVer      0 Id=22432677 Fuse=0x0 V0=27.450  I0=0.300   V1=30.017  接收超时 0 Retry 4
2021-08-24 16:03:05.580：Mod_GetIdVer      0 Id=22432966 Fuse=0x0 V0=27.400  I0=0.300   V1=30.034  接收超时 0 Retry 5
2021-08-24 16:03:05.881：Mod_GetIdVer      0 Id=22433252 Fuse=0x0 V0=27.400  I0=0.300   V1=29.999  接收超时 0 Retry 6
2021-08-24 16:03:06.183：Mod_GetIdVer      0 Id=22433553 Fuse=0x0 V0=27.450  I0=0.300   V1=29.999  接收超时 0 Retry 7
2021-08-24 16:03:06.485：Mod_GetIdVer      0 Id=22433835 Fuse=0x0 V0=27.400  I0=0.300   V1=30.034  接收超时 0 Retry 8
2021-08-24 16:03:06.786：Mod_GetIdVer      0 Id=22434149 Fuse=0x0 V0=27.450  I0=0.300   V1=30.008  接收超时 0 Retry 9
2021-08-24 16:03:07.073：Mod_GetIdVer      0 Id=22434451 Fuse=0x0 V0=27.400  I0=0.300   V1=30.017  接收超时 0 Retry 10
2021-08-24 16:07:02.911：Dev_Reset         1
2021-08-24 16:07:03.028：Dev_ModPower      1 OnOff=1
2021-08-24 16:07:04.263：Mod_GetIdVer      1 Id=20160584 Fuse=0x1 V0=27.150  I0=42.600  V1=30.079 
2021-08-24 16:07:04.369：Mod_NextCtrlOn    1 Id=20160584 V0=27.150  I0=42.600  V1=30.008 
2021-08-24 16:07:04.586：Mod_GetIdVer      0 Id=22671981 Fuse=0x0 V0=27.400  I0=0.300   V1=30.052  接收超时 0
2021-08-24 16:07:04.872：Mod_GetIdVer      0 Id=22672274 Fuse=0x0 V0=27.450  I0=0.300   V1=29.999  接收超时 0 Retry 1
2021-08-24 16:07:05.174：Mod_GetIdVer      0 Id=22672555 Fuse=0x0 V0=27.400  I0=0.300   V1=30.008  接收超时 0 Retry 2
2021-08-24 16:07:05.461：Mod_GetIdVer      0 Id=22672861 Fuse=0x0 V0=27.400  I0=0.300   V1=30.008  接收超时 0 Retry 3
2021-08-24 16:07:05.748：Mod_GetIdVer      0 Id=22673123 Fuse=0x0 V0=27.450  I0=0.300   V1=30.034  接收超时 0 Retry 4
2021-08-24 16:07:06.033：Mod_GetIdVer      0 Id=22673435 Fuse=0x0 V0=27.400  I0=0.300   V1=30.034  接收超时 0 Retry 5
2021-08-24 16:07:06.335：Mod_GetIdVer      0 Id=22673706 Fuse=0x0 V0=27.400  I0=0.300   V1=30.043  接收超时 0 Retry 6
2021-08-24 16:07:06.622：Mod_GetIdVer      0 Id=22674020 Fuse=0x0 V0=27.400  I0=0.300   V1=30.008  接收超时 0 Retry 7
2021-08-24 16:07:06.924：Mod_GetIdVer      0 Id=22674306 Fuse=0x0 V0=27.450  I0=0.300   V1=30.017  接收超时 0 Retry 8
2021-08-24 16:07:07.225：Mod_GetIdVer      0 Id=22674606 Fuse=0x0 V0=27.450  I0=0.300   V1=30.017  接收超时 0 Retry 9
2021-08-24 16:07:07.526：Mod_GetIdVer      0 Id=22674909 Fuse=0x0 V0=27.400  I0=0.300   V1=30.017  接收超时 0 Retry 10
2021-08-24 16:13:17.668：Dev_Reset         1
2021-08-24 16:13:17.794：Dev_ModPower      1 OnOff=1
2021-08-24 16:13:19.031：Mod_GetIdVer      1 Id=20160553 Fuse=0x1 V0=27.150  I0=44.100  V1=30.017 
2021-08-24 16:13:19.122：Mod_NextCtrlOn    1 Id=20160553 V0=27.150  I0=44.100  V1=30.008 
2021-08-24 16:13:19.369：Mod_GetIdVer      1 Id=20160591 Fuse=0x1 V0=27.100  I0=44.400  V1=30.034 
2021-08-24 16:13:19.475：Mod_NextCtrlOn    1 Id=20160591 V0=27.100  I0=44.400  V1=30.008 
2021-08-24 16:13:19.681：Mod_GetIdVer      0 Id=23047087 Fuse=0x0 V0=27.400  I0=0.300   V1=30.008  接收超时 0
2021-08-24 16:13:19.967：Mod_GetIdVer      0 Id=23047384 Fuse=0x0 V0=27.400  I0=0.300   V1=30.017  接收超时 0 Retry 1
2021-08-24 16:13:20.254：Mod_GetIdVer      0 Id=23047678 Fuse=0x0 V0=27.400  I0=0.300   V1=30.034  接收超时 0 Retry 2
2021-08-24 16:13:20.540：Mod_GetIdVer      0 Id=23047962 Fuse=0x0 V0=36.500  I0=34.500  V1=30.017  接收超时 0 Retry 3
2021-08-24 16:13:20.841：Mod_GetIdVer      0 Id=23048246 Fuse=0x0 V0=27.400  I0=0.300   V1=30.017  接收超时 0 Retry 4
2021-08-24 16:13:21.144：Mod_GetIdVer      0 Id=23048553 Fuse=0x0 V0=27.400  I0=0.300   V1=30.043  接收超时 0 Retry 5
2021-08-24 16:13:21.445：Mod_GetIdVer      0 Id=23048855 Fuse=0x0 V0=27.400  I0=0.300   V1=30.008  接收超时 0 Retry 6
2021-08-24 16:13:21.748：Mod_GetIdVer      0 Id=23049152 Fuse=0x0 V0=27.400  I0=0.300   V1=30.025  接收超时 0 Retry 7
2021-08-24 16:13:22.050：Mod_GetIdVer      0 Id=23049458 Fuse=0x0 V0=27.400  I0=0.300   V1=30.034  接收超时 0 Retry 8
2021-08-24 16:13:22.336：Mod_GetIdVer      0 Id=23049760 Fuse=0x0 V0=27.400  I0=0.300   V1=30.034  接收超时 0 Retry 9
2021-08-24 16:13:22.638：Mod_GetIdVer      0 Id=23050038 Fuse=0x0 V0=27.400  I0=0.300   V1=30.008  接收超时 0 Retry 10
2021-08-24 16:13:22.655：Dev_LEDCtrl       1 No=1 OnOff=0
2021-08-24 16:15:04.270：Dev_Reset         1
2021-08-24 16:15:04.370：Dev_ModPower      1 OnOff=1
2021-08-24 16:15:05.622：Mod_GetIdVer      1 Id=20160553 Fuse=0x1 V0=27.200  I0=39.600  V1=30.017 
2021-08-24 16:15:05.728：Mod_NextCtrlOn    1 Id=20160553 V0=27.200  I0=39.600  V1=30.017 
2021-08-24 16:15:05.982：Mod_GetIdVer      1 Id=20160591 Fuse=0x1 V0=27.150  I0=43.800  V1=30.017 
2021-08-24 16:15:05.985：Dev_LEDCtrl       1 No=1 OnOff=0
2021-08-24 16:19:47.459：Dev_Reset         1
2021-08-24 16:19:47.573：Dev_ModPower      1 OnOff=1
2021-08-24 16:19:48.825：Mod_GetIdVer      1 Id=20160553 Fuse=0x1 V0=27.100  I0=46.200  V1=29.946 
2021-08-24 16:19:48.917：Mod_NextCtrlOn    1 Id=20160553 V0=27.100  I0=46.200  V1=29.999 
2021-08-24 16:19:49.186：Mod_GetIdVer      1 Id=20160591 Fuse=0x1 V0=27.150  I0=42.600  V1=30.017 
2021-08-24 16:19:49.192：Dev_LEDCtrl       1 No=1 OnOff=0
2021-08-24 16:20:01.586：Dev_Reset         1
2021-08-24 16:20:01.700：Dev_ModPower      1 OnOff=1
2021-08-24 16:20:02.960：Mod_GetIdVer      1 Id=20160553 Fuse=0x1 V0=27.050  I0=45.000  V1=30.017 
2021-08-24 16:20:03.067：Mod_NextCtrlOn    1 Id=20160553 V0=27.050  I0=45.000  V1=30.008 
2021-08-24 16:20:03.292：Mod_GetIdVer      0 Id=23450726 Fuse=0x0 V0=27.400  I0=0.600   V1=30.025  接收超时 0
2021-08-24 16:20:03.579：Mod_GetIdVer      0 Id=23451023 Fuse=0x0 V0=27.400  I0=0.300   V1=30.025  接收超时 0 Retry 1
2021-08-24 16:20:03.913：Mod_GetIdVer      1 Id=20160591 Fuse=0x1 V0=27.250  I0=33.300  V1=29.999  Retry 2
2021-08-24 16:20:03.924：Dev_LEDCtrl       1 No=1 OnOff=0
2021-08-24 16:20:06.755：Dev_Reset         1
2021-08-24 16:20:06.866：Dev_ModPower      1 OnOff=1
2021-08-24 16:20:08.072：Mod_GetIdVer      0 Id=23455517 Fuse=0x0 V0=27.400  I0=1.200   V1=30.025  接收超时 0
2021-08-24 16:20:08.379：Mod_GetIdVer      1 Id=20160553 Fuse=0x1 V0=27.100  I0=45.000  V1=30.025  Retry 1
2021-08-24 16:20:08.486：Mod_NextCtrlOn    1 Id=20160553 V0=27.100  I0=45.000  V1=29.981 
2021-08-24 16:20:08.742：Mod_GetIdVer      0 Id=23456161 Fuse=0x0 V0=27.400  I0=0.300   V1=29.999  接收超时 0
2021-08-24 16:20:09.052：Mod_GetIdVer      0 Id=23456472 Fuse=0x0 V0=27.400  I0=0.300   V1=30.034  接收超时 0 Retry 1
2021-08-24 16:20:09.353：Mod_GetIdVer      0 Id=23456787 Fuse=0x0 V0=27.400  I0=0.300   V1=29.981  接收超时 0 Retry 2
2021-08-24 16:20:09.656：Mod_GetIdVer      0 Id=23457067 Fuse=0x0 V0=27.400  I0=0.600   V1=29.963  接收超时 0 Retry 3
2021-08-24 16:20:09.957：Mod_GetIdVer      0 Id=23457389 Fuse=0x0 V0=27.400  I0=0.300   V1=30.017  接收超时 0 Retry 4
2021-08-24 16:20:10.258：Mod_GetIdVer      0 Id=23457684 Fuse=0x0 V0=27.400  I0=0.300   V1=30.008  接收超时 0 Retry 5
2021-08-24 16:20:10.544：Mod_GetIdVer      0 Id=23457973 Fuse=0x0 V0=27.400  I0=0.600   V1=30.017  接收超时 0 Retry 6
2021-08-24 16:20:10.846：Mod_GetIdVer      0 Id=23458281 Fuse=0x0 V0=27.400  I0=0.300   V1=30.008  接收超时 0 Retry 7
2021-08-24 16:20:11.147：Mod_GetIdVer      0 Id=23458572 Fuse=0x0 V0=27.350  I0=0.600   V1=30.061  接收超时 0 Retry 8
2021-08-24 16:20:11.450：Mod_GetIdVer      0 Id=23458884 Fuse=0x0 V0=27.400  I0=0.600   V1=30.025  接收超时 0 Retry 9
2021-08-24 16:20:11.752：Mod_GetIdVer      0 Id=23459176 Fuse=0x0 V0=27.400  I0=0.600   V1=30.025  接收超时 0 Retry 10
2021-08-24 16:20:16.404：Dev_Reset         1
2021-08-24 16:20:16.511：Dev_ModPower      1 OnOff=1
2021-08-24 16:20:17.728：Mod_GetIdVer      0 Id=23465175 Fuse=0x0 V0=27.450  I0=0.300   V1=29.990  接收超时 0
2021-08-24 16:20:18.014：Mod_GetIdVer      0 Id=23465464 Fuse=0x0 V0=27.400  I0=0.300   V1=30.043  接收超时 0 Retry 1
2021-08-24 16:20:18.301：Mod_GetIdVer      0 Id=23465749 Fuse=0x0 V0=27.400  I0=0.300   V1=29.999  接收超时 0 Retry 2
2021-08-24 16:20:18.602：Mod_GetIdVer      0 Id=23466034 Fuse=0x0 V0=27.400  I0=0.300   V1=30.017  接收超时 0 Retry 3
2021-08-24 16:20:18.888：Mod_GetIdVer      0 Id=23466335 Fuse=0x0 V0=27.400  I0=0.300   V1=30.008  接收超时 0 Retry 4
2021-08-24 16:20:19.190：Mod_GetIdVer      0 Id=23466621 Fuse=0x0 V0=27.400  I0=0.300   V1=30.052  接收超时 0 Retry 5
2021-08-24 16:20:19.477：Mod_GetIdVer      0 Id=23466921 Fuse=0x0 V0=27.400  I0=0.300   V1=29.981  接收超时 0 Retry 6
2021-08-24 16:20:19.774：Mod_GetIdVer      0 Id=23467209 Fuse=0x0 V0=27.400  I0=0.300   V1=30.025  接收超时 0 Retry 7
2021-08-24 16:20:20.081：Mod_GetIdVer      1 Id=20160553 Fuse=0x1 V0=27.150  I0=43.200  V1=30.008  Retry 8
2021-08-24 16:20:20.188：Mod_NextCtrlOn    1 Id=20160553 V0=27.150  I0=43.200  V1=30.008 
2021-08-24 16:20:20.441：Mod_GetIdVer      0 Id=23467876 Fuse=0x0 V0=27.350  I0=0.600   V1=30.025  接收超时 0
2021-08-24 16:20:20.743：Mod_GetIdVer      0 Id=23468178 Fuse=0x0 V0=27.450  I0=0.300   V1=30.034  接收超时 0 Retry 1
2021-08-24 16:20:21.030：Mod_GetIdVer      0 Id=23468463 Fuse=0x0 V0=27.400  I0=0.600   V1=30.017  接收超时 0 Retry 2
2021-08-24 16:20:21.320：Mod_GetIdVer      0 Id=23468754 Fuse=0x0 V0=27.400  I0=0.300   V1=30.008  接收超时 0 Retry 3
2021-08-24 16:20:21.621：Mod_GetIdVer      0 Id=23469049 Fuse=0x0 V0=27.350  I0=0.600   V1=29.972  接收超时 0 Retry 4
2021-08-24 16:20:21.922：Mod_GetIdVer      0 Id=23469357 Fuse=0x0 V0=27.400  I0=0.300   V1=30.061  接收超时 0 Retry 5
2021-08-24 16:20:22.223：Mod_GetIdVer      0 Id=23469649 Fuse=0x0 V0=27.400  I0=0.600   V1=29.990  接收超时 0 Retry 6
2021-08-24 16:20:22.524：Mod_GetIdVer      0 Id=23469960 Fuse=0x0 V0=27.400  I0=0.300   V1=30.025  接收超时 0 Retry 7
2021-08-24 16:20:22.826：Mod_GetIdVer      0 Id=23470261 Fuse=0x0 V0=27.400  I0=0.600   V1=30.025  接收超时 0 Retry 8
2021-08-24 16:20:23.128：Mod_GetIdVer      0 Id=23470561 Fuse=0x0 V0=27.400  I0=0.600   V1=30.017  接收超时 0 Retry 9
2021-08-24 16:20:23.414：Mod_GetIdVer      0 Id=23470859 Fuse=0x0 V0=27.400  I0=0.600   V1=30.008  接收超时 0 Retry 10
2021-08-24 16:20:26.903：Dev_Reset         1
2021-08-24 16:20:27.012：Dev_ModPower      1 OnOff=1
2021-08-24 16:20:28.242：Mod_GetIdVer      0 Id=23475671 Fuse=0x0 V0=27.400  I0=0.300   V1=30.088  接收超时 0
2021-08-24 16:20:28.529：Mod_GetIdVer      0 Id=23475979 Fuse=0x0 V0=27.400  I0=0.300   V1=30.025  接收超时 0 Retry 1
2021-08-24 16:20:28.831：Mod_GetIdVer      0 Id=23476261 Fuse=0x0 V0=27.400  I0=0.300   V1=30.070  接收超时 0 Retry 2
2021-08-24 16:20:29.118：Mod_GetIdVer      0 Id=23476565 Fuse=0x0 V0=27.400  I0=0.300   V1=30.025  接收超时 0 Retry 3
2021-08-24 16:20:29.404：Mod_GetIdVer      0 Id=23476855 Fuse=0x0 V0=27.400  I0=0.300   V1=30.034  接收超时 0 Retry 4
2021-08-24 16:20:29.690：Mod_GetIdVer      0 Id=23477140 Fuse=0x0 V0=27.400  I0=0.300   V1=30.043  接收超时 0 Retry 5
2021-08-24 16:20:29.976：Mod_GetIdVer      0 Id=23477423 Fuse=0x0 V0=27.400  I0=0.300   V1=30.017  接收超时 0 Retry 6
2021-08-24 16:20:30.283：Mod_GetIdVer      1 Id=20160553 Fuse=0x1 V0=27.100  I0=45.900  V1=30.034  Retry 7
2021-08-24 16:20:30.389：Mod_NextCtrlOn    1 Id=20160553 V0=27.100  I0=45.900  V1=30.008 
2021-08-24 16:20:30.634：Mod_GetIdVer      0 Id=23478055 Fuse=0x0 V0=27.400  I0=0.600   V1=30.008  接收超时 0
2021-08-24 16:20:30.936：Mod_GetIdVer      0 Id=23478362 Fuse=0x0 V0=27.400  I0=0.300   V1=30.052  接收超时 0 Retry 1
2021-08-24 16:20:31.226：Mod_GetIdVer      0 Id=23478661 Fuse=0x0 V0=27.350  I0=0.600   V1=29.990  接收超时 0 Retry 2
2021-08-24 16:20:31.512：Mod_GetIdVer      0 Id=23478954 Fuse=0x0 V0=27.350  I0=0.600   V1=30.017  接收超时 0 Retry 3
2021-08-24 16:20:31.799：Mod_GetIdVer      0 Id=23479241 Fuse=0x0 V0=27.350  I0=0.300   V1=30.008  接收超时 0 Retry 4
2021-08-24 16:20:32.101：Mod_GetIdVer      0 Id=23479527 Fuse=0x0 V0=27.400  I0=0.300   V1=30.079  接收超时 0 Retry 5
2021-08-24 16:20:32.402：Mod_GetIdVer      0 Id=23479838 Fuse=0x0 V0=27.400  I0=0.300   V1=30.025  接收超时 0 Retry 6
2021-08-24 16:20:32.688：Mod_GetIdVer      0 Id=23480139 Fuse=0x0 V0=27.400  I0=0.300   V1=30.017  接收超时 0 Retry 7
2021-08-24 16:20:32.991：Mod_GetIdVer      0 Id=23480401 Fuse=0x0 V0=27.400  I0=0.300   V1=30.034  接收超时 0 Retry 8
2021-08-24 16:20:33.277：Mod_GetIdVer      0 Id=23480724 Fuse=0x0 V0=27.400  I0=0.600   V1=30.008  接收超时 0 Retry 9
2021-08-24 16:20:33.599：Mod_GetIdVer      1 Id=20160591 Fuse=0x1 V0=27.100  I0=45.900  V1=30.025  Retry 10
2021-08-24 16:20:33.607：Dev_LEDCtrl       1 No=1 OnOff=0
2021-08-24 16:20:46.278：Dev_Reset         1
2021-08-24 16:20:46.402：Dev_ModPower      1 OnOff=1
2021-08-24 16:20:47.639：Mod_GetIdVer      1 Id=20160553 Fuse=0x1 V0=27.150  I0=46.200  V1=29.999 
2021-08-24 16:20:47.761：Mod_NextCtrlOn    1 Id=20160553 V0=27.150  I0=46.200  V1=30.017 
2021-08-24 16:20:47.990：Mod_GetIdVer      0 Id=23495427 Fuse=0x0 V0=27.400  I0=0.300   V1=29.999  接收超时 0
2021-08-24 16:20:48.310：Mod_GetIdVer      1 Id=20160591 Fuse=0x1 V0=27.100  I0=44.400  V1=29.963  Retry 1
2021-08-24 16:20:48.331：Dev_LEDCtrl       1 No=1 OnOff=0
2021-08-24 16:20:51.064：Dev_Reset         1
2021-08-24 16:20:51.180：Dev_ModPower      1 OnOff=1
2021-08-24 16:20:52.420：Mod_GetIdVer      1 Id=20160553 Fuse=0x1 V0=27.100  I0=44.400  V1=30.017 
2021-08-24 16:20:52.543：Mod_NextCtrlOn    1 Id=20160553 V0=27.100  I0=44.400  V1=30.008 
2021-08-24 16:20:52.807：Mod_GetIdVer      1 Id=20160591 Fuse=0x1 V0=27.200  I0=36.900  V1=29.999 
2021-08-24 16:20:52.832：Dev_LEDCtrl       1 No=1 OnOff=0
2021-08-24 16:21:10.620：Dev_Reset         1
2021-08-24 16:21:10.733：Dev_ModPower      1 OnOff=1
2021-08-24 16:21:11.967：Mod_GetIdVer      1 Id=20160553 Fuse=0x1 V0=27.150  I0=43.200  V1=30.025 
2021-08-24 16:21:12.073：Mod_NextCtrlOn    1 Id=20160553 V0=27.150  I0=43.200  V1=30.052 
2021-08-24 16:21:12.325：Mod_GetIdVer      1 Id=20160553 Fuse=0x1 V0=27.100  I0=46.200  V1=30.008 
2021-08-24 16:21:15.824：Dev_Reset         1
2021-08-24 16:21:15.946：Dev_ModPower      1 OnOff=1
2021-08-24 16:21:17.163：Mod_GetIdVer      0 Id=23524597 Fuse=0x0 V0=27.400  I0=0.300   V1=30.025  接收超时 0
2021-08-24 16:21:17.450：Mod_GetIdVer      0 Id=23524896 Fuse=0x0 V0=27.400  I0=0.300   V1=30.017  接收超时 0 Retry 1
2021-08-24 16:21:17.772：Mod_GetIdVer      1 Id=20160553 Fuse=0x1 V0=27.150  I0=42.000  V1=30.034  Retry 2
2021-08-24 16:21:17.864：Mod_NextCtrlOn    1 Id=20160553 V0=27.150  I0=42.000  V1=30.025 
2021-08-24 16:21:18.090：Mod_GetIdVer      0 Id=23525528 Fuse=0x0 V0=27.400  I0=0.300   V1=30.025  接收超时 0
2021-08-24 16:21:18.391：Mod_GetIdVer      0 Id=23525826 Fuse=0x0 V0=27.300  I0=1.200   V1=30.017  接收超时 0 Retry 1
2021-08-24 16:21:18.714：Mod_GetIdVer      1 Id=20160553 Fuse=0x1 V0=27.150  I0=42.300  V1=30.043  Retry 2
2021-08-24 16:21:21.726：Dev_Reset         1
2021-08-24 16:21:21.840：Dev_ModPower      1 OnOff=1
2021-08-24 16:21:23.093：Mod_GetIdVer      1 Id=20160553 Fuse=0x1 V0=27.400  I0=0.300   V1=29.999 
2021-08-24 16:21:23.184：Mod_NextCtrlOn    1 Id=20160553 V0=27.400  I0=0.300   V1=29.999 
2021-08-24 16:21:23.413：Mod_GetIdVer      0 Id=23530849 Fuse=0x0 V0=27.400  I0=0.300   V1=29.990  接收超时 0
2021-08-24 16:21:23.722：Mod_GetIdVer      1 Id=20160553 Fuse=0x1 V0=27.100  I0=46.200  V1=30.043  Retry 1
2021-08-24 16:21:28.475：Dev_Reset         1
2021-08-24 16:21:28.573：Dev_ModPower      1 OnOff=1
2021-08-24 16:21:29.804：Mod_GetIdVer      0 Id=23537242 Fuse=0x0 V0=27.400  I0=0.300   V1=30.025  接收超时 0
2021-08-24 16:21:30.090：Mod_GetIdVer      0 Id=23537521 Fuse=0x0 V0=27.400  I0=0.300   V1=30.052  接收超时 0 Retry 1
2021-08-24 16:21:30.398：Mod_GetIdVer      1 Id=20160553 Fuse=0x1 V0=27.150  I0=43.800  V1=29.990  Retry 2
2021-08-24 16:21:30.489：Mod_NextCtrlOn    1 Id=20160553 V0=27.150  I0=43.800  V1=30.017 
2021-08-24 16:21:30.712：Mod_GetIdVer      0 Id=23538165 Fuse=0x0 V0=27.400  I0=0.300   V1=30.061  接收超时 0
2021-08-24 16:21:31.015：Mod_GetIdVer      0 Id=23538449 Fuse=0x0 V0=27.400  I0=0.300   V1=30.034  接收超时 0 Retry 1
2021-08-24 16:21:31.316：Mod_GetIdVer      0 Id=23538748 Fuse=0x0 V0=27.400  I0=0.300   V1=30.034  接收超时 0 Retry 2
2021-08-24 16:21:31.618：Mod_GetIdVer      0 Id=23539037 Fuse=0x0 V0=27.400  I0=0.300   V1=29.999  接收超时 0 Retry 3
2021-08-24 16:21:31.935：Mod_GetIdVer      0 Id=23539358 Fuse=0x0 V0=27.400  I0=0.300   V1=30.017  接收超时 0 Retry 4
2021-08-24 16:21:32.221：Mod_GetIdVer      0 Id=23539673 Fuse=0x0 V0=27.400  I0=0.300   V1=30.034  接收超时 0 Retry 5
2021-08-24 16:21:32.523：Mod_GetIdVer      0 Id=23539952 Fuse=0x0 V0=27.400  I0=0.300   V1=30.008  接收超时 0 Retry 6
2021-08-24 16:21:32.810：Mod_GetIdVer      0 Id=23540255 Fuse=0x0 V0=27.350  I0=0.300   V1=30.017  接收超时 0 Retry 7
2021-08-24 16:21:33.096：Mod_GetIdVer      0 Id=23540550 Fuse=0x0 V0=27.400  I0=0.300   V1=30.034  接收超时 0 Retry 8
2021-08-24 16:21:33.419：Mod_GetIdVer      1 Id=20160553 Fuse=0x1 V0=27.150  I0=45.000  V1=30.025  Retry 9
2021-08-24 16:21:36.627：Dev_Reset         1
2021-08-24 16:21:36.746：Dev_ModPower      1 OnOff=1
2021-08-24 16:21:37.970：Mod_GetIdVer      0 Id=23545410 Fuse=0x0 V0=27.400  I0=0.300   V1=30.008  接收超时 0
2021-08-24 16:21:38.256：Mod_GetIdVer      0 Id=23545702 Fuse=0x0 V0=27.400  I0=0.300   V1=30.017  接收超时 0 Retry 1
2021-08-24 16:21:38.542：Mod_GetIdVer      0 Id=23545994 Fuse=0x0 V0=27.400  I0=0.300   V1=30.008  接收超时 0 Retry 2
2021-08-24 16:21:38.829：Mod_GetIdVer      0 Id=23546284 Fuse=0x0 V0=27.400  I0=0.300   V1=29.999  接收超时 0 Retry 3
2021-08-24 16:21:39.115：Mod_GetIdVer      0 Id=23546555 Fuse=0x0 V0=27.400  I0=0.300   V1=30.025  接收超时 0 Retry 4
2021-08-24 16:21:39.401：Mod_GetIdVer      0 Id=23546853 Fuse=0x0 V0=27.400  I0=0.300   V1=29.884  接收超时 0 Retry 5
2021-08-24 16:21:39.739：Mod_GetIdVer      0 Id=23547139 Fuse=0x1 V0=27.350  I0=13.500  V1=30.008  接收超时 1 Retry 6
2021-08-24 16:21:40.042：Mod_GetIdVer      0 Id=23547480 Fuse=0x0 V0=27.350  I0=0.300   V1=30.034  接收超时 0 Retry 7
2021-08-24 16:21:40.328：Mod_GetIdVer      0 Id=23547783 Fuse=0x0 V0=27.400  I0=0.300   V1=30.008  接收超时 0 Retry 8
2021-08-24 16:21:40.614：Mod_GetIdVer      0 Id=23548070 Fuse=0x0 V0=27.400  I0=0.300   V1=29.990  接收超时 0 Retry 9
2021-08-24 16:21:40.900：Mod_GetIdVer      0 Id=23548352 Fuse=0x0 V0=27.400  I0=0.300   V1=30.105  接收超时 0 Retry 10
2021-08-24 16:22:15.793：Dev_Reset         1
2021-08-24 16:22:15.916：Dev_ModPower      1 OnOff=1
2021-08-24 16:22:17.134：Mod_GetIdVer      0 Id=23584584 Fuse=0x0 V0=27.400  I0=0.300   V1=30.034  接收超时 0
2021-08-24 16:22:17.421：Mod_GetIdVer      0 Id=23584878 Fuse=0x0 V0=27.400  I0=0.300   V1=30.025  接收超时 0 Retry 1
2021-08-24 16:22:17.711：Mod_GetIdVer      0 Id=23585153 Fuse=0x0 V0=27.400  I0=0.300   V1=30.017  接收超时 0 Retry 2
2021-08-24 16:22:18.012：Mod_GetIdVer      0 Id=23585450 Fuse=0x0 V0=27.400  I0=0.300   V1=30.025  接收超时 0 Retry 3
2021-08-24 16:22:18.314：Mod_GetIdVer      0 Id=23585755 Fuse=0x0 V0=27.400  I0=0.300   V1=29.990  接收超时 0 Retry 4
2021-08-24 16:22:18.616：Mod_GetIdVer      0 Id=23586057 Fuse=0x0 V0=27.400  I0=0.300   V1=30.017  接收超时 0 Retry 5
2021-08-24 16:22:18.903：Mod_GetIdVer      0 Id=23586361 Fuse=0x0 V0=27.350  I0=0.300   V1=30.017  接收超时 0 Retry 6
2021-08-24 16:22:19.204：Mod_GetIdVer      0 Id=23586638 Fuse=0x0 V0=27.350  I0=0.300   V1=29.990  接收超时 0 Retry 7
2021-08-24 16:22:19.491：Mod_GetIdVer      0 Id=23586947 Fuse=0x0 V0=27.400  I0=0.300   V1=30.008  接收超时 0 Retry 8
2021-08-24 16:22:19.777：Mod_GetIdVer      0 Id=23587213 Fuse=0x0 V0=27.350  I0=0.300   V1=30.034  接收超时 0 Retry 9
2021-08-24 16:22:20.064：Mod_GetIdVer      0 Id=23587521 Fuse=0x0 V0=36.550  I0=37.800  V1=30.017  接收超时 0 Retry 10
2021-08-24 16:22:23.626：Dev_Reset         1
2021-08-24 16:22:23.731：Dev_ModPower      1 OnOff=1
2021-08-24 16:22:24.946：Mod_GetIdVer      0 Id=23592397 Fuse=0x0 V0=27.450  I0=0.300   V1=30.043  接收超时 0
2021-08-24 16:22:25.233：Mod_GetIdVer      0 Id=23592687 Fuse=0x0 V0=27.400  I0=0.300   V1=30.017  接收超时 0 Retry 1
2021-08-24 16:22:25.520：Mod_GetIdVer      0 Id=23592977 Fuse=0x0 V0=27.400  I0=0.300   V1=30.017  接收超时 0 Retry 2
2021-08-24 16:22:25.809：Mod_GetIdVer      0 Id=23593252 Fuse=0x0 V0=27.400  I0=0.300   V1=30.025  接收超时 0 Retry 3
2021-08-24 16:22:26.096：Mod_GetIdVer      0 Id=23593550 Fuse=0x0 V0=27.400  I0=0.300   V1=30.008  接收超时 0 Retry 4
2021-08-24 16:22:26.382：Mod_GetIdVer      0 Id=23593839 Fuse=0x0 V0=36.500  I0=37.500  V1=30.034  接收超时 0 Retry 5
2021-08-24 16:22:26.684：Mod_GetIdVer      0 Id=23594122 Fuse=0x0 V0=27.400  I0=0.300   V1=29.990  接收超时 0 Retry 6
2021-08-24 16:22:26.985：Mod_GetIdVer      0 Id=23594428 Fuse=0x0 V0=27.400  I0=0.300   V1=30.043  接收超时 0 Retry 7
2021-08-24 16:22:27.287：Mod_GetIdVer      0 Id=23594729 Fuse=0x0 V0=27.400  I0=0.300   V1=29.990  接收超时 0 Retry 8
2021-08-24 16:22:27.588：Mod_GetIdVer      0 Id=23595031 Fuse=0x0 V0=27.400  I0=0.300   V1=30.034  接收超时 0 Retry 9
2021-08-24 16:22:27.890：Mod_GetIdVer      0 Id=23595328 Fuse=0x0 V0=27.400  I0=0.300   V1=30.008  接收超时 0 Retry 10
2021-08-24 16:22:51.153：Dev_Reset         1
2021-08-24 16:22:51.268：Dev_ModPower      1 OnOff=1
2021-08-24 16:22:52.493：Mod_GetIdVer      0 Id=23619931 Fuse=0x0 V0=27.400  I0=0.300   V1=30.017  接收超时 0
2021-08-24 16:22:52.779：Mod_GetIdVer      0 Id=23620235 Fuse=0x0 V0=27.400  I0=0.300   V1=30.025  接收超时 0 Retry 1
2021-08-24 16:22:53.066：Mod_GetIdVer      0 Id=23620524 Fuse=0x0 V0=27.400  I0=0.300   V1=30.043  接收超时 0 Retry 2
2021-08-24 16:22:53.352：Mod_GetIdVer      0 Id=23620808 Fuse=0x0 V0=27.400  I0=0.300   V1=30.008  接收超时 0 Retry 3
2021-08-24 16:22:53.639：Mod_GetIdVer      0 Id=23621095 Fuse=0x0 V0=27.400  I0=0.300   V1=30.008  接收超时 0 Retry 4
2021-08-24 16:22:53.925：Mod_GetIdVer      0 Id=23621383 Fuse=0x0 V0=27.400  I0=0.300   V1=30.034  接收超时 0 Retry 5
2021-08-24 16:22:54.212：Mod_GetIdVer      0 Id=23621668 Fuse=0x0 V0=27.400  I0=0.300   V1=30.008  接收超时 0 Retry 6
2021-08-24 16:22:54.497：Mod_GetIdVer      0 Id=23621955 Fuse=0x0 V0=27.400  I0=0.300   V1=30.017  接收超时 0 Retry 7
2021-08-24 16:22:54.799：Mod_GetIdVer      0 Id=23622240 Fuse=0x0 V0=27.450  I0=0.300   V1=30.043  接收超时 0 Retry 8
2021-08-24 16:22:55.101：Mod_GetIdVer      0 Id=23622545 Fuse=0x0 V0=27.400  I0=0.300   V1=30.017  接收超时 0 Retry 9
2021-08-24 16:22:55.388：Mod_GetIdVer      0 Id=23622845 Fuse=0x0 V0=27.400  I0=0.300   V1=30.025  接收超时 0 Retry 10
2021-08-24 16:22:59.060：Dev_Reset         1
2021-08-24 16:22:59.168：Dev_ModPower      1 OnOff=1
2021-08-24 16:23:00.383：Mod_GetIdVer      0 Id=23627834 Fuse=0x0 V0=27.400  I0=0.300   V1=29.999  接收超时 0
2021-08-24 16:23:00.669：Mod_GetIdVer      0 Id=23628130 Fuse=0x0 V0=27.450  I0=0.300   V1=30.079  接收超时 0 Retry 1
2021-08-24 16:23:00.955：Mod_GetIdVer      0 Id=23628412 Fuse=0x0 V0=27.400  I0=0.300   V1=30.043  接收超时 0 Retry 2
2021-08-24 16:23:01.256：Mod_GetIdVer      0 Id=23628697 Fuse=0x0 V0=27.400  I0=0.300   V1=30.088  接收超时 0 Retry 3
2021-08-24 16:23:01.543：Mod_GetIdVer      0 Id=23628999 Fuse=0x0 V0=27.400  I0=0.300   V1=30.034  接收超时 0 Retry 4
2021-08-24 16:23:01.844：Mod_GetIdVer      0 Id=23629287 Fuse=0x0 V0=27.400  I0=0.300   V1=30.034  接收超时 0 Retry 5
2021-08-24 16:23:02.131：Mod_GetIdVer      0 Id=23629587 Fuse=0x0 V0=27.400  I0=0.300   V1=30.034  接收超时 0 Retry 6
2021-08-24 16:23:02.417：Mod_GetIdVer      0 Id=23629873 Fuse=0x0 V0=27.400  I0=0.300   V1=30.025  接收超时 0 Retry 7
2021-08-24 16:23:02.704：Mod_GetIdVer      0 Id=23630156 Fuse=0x0 V0=27.450  I0=0.300   V1=29.990  接收超时 0 Retry 8
2021-08-24 16:23:03.006：Mod_GetIdVer      0 Id=23630447 Fuse=0x0 V0=27.400  I0=0.300   V1=30.025  接收超时 0 Retry 9
2021-08-24 16:23:03.308：Mod_GetIdVer      0 Id=23630753 Fuse=0x0 V0=27.400  I0=0.300   V1=30.008  接收超时 0 Retry 10
2021-08-24 16:23:16.648：Dev_Reset         0
2021-08-24 16:23:20.085：Dev_GetInfo       0 Id=0 Ver=0x0 Baudrate=0
2021-08-24 16:23:21.148：Dev_Reset         0
2021-08-24 16:23:22.007：Dev_GetInfo       0 Id=0 Ver=0x0 Baudrate=0
2021-08-24 16:23:22.811：Dev_Reset         0
2021-08-24 16:23:23.616：Dev_GetInfo       0 Id=0 Ver=0x0 Baudrate=0
2021-08-24 16:23:24.388：Dev_Reset         0
2021-08-24 16:23:25.004：Dev_GetInfo       1 Id=201313 Ver=0x2C Baudrate=460800
2021-08-24 16:23:25.957：Dev_Reset         1
2021-08-24 16:23:26.759：Dev_GetInfo       1 Id=201313 Ver=0x2C Baudrate=460800
2021-08-24 16:23:29.320：Dev_Reset         1
2021-08-24 16:23:30.634：Dev_Reset         1
2021-08-24 16:23:30.745：Dev_ModPower      1 OnOff=1
2021-08-24 16:23:31.961：Mod_GetIdVer      0 Id=20013215 Fuse=0x0 V0=27.400  I0=0.300   V1=30.052  接收超时 0
2021-08-24 16:23:32.262：Mod_GetIdVer      0 Id=20013489 Fuse=0x0 V0=27.400  I0=0.300   V1=30.034  接收超时 0 Retry 1
2021-08-24 16:23:32.549：Mod_GetIdVer      0 Id=20013805 Fuse=0x0 V0=27.400  I0=0.300   V1=30.008  接收超时 0 Retry 2
2021-08-24 16:23:32.835：Mod_GetIdVer      0 Id=20014087 Fuse=0x0 V0=27.400  I0=0.300   V1=30.025  接收超时 0 Retry 3
2021-08-24 16:23:33.121：Mod_GetIdVer      0 Id=20014372 Fuse=0x0 V0=27.450  I0=0.300   V1=29.990  接收超时 0 Retry 4
2021-08-24 16:23:33.424：Mod_GetIdVer      0 Id=20014663 Fuse=0x0 V0=27.450  I0=0.300   V1=30.052  接收超时 0 Retry 5
2021-08-24 16:23:33.710：Mod_GetIdVer      0 Id=20014959 Fuse=0x0 V0=27.450  I0=0.300   V1=30.008  接收超时 0 Retry 6
2021-08-24 16:23:33.997：Mod_GetIdVer      0 Id=20015252 Fuse=0x0 V0=27.400  I0=0.300   V1=29.990  接收超时 0 Retry 7
2021-08-24 16:23:34.283：Mod_GetIdVer      0 Id=20015539 Fuse=0x0 V0=27.450  I0=0.300   V1=30.017  接收超时 0 Retry 8
2021-08-24 16:23:34.569：Mod_GetIdVer      0 Id=20015813 Fuse=0x0 V0=27.400  I0=0.300   V1=30.043  接收超时 0 Retry 9
2021-08-24 16:23:34.855：Mod_GetIdVer      0 Id=20016115 Fuse=0x0 V0=27.400  I0=0.300   V1=30.017  接收超时 0 Retry 10
2021-08-24 16:23:37.936：Dev_Reset         1
2021-08-24 16:23:38.044：Dev_ModPower      1 OnOff=1
2021-08-24 16:23:39.261：Mod_GetIdVer      0 Id=20020521 Fuse=0x0 V0=27.450  I0=0.300   V1=30.025  接收超时 0
2021-08-24 16:23:39.548：Mod_GetIdVer      0 Id=20020807 Fuse=0x0 V0=27.400  I0=0.300   V1=30.008  接收超时 0 Retry 1
2021-08-24 16:23:39.850：Mod_GetIdVer      0 Id=20021089 Fuse=0x0 V0=27.450  I0=0.300   V1=30.034  接收超时 0 Retry 2
2021-08-24 16:23:40.136：Mod_GetIdVer      0 Id=20021393 Fuse=0x0 V0=27.450  I0=0.300   V1=30.017  接收超时 0 Retry 3
2021-08-24 16:23:40.423：Mod_GetIdVer      0 Id=20021681 Fuse=0x0 V0=27.450  I0=0.300   V1=30.088  接收超时 0 Retry 4
2021-08-24 16:23:40.725：Mod_GetIdVer      0 Id=20021969 Fuse=0x0 V0=27.450  I0=0.300   V1=30.017  接收超时 0 Retry 5
2021-08-24 16:23:41.011：Mod_GetIdVer      0 Id=20022266 Fuse=0x0 V0=27.450  I0=0.300   V1=30.008  接收超时 0 Retry 6
2021-08-24 16:23:41.297：Mod_GetIdVer      0 Id=20022553 Fuse=0x0 V0=27.400  I0=0.300   V1=30.061  接收超时 0 Retry 7
2021-08-24 16:23:41.584：Mod_GetIdVer      0 Id=20022834 Fuse=0x0 V0=27.450  I0=0.300   V1=29.999  接收超时 0 Retry 8
2021-08-24 16:23:41.881：Mod_GetIdVer      0 Id=20023126 Fuse=0x0 V0=27.400  I0=0.300   V1=30.079  接收超时 0 Retry 9
2021-08-24 16:23:42.182：Mod_GetIdVer      0 Id=20023427 Fuse=0x0 V0=27.400  I0=0.300   V1=30.034  接收超时 0 Retry 10
2021-08-24 16:24:08.940：WARN_VoltCurr     1 Code=16 V0=0.000   I0=0.000   V1=30.008 
2021-08-24 16:24:14.239：Dev_Reset         1
2021-08-24 16:24:14.355：Dev_ModPower      1 OnOff=1
2021-08-24 16:24:15.586：Mod_GetIdVer      0 Id=20056840 Fuse=0x0 V0=27.400  I0=0.300   V1=29.999  接收超时 0
2021-08-24 16:24:15.893：Mod_GetIdVer      1 Id=20134139 Fuse=0x1 V0=27.150  I0=44.100  V1=30.017  Retry 1
2021-08-24 16:24:15.999：Mod_NextCtrlOn    1 Id=20134139 V0=27.150  I0=44.100  V1=30.079 
2021-08-24 16:24:16.242：Mod_GetIdVer      0 Id=20057487 Fuse=0x0 V0=27.400  I0=0.300   V1=30.025  接收超时 0
2021-08-24 16:24:16.567：Mod_GetIdVer      0 Id=20057786 Fuse=0x0 V0=27.400  I0=0.600   V1=30.025  接收超时 0 Retry 1
2021-08-24 16:24:16.853：Mod_GetIdVer      0 Id=20058113 Fuse=0x0 V0=27.450  I0=0.300   V1=30.008  接收超时 0 Retry 2
2021-08-24 16:24:17.139：Mod_GetIdVer      0 Id=20058397 Fuse=0x0 V0=27.400  I0=0.300   V1=30.008  接收超时 0 Retry 3
2021-08-24 16:24:17.440：Mod_GetIdVer      0 Id=20058686 Fuse=0x0 V0=27.450  I0=0.600   V1=30.034  接收超时 0 Retry 4
2021-08-24 16:24:17.743：Mod_GetIdVer      0 Id=20058990 Fuse=0x0 V0=27.400  I0=0.300   V1=30.025  接收超时 0 Retry 5
2021-08-24 16:24:18.029：Mod_GetIdVer      0 Id=20059290 Fuse=0x0 V0=27.400  I0=0.300   V1=29.990  接收超时 0 Retry 6
2021-08-24 16:24:18.330：Mod_GetIdVer      0 Id=20059574 Fuse=0x0 V0=27.350  I0=0.300   V1=30.034  接收超时 0 Retry 7
2021-08-24 16:24:18.633：Mod_GetIdVer      0 Id=20059870 Fuse=0x0 V0=27.400  I0=0.300   V1=30.017  接收超时 0 Retry 8
2021-08-24 16:24:18.919：Mod_GetIdVer      0 Id=20060181 Fuse=0x0 V0=27.400  I0=0.300   V1=30.043  接收超时 0 Retry 9
2021-08-24 16:24:19.205：Mod_GetIdVer      0 Id=20060465 Fuse=0x0 V0=27.400  I0=0.300   V1=30.034  接收超时 0 Retry 10
2021-08-24 16:24:24.828：WARN_VoltCurr     1 Code=16 V0=0.000   I0=0.000   V1=30.008 
2021-08-24 16:24:42.500：Dev_Reset         1
2021-08-24 16:24:42.606：Dev_ModPower      1 OnOff=1
2021-08-24 16:24:43.821：Mod_GetIdVer      0 Id=20085086 Fuse=0x0 V0=27.400  I0=0.300   V1=30.017  接收超时 0
2021-08-24 16:24:44.109：Mod_GetIdVer      0 Id=20085368 Fuse=0x0 V0=27.350  I0=0.300   V1=30.017  接收超时 0 Retry 1
2021-08-24 16:24:44.395：Mod_GetIdVer      0 Id=20085659 Fuse=0x0 V0=27.400  I0=0.300   V1=29.963  接收超时 0 Retry 2
2021-08-24 16:24:44.682：Mod_GetIdVer      0 Id=20085945 Fuse=0x0 V0=27.400  I0=0.300   V1=29.990  接收超时 0 Retry 3
2021-08-24 16:24:44.981：Mod_GetIdVer      0 Id=20086229 Fuse=0x0 V0=27.400  I0=0.300   V1=30.043  接收超时 0 Retry 4
2021-08-24 16:24:45.268：Mod_GetIdVer      0 Id=20086527 Fuse=0x0 V0=27.400  I0=0.300   V1=30.008  接收超时 0 Retry 5
2021-08-24 16:24:45.569：Mod_GetIdVer      0 Id=20086808 Fuse=0x0 V0=27.400  I0=0.300   V1=30.017  接收超时 0 Retry 6
2021-08-24 16:24:45.871：Mod_GetIdVer      0 Id=20087116 Fuse=0x0 V0=27.400  I0=0.300   V1=30.017  接收超时 0 Retry 7
2021-08-24 16:24:46.157：Mod_GetIdVer      0 Id=20087417 Fuse=0x0 V0=27.400  I0=0.300   V1=30.017  接收超时 0 Retry 8
2021-08-24 16:24:46.445：Mod_GetIdVer      0 Id=20087692 Fuse=0x0 V0=27.400  I0=0.300   V1=30.017  接收超时 0 Retry 9
2021-08-24 16:24:46.746：Mod_GetIdVer      0 Id=20087990 Fuse=0x0 V0=27.400  I0=0.300   V1=30.034  接收超时 0 Retry 10
2021-08-24 16:25:10.222：Dev_Reset         1
2021-08-24 16:25:10.325：Dev_ModPower      1 OnOff=1
2021-08-24 16:25:11.575：Mod_GetIdVer      1 Id=20160591 Fuse=0x1 V0=27.100  I0=45.000  V1=30.025 
2021-08-24 16:25:11.682：Mod_NextCtrlOn    1 Id=20160591 V0=27.100  I0=45.000  V1=30.017 
2021-08-24 16:25:11.913：Mod_GetIdVer      0 Id=20113157 Fuse=0x0 V0=27.400  I0=0.300   V1=30.008  接收超时 0
2021-08-24 16:25:12.216：Mod_GetIdVer      0 Id=20113465 Fuse=0x0 V0=27.400  I0=0.300   V1=30.025  接收超时 0 Retry 1
2021-08-24 16:25:12.517：Mod_GetIdVer      0 Id=20113753 Fuse=0x0 V0=27.400  I0=0.600   V1=30.008  接收超时 0 Retry 2
2021-08-24 16:25:12.833：Mod_GetIdVer      0 Id=20114068 Fuse=0x0 V0=27.400  I0=0.300   V1=30.025  接收超时 0 Retry 3
2021-08-24 16:25:13.135：Mod_GetIdVer      0 Id=20114379 Fuse=0x0 V0=27.400  I0=0.300   V1=29.999  接收超时 0 Retry 4
2021-08-24 16:25:13.437：Mod_GetIdVer      0 Id=20114677 Fuse=0x0 V0=27.400  I0=0.300   V1=29.955  接收超时 0 Retry 5
2021-08-24 16:25:13.723：Mod_GetIdVer      0 Id=20114987 Fuse=0x0 V0=27.400  I0=0.300   V1=30.025  接收超时 0 Retry 6
2021-08-24 16:25:14.010：Mod_GetIdVer      0 Id=20115271 Fuse=0x0 V0=27.400  I0=0.300   V1=30.008  接收超时 0 Retry 7
2021-08-24 16:25:14.311：Mod_GetIdVer      0 Id=20115552 Fuse=0x0 V0=27.400  I0=0.600   V1=30.061  接收超时 0 Retry 8
2021-08-24 16:25:14.613：Mod_GetIdVer      0 Id=20115844 Fuse=0x0 V0=27.400  I0=0.300   V1=30.025  接收超时 0 Retry 9
2021-08-24 16:25:14.915：Mod_GetIdVer      0 Id=20116155 Fuse=0x0 V0=27.400  I0=0.600   V1=30.017  接收超时 0 Retry 10
2021-08-24 16:25:22.694：Dev_Reset         1
2021-08-24 16:25:22.808：Dev_ModPower      1 OnOff=1
2021-08-24 16:25:24.024：Mod_GetIdVer      0 Id=20125283 Fuse=0x0 V0=27.400  I0=0.300   V1=30.017  接收超时 0
2021-08-24 16:25:24.310：Mod_GetIdVer      0 Id=20125577 Fuse=0x0 V0=27.350  I0=0.300   V1=30.052  接收超时 0 Retry 1
2021-08-24 16:25:24.599：Mod_GetIdVer      0 Id=20125850 Fuse=0x0 V0=27.400  I0=0.300   V1=30.043  接收超时 0 Retry 2
2021-08-24 16:25:24.886：Mod_GetIdVer      0 Id=20126153 Fuse=0x0 V0=36.500  I0=36.900  V1=30.034  接收超时 0 Retry 3
2021-08-24 16:25:25.173：Mod_GetIdVer      0 Id=20126439 Fuse=0x0 V0=27.400  I0=0.300   V1=30.025  接收超时 0 Retry 4
2021-08-24 16:25:25.475：Mod_GetIdVer      0 Id=20126725 Fuse=0x0 V0=27.400  I0=0.300   V1=30.008  接收超时 0 Retry 5
2021-08-24 16:25:25.761：Mod_GetIdVer      0 Id=20127024 Fuse=0x0 V0=27.400  I0=0.300   V1=30.017  接收超时 0 Retry 6
2021-08-24 16:25:26.062：Mod_GetIdVer      0 Id=20127311 Fuse=0x0 V0=27.400  I0=0.300   V1=30.017  接收超时 0 Retry 7
2021-08-24 16:25:26.364：Mod_GetIdVer      0 Id=20127606 Fuse=0x0 V0=27.350  I0=0.300   V1=30.025  接收超时 0 Retry 8
2021-08-24 16:25:26.650：Mod_GetIdVer      0 Id=20127908 Fuse=0x0 V0=27.400  I0=0.300   V1=30.017  接收超时 0 Retry 9
2021-08-24 16:25:26.952：Mod_GetIdVer      0 Id=20128195 Fuse=0x0 V0=27.450  I0=0.300   V1=30.008  接收超时 0 Retry 10
2021-08-24 16:27:59.656：Dev_Reset         1
2021-08-24 16:27:59.762：Dev_ModPower      1 OnOff=1
2021-08-24 16:28:00.993：Mod_GetIdVer      0 Id=20282249 Fuse=0x0 V0=27.350  I0=0.300   V1=30.017  接收超时 0
2021-08-24 16:28:01.280：Mod_GetIdVer      0 Id=20282546 Fuse=0x0 V0=27.350  I0=0.300   V1=30.017  接收超时 0 Retry 1
2021-08-24 16:28:01.570：Mod_GetIdVer      0 Id=20282831 Fuse=0x0 V0=27.400  I0=0.300   V1=30.008  接收超时 0 Retry 2
2021-08-24 16:28:01.856：Mod_GetIdVer      0 Id=20283129 Fuse=0x0 V0=27.350  I0=0.300   V1=29.999  接收超时 0 Retry 3
2021-08-24 16:28:02.143：Mod_GetIdVer      0 Id=20283419 Fuse=0x0 V0=27.400  I0=0.300   V1=30.043  接收超时 0 Retry 4
2021-08-24 16:28:02.445：Mod_GetIdVer      0 Id=20283697 Fuse=0x0 V0=27.350  I0=0.300   V1=30.008  接收超时 0 Retry 5
2021-08-24 16:28:02.731：Mod_GetIdVer      0 Id=20284007 Fuse=0x0 V0=27.400  I0=0.300   V1=29.990  接收超时 0 Retry 6
2021-08-24 16:28:03.018：Mod_GetIdVer      0 Id=20284290 Fuse=0x0 V0=36.600  I0=37.200  V1=30.025  接收超时 0 Retry 7
2021-08-24 16:28:03.320：Mod_GetIdVer      0 Id=20284577 Fuse=0x0 V0=27.400  I0=0.300   V1=29.990  接收超时 0 Retry 8
2021-08-24 16:28:03.606：Mod_GetIdVer      0 Id=20284881 Fuse=0x0 V0=27.400  I0=0.300   V1=29.981  接收超时 0 Retry 9
2021-08-24 16:28:03.907：Mod_GetIdVer      0 Id=20285163 Fuse=0x0 V0=27.400  I0=0.300   V1=29.999  接收超时 0 Retry 10
2021-08-24 16:28:26.058：Dev_Reset         1
2021-08-24 16:28:26.168：Dev_ModPower      1 OnOff=1
2021-08-24 16:28:27.404：Mod_GetIdVer      1 Id=20160591 Fuse=0x1 V0=27.100  I0=44.400  V1=30.105 
2021-08-24 16:28:27.511：Mod_NextCtrlOn    1 Id=20160591 V0=27.100  I0=44.400  V1=29.999 
2021-08-24 16:28:27.727：Mod_GetIdVer      0 Id=20309003 Fuse=0x0 V0=27.400  I0=0.300   V1=30.034  接收超时 0
2021-08-24 16:28:28.028：Mod_GetIdVer      0 Id=20309281 Fuse=0x0 V0=27.400  I0=0.300   V1=30.034  接收超时 0 Retry 1
2021-08-24 16:28:28.315：Mod_GetIdVer      0 Id=20309582 Fuse=0x0 V0=27.400  I0=0.300   V1=29.999  接收超时 0 Retry 2
2021-08-24 16:28:28.602：Mod_GetIdVer      0 Id=20309877 Fuse=0x0 V0=27.400  I0=0.600   V1=30.025  接收超时 0 Retry 3
2021-08-24 16:28:28.903：Mod_GetIdVer      0 Id=20310165 Fuse=0x0 V0=27.400  I0=0.300   V1=30.034  接收超时 0 Retry 4
2021-08-24 16:28:29.205：Mod_GetIdVer      0 Id=20310465 Fuse=0x0 V0=27.400  I0=0.300   V1=30.025  接收超时 0 Retry 5
2021-08-24 16:28:29.507：Mod_GetIdVer      0 Id=20310768 Fuse=0x0 V0=27.350  I0=0.300   V1=30.017  接收超时 0 Retry 6
2021-08-24 16:28:29.808：Mod_GetIdVer      0 Id=20311061 Fuse=0x0 V0=27.400  I0=0.300   V1=30.052  接收超时 0 Retry 7
2021-08-24 16:28:30.095：Mod_GetIdVer      0 Id=20311369 Fuse=0x0 V0=27.350  I0=0.300   V1=30.025  接收超时 0 Retry 8
2021-08-24 16:28:30.398：Mod_GetIdVer      0 Id=20311656 Fuse=0x0 V0=27.400  I0=0.300   V1=30.043  接收超时 0 Retry 9
2021-08-24 16:28:30.699：Mod_GetIdVer      0 Id=20311956 Fuse=0x0 V0=27.400  I0=0.300   V1=30.043  接收超时 0 Retry 10
2021-08-24 16:29:03.913：Dev_Reset         1
2021-08-24 16:29:07.004：Dev_Reset         1
2021-08-24 16:29:07.104：Dev_ModPower      1 OnOff=1
2021-08-24 16:29:08.336：Mod_GetIdVer      0 Id=20349598 Fuse=0x0 V0=27.400  I0=0.900   V1=30.034  接收超时 0
2021-08-24 16:29:08.638：Mod_GetIdVer      0 Id=20349878 Fuse=0x0 V0=27.400  I0=0.900   V1=30.034  接收超时 0 Retry 1
2021-08-24 16:29:08.925：Mod_GetIdVer      0 Id=20350195 Fuse=0x0 V0=27.400  I0=0.900   V1=30.025  接收超时 0 Retry 2
2021-08-24 16:29:09.226：Mod_GetIdVer      0 Id=20350483 Fuse=0x0 V0=27.350  I0=0.900   V1=30.008  接收超时 0 Retry 3
2021-08-24 16:29:09.528：Mod_GetIdVer      0 Id=20350792 Fuse=0x0 V0=27.400  I0=0.900   V1=30.034  接收超时 0 Retry 4
2021-08-24 16:29:09.815：Mod_GetIdVer      0 Id=20351093 Fuse=0x0 V0=27.400  I0=0.900   V1=30.025  接收超时 0 Retry 5
2021-08-24 16:29:10.116：Mod_GetIdVer      0 Id=20351381 Fuse=0x0 V0=27.400  I0=0.900   V1=30.025  接收超时 0 Retry 6
2021-08-24 16:29:10.403：Mod_GetIdVer      0 Id=20351675 Fuse=0x0 V0=27.400  I0=0.900   V1=30.034  接收超时 0 Retry 7
2021-08-24 16:29:10.705：Mod_GetIdVer      0 Id=20351969 Fuse=0x0 V0=27.400  I0=1.200   V1=30.008  接收超时 0 Retry 8
2021-08-24 16:29:11.006：Mod_GetIdVer      0 Id=20352262 Fuse=0x0 V0=27.400  I0=1.200   V1=30.008  接收超时 0 Retry 9
2021-08-24 16:29:11.307：Mod_GetIdVer      0 Id=20352569 Fuse=0x0 V0=27.400  I0=0.900   V1=29.999  接收超时 0 Retry 10
2021-08-24 16:30:05.254：Dev_Reset         1
2021-08-24 16:30:05.368：Dev_ModPower      1 OnOff=1
2021-08-24 16:30:06.592：Mod_GetIdVer      1 Id=20160591 Fuse=0x1 V0=27.100  I0=43.500  V1=30.043 
2021-08-24 16:30:06.683：Mod_NextCtrlOn    1 Id=20160591 V0=27.100  I0=43.500  V1=30.017 
2021-08-24 16:30:06.916：Mod_GetIdVer      0 Id=20408194 Fuse=0x0 V0=27.350  I0=0.300   V1=30.017  接收超时 0
2021-08-24 16:30:07.217：Mod_GetIdVer      0 Id=20408476 Fuse=0x0 V0=27.400  I0=0.300   V1=30.008  接收超时 0 Retry 1
2021-08-24 16:30:07.503：Mod_GetIdVer      0 Id=20408776 Fuse=0x0 V0=27.400  I0=0.300   V1=30.008  接收超时 0 Retry 2
2021-08-24 16:30:07.805：Mod_GetIdVer      0 Id=20409073 Fuse=0x0 V0=27.450  I0=0.300   V1=30.025  接收超时 0 Retry 3
2021-08-24 16:30:08.091：Mod_GetIdVer      0 Id=20409372 Fuse=0x0 V0=27.400  I0=0.300   V1=30.025  接收超时 0 Retry 4
2021-08-24 16:30:08.377：Mod_GetIdVer      0 Id=20409657 Fuse=0x0 V0=27.400  I0=0.300   V1=30.043  接收超时 0 Retry 5
2021-08-24 16:30:08.679：Mod_GetIdVer      0 Id=20409938 Fuse=0x0 V0=27.350  I0=0.300   V1=29.981  接收超时 0 Retry 6
2021-08-24 16:30:08.980：Mod_GetIdVer      0 Id=20410248 Fuse=0x0 V0=27.400  I0=0.600   V1=29.999  接收超时 0 Retry 7
2021-08-24 16:30:09.283：Mod_GetIdVer      0 Id=20410529 Fuse=0x0 V0=27.400  I0=0.300   V1=30.017  接收超时 0 Retry 8
2021-08-24 16:30:09.584：Mod_GetIdVer      0 Id=20410843 Fuse=0x0 V0=27.350  I0=0.300   V1=30.025  接收超时 0 Retry 9
2021-08-24 16:30:09.875：Mod_GetIdVer      0 Id=20411144 Fuse=0x0 V0=27.400  I0=0.300   V1=30.017  接收超时 0 Retry 10
2021-08-24 16:30:17.417：Dev_Reset         1
2021-08-24 16:30:25.393：Dev_Reset         1
2021-08-24 16:30:25.497：Dev_ModPower      1 OnOff=1
2021-08-24 16:30:26.732：Mod_GetIdVer      1 Id=20160591 Fuse=0x1 V0=27.150  I0=43.200  V1=30.008 
2021-08-24 16:30:26.755：Dev_LEDCtrl       1 No=1 OnOff=0
2021-08-24 16:30:32.792：Dev_Reset         1
2021-08-24 16:30:32.918：Dev_ModPower      1 OnOff=1
2021-08-24 16:30:34.161：Mod_GetIdVer      1 Id=20160591 Fuse=0x1 V0=27.150  I0=43.800  V1=30.070 
2021-08-24 16:30:34.194：Dev_LEDCtrl       1 No=1 OnOff=0
2021-08-24 16:30:38.846：Dev_Reset         1
2021-08-24 16:30:38.949：Dev_ModPower      1 OnOff=1
2021-08-24 16:30:40.186：Mod_GetIdVer      1 Id=20160591 Fuse=0x1 V0=27.100  I0=45.600  V1=30.034 
2021-08-24 16:30:40.204：Dev_LEDCtrl       1 No=1 OnOff=0
2021-08-24 16:30:56.540：Dev_Reset         1
2021-08-24 16:30:56.652：Dev_ModPower      1 OnOff=1
2021-08-24 16:30:57.904：Mod_GetIdVer      1 Id=20160591 Fuse=0x1 V0=27.100  I0=41.400  V1=29.990 
2021-08-24 16:30:57.921：Dev_LEDCtrl       1 No=1 OnOff=0
2021-08-24 16:31:08.556：Dev_Reset         1
2021-08-24 16:31:08.668：Dev_ModPower      1 OnOff=1
2021-08-24 16:31:09.919：Mod_GetIdVer      1 Id=20160591 Fuse=0x1 V0=27.100  I0=42.300  V1=29.999 
2021-08-24 16:31:09.937：Dev_LEDCtrl       1 No=1 OnOff=0
2021-08-24 16:31:18.138：Dev_Reset         1
2021-08-24 16:31:18.250：Dev_ModPower      1 OnOff=1
2021-08-24 16:31:19.482：Mod_GetIdVer      1 Id=20160591 Fuse=0x1 V0=27.150  I0=42.900  V1=30.017 
2021-08-24 16:31:19.505：Dev_LEDCtrl       1 No=1 OnOff=0
2021-08-24 16:31:54.416：Dev_Reset         1
2021-08-24 16:31:54.527：Dev_ModPower      1 OnOff=1
2021-08-24 16:31:55.779：Mod_GetIdVer      1 Id=20160591 Fuse=0x1 V0=27.100  I0=44.400  V1=30.017 
2021-08-24 16:31:55.797：Dev_LEDCtrl       1 No=1 OnOff=0
2021-08-24 16:31:58.568：Dev_Reset         1
2021-08-24 16:31:58.668：Dev_ModPower      1 OnOff=1
2021-08-24 16:31:59.920：Mod_GetIdVer      1 Id=20160591 Fuse=0x1 V0=27.100  I0=44.400  V1=30.017 
2021-08-24 16:31:59.953：Dev_LEDCtrl       1 No=1 OnOff=0
2021-08-24 16:32:52.928：Dev_Reset         1
2021-08-24 16:32:53.027：Dev_ModPower      1 OnOff=1
2021-08-24 16:32:54.265：Mod_GetIdVer      1 Id=20160591 Fuse=0x1 V0=27.100  I0=42.900  V1=30.034 
2021-08-24 16:32:54.288：Dev_LEDCtrl       1 No=1 OnOff=0
2021-08-24 16:34:30.708：Dev_Reset         1
2021-08-24 16:34:36.014：Dev_Reset         1
2021-08-24 16:34:36.137：Dev_ModPower      1 OnOff=1
2021-08-24 16:34:37.373：Mod_GetIdVer      1 Id=20160591 Fuse=0x1 V0=27.100  I0=44.400  V1=29.999 
2021-08-24 16:34:37.480：Mod_NextCtrlOn    1 Id=20160591 V0=27.100  I0=44.400  V1=30.017 
2021-08-24 16:34:37.717：Mod_GetIdVer      1 Id=20160570 Fuse=0x1 V0=27.100  I0=45.000  V1=30.008 
2021-08-24 16:34:37.739：Dev_LEDCtrl       1 No=1 OnOff=0
2021-08-24 16:35:06.518：Dev_Reset         1
2021-08-24 16:35:06.622：Dev_ModPower      1 OnOff=1
2021-08-24 16:35:07.872：Mod_GetIdVer      1 Id=20160591 Fuse=0x1 V0=27.050  I0=46.200  V1=30.025 
2021-08-24 16:35:07.978：Mod_NextCtrlOn    1 Id=20160591 V0=27.050  I0=46.200  V1=30.008 
2021-08-24 16:35:08.232：Mod_GetIdVer      1 Id=20160591 Fuse=0x1 V0=27.100  I0=44.100  V1=29.999 
2021-08-24 16:35:13.669：Dev_Reset         1
2021-08-24 16:35:13.777：Dev_ModPower      1 OnOff=1
2021-08-24 16:35:14.993：Mod_GetIdVer      0 Id=20716287 Fuse=0x0 V0=27.400  I0=0.300   V1=30.017  接收超时 0
2021-08-24 16:35:15.280：Mod_GetIdVer      0 Id=20716582 Fuse=0x0 V0=27.350  I0=0.300   V1=30.008  接收超时 0 Retry 1
2021-08-24 16:35:15.581：Mod_GetIdVer      0 Id=20716847 Fuse=0x0 V0=27.350  I0=0.300   V1=30.017  接收超时 0 Retry 2
2021-08-24 16:35:15.868：Mod_GetIdVer      0 Id=20717152 Fuse=0x0 V0=27.350  I0=0.300   V1=30.043  接收超时 0 Retry 3
2021-08-24 16:35:16.258：Mod_GetIdVer      0 Id=20717456 Fuse=0x41 V0=27.100  I0=45.900  V1=30.008  接收超时 65 Retry 4
2021-08-24 16:35:16.581：Mod_GetIdVer      1 Id=20160591 Fuse=0x1 V0=27.100  I0=46.200  V1=30.025  Retry 5
2021-08-24 16:35:16.687：Mod_NextCtrlOn    1 Id=20160591 V0=27.100  I0=46.200  V1=30.017 
2021-08-24 16:35:16.935：Mod_GetIdVer      1 Id=20160591 Fuse=0x1 V0=27.100  I0=46.200  V1=30.025 
2021-08-24 16:35:25.931：Dev_Reset         1
2021-08-24 16:35:26.027：Dev_ModPower      1 OnOff=1
2021-08-24 16:35:27.279：Mod_GetIdVer      1 Id=20160591 Fuse=0x1 V0=27.100  I0=44.100  V1=30.017 
2021-08-24 16:35:27.386：Mod_NextCtrlOn    1 Id=20160591 V0=27.100  I0=44.100  V1=30.017 
2021-08-24 16:35:27.617：Mod_GetIdVer      0 Id=20728916 Fuse=0x0 V0=27.400  I0=0.300   V1=29.999  接收超时 0
2021-08-24 16:35:27.924：Mod_GetIdVer      1 Id=20160570 Fuse=0x1 V0=27.050  I0=45.000  V1=29.990  Retry 1
2021-08-24 16:35:27.943：Dev_LEDCtrl       1 No=1 OnOff=0
2021-08-24 16:36:07.313：Dev_Reset         1
2021-08-24 16:36:07.418：Dev_ModPower      1 OnOff=1
2021-08-24 16:36:08.670：Mod_GetIdVer      1 Id=20160591 Fuse=0x1 V0=27.100  I0=42.600  V1=29.999 
2021-08-24 16:36:08.760：Mod_NextCtrlOn    1 Id=20160591 V0=27.100  I0=42.600  V1=30.025 
2021-08-24 16:36:09.010：Mod_GetIdVer      1 Id=20160570 Fuse=0x1 V0=27.100  I0=45.600  V1=30.017 
2021-08-24 16:36:09.031：Dev_LEDCtrl       1 No=1 OnOff=0
2021-08-24 16:37:23.558：Dev_Reset         1
2021-08-24 16:37:23.682：Dev_ModPower      1 OnOff=1
2021-08-24 16:37:24.927：Mod_GetIdVer      1 Id=20160591 Fuse=0x1 V0=27.100  I0=45.000  V1=29.981 
2021-08-24 16:37:25.033：Mod_NextCtrlOn    1 Id=20160591 V0=27.100  I0=45.000  V1=30.025 
2021-08-24 16:37:25.295：Mod_GetIdVer      1 Id=20160570 Fuse=0x1 V0=27.100  I0=44.100  V1=30.025 
2021-08-24 16:37:25.301：Dev_LEDCtrl       1 No=1 OnOff=0
2021-08-24 16:38:22.249：Mod_DetonCtrl15s  0 Id=20160570 V0=27.350  I0=0.300   V1=30.043  接收超时 0
2021-08-24 16:38:22.493：Mod_NextCtrlOff   1 Id=20160591 V0=27.100  I0=44.100  V1=30.025 
2021-08-24 16:38:22.785：Mod_NextCtrlOn    1 Id=20160591 V0=27.350  I0=0.300   V1=30.025 
2021-08-24 16:38:23.196：Mod_DetonCtrl15s  1 Id=20160570 V0=27.100  I0=44.400  V1=30.034  Retry 1
2021-08-24 16:38:23.211：Dev_KA1Ctrl       1 KA1=1
2021-08-24 16:38:24.200：Dev_KA23Ctrl      1 KA2=1 KA3=1
2021-08-24 16:38:24.217：Dev_KA4Ctrl       1 KA4=1
2021-08-24 16:38:24.219：Dev_LEDCtrl       1 No=2 OnOff=1
2021-08-24 16:38:31.230：Dev_ModPower      1 OnOff=0
2021-08-24 16:38:31.231：Dev_KA4Ctrl       1 KA4=0
2021-08-24 16:38:31.232：Dev_KA23Ctrl      1 KA2=0 KA3=0
2021-08-24 16:38:31.434：Dev_KA1Ctrl       1 KA1=0
2021-08-24 16:38:31.435：Dev_LEDCtrl       1 No=2 OnOff=0
2021-08-24 16:38:31.436：Dev_Reset         1
2021-08-24 16:38:31.558：Dev_ModPower      1 OnOff=1
2021-08-24 16:38:32.811：Mod_GetIdVer      1 Id=20160591 Fuse=0x1 V0=27.100  I0=44.400  V1=30.025 
2021-08-24 16:38:32.844：Dev_LEDCtrl       1 No=1 OnOff=0
2021-08-24 16:38:40.465：Mod_DetonCtrl15s  1 Id=20160591 V0=27.150  I0=41.700  V1=29.999 
2021-08-24 16:38:40.471：Dev_KA1Ctrl       1 KA1=1
2021-08-24 16:38:41.466：Dev_KA23Ctrl      1 KA2=1 KA3=1
2021-08-24 16:38:41.466：Dev_KA4Ctrl       1 KA4=1
2021-08-24 16:38:41.469：Dev_LEDCtrl       1 No=2 OnOff=1
2021-08-24 16:38:43.883：Dev_ModPower      1 OnOff=0
2021-08-24 16:38:43.884：Dev_KA4Ctrl       1 KA4=0
2021-08-24 16:38:43.885：Dev_KA23Ctrl      1 KA2=0 KA3=0
2021-08-24 16:38:44.087：Dev_KA1Ctrl       1 KA1=0
2021-08-24 16:38:44.088：Dev_LEDCtrl       1 No=2 OnOff=0
2021-08-24 16:45:09.754：Dev_Reset         1
2021-08-24 16:45:46.275：Dev_Reset         1
2021-08-24 16:45:46.387：Dev_ModPower      1 OnOff=1
2021-08-24 16:45:47.624：Mod_GetIdVer      1 Id=20160591 Fuse=0x1 V0=27.000  I0=44.700  V1=30.025 
2021-08-24 16:45:47.715：Mod_NextCtrlOn    1 Id=20160591 V0=27.000  I0=44.700  V1=30.025 
2021-08-24 16:45:47.977：Mod_GetIdVer      1 Id=20160570 Fuse=0x1 V0=27.050  I0=45.000  V1=29.999 
2021-08-24 16:45:47.999：Dev_LEDCtrl       1 No=1 OnOff=0
2021-08-24 16:45:49.730：Dev_Reset         1
2021-08-24 16:45:49.849：Dev_ModPower      1 OnOff=1
2021-08-24 16:45:51.076：Mod_GetIdVer      1 Id=20160591 Fuse=0x1 V0=27.050  I0=44.400  V1=30.017 
2021-08-24 16:45:51.183：Mod_NextCtrlOn    1 Id=20160591 V0=27.050  I0=44.400  V1=30.034 
2021-08-24 16:45:51.419：Mod_GetIdVer      1 Id=20160570 Fuse=0x1 V0=27.050  I0=44.700  V1=30.088 
2021-08-24 16:45:51.426：Dev_LEDCtrl       1 No=1 OnOff=0
2021-08-24 16:45:54.074：Mod_DetonCtrl15s  1 Id=20160570 V0=27.100  I0=43.200  V1=30.017 
2021-08-24 16:45:54.092：Dev_KA1Ctrl       1 KA1=1
2021-08-24 16:45:55.090：Dev_KA23Ctrl      1 KA2=1 KA3=1
2021-08-24 16:45:55.091：Dev_KA4Ctrl       1 KA4=1
2021-08-24 16:45:55.092：Dev_LEDCtrl       1 No=2 OnOff=1
2021-08-24 16:45:58.517：Dev_ModPower      1 OnOff=0
2021-08-24 16:45:58.518：Dev_KA4Ctrl       1 KA4=0
2021-08-24 16:45:58.519：Dev_KA23Ctrl      1 KA2=0 KA3=0
2021-08-24 16:45:58.720：Dev_KA1Ctrl       1 KA1=0
2021-08-24 16:45:58.722：Dev_LEDCtrl       1 No=2 OnOff=0
2021-08-24 16:45:58.739：Dev_Reset         1
2021-08-24 16:45:58.840：Dev_ModPower      1 OnOff=1
2021-08-24 16:46:00.076：Mod_GetIdVer      1 Id=20160591 Fuse=0x1 V0=27.050  I0=45.000  V1=30.017 
2021-08-24 16:46:00.093：Dev_LEDCtrl       1 No=1 OnOff=0
2021-08-24 16:46:01.362：Mod_DetonCtrl15s  1 Id=20160591 V0=27.050  I0=43.500  V1=30.034 
2021-08-24 16:46:01.395：Dev_KA1Ctrl       1 KA1=1
2021-08-24 16:46:02.394：Dev_KA23Ctrl      1 KA2=1 KA3=1
2021-08-24 16:46:02.395：Dev_KA4Ctrl       1 KA4=1
2021-08-24 16:46:02.413：Dev_LEDCtrl       1 No=2 OnOff=1
2021-08-24 16:46:04.442：Dev_ModPower      1 OnOff=0
2021-08-24 16:46:04.444：Dev_KA4Ctrl       1 KA4=0
2021-08-24 16:46:04.445：Dev_KA23Ctrl      1 KA2=0 KA3=0
2021-08-24 16:46:04.647：Dev_KA1Ctrl       1 KA1=0
2021-08-24 16:46:04.648：Dev_LEDCtrl       1 No=2 OnOff=0
2021-08-24 16:50:11.240：Dev_Reset         1
2021-08-24 16:50:12.754：Dev_Reset         1
2021-08-24 16:50:12.877：Dev_ModPower      1 OnOff=1
2021-08-24 16:50:12.904：WARN_VoltCurr     1 Code=16 V0=0.000   I0=0.000   V1=30.043 
2021-08-24 16:50:15.194：Mod_GetIdVer      0 Id=20000000 Fuse=0x0 V0=0.000   I0=0.000   V1=0.000  
2021-08-24 16:50:15.695：Mod_GetIdVer      0 Id=20000000 Fuse=0x0 V0=0.000   I0=0.000   V1=0.000   Retry 1
2021-08-24 16:50:16.195：Mod_GetIdVer      0 Id=20000000 Fuse=0x0 V0=0.000   I0=0.000   V1=0.000   Retry 2
2021-08-24 16:50:16.695：Mod_GetIdVer      0 Id=20000000 Fuse=0x0 V0=0.000   I0=0.000   V1=0.000   Retry 3
2021-08-24 16:50:17.195：Mod_GetIdVer      0 Id=20000000 Fuse=0x0 V0=0.000   I0=0.000   V1=0.000   Retry 4
2021-08-24 16:50:17.695：Mod_GetIdVer      0 Id=20000000 Fuse=0x0 V0=0.000   I0=0.000   V1=0.000   Retry 5
2021-08-24 16:50:18.195：Mod_GetIdVer      0 Id=20000000 Fuse=0x0 V0=0.000   I0=0.000   V1=0.000   Retry 6
2021-08-24 16:50:18.711：Mod_GetIdVer      0 Id=20000000 Fuse=0x0 V0=0.000   I0=0.000   V1=0.000   Retry 7
2021-08-24 16:50:19.210：Mod_GetIdVer      0 Id=20000000 Fuse=0x0 V0=0.000   I0=0.000   V1=0.000   Retry 8
2021-08-24 16:50:19.726：Mod_GetIdVer      0 Id=20000000 Fuse=0x0 V0=0.000   I0=0.000   V1=0.000   Retry 9
2021-08-24 16:50:20.226：Mod_GetIdVer      0 Id=20000000 Fuse=0x0 V0=0.000   I0=0.000   V1=0.000   Retry 10
2021-08-24 16:52:41.029：Dev_Reset         1
2021-08-24 16:52:55.393：Dev_Reset         1
2021-08-24 16:52:55.510：Dev_ModPower      1 OnOff=1
2021-08-24 16:52:56.763：Mod_GetIdVer      1 Id=20160567 Fuse=0x1 V0=27.000  I0=43.200  V1=30.034 
2021-08-24 16:52:56.854：Mod_NextCtrlOn    1 Id=20160567 V0=27.000  I0=43.200  V1=30.025 
2021-08-24 16:52:57.127：Mod_GetIdVer      1 Id=20160570 Fuse=0x1 V0=27.100  I0=41.400  V1=30.034 
2021-08-24 16:52:57.133：Dev_LEDCtrl       1 No=1 OnOff=0
2021-08-24 16:52:59.296：Mod_DetonCtrl15s  1 Id=20160570 V0=27.050  I0=42.600  V1=30.025 
2021-08-24 16:52:59.303：Dev_KA1Ctrl       1 KA1=1
2021-08-24 16:53:00.292：Dev_KA23Ctrl      1 KA2=1 KA3=1
2021-08-24 16:53:00.293：Dev_KA4Ctrl       1 KA4=1
2021-08-24 16:53:00.295：Dev_LEDCtrl       1 No=2 OnOff=1
2021-08-24 16:53:02.769：Dev_ModPower      1 OnOff=0
2021-08-24 16:53:02.786：Dev_KA4Ctrl       1 KA4=0
2021-08-24 16:53:02.788：Dev_KA23Ctrl      1 KA2=0 KA3=0
2021-08-24 16:53:02.990：Dev_KA1Ctrl       1 KA1=0
2021-08-24 16:53:02.991：Dev_LEDCtrl       1 No=2 OnOff=0
2021-08-24 16:53:02.992：Dev_Reset         1
2021-08-24 16:53:03.105：Dev_ModPower      1 OnOff=1
2021-08-24 16:53:04.358：Mod_GetIdVer      1 Id=20160567 Fuse=0x1 V0=27.050  I0=44.400  V1=30.008 
2021-08-24 16:53:04.375：Dev_LEDCtrl       1 No=1 OnOff=0
2021-08-24 16:53:05.266：Mod_DetonCtrl15s  1 Id=20160567 V0=27.100  I0=39.000  V1=29.990 
2021-08-24 16:53:05.273：Dev_KA1Ctrl       1 KA1=1
2021-08-24 16:53:06.287：Dev_KA23Ctrl      1 KA2=1 KA3=1
2021-08-24 16:53:06.305：Dev_KA4Ctrl       1 KA4=1
2021-08-24 16:53:06.306：Dev_LEDCtrl       1 No=2 OnOff=1
2021-08-24 16:53:08.328：Dev_ModPower      1 OnOff=0
2021-08-24 16:53:08.329：Dev_KA4Ctrl       1 KA4=0
2021-08-24 16:53:08.347：Dev_KA23Ctrl      1 KA2=0 KA3=0
2021-08-24 16:53:08.548：Dev_KA1Ctrl       1 KA1=0
2021-08-24 16:53:08.549：Dev_LEDCtrl       1 No=2 OnOff=0
2021-08-24 16:53:13.806：Dev_Reset         1
2021-08-24 17:11:11.181：Dev_Reset         1
2021-08-24 17:11:11.278：Dev_ModPower      1 OnOff=1
2021-08-24 17:11:12.514：Mod_GetIdVer      1 Id=20160567 Fuse=0x1 V0=27.050  I0=44.700  V1=30.052 
2021-08-24 17:11:12.636：Mod_NextCtrlOn    1 Id=20160567 V0=27.050  I0=44.700  V1=30.025 
2021-08-24 17:11:12.903：Mod_GetIdVer      1 Id=20160570 Fuse=0x1 V0=27.050  I0=42.000  V1=30.052 
2021-08-24 17:11:12.909：Dev_LEDCtrl       1 No=1 OnOff=0
2021-08-24 17:11:15.724：Mod_DetonCtrl15s  1 Id=20160570 V0=27.050  I0=41.700  V1=30.043 
2021-08-24 17:11:15.757：Dev_KA1Ctrl       1 KA1=1
2021-08-24 17:11:16.746：Dev_KA23Ctrl      1 KA2=1 KA3=1
2021-08-24 17:11:16.764：Dev_KA4Ctrl       1 KA4=1
2021-08-24 17:11:16.765：Dev_LEDCtrl       1 No=2 OnOff=1
2021-08-24 17:11:19.741：Dev_ModPower      1 OnOff=0
2021-08-24 17:11:19.758：Dev_KA4Ctrl       1 KA4=0
2021-08-24 17:11:19.759：Dev_KA23Ctrl      1 KA2=0 KA3=0
2021-08-24 17:11:19.960：Dev_KA1Ctrl       1 KA1=0
2021-08-24 17:11:19.961：Dev_LEDCtrl       1 No=2 OnOff=0
2021-08-24 17:11:19.962：Dev_Reset         1
2021-08-24 17:11:20.075：Dev_ModPower      1 OnOff=1
2021-08-24 17:11:21.321：Mod_GetIdVer      1 Id=20160567 Fuse=0x1 V0=27.050  I0=44.700  V1=30.070 
2021-08-24 17:11:21.355：Dev_LEDCtrl       1 No=1 OnOff=0
2021-08-24 17:11:22.137：Mod_DetonCtrl15s  1 Id=20160567 V0=27.050  I0=44.700  V1=30.017 
2021-08-24 17:11:22.158：Dev_KA1Ctrl       1 KA1=1
2021-08-24 17:11:23.169：Dev_KA23Ctrl      1 KA2=1 KA3=1
2021-08-24 17:11:23.170：Dev_KA4Ctrl       1 KA4=1
2021-08-24 17:11:23.172：Dev_LEDCtrl       1 No=2 OnOff=1
2021-08-24 17:11:24.990：Dev_ModPower      1 OnOff=0
2021-08-24 17:11:24.991：Dev_KA4Ctrl       1 KA4=0
2021-08-24 17:11:24.992：Dev_KA23Ctrl      1 KA2=0 KA3=0
2021-08-24 17:11:25.208：Dev_KA1Ctrl       1 KA1=0
2021-08-24 17:11:25.209：Dev_LEDCtrl       1 No=2 OnOff=0
2021-08-24 17:14:45.799：Dev_Reset         1
