2021-08-25 08:54:51.667：Dev_GetInfo       1 Id=201313 Ver=0x2C Baudrate=460800
2021-08-25 08:54:54.381：Dev_Reset         1
2021-08-25 08:54:55.919：Dev_Reset         1
2021-08-25 08:54:56.044：Dev_ModPower      1 OnOff=1
2021-08-25 08:54:57.289：Mod_GetIdVer      0 Id=20412117 Fuse=0x0 V0=28.050  I0=0.900   V1=30.070  接收超时 0
2021-08-25 08:54:57.590：Mod_GetIdVer      0 Id=20412430 Fuse=0x0 V0=28.050  I0=0.900   V1=30.043  接收超时 0 Retry 1
2021-08-25 08:54:57.894：Mod_GetIdVer      0 Id=20412723 Fuse=0x0 V0=28.000  I0=0.600   V1=30.061  接收超时 0 Retry 2
2021-08-25 08:54:58.181：Mod_GetIdVer      0 Id=20413020 Fuse=0x0 V0=28.000  I0=0.900   V1=30.061  接收超时 0 Retry 3
2021-08-25 08:54:58.490：Mod_GetIdVer      0 Id=20413318 Fuse=0x0 V0=28.050  I0=0.900   V1=30.070  接收超时 0 Retry 4
2021-08-25 08:54:58.791：Mod_GetIdVer      0 Id=20413612 Fuse=0x0 V0=28.050  I0=0.900   V1=29.999  接收超时 0 Retry 5
2021-08-25 08:54:59.100：Mod_GetIdVer      0 Id=20413929 Fuse=0x0 V0=28.000  I0=0.900   V1=30.043  接收超时 0 Retry 6
2021-08-25 08:54:59.402：Mod_GetIdVer      0 Id=20414226 Fuse=0x0 V0=28.050  I0=0.900   V1=30.043  接收超时 0 Retry 7
2021-08-25 08:54:59.703：Mod_GetIdVer      0 Id=20414525 Fuse=0x0 V0=28.050  I0=0.900   V1=30.052  接收超时 0 Retry 8
2021-08-25 08:55:00.013：Mod_GetIdVer      0 Id=20414841 Fuse=0x0 V0=28.050  I0=0.600   V1=30.025  接收超时 0 Retry 9
2021-08-25 08:55:00.316：Mod_GetIdVer      0 Id=20415139 Fuse=0x0 V0=28.000  I0=0.900   V1=30.132  接收超时 0 Retry 10
2021-08-25 08:57:34.808：Dev_Reset         1
2021-08-25 08:57:34.918：Dev_ModPower      1 OnOff=1
2021-08-25 08:57:36.149：Mod_GetIdVer      0 Id=20571000 Fuse=0x0 V0=27.950  I0=0.900   V1=30.052  接收超时 0
2021-08-25 08:57:36.435：Mod_GetIdVer      0 Id=20571303 Fuse=0x0 V0=27.950  I0=0.900   V1=30.034  接收超时 0 Retry 1
2021-08-25 08:57:36.737：Mod_GetIdVer      0 Id=20571581 Fuse=0x0 V0=28.000  I0=0.900   V1=30.079  接收超时 0 Retry 2
2021-08-25 08:57:37.023：Mod_GetIdVer      0 Id=20571886 Fuse=0x0 V0=27.950  I0=0.900   V1=30.025  接收超时 0 Retry 3
2021-08-25 08:57:37.312：Mod_GetIdVer      0 Id=20572181 Fuse=0x0 V0=27.950  I0=0.900   V1=30.061  接收超时 0 Retry 4
2021-08-25 08:57:37.629：Mod_GetIdVer      0 Id=20572467 Fuse=0x0 V0=27.950  I0=0.900   V1=30.070  接收超时 0 Retry 5
2021-08-25 08:57:37.931：Mod_GetIdVer      0 Id=20572773 Fuse=0x0 V0=27.950  I0=0.900   V1=30.052  接收超时 0 Retry 6
2021-08-25 08:57:38.232：Mod_GetIdVer      0 Id=20573082 Fuse=0x0 V0=27.950  I0=0.900   V1=30.052  接收超时 0 Retry 7
2021-08-25 08:57:38.536：Mod_GetIdVer      0 Id=20573375 Fuse=0x0 V0=28.000  I0=0.900   V1=30.052  接收超时 0 Retry 8
2021-08-25 08:57:38.822：Mod_GetIdVer      0 Id=20573675 Fuse=0x0 V0=27.950  I0=0.900   V1=30.158  接收超时 0 Retry 9
2021-08-25 08:57:39.136：Mod_GetIdVer      0 Id=20573974 Fuse=0x0 V0=28.000  I0=0.900   V1=30.034  接收超时 0 Retry 10
2021-08-25 08:57:45.763：Dev_Reset         1
2021-08-25 08:57:47.174：Dev_GetInfo       1 Id=201313 Ver=0x2C Baudrate=460800
2021-08-25 08:57:48.671：Dev_Reset         1
2021-08-25 08:57:48.778：Dev_ModPower      1 OnOff=1
2021-08-25 08:57:50.009：Mod_GetIdVer      0 Id=20584854 Fuse=0x0 V0=27.950  I0=0.900   V1=29.955  接收超时 0
2021-08-25 08:57:50.296：Mod_GetIdVer      0 Id=20585164 Fuse=0x0 V0=28.000  I0=0.900   V1=30.061  接收超时 0 Retry 1
2021-08-25 08:57:50.597：Mod_GetIdVer      0 Id=20585451 Fuse=0x0 V0=27.950  I0=0.900   V1=30.061  接收超时 0 Retry 2
2021-08-25 08:57:50.899：Mod_GetIdVer      0 Id=20585747 Fuse=0x0 V0=28.000  I0=0.900   V1=30.025  接收超时 0 Retry 3
2021-08-25 08:57:51.186：Mod_GetIdVer      0 Id=20586046 Fuse=0x0 V0=28.000  I0=0.900   V1=29.999  接收超时 0 Retry 4
2021-08-25 08:57:51.487：Mod_GetIdVer      0 Id=20586337 Fuse=0x0 V0=27.950  I0=0.900   V1=30.043  接收超时 0 Retry 5
2021-08-25 08:57:51.789：Mod_GetIdVer      0 Id=20586644 Fuse=0x0 V0=27.950  I0=0.900   V1=30.061  接收超时 0 Retry 6
2021-08-25 08:57:52.101：Mod_GetIdVer      0 Id=20586941 Fuse=0x0 V0=28.000  I0=0.900   V1=30.052  接收超时 0 Retry 7
2021-08-25 08:57:52.388：Mod_GetIdVer      0 Id=20587256 Fuse=0x0 V0=28.000  I0=0.900   V1=30.070  接收超时 0 Retry 8
2021-08-25 08:57:52.675：Mod_GetIdVer      0 Id=20587539 Fuse=0x0 V0=27.950  I0=0.900   V1=30.052  接收超时 0 Retry 9
2021-08-25 08:57:52.961：Mod_GetIdVer      0 Id=20587810 Fuse=0x0 V0=28.000  I0=0.900   V1=30.043  接收超时 0 Retry 10
2021-08-25 08:58:06.484：Dev_Reset         1
2021-08-25 08:58:06.590：Dev_ModPower      1 OnOff=1
2021-08-25 08:58:07.836：Mod_GetIdVer      0 Id=20602675 Fuse=0x0 V0=27.950  I0=0.900   V1=30.061  接收超时 0
2021-08-25 08:58:08.137：Mod_GetIdVer      0 Id=20602991 Fuse=0x0 V0=27.950  I0=0.900   V1=30.052  接收超时 0 Retry 1
2021-08-25 08:58:08.438：Mod_GetIdVer      0 Id=20603293 Fuse=0x0 V0=28.000  I0=0.900   V1=30.043  接收超时 0 Retry 2
2021-08-25 08:58:08.739：Mod_GetIdVer      0 Id=20603591 Fuse=0x0 V0=28.000  I0=0.900   V1=30.043  接收超时 0 Retry 3
2021-08-25 08:58:09.042：Mod_GetIdVer      0 Id=20603887 Fuse=0x0 V0=27.950  I0=0.900   V1=30.043  接收超时 0 Retry 4
2021-08-25 08:58:09.343：Mod_GetIdVer      0 Id=20604198 Fuse=0x0 V0=27.950  I0=0.900   V1=30.043  接收超时 0 Retry 5
2021-08-25 08:58:09.645：Mod_GetIdVer      0 Id=20604499 Fuse=0x0 V0=28.000  I0=0.900   V1=30.043  接收超时 0 Retry 6
2021-08-25 08:58:09.946：Mod_GetIdVer      0 Id=20604799 Fuse=0x0 V0=27.950  I0=0.900   V1=30.008  接收超时 0 Retry 7
2021-08-25 08:58:10.233：Mod_GetIdVer      0 Id=20605104 Fuse=0x0 V0=28.000  I0=0.900   V1=30.025  接收超时 0 Retry 8
2021-08-25 08:58:10.531：Mod_GetIdVer      0 Id=20605386 Fuse=0x0 V0=27.950  I0=0.900   V1=30.052  接收超时 0 Retry 9
2021-08-25 08:58:10.817：Mod_GetIdVer      0 Id=20605687 Fuse=0x0 V0=27.950  I0=0.900   V1=30.043  接收超时 0 Retry 10
2021-08-25 08:59:01.034：WARN_VoltCurr     1 Code=16 V0=0.000   I0=0.000   V1=30.017 
2021-08-25 09:09:01.971：Dev_Reset         1
2021-08-25 09:09:02.083：Dev_ModPower      1 OnOff=1
2021-08-25 09:09:03.297：Mod_GetIdVer      0 Id=21258496 Fuse=0x0 V0=27.800  I0=0.900   V1=30.061  接收超时 0
2021-08-25 09:09:03.586：Mod_GetIdVer      0 Id=21258783 Fuse=0x0 V0=27.850  I0=0.900   V1=30.088  接收超时 0 Retry 1
2021-08-25 09:09:03.873：Mod_GetIdVer      0 Id=21259072 Fuse=0x0 V0=27.800  I0=0.900   V1=29.981  接收超时 0 Retry 2
2021-08-25 09:09:04.161：Mod_GetIdVer      0 Id=21259359 Fuse=0x0 V0=27.800  I0=0.900   V1=30.043  接收超时 0 Retry 3
2021-08-25 09:09:04.449：Mod_GetIdVer      0 Id=21259647 Fuse=0x0 V0=27.800  I0=0.900   V1=30.025  接收超时 0 Retry 4
2021-08-25 09:09:04.736：Mod_GetIdVer      0 Id=21259935 Fuse=0x0 V0=27.800  I0=0.900   V1=30.043  接收超时 0 Retry 5
2021-08-25 09:09:05.024：Mod_GetIdVer      0 Id=21260222 Fuse=0x0 V0=27.800  I0=0.900   V1=30.043  接收超时 0 Retry 6
2021-08-25 09:09:05.312：Mod_GetIdVer      0 Id=21260510 Fuse=0x0 V0=27.800  I0=0.900   V1=30.025  接收超时 0 Retry 7
2021-08-25 09:09:05.600：Mod_GetIdVer      0 Id=21260798 Fuse=0x0 V0=27.800  I0=0.900   V1=30.070  接收超时 0 Retry 8
2021-08-25 09:09:05.887：Mod_GetIdVer      0 Id=21261086 Fuse=0x0 V0=27.800  I0=0.900   V1=30.025  接收超时 0 Retry 9
2021-08-25 09:09:06.175：Mod_GetIdVer      0 Id=21261373 Fuse=0x0 V0=27.800  I0=0.900   V1=30.052  接收超时 0 Retry 10
2021-08-25 09:09:21.317：Dev_Reset         1
2021-08-25 09:09:22.197：Dev_GetInfo       1 Id=201313 Ver=0x2C Baudrate=460800
2021-08-25 09:09:24.389：Dev_Reset         1
2021-08-25 09:09:25.472：Dev_Reset         1
2021-08-25 09:09:25.582：Dev_ModPower      1 OnOff=1
2021-08-25 09:09:26.808：Mod_GetIdVer      0 Id=20016365 Fuse=0x0 V0=27.800  I0=0.900   V1=30.052  接收超时 0
2021-08-25 09:09:27.110：Mod_GetIdVer      0 Id=20016676 Fuse=0x0 V0=27.800  I0=0.900   V1=30.176  接收超时 0 Retry 1
2021-08-25 09:09:27.427：Mod_GetIdVer      0 Id=20016983 Fuse=0x0 V0=27.850  I0=0.900   V1=30.052  接收超时 0 Retry 2
2021-08-25 09:09:27.713：Mod_GetIdVer      0 Id=20017278 Fuse=0x0 V0=27.850  I0=0.900   V1=30.043  接收超时 0 Retry 3
2021-08-25 09:09:28.015：Mod_GetIdVer      0 Id=20017581 Fuse=0x0 V0=27.800  I0=0.900   V1=30.034  接收超时 0 Retry 4
2021-08-25 09:09:28.316：Mod_GetIdVer      0 Id=20017870 Fuse=0x0 V0=27.800  I0=0.900   V1=30.025  接收超时 0 Retry 5
2021-08-25 09:09:28.618：Mod_GetIdVer      0 Id=20018181 Fuse=0x0 V0=27.800  I0=0.900   V1=30.034  接收超时 0 Retry 6
2021-08-25 09:09:28.921：Mod_GetIdVer      0 Id=20018482 Fuse=0x0 V0=27.800  I0=0.900   V1=30.025  接收超时 0 Retry 7
2021-08-25 09:09:29.222：Mod_GetIdVer      0 Id=20018772 Fuse=0x0 V0=27.800  I0=0.900   V1=29.990  接收超时 0 Retry 8
2021-08-25 09:09:29.523：Mod_GetIdVer      0 Id=20019094 Fuse=0x0 V0=27.800  I0=0.900   V1=30.025  接收超时 0 Retry 9
2021-08-25 09:09:29.809：Mod_GetIdVer      0 Id=20019375 Fuse=0x0 V0=27.800  I0=0.900   V1=30.061  接收超时 0 Retry 10
2021-08-25 09:09:38.708：Dev_Reset         1
2021-08-25 09:09:38.832：Dev_ModPower      1 OnOff=1
2021-08-25 09:09:40.076：Mod_GetIdVer      1 Id=20160567 Fuse=0x1 V0=27.600  I0=39.600  V1=30.114 
2021-08-25 09:09:40.182：Mod_NextCtrlOn    1 Id=20160567 V0=27.600  I0=39.600  V1=30.052 
2021-08-25 09:09:40.421：Mod_GetIdVer      1 Id=20160570 Fuse=0x1 V0=27.800  I0=0.600   V1=30.052 
2021-08-25 09:09:40.527：Mod_NextCtrlOn    1 Id=20160570 V0=27.800  I0=0.600   V1=30.079 
2021-08-25 09:09:40.744：Mod_GetIdVer      0 Id=20030329 Fuse=0x0 V0=27.800  I0=0.600   V1=29.999  接收超时 0
2021-08-25 09:09:41.056：Mod_GetIdVer      0 Id=20030613 Fuse=0x0 V0=27.800  I0=0.600   V1=30.025  接收超时 0 Retry 1
2021-08-25 09:09:41.371：Mod_GetIdVer      0 Id=20030928 Fuse=0x0 V0=27.800  I0=0.600   V1=30.017  接收超时 0 Retry 2
2021-08-25 09:09:41.657：Mod_GetIdVer      0 Id=20031224 Fuse=0x0 V0=27.800  I0=0.600   V1=30.052  接收超时 0 Retry 3
2021-08-25 09:09:41.944：Mod_GetIdVer      0 Id=20031507 Fuse=0x0 V0=27.800  I0=0.300   V1=30.025  接收超时 0 Retry 4
2021-08-25 09:09:42.232：Mod_GetIdVer      0 Id=20031805 Fuse=0x0 V0=27.800  I0=0.600   V1=30.043  接收超时 0 Retry 5
2021-08-25 09:09:42.533：Mod_GetIdVer      0 Id=20032081 Fuse=0x0 V0=27.800  I0=0.300   V1=30.061  接收超时 0 Retry 6
2021-08-25 09:09:42.834：Mod_GetIdVer      0 Id=20032385 Fuse=0x0 V0=27.800  I0=0.600   V1=30.043  接收超时 0 Retry 7
2021-08-25 09:09:43.147：Mod_GetIdVer      0 Id=20032705 Fuse=0x0 V0=27.800  I0=0.600   V1=30.052  接收超时 0 Retry 8
2021-08-25 09:09:43.434：Mod_GetIdVer      0 Id=20033020 Fuse=0x0 V0=27.800  I0=0.600   V1=30.034  接收超时 0 Retry 9
2021-08-25 09:09:43.736：Mod_GetIdVer      0 Id=20033302 Fuse=0x0 V0=27.800  I0=0.300   V1=30.017  接收超时 0 Retry 10
2021-08-25 09:09:43.738：Dev_LEDCtrl       1 No=1 OnOff=0
2021-08-25 09:09:52.048：Dev_Reset         1
2021-08-25 09:09:56.731：Dev_Reset         1
2021-08-25 09:09:56.840：Dev_ModPower      1 OnOff=1
2021-08-25 09:09:58.075：Mod_GetIdVer      1 Id=20160567 Fuse=0x1 V0=27.550  I0=41.700  V1=30.043 
2021-08-25 09:09:58.182：Mod_NextCtrlOn    1 Id=20160567 V0=27.550  I0=41.700  V1=30.070 
2021-08-25 09:09:58.429：Mod_GetIdVer      1 Id=20160570 Fuse=0x1 V0=27.500  I0=44.100  V1=30.061 
2021-08-25 09:09:58.433：Dev_LEDCtrl       1 No=1 OnOff=0
2021-08-25 09:16:19.082：Mod_DetonCtrl15s  1 Id=20160570 V0=27.550  I0=41.700  V1=30.034 
2021-08-25 09:16:19.114：Dev_KA1Ctrl       1 KA1=1
2021-08-25 09:16:20.121：Dev_KA23Ctrl      1 KA2=1 KA3=1
2021-08-25 09:16:20.154：Dev_KA4Ctrl       1 KA4=1
2021-08-25 09:16:20.186：Dev_LEDCtrl       1 No=2 OnOff=1
2021-08-25 09:16:25.336：Dev_ModPower      1 OnOff=0
2021-08-25 09:16:25.368：Dev_KA4Ctrl       1 KA4=0
2021-08-25 09:16:25.400：Dev_KA23Ctrl      1 KA2=0 KA3=0
2021-08-25 09:16:25.607：Dev_KA1Ctrl       1 KA1=0
2021-08-25 09:16:25.640：Dev_LEDCtrl       1 No=2 OnOff=0
2021-08-25 09:16:25.671：Dev_Reset         1
2021-08-25 09:16:25.784：Dev_ModPower      1 OnOff=1
2021-08-25 09:16:27.015：Mod_GetIdVer      1 Id=20160567 Fuse=0x1 V0=27.500  I0=43.500  V1=30.167 
2021-08-25 09:16:27.047：Dev_LEDCtrl       1 No=1 OnOff=0
2021-08-25 09:16:29.510：Mod_DetonCtrl15s  1 Id=20160567 V0=27.500  I0=45.900  V1=30.043 
2021-08-25 09:16:29.542：Dev_KA1Ctrl       1 KA1=1
2021-08-25 09:16:30.549：Dev_KA23Ctrl      1 KA2=1 KA3=1
2021-08-25 09:16:30.582：Dev_KA4Ctrl       1 KA4=1
2021-08-25 09:16:30.614：Dev_LEDCtrl       1 No=2 OnOff=1
2021-08-25 09:16:34.757：Dev_ModPower      1 OnOff=0
2021-08-25 09:16:34.789：Dev_KA4Ctrl       1 KA4=0
2021-08-25 09:16:34.805：Dev_KA23Ctrl      1 KA2=0 KA3=0
2021-08-25 09:16:35.012：Dev_KA1Ctrl       1 KA1=0
2021-08-25 09:16:35.028：Dev_LEDCtrl       1 No=2 OnOff=0
2021-08-25 09:16:40.882：Dev_Reset         1
2021-08-25 09:16:42.578：Dev_Reset         1
2021-08-25 09:16:42.689：Dev_ModPower      1 OnOff=1
2021-08-25 09:16:43.921：Mod_GetIdVer      1 Id=20160567 Fuse=0x1 V0=27.550  I0=42.000  V1=30.079 
2021-08-25 09:16:44.033：Mod_NextCtrlOn    1 Id=20160567 V0=27.550  I0=42.000  V1=30.017 
2021-08-25 09:16:44.289：Mod_GetIdVer      1 Id=20160570 Fuse=0x1 V0=27.500  I0=44.700  V1=30.008 
2021-08-25 09:16:44.321：Dev_LEDCtrl       1 No=1 OnOff=0
2021-08-25 09:16:47.472：Mod_DetonCtrl15s  1 Id=20160570 V0=27.500  I0=44.100  V1=30.052 
2021-08-25 09:16:47.504：Dev_KA1Ctrl       1 KA1=1
2021-08-25 09:16:48.512：Dev_KA23Ctrl      1 KA2=1 KA3=1
2021-08-25 09:16:48.543：Dev_KA4Ctrl       1 KA4=1
2021-08-25 09:16:48.576：Dev_LEDCtrl       1 No=2 OnOff=1
2021-08-25 09:16:51.854：Dev_ModPower      1 OnOff=0
2021-08-25 09:16:51.870：Dev_KA4Ctrl       1 KA4=0
2021-08-25 09:16:51.886：Dev_KA23Ctrl      1 KA2=0 KA3=0
2021-08-25 09:16:52.095：Dev_KA1Ctrl       1 KA1=0
2021-08-25 09:16:52.111：Dev_LEDCtrl       1 No=2 OnOff=0
2021-08-25 09:16:52.127：Dev_Reset         1
2021-08-25 09:16:52.238：Dev_ModPower      1 OnOff=1
2021-08-25 09:16:53.470：Mod_GetIdVer      1 Id=20160567 Fuse=0x1 V0=27.500  I0=44.400  V1=30.034 
2021-08-25 09:16:53.502：Dev_LEDCtrl       1 No=1 OnOff=0
2021-08-25 09:16:54.493：Mod_DetonCtrl15s  1 Id=20160567 V0=27.550  I0=41.400  V1=30.061 
2021-08-25 09:16:54.525：Dev_KA1Ctrl       1 KA1=1
2021-08-25 09:16:55.533：Dev_KA23Ctrl      1 KA2=1 KA3=1
2021-08-25 09:16:55.565：Dev_KA4Ctrl       1 KA4=1
2021-08-25 09:16:55.597：Dev_LEDCtrl       1 No=2 OnOff=1
2021-08-25 09:16:58.220：Dev_ModPower      1 OnOff=0
2021-08-25 09:16:58.252：Dev_KA4Ctrl       1 KA4=0
2021-08-25 09:16:58.284：Dev_KA23Ctrl      1 KA2=0 KA3=0
2021-08-25 09:16:58.492：Dev_KA1Ctrl       1 KA1=0
2021-08-25 09:16:58.524：Dev_LEDCtrl       1 No=2 OnOff=0
2021-08-25 09:17:02.059：Dev_Reset         1
2021-08-25 09:17:03.370：Dev_Reset         1
2021-08-25 09:17:03.499：Dev_ModPower      1 OnOff=1
2021-08-25 09:17:04.745：Mod_GetIdVer      1 Id=20160567 Fuse=0x1 V0=27.550  I0=43.800  V1=30.052 
2021-08-25 09:17:04.858：Mod_NextCtrlOn    1 Id=20160567 V0=27.550  I0=43.800  V1=30.025 
2021-08-25 09:17:05.113：Mod_GetIdVer      1 Id=20160570 Fuse=0x1 V0=27.550  I0=44.400  V1=30.034 
2021-08-25 09:17:05.146：Dev_LEDCtrl       1 No=1 OnOff=0
2021-08-25 10:31:12.403：Dev_Reset         0
2021-08-25 10:31:12.525：Dev_ModPower      0 OnOff=1
2021-08-25 10:31:13.557：Mod_GetIdVer      0 Id=20000000 Fuse=0x0 V0=0.000   I0=0.000   V1=0.000  
2021-08-25 10:31:13.658：Mod_GetIdVer      0 Id=20000000 Fuse=0x0 V0=0.000   I0=0.000   V1=0.000   Retry 1
2021-08-25 10:31:13.758：Mod_GetIdVer      0 Id=20000000 Fuse=0x0 V0=0.000   I0=0.000   V1=0.000   Retry 2
2021-08-25 10:31:13.859：Mod_GetIdVer      0 Id=20000000 Fuse=0x0 V0=0.000   I0=0.000   V1=0.000   Retry 3
2021-08-25 10:31:13.960：Mod_GetIdVer      0 Id=20000000 Fuse=0x0 V0=0.000   I0=0.000   V1=0.000   Retry 4
2021-08-25 10:31:14.061：Mod_GetIdVer      0 Id=20000000 Fuse=0x0 V0=0.000   I0=0.000   V1=0.000   Retry 5
2021-08-25 10:31:14.161：Mod_GetIdVer      0 Id=20000000 Fuse=0x0 V0=0.000   I0=0.000   V1=0.000   Retry 6
2021-08-25 10:31:14.262：Mod_GetIdVer      0 Id=20000000 Fuse=0x0 V0=0.000   I0=0.000   V1=0.000   Retry 7
2021-08-25 10:31:14.363：Mod_GetIdVer      0 Id=20000000 Fuse=0x0 V0=0.000   I0=0.000   V1=0.000   Retry 8
2021-08-25 10:31:14.463：Mod_GetIdVer      0 Id=20000000 Fuse=0x0 V0=0.000   I0=0.000   V1=0.000   Retry 9
2021-08-25 10:31:14.564：Mod_GetIdVer      0 Id=20000000 Fuse=0x0 V0=0.000   I0=0.000   V1=0.000   Retry 10
2021-08-25 10:31:29.765：Dev_Reset         0
2021-08-25 10:31:29.885：Dev_ModPower      0 OnOff=1
2021-08-25 10:31:30.917：Mod_GetIdVer      0 Id=20000000 Fuse=0x0 V0=0.000   I0=0.000   V1=0.000  
2021-08-25 10:31:31.018：Mod_GetIdVer      0 Id=20000000 Fuse=0x0 V0=0.000   I0=0.000   V1=0.000   Retry 1
2021-08-25 10:31:31.118：Mod_GetIdVer      0 Id=20000000 Fuse=0x0 V0=0.000   I0=0.000   V1=0.000   Retry 2
2021-08-25 10:31:31.219：Mod_GetIdVer      0 Id=20000000 Fuse=0x0 V0=0.000   I0=0.000   V1=0.000   Retry 3
2021-08-25 10:31:31.320：Mod_GetIdVer      0 Id=20000000 Fuse=0x0 V0=0.000   I0=0.000   V1=0.000   Retry 4
2021-08-25 10:31:31.421：Mod_GetIdVer      0 Id=20000000 Fuse=0x0 V0=0.000   I0=0.000   V1=0.000   Retry 5
2021-08-25 10:31:31.521：Mod_GetIdVer      0 Id=20000000 Fuse=0x0 V0=0.000   I0=0.000   V1=0.000   Retry 6
2021-08-25 10:31:31.622：Mod_GetIdVer      0 Id=20000000 Fuse=0x0 V0=0.000   I0=0.000   V1=0.000   Retry 7
2021-08-25 10:31:31.723：Mod_GetIdVer      0 Id=20000000 Fuse=0x0 V0=0.000   I0=0.000   V1=0.000   Retry 8
2021-08-25 10:31:31.824：Mod_GetIdVer      0 Id=20000000 Fuse=0x0 V0=0.000   I0=0.000   V1=0.000   Retry 9
2021-08-25 10:31:31.924：Mod_GetIdVer      0 Id=20000000 Fuse=0x0 V0=0.000   I0=0.000   V1=0.000   Retry 10
2021-08-25 10:32:13.165：Dev_Reset         0
2021-08-25 10:32:13.276：Dev_ModPower      0 OnOff=1
2021-08-25 10:32:14.308：Mod_GetIdVer      0 Id=20000000 Fuse=0x0 V0=0.000   I0=0.000   V1=0.000  
2021-08-25 10:32:14.409：Mod_GetIdVer      0 Id=20000000 Fuse=0x0 V0=0.000   I0=0.000   V1=0.000   Retry 1
2021-08-25 10:32:14.510：Mod_GetIdVer      0 Id=20000000 Fuse=0x0 V0=0.000   I0=0.000   V1=0.000   Retry 2
2021-08-25 10:32:14.610：Mod_GetIdVer      0 Id=20000000 Fuse=0x0 V0=0.000   I0=0.000   V1=0.000   Retry 3
2021-08-25 10:32:14.711：Mod_GetIdVer      0 Id=20000000 Fuse=0x0 V0=0.000   I0=0.000   V1=0.000   Retry 4
2021-08-25 10:32:14.812：Mod_GetIdVer      0 Id=20000000 Fuse=0x0 V0=0.000   I0=0.000   V1=0.000   Retry 5
2021-08-25 10:32:14.913：Mod_GetIdVer      0 Id=20000000 Fuse=0x0 V0=0.000   I0=0.000   V1=0.000   Retry 6
2021-08-25 10:32:15.013：Mod_GetIdVer      0 Id=20000000 Fuse=0x0 V0=0.000   I0=0.000   V1=0.000   Retry 7
2021-08-25 10:32:15.114：Mod_GetIdVer      0 Id=20000000 Fuse=0x0 V0=0.000   I0=0.000   V1=0.000   Retry 8
2021-08-25 10:32:15.215：Mod_GetIdVer      0 Id=20000000 Fuse=0x0 V0=0.000   I0=0.000   V1=0.000   Retry 9
2021-08-25 10:32:15.316：Mod_GetIdVer      0 Id=20000000 Fuse=0x0 V0=0.000   I0=0.000   V1=0.000   Retry 10
2021-08-25 10:32:53.164：Dev_Reset         0
2021-08-25 10:32:53.276：Dev_ModPower      0 OnOff=1
2021-08-25 10:32:54.308：Mod_GetIdVer      0 Id=20000000 Fuse=0x0 V0=0.000   I0=0.000   V1=0.000  
2021-08-25 10:32:54.409：Mod_GetIdVer      0 Id=20000000 Fuse=0x0 V0=0.000   I0=0.000   V1=0.000   Retry 1
2021-08-25 10:32:54.509：Mod_GetIdVer      0 Id=20000000 Fuse=0x0 V0=0.000   I0=0.000   V1=0.000   Retry 2
2021-08-25 10:32:54.609：Mod_GetIdVer      0 Id=20000000 Fuse=0x0 V0=0.000   I0=0.000   V1=0.000   Retry 3
2021-08-25 10:32:54.710：Mod_GetIdVer      0 Id=20000000 Fuse=0x0 V0=0.000   I0=0.000   V1=0.000   Retry 4
2021-08-25 10:32:54.810：Mod_GetIdVer      0 Id=20000000 Fuse=0x0 V0=0.000   I0=0.000   V1=0.000   Retry 5
2021-08-25 10:32:54.911：Mod_GetIdVer      0 Id=20000000 Fuse=0x0 V0=0.000   I0=0.000   V1=0.000   Retry 6
2021-08-25 10:32:55.012：Mod_GetIdVer      0 Id=20000000 Fuse=0x0 V0=0.000   I0=0.000   V1=0.000   Retry 7
2021-08-25 10:32:55.113：Mod_GetIdVer      0 Id=20000000 Fuse=0x0 V0=0.000   I0=0.000   V1=0.000   Retry 8
2021-08-25 10:32:55.213：Mod_GetIdVer      0 Id=20000000 Fuse=0x0 V0=0.000   I0=0.000   V1=0.000   Retry 9
2021-08-25 10:32:55.314：Mod_GetIdVer      0 Id=20000000 Fuse=0x0 V0=0.000   I0=0.000   V1=0.000   Retry 10
2021-08-25 10:32:59.249：Dev_Reset         0
2021-08-25 10:32:59.369：Dev_ModPower      0 OnOff=1
2021-08-25 10:33:00.401：Mod_GetIdVer      0 Id=20000000 Fuse=0x0 V0=0.000   I0=0.000   V1=0.000  
2021-08-25 10:33:00.502：Mod_GetIdVer      0 Id=20000000 Fuse=0x0 V0=0.000   I0=0.000   V1=0.000   Retry 1
2021-08-25 10:33:00.603：Mod_GetIdVer      0 Id=20000000 Fuse=0x0 V0=0.000   I0=0.000   V1=0.000   Retry 2
2021-08-25 10:33:00.704：Mod_GetIdVer      0 Id=20000000 Fuse=0x0 V0=0.000   I0=0.000   V1=0.000   Retry 3
2021-08-25 10:33:00.804：Mod_GetIdVer      0 Id=20000000 Fuse=0x0 V0=0.000   I0=0.000   V1=0.000   Retry 4
2021-08-25 10:33:00.905：Mod_GetIdVer      0 Id=20000000 Fuse=0x0 V0=0.000   I0=0.000   V1=0.000   Retry 5
2021-08-25 10:33:01.006：Mod_GetIdVer      0 Id=20000000 Fuse=0x0 V0=0.000   I0=0.000   V1=0.000   Retry 6
2021-08-25 10:33:01.106：Mod_GetIdVer      0 Id=20000000 Fuse=0x0 V0=0.000   I0=0.000   V1=0.000   Retry 7
2021-08-25 10:33:01.207：Mod_GetIdVer      0 Id=20000000 Fuse=0x0 V0=0.000   I0=0.000   V1=0.000   Retry 8
2021-08-25 10:33:01.308：Mod_GetIdVer      0 Id=20000000 Fuse=0x0 V0=0.000   I0=0.000   V1=0.000   Retry 9
2021-08-25 10:33:01.409：Mod_GetIdVer      0 Id=20000000 Fuse=0x0 V0=0.000   I0=0.000   V1=0.000   Retry 10
2021-08-25 10:33:19.743：Dev_Reset         0
2021-08-25 10:33:19.854：Dev_ModPower      0 OnOff=1
2021-08-25 10:33:20.885：Mod_GetIdVer      0 Id=20000000 Fuse=0x0 V0=0.000   I0=0.000   V1=0.000  
2021-08-25 10:33:20.986：Mod_GetIdVer      0 Id=20000000 Fuse=0x0 V0=0.000   I0=0.000   V1=0.000   Retry 1
2021-08-25 10:33:21.086：Mod_GetIdVer      0 Id=20000000 Fuse=0x0 V0=0.000   I0=0.000   V1=0.000   Retry 2
2021-08-25 10:33:21.187：Mod_GetIdVer      0 Id=20000000 Fuse=0x0 V0=0.000   I0=0.000   V1=0.000   Retry 3
2021-08-25 10:33:21.288：Mod_GetIdVer      0 Id=20000000 Fuse=0x0 V0=0.000   I0=0.000   V1=0.000   Retry 4
2021-08-25 10:33:21.389：Mod_GetIdVer      0 Id=20000000 Fuse=0x0 V0=0.000   I0=0.000   V1=0.000   Retry 5
2021-08-25 10:33:21.489：Mod_GetIdVer      0 Id=20000000 Fuse=0x0 V0=0.000   I0=0.000   V1=0.000   Retry 6
2021-08-25 10:33:21.590：Mod_GetIdVer      0 Id=20000000 Fuse=0x0 V0=0.000   I0=0.000   V1=0.000   Retry 7
2021-08-25 10:33:21.691：Mod_GetIdVer      0 Id=20000000 Fuse=0x0 V0=0.000   I0=0.000   V1=0.000   Retry 8
2021-08-25 10:33:21.792：Mod_GetIdVer      0 Id=20000000 Fuse=0x0 V0=0.000   I0=0.000   V1=0.000   Retry 9
2021-08-25 10:33:21.892：Mod_GetIdVer      0 Id=20000000 Fuse=0x0 V0=0.000   I0=0.000   V1=0.000   Retry 10
2021-08-25 10:33:25.485：Dev_Reset         0
2021-08-25 10:33:26.352：Dev_GetInfo       1 Id=201313 Ver=0x2C Baudrate=460800
2021-08-25 10:33:27.605：Dev_Reset         1
2021-08-25 10:33:27.730：Dev_ModPower      1 OnOff=1
2021-08-25 10:33:28.983：Mod_GetIdVer      1 Id=20132020 Fuse=0x1 V0=27.400  I0=41.400  V1=30.052 
2021-08-25 10:33:29.090：Mod_NextCtrlOn    1 Id=20132020 V0=27.400  I0=41.400  V1=30.052 
2021-08-25 10:33:29.322：Mod_GetIdVer      0 Id=20126092 Fuse=0x0 V0=27.650  I0=0.300   V1=30.052  接收超时 0
2021-08-25 10:33:29.624：Mod_GetIdVer      0 Id=20126395 Fuse=0x0 V0=27.700  I0=0.300   V1=30.043  接收超时 0 Retry 1
2021-08-25 10:33:29.925：Mod_GetIdVer      0 Id=20126694 Fuse=0x0 V0=27.650  I0=0.300   V1=30.132  接收超时 0 Retry 2
2021-08-25 10:33:30.228：Mod_GetIdVer      0 Id=20126990 Fuse=0x0 V0=27.650  I0=0.300   V1=30.025  接收超时 0 Retry 3
2021-08-25 10:33:30.541：Mod_GetIdVer      0 Id=20127298 Fuse=0x0 V0=27.700  I0=0.300   V1=30.043  接收超时 0 Retry 4
2021-08-25 10:33:30.833：Mod_GetIdVer      0 Id=20127605 Fuse=0x0 V0=27.700  I0=0.300   V1=30.025  接收超时 0 Retry 5
2021-08-25 10:33:31.134：Mod_GetIdVer      0 Id=20127906 Fuse=0x0 V0=27.650  I0=0.300   V1=30.043  接收超时 0 Retry 6
2021-08-25 10:33:31.421：Mod_GetIdVer      0 Id=20128209 Fuse=0x0 V0=27.650  I0=0.300   V1=30.034  接收超时 0 Retry 7
2021-08-25 10:33:31.722：Mod_GetIdVer      0 Id=20128494 Fuse=0x0 V0=27.650  I0=0.300   V1=30.034  接收超时 0 Retry 8
2021-08-25 10:33:32.008：Mod_GetIdVer      0 Id=20128787 Fuse=0x0 V0=27.650  I0=0.300   V1=30.025  接收超时 0 Retry 9
2021-08-25 10:33:32.295：Mod_GetIdVer      0 Id=20129075 Fuse=0x0 V0=27.650  I0=0.300   V1=30.025  接收超时 0 Retry 10
2021-08-25 10:34:16.661：Dev_Reset         1
2021-08-25 10:34:16.784：Dev_ModPower      1 OnOff=1
2021-08-25 10:34:18.030：Mod_GetIdVer      1 Id=20132023 Fuse=0x1 V0=27.400  I0=45.600  V1=30.052 
2021-08-25 10:34:18.120：Mod_NextCtrlOn    1 Id=20132023 V0=27.400  I0=45.600  V1=30.025 
2021-08-25 10:34:18.352：Mod_GetIdVer      0 Id=20175109 Fuse=0x0 V0=27.650  I0=0.600   V1=30.034  接收超时 0
2021-08-25 10:34:18.653：Mod_GetIdVer      0 Id=20175428 Fuse=0x0 V0=27.700  I0=0.300   V1=30.096  接收超时 0 Retry 1
2021-08-25 10:34:18.955：Mod_GetIdVer      0 Id=20175729 Fuse=0x0 V0=27.650  I0=0.300   V1=30.105  接收超时 0 Retry 2
2021-08-25 10:34:19.257：Mod_GetIdVer      0 Id=20176032 Fuse=0x0 V0=27.650  I0=0.300   V1=30.043  接收超时 0 Retry 3
2021-08-25 10:34:19.559：Mod_GetIdVer      0 Id=20176333 Fuse=0x0 V0=27.650  I0=0.300   V1=30.017  接收超时 0 Retry 4
2021-08-25 10:34:19.846：Mod_GetIdVer      0 Id=20176635 Fuse=0x0 V0=27.650  I0=0.300   V1=29.999  接收超时 0 Retry 5
2021-08-25 10:34:20.132：Mod_GetIdVer      0 Id=20176923 Fuse=0x0 V0=27.650  I0=0.300   V1=30.096  接收超时 0 Retry 6
2021-08-25 10:34:20.434：Mod_GetIdVer      0 Id=20177207 Fuse=0x0 V0=27.650  I0=0.300   V1=30.034  接收超时 0 Retry 7
2021-08-25 10:34:20.719：Mod_GetIdVer      0 Id=20177501 Fuse=0x0 V0=27.650  I0=0.300   V1=30.017  接收超时 0 Retry 8
2021-08-25 10:34:21.021：Mod_GetIdVer      0 Id=20177788 Fuse=0x0 V0=27.600  I0=0.300   V1=30.034  接收超时 0 Retry 9
2021-08-25 10:34:21.322：Mod_GetIdVer      0 Id=20178073 Fuse=0x0 V0=27.650  I0=0.300   V1=30.034  接收超时 0 Retry 10
2021-08-25 10:35:14.575：Dev_Reset         1
2021-08-25 10:35:20.200：Dev_Reset         1
2021-08-25 10:35:20.323：Dev_ModPower      1 OnOff=1
2021-08-25 10:35:21.577：Mod_GetIdVer      1 Id=20132023 Fuse=0x1 V0=27.350  I0=46.200  V1=30.034 
2021-08-25 10:35:21.599：Dev_LEDCtrl       1 No=1 OnOff=0
2021-08-25 10:35:26.431：Mod_DetonCtrl15s  1 Id=20132023 V0=27.450  I0=37.500  V1=30.025 
2021-08-25 10:35:26.435：Dev_KA1Ctrl       1 KA1=1
2021-08-25 10:35:27.434：Dev_KA23Ctrl      1 KA2=1 KA3=1
2021-08-25 10:35:27.435：Dev_KA4Ctrl       1 KA4=1
2021-08-25 10:35:27.436：Dev_LEDCtrl       1 No=2 OnOff=1
2021-08-25 10:35:28.648：WARN_VoltCurr     1 Code=32 V0=0.000   I0=0.000   V1=30.043 
2021-08-25 10:35:42.596：Dev_ModPower      1 OnOff=0
2021-08-25 10:35:42.615：Dev_KA4Ctrl       1 KA4=0
2021-08-25 10:35:42.616：Dev_KA23Ctrl      1 KA2=0 KA3=0
2021-08-25 10:35:42.817：Dev_KA1Ctrl       1 KA1=0
2021-08-25 10:35:42.818：Dev_LEDCtrl       1 No=2 OnOff=0
2021-08-25 10:35:48.741：Dev_Reset         1
2021-08-25 10:35:50.166：Dev_Reset         1
2021-08-25 10:35:50.299：Dev_ModPower      1 OnOff=1
2021-08-25 10:35:51.530：Mod_GetIdVer      1 Id=20132023 Fuse=0x1 V0=27.350  I0=45.300  V1=29.919 
2021-08-25 10:35:51.547：Dev_LEDCtrl       1 No=1 OnOff=0
2021-08-25 10:35:55.427：Mod_DetonCtrl15s  1 Id=20132023 V0=27.350  I0=46.200  V1=30.043 
2021-08-25 10:35:55.452：Dev_KA1Ctrl       1 KA1=1
2021-08-25 10:35:56.448：Dev_KA23Ctrl      1 KA2=1 KA3=1
2021-08-25 10:35:56.451：Dev_KA4Ctrl       1 KA4=1
2021-08-25 10:35:56.451：Dev_LEDCtrl       1 No=2 OnOff=1
2021-08-25 10:36:00.576：Dev_ModPower      1 OnOff=0
2021-08-25 10:36:00.577：Dev_KA4Ctrl       1 KA4=0
2021-08-25 10:36:00.594：Dev_KA23Ctrl      1 KA2=0 KA3=0
2021-08-25 10:36:00.795：Dev_KA1Ctrl       1 KA1=0
2021-08-25 10:36:00.796：Dev_LEDCtrl       1 No=2 OnOff=0
2021-08-25 10:36:35.211：Dev_Reset         1
2021-08-25 10:36:36.525：Dev_Reset         1
2021-08-25 10:36:36.636：Dev_ModPower      1 OnOff=1
2021-08-25 10:36:37.889：Mod_GetIdVer      1 Id=20132020 Fuse=0x1 V0=27.400  I0=42.900  V1=30.052 
2021-08-25 10:36:37.898：Dev_LEDCtrl       1 No=1 OnOff=0
2021-08-25 10:36:52.101：Mod_DetonCtrl15s  1 Id=20132020 V0=27.350  I0=43.800  V1=30.052 
2021-08-25 10:36:52.121：Dev_KA1Ctrl       1 KA1=1
2021-08-25 10:36:53.122：Dev_KA23Ctrl      1 KA2=1 KA3=1
2021-08-25 10:36:53.123：Dev_KA4Ctrl       1 KA4=1
2021-08-25 10:36:53.124：Dev_LEDCtrl       1 No=2 OnOff=1
2021-08-25 10:36:59.793：Dev_ModPower      1 OnOff=0
2021-08-25 10:36:59.794：Dev_KA4Ctrl       1 KA4=0
2021-08-25 10:36:59.795：Dev_KA23Ctrl      1 KA2=0 KA3=0
2021-08-25 10:36:59.998：Dev_KA1Ctrl       1 KA1=0
2021-08-25 10:36:59.998：Dev_LEDCtrl       1 No=2 OnOff=0
2021-08-25 10:40:48.133：Dev_Reset         1
2021-08-25 10:40:49.425：Dev_Reset         1
2021-08-25 10:40:49.542：Dev_ModPower      1 OnOff=1
2021-08-25 10:40:50.793：Mod_GetIdVer      1 Id=20132020 Fuse=0x1 V0=27.300  I0=44.400  V1=30.025 
2021-08-25 10:40:50.815：Dev_LEDCtrl       1 No=1 OnOff=0
2021-08-25 10:40:53.318：Mod_DetonCtrl15s  1 Id=20132020 V0=27.350  I0=44.100  V1=30.034 
2021-08-25 10:40:53.335：Dev_KA1Ctrl       1 KA1=1
2021-08-25 10:40:54.325：Dev_KA23Ctrl      1 KA2=1 KA3=1
2021-08-25 10:40:54.326：Dev_KA4Ctrl       1 KA4=1
2021-08-25 10:40:54.342：Dev_LEDCtrl       1 No=2 OnOff=1
2021-08-25 10:40:59.055：Dev_ModPower      1 OnOff=0
2021-08-25 10:40:59.057：Dev_KA4Ctrl       1 KA4=0
2021-08-25 10:40:59.059：Dev_KA23Ctrl      1 KA2=0 KA3=0
2021-08-25 10:40:59.260：Dev_KA1Ctrl       1 KA1=0
2021-08-25 10:40:59.263：Dev_LEDCtrl       1 No=2 OnOff=0
2021-08-25 10:43:25.035：Dev_Reset         1
2021-08-25 10:43:26.575：Dev_Reset         1
2021-08-25 10:43:26.685：Dev_ModPower      1 OnOff=1
2021-08-25 10:43:27.935：Mod_GetIdVer      1 Id=20132020 Fuse=0x1 V0=27.300  I0=41.400  V1=30.096 
2021-08-25 10:43:27.958：Dev_LEDCtrl       1 No=1 OnOff=0
2021-08-25 10:43:45.086：Mod_DetonCtrl15s  1 Id=20132020 V0=27.300  I0=44.700  V1=30.017 
2021-08-25 10:43:45.119：Dev_KA1Ctrl       1 KA1=1
2021-08-25 10:43:46.135：Dev_KA23Ctrl      1 KA2=1 KA3=1
2021-08-25 10:43:46.153：Dev_KA4Ctrl       1 KA4=1
2021-08-25 10:43:46.153：Dev_LEDCtrl       1 No=2 OnOff=1
2021-08-25 10:44:01.303：Dev_ModPower      1 OnOff=0
2021-08-25 10:44:01.304：Dev_KA4Ctrl       1 KA4=0
2021-08-25 10:44:01.305：Dev_KA23Ctrl      1 KA2=0 KA3=0
2021-08-25 10:44:01.507：Dev_KA1Ctrl       1 KA1=0
2021-08-25 10:44:01.509：Dev_LEDCtrl       1 No=2 OnOff=0
2021-08-25 11:04:48.545：Dev_Reset         1
2021-08-25 11:04:50.425：Dev_Reset         1
2021-08-25 11:04:50.538：Dev_ModPower      1 OnOff=1
2021-08-25 11:04:51.844：Mod_GetIdVer      0 Id=22008342 Fuse=0x5 V0=27.400  I0=42.600  V1=30.070  接收超时 5
2021-08-25 11:04:52.233：Mod_GetIdVer      0 Id=22008734 Fuse=0x5 V0=27.200  I0=65.400  V1=30.043  接收超时 5 Retry 1
2021-08-25 11:04:52.628：Mod_GetIdVer      0 Id=22009120 Fuse=0x5 V0=27.350  I0=53.400  V1=30.052  接收超时 5 Retry 2
2021-08-25 11:04:53.022：Mod_GetIdVer      0 Id=22009514 Fuse=0x5 V0=27.450  I0=33.900  V1=30.070  接收超时 5 Retry 3
2021-08-25 11:04:53.417：Mod_GetIdVer      0 Id=22009908 Fuse=0x5 V0=27.550  I0=0.900   V1=30.034  接收超时 5 Retry 4
2021-08-25 11:04:53.805：Mod_GetIdVer      0 Id=22010303 Fuse=0x5 V0=27.400  I0=42.600  V1=30.052  接收超时 5 Retry 5
2021-08-25 11:04:54.199：Mod_GetIdVer      0 Id=22010691 Fuse=0x5 V0=27.550  I0=21.600  V1=30.079  接收超时 5 Retry 6
2021-08-25 11:04:54.587：Mod_GetIdVer      0 Id=22011070 Fuse=0x5 V0=27.550  I0=0.600   V1=30.008  接收超时 5 Retry 7
2021-08-25 11:04:54.977：Mod_GetIdVer      0 Id=22011479 Fuse=0x5 V0=27.100  I0=72.900  V1=30.034  接收超时 5 Retry 8
2021-08-25 11:04:55.365：Mod_GetIdVer      0 Id=22011850 Fuse=0x5 V0=27.400  I0=45.300  V1=30.052  接收超时 5 Retry 9
2021-08-25 11:04:55.746：Mod_GetIdVer      0 Id=22012253 Fuse=0x5 V0=27.450  I0=32.700  V1=30.017  接收超时 5 Retry 10
2021-08-25 11:05:04.795：Dev_Reset         1
2021-08-25 11:05:07.460：Dev_GetInfo       0 Id=0 Ver=0x0 Baudrate=0
2021-08-25 11:05:09.218：Dev_Reset         0
2021-08-25 11:05:14.304：Dev_GetInfo       0 Id=0 Ver=0x0 Baudrate=0
2021-08-25 11:05:17.736：Dev_Reset         0
2021-08-25 11:05:18.552：Dev_GetInfo       1 Id=201313 Ver=0x2C Baudrate=460800
2021-08-25 11:05:22.871：Dev_Reset         1
2021-08-25 11:05:28.005：Dev_Reset         1
2021-08-25 11:05:28.111：Dev_ModPower      1 OnOff=1
2021-08-25 11:05:29.432：Mod_GetIdVer      0 Id=20017475 Fuse=0x5 V0=27.300  I0=57.000  V1=30.043  接收超时 5
2021-08-25 11:05:29.820：Mod_GetIdVer      0 Id=20017871 Fuse=0x5 V0=27.600  I0=4.200   V1=30.017  接收超时 5 Retry 1
2021-08-25 11:05:30.209：Mod_GetIdVer      0 Id=20018246 Fuse=0x5 V0=27.400  I0=51.600  V1=30.008  接收超时 5 Retry 2
2021-08-25 11:05:30.598：Mod_GetIdVer      0 Id=20018648 Fuse=0x5 V0=27.550  I0=0.900   V1=30.025  接收超时 5 Retry 3
2021-08-25 11:05:30.986：Mod_GetIdVer      0 Id=20019025 Fuse=0x5 V0=27.400  I0=42.300  V1=30.034  接收超时 5 Retry 4
2021-08-25 11:05:31.383：Mod_GetIdVer      0 Id=20019426 Fuse=0x5 V0=27.550  I0=25.500  V1=30.079  接收超时 5 Retry 5
2021-08-25 11:05:31.771：Mod_GetIdVer      0 Id=20019805 Fuse=0x5 V0=27.650  I0=0.600   V1=30.043  接收超时 5 Retry 6
2021-08-25 11:05:32.169：Mod_GetIdVer      0 Id=20020212 Fuse=0x5 V0=27.600  I0=0.600   V1=30.025  接收超时 5 Retry 7
2021-08-25 11:05:32.557：Mod_GetIdVer      0 Id=20020606 Fuse=0x5 V0=27.150  I0=72.900  V1=30.043  接收超时 5 Retry 8
2021-08-25 11:05:32.945：Mod_GetIdVer      0 Id=20020994 Fuse=0x5 V0=27.450  I0=42.600  V1=30.017  接收超时 5 Retry 9
2021-08-25 11:05:33.333：Mod_GetIdVer      0 Id=20021369 Fuse=0x5 V0=27.250  I0=63.900  V1=30.088  接收超时 5 Retry 10
2021-08-25 11:09:11.442：Dev_Reset         1
2021-08-25 11:09:11.554：Dev_ModPower      1 OnOff=1
2021-08-25 11:09:12.785：Mod_GetIdVer      1 Id=20160570 Fuse=0x1 V0=27.600  I0=0.300   V1=30.043 
2021-08-25 11:09:12.897：Mod_NextCtrlOn    1 Id=20160570 V0=27.600  I0=0.300   V1=30.025 
2021-08-25 11:09:13.121：Mod_GetIdVer      0 Id=20036354 Fuse=0x0 V0=27.600  I0=0.300   V1=29.981  接收超时 0
2021-08-25 11:09:13.409：Mod_GetIdVer      0 Id=20036642 Fuse=0x0 V0=27.600  I0=0.300   V1=30.052  接收超时 0 Retry 1
2021-08-25 11:09:13.697：Mod_GetIdVer      0 Id=20036929 Fuse=0x0 V0=27.600  I0=0.300   V1=30.034  接收超时 0 Retry 2
2021-08-25 11:09:13.984：Mod_GetIdVer      0 Id=20037218 Fuse=0x0 V0=27.600  I0=0.600   V1=30.008  接收超时 0 Retry 3
2021-08-25 11:09:14.272：Mod_GetIdVer      0 Id=20037506 Fuse=0x0 V0=27.600  I0=0.300   V1=29.972  接收超时 0 Retry 4
2021-08-25 11:09:14.561：Mod_GetIdVer      0 Id=20037793 Fuse=0x0 V0=27.600  I0=0.600   V1=30.025  接收超时 0 Retry 5
2021-08-25 11:09:14.848：Mod_GetIdVer      0 Id=20038081 Fuse=0x0 V0=27.600  I0=0.300   V1=30.105  接收超时 0 Retry 6
2021-08-25 11:09:15.137：Mod_GetIdVer      0 Id=20038369 Fuse=0x0 V0=27.600  I0=0.600   V1=30.034  接收超时 0 Retry 7
2021-08-25 11:09:15.424：Mod_GetIdVer      0 Id=20038658 Fuse=0x0 V0=27.600  I0=0.600   V1=30.034  接收超时 0 Retry 8
2021-08-25 11:09:15.712：Mod_GetIdVer      0 Id=20038945 Fuse=0x0 V0=27.600  I0=0.300   V1=30.025  接收超时 0 Retry 9
2021-08-25 11:09:16.000：Mod_GetIdVer      0 Id=20039233 Fuse=0x0 V0=27.600  I0=0.300   V1=30.017  接收超时 0 Retry 10
2021-08-25 11:09:33.258：Dev_Reset         1
2021-08-25 11:09:33.369：Dev_ModPower      1 OnOff=1
2021-08-25 11:09:34.617：Mod_GetIdVer      1 Id=20160567 Fuse=0x1 V0=27.350  I0=43.800  V1=30.025 
2021-08-25 11:09:34.729：Mod_NextCtrlOn    1 Id=20160567 V0=27.350  I0=43.800  V1=30.025 
2021-08-25 11:09:34.969：Mod_GetIdVer      0 Id=20058203 Fuse=0x0 V0=27.600  I0=0.300   V1=30.034  接收超时 0
2021-08-25 11:09:35.256：Mod_GetIdVer      0 Id=20058491 Fuse=0x0 V0=27.600  I0=0.300   V1=30.043  接收超时 0 Retry 1
2021-08-25 11:09:35.544：Mod_GetIdVer      0 Id=20058778 Fuse=0x0 V0=27.600  I0=0.300   V1=30.043  接收超时 0 Retry 2
2021-08-25 11:09:35.833：Mod_GetIdVer      0 Id=20059066 Fuse=0x0 V0=27.600  I0=0.300   V1=30.025  接收超时 0 Retry 3
2021-08-25 11:09:36.120：Mod_GetIdVer      0 Id=20059355 Fuse=0x0 V0=27.600  I0=0.300   V1=30.043  接收超时 0 Retry 4
2021-08-25 11:09:36.408：Mod_GetIdVer      0 Id=20059642 Fuse=0x0 V0=27.600  I0=0.300   V1=30.043  接收超时 0 Retry 5
2021-08-25 11:09:36.696：Mod_GetIdVer      0 Id=20059930 Fuse=0x0 V0=27.600  I0=0.300   V1=30.079  接收超时 0 Retry 6
2021-08-25 11:09:36.984：Mod_GetIdVer      0 Id=20060219 Fuse=0x0 V0=27.550  I0=0.300   V1=30.025  接收超时 0 Retry 7
2021-08-25 11:09:37.272：Mod_GetIdVer      0 Id=20060506 Fuse=0x0 V0=27.600  I0=0.300   V1=30.043  接收超时 0 Retry 8
2021-08-25 11:09:37.560：Mod_GetIdVer      0 Id=20060794 Fuse=0x0 V0=27.600  I0=0.300   V1=30.025  接收超时 0 Retry 9
2021-08-25 11:09:37.847：Mod_GetIdVer      0 Id=20061082 Fuse=0x0 V0=27.600  I0=0.300   V1=30.017  接收超时 0 Retry 10
2021-08-25 11:09:46.661：Dev_Reset         1
2021-08-25 11:09:46.772：Dev_ModPower      1 OnOff=1
2021-08-25 11:09:48.084：Mod_GetIdVer      0 Id=20071223 Fuse=0x5 V0=27.250  I0=63.900  V1=30.017  接收超时 5
2021-08-25 11:09:48.468：Mod_GetIdVer      0 Id=20071607 Fuse=0x5 V0=27.550  I0=24.000  V1=29.999  接收超时 5 Retry 1
2021-08-25 11:09:48.852：Mod_GetIdVer      0 Id=20071991 Fuse=0x5 V0=27.450  I0=42.600  V1=29.999  接收超时 5 Retry 2
2021-08-25 11:09:49.235：Mod_GetIdVer      0 Id=20072375 Fuse=0x5 V0=27.600  I0=0.600   V1=30.114  接收超时 5 Retry 3
2021-08-25 11:09:49.619：Mod_GetIdVer      0 Id=20072758 Fuse=0x5 V0=27.250  I0=63.900  V1=29.999  接收超时 5 Retry 4
2021-08-25 11:09:50.003：Mod_GetIdVer      0 Id=20073143 Fuse=0x5 V0=27.600  I0=0.600   V1=29.999  接收超时 5 Retry 5
2021-08-25 11:09:50.387：Mod_GetIdVer      0 Id=20073526 Fuse=0x5 V0=27.550  I0=24.000  V1=30.034  接收超时 5 Retry 6
2021-08-25 11:09:50.770：Mod_GetIdVer      0 Id=20073910 Fuse=0x5 V0=27.450  I0=42.600  V1=30.025  接收超时 5 Retry 7
2021-08-25 11:09:51.154：Mod_GetIdVer      0 Id=20074294 Fuse=0x5 V0=27.350  I0=53.100  V1=30.052  接收超时 5 Retry 8
2021-08-25 11:09:51.538：Mod_GetIdVer      0 Id=20074677 Fuse=0x5 V0=27.600  I0=0.600   V1=30.043  接收超时 5 Retry 9
2021-08-25 11:09:51.923：Mod_GetIdVer      0 Id=20075062 Fuse=0x5 V0=27.200  I0=73.200  V1=30.052  接收超时 5 Retry 10
2021-08-25 11:09:59.696：Dev_Reset         1
2021-08-25 11:09:59.807：Dev_ModPower      1 OnOff=1
2021-08-25 11:10:01.055：Mod_GetIdVer      1 Id=20160567 Fuse=0x1 V0=27.350  I0=43.200  V1=30.034 
2021-08-25 11:10:01.167：Mod_NextCtrlOn    1 Id=20160567 V0=27.350  I0=43.200  V1=30.025 
2021-08-25 11:10:01.406：Mod_GetIdVer      0 Id=20084643 Fuse=0x0 V0=27.600  I0=0.300   V1=30.105  接收超时 0
2021-08-25 11:10:01.694：Mod_GetIdVer      0 Id=20084930 Fuse=0x0 V0=27.650  I0=0.300   V1=30.034  接收超时 0 Retry 1
2021-08-25 11:10:01.983：Mod_GetIdVer      0 Id=20085218 Fuse=0x0 V0=27.600  I0=0.300   V1=30.017  接收超时 0 Retry 2
2021-08-25 11:10:02.270：Mod_GetIdVer      0 Id=20085507 Fuse=0x0 V0=27.550  I0=0.300   V1=30.008  接收超时 0 Retry 3
2021-08-25 11:10:02.558：Mod_GetIdVer      0 Id=20085794 Fuse=0x0 V0=27.600  I0=0.300   V1=30.025  接收超时 0 Retry 4
2021-08-25 11:10:02.846：Mod_GetIdVer      0 Id=20086082 Fuse=0x0 V0=27.600  I0=0.300   V1=30.034  接收超时 0 Retry 5
2021-08-25 11:10:03.134：Mod_GetIdVer      0 Id=20086370 Fuse=0x0 V0=27.650  I0=0.300   V1=30.043  接收超时 0 Retry 6
2021-08-25 11:10:03.422：Mod_GetIdVer      0 Id=20086658 Fuse=0x0 V0=27.600  I0=0.300   V1=30.034  接收超时 0 Retry 7
2021-08-25 11:10:03.709：Mod_GetIdVer      0 Id=20086946 Fuse=0x0 V0=27.600  I0=0.300   V1=30.123  接收超时 0 Retry 8
2021-08-25 11:10:03.997：Mod_GetIdVer      0 Id=20087234 Fuse=0x0 V0=27.600  I0=0.300   V1=29.999  接收超时 0 Retry 9
2021-08-25 11:10:04.286：Mod_GetIdVer      0 Id=20087521 Fuse=0x0 V0=27.600  I0=0.300   V1=30.025  接收超时 0 Retry 10
2021-08-25 11:10:14.314：Dev_Reset         1
2021-08-25 11:10:14.426：Dev_ModPower      1 OnOff=1
2021-08-25 11:10:15.657：Mod_GetIdVer      1 Id=20160570 Fuse=0x1 V0=27.350  I0=44.700  V1=30.052 
2021-08-25 11:10:15.769：Mod_NextCtrlOn    1 Id=20160570 V0=27.350  I0=44.700  V1=30.052 
2021-08-25 11:10:16.008：Mod_GetIdVer      0 Id=20099230 Fuse=0x0 V0=27.650  I0=0.300   V1=30.114  接收超时 0
2021-08-25 11:10:16.297：Mod_GetIdVer      0 Id=20099534 Fuse=0x0 V0=27.600  I0=0.300   V1=30.043  接收超时 0 Retry 1
2021-08-25 11:10:16.584：Mod_GetIdVer      0 Id=20099822 Fuse=0x0 V0=27.600  I0=0.300   V1=30.017  接收超时 0 Retry 2
2021-08-25 11:10:16.873：Mod_GetIdVer      0 Id=20100109 Fuse=0x0 V0=27.600  I0=0.300   V1=29.999  接收超时 0 Retry 3
2021-08-25 11:10:17.161：Mod_GetIdVer      0 Id=20100397 Fuse=0x0 V0=27.600  I0=0.600   V1=30.061  接收超时 0 Retry 4
2021-08-25 11:10:17.448：Mod_GetIdVer      0 Id=20100686 Fuse=0x0 V0=27.600  I0=0.300   V1=30.034  接收超时 0 Retry 5
2021-08-25 11:10:17.736：Mod_GetIdVer      0 Id=20100973 Fuse=0x0 V0=27.600  I0=0.300   V1=30.017  接收超时 0 Retry 6
2021-08-25 11:10:18.025：Mod_GetIdVer      0 Id=20101261 Fuse=0x0 V0=27.600  I0=0.300   V1=30.017  接收超时 0 Retry 7
2021-08-25 11:10:18.312：Mod_GetIdVer      0 Id=20101549 Fuse=0x0 V0=27.600  I0=0.300   V1=29.999  接收超时 0 Retry 8
2021-08-25 11:10:18.600：Mod_GetIdVer      0 Id=20101837 Fuse=0x0 V0=27.600  I0=0.300   V1=30.043  接收超时 0 Retry 9
2021-08-25 11:10:18.888：Mod_GetIdVer      0 Id=20102125 Fuse=0x0 V0=27.600  I0=0.600   V1=30.025  接收超时 0 Retry 10
2021-08-25 11:10:35.554：Dev_Reset         1
2021-08-25 11:10:39.797：Dev_Reset         0
