2021-08-23 16:07:12.350：Dev_GetInfo       1 Id=201313 Ver=0x2C Baudrate=460800
2021-08-23 16:07:21.547：Dev_Reset         1
2021-08-23 16:07:21.653：Dev_ModPower      1 OnOff=1
2021-08-23 16:07:22.908：Mod_GetIdVer      1 Id=20160566 Fuse=0x1 V0=27.200  I0=43.200  V1=30.025 
2021-08-23 16:07:22.999：Mod_NextCtrlOn    1 Id=20160566 V0=27.200  I0=43.200  V1=30.025 
2021-08-23 16:07:23.252：Mod_GetIdVer      1 Id=20160578 Fuse=0x1 V0=27.200  I0=43.800  V1=30.079 
2021-08-23 16:07:23.357：Mod_NextCtrlOn    1 Id=20160578 V0=27.200  I0=43.800  V1=30.025 
2021-08-23 16:07:23.610：Mod_GetIdVer      1 Id=20160599 Fuse=0x1 V0=27.200  I0=44.400  V1=30.034 
2021-08-23 16:07:23.716：Mod_NextCtrlOn    1 Id=20160599 V0=27.200  I0=44.400  V1=30.079 
2021-08-23 16:07:23.955：Mod_GetIdVer      1 Id=20160586 Fuse=0x1 V0=27.200  I0=45.300  V1=30.017 
2021-08-23 16:07:24.076：Mod_NextCtrlOn    1 Id=20160586 V0=27.200  I0=45.300  V1=30.079 
2021-08-23 16:07:24.328：Mod_GetIdVer      1 Id=20160550 Fuse=0x1 V0=27.150  I0=45.900  V1=30.017 
2021-08-23 16:07:24.451：Mod_NextCtrlOn    1 Id=20160550 V0=27.150  I0=45.900  V1=30.034 
2021-08-23 16:07:24.689：Mod_GetIdVer      1 Id=20160577 Fuse=0x1 V0=27.200  I0=44.700  V1=30.025 
2021-08-23 16:07:24.812：Mod_NextCtrlOn    1 Id=20160577 V0=27.200  I0=44.700  V1=30.043 
2021-08-23 16:07:25.048：Mod_GetIdVer      1 Id=20160593 Fuse=0x1 V0=27.200  I0=43.800  V1=30.017 
2021-08-23 16:07:25.170：Mod_NextCtrlOn    1 Id=20160593 V0=27.200  I0=43.800  V1=30.034 
2021-08-23 16:07:25.407：Mod_GetIdVer      1 Id=20160563 Fuse=0x1 V0=27.200  I0=43.500  V1=29.955 
2021-08-23 16:07:25.514：Mod_NextCtrlOn    1 Id=20160563 V0=27.200  I0=43.500  V1=30.025 
2021-08-23 16:07:25.750：Mod_GetIdVer      1 Id=20160568 Fuse=0x1 V0=27.200  I0=43.500  V1=30.017 
2021-08-23 16:07:25.841：Mod_NextCtrlOn    1 Id=20160568 V0=27.200  I0=43.500  V1=30.008 
2021-08-23 16:07:26.095：Mod_GetIdVer      1 Id=20160596 Fuse=0x1 V0=27.150  I0=45.900  V1=30.025 
2021-08-23 16:07:26.099：Dev_LEDCtrl       1 No=1 OnOff=0
2021-08-23 16:07:33.676：Dev_Reset         1
2021-08-23 16:27:57.943：Dev_Reset         1
2021-08-23 16:27:58.057：Dev_ModPower      1 OnOff=1
2021-08-23 16:27:59.326：Mod_GetIdVer      1 Id=20160566 Fuse=0x1 V0=27.000  I0=42.600  V1=30.052 
2021-08-23 16:27:59.416：Mod_NextCtrlOn    1 Id=20160566 V0=27.000  I0=42.600  V1=30.034 
2021-08-23 16:27:59.657：Mod_GetIdVer      1 Id=20160578 Fuse=0x1 V0=27.050  I0=43.500  V1=29.981 
2021-08-23 16:27:59.764：Mod_NextCtrlOn    1 Id=20160578 V0=27.050  I0=43.500  V1=29.910 
2021-08-23 16:28:00.000：Mod_GetIdVer      1 Id=20160599 Fuse=0x1 V0=27.000  I0=45.900  V1=30.025 
2021-08-23 16:28:00.092：Mod_NextCtrlOn    1 Id=20160599 V0=27.000  I0=45.900  V1=30.034 
2021-08-23 16:28:00.345：Mod_GetIdVer      1 Id=20160586 Fuse=0x1 V0=26.950  I0=46.500  V1=30.008 
2021-08-23 16:28:00.451：Mod_NextCtrlOn    1 Id=20160586 V0=26.950  I0=46.500  V1=30.025 
2021-08-23 16:28:00.706：Mod_GetIdVer      1 Id=20160550 Fuse=0x1 V0=27.000  I0=45.900  V1=30.017 
2021-08-23 16:28:00.812：Mod_NextCtrlOn    1 Id=20160550 V0=27.000  I0=45.900  V1=30.043 
2021-08-23 16:28:01.062：Mod_GetIdVer      1 Id=20160577 Fuse=0x1 V0=27.000  I0=43.800  V1=30.043 
2021-08-23 16:28:01.169：Mod_NextCtrlOn    1 Id=20160577 V0=27.000  I0=43.800  V1=29.999 
2021-08-23 16:28:01.423：Mod_GetIdVer      1 Id=20160593 Fuse=0x1 V0=27.050  I0=42.900  V1=30.043 
2021-08-23 16:28:01.546：Mod_NextCtrlOn    1 Id=20160593 V0=27.050  I0=42.900  V1=30.025 
2021-08-23 16:28:01.813：Mod_GetIdVer      1 Id=20160563 Fuse=0x1 V0=27.000  I0=45.300  V1=30.008 
2021-08-23 16:28:01.919：Mod_NextCtrlOn    1 Id=20160563 V0=27.000  I0=45.300  V1=30.017 
2021-08-23 16:28:02.187：Mod_GetIdVer      1 Id=20160568 Fuse=0x1 V0=27.000  I0=42.300  V1=30.008 
2021-08-23 16:28:02.279：Mod_NextCtrlOn    1 Id=20160568 V0=27.000  I0=42.300  V1=30.043 
2021-08-23 16:28:02.518：Mod_GetIdVer      1 Id=20160596 Fuse=0x1 V0=27.000  I0=45.300  V1=30.017 
2021-08-23 16:28:02.639：Mod_NextCtrlOn    1 Id=20160596 V0=27.000  I0=45.300  V1=30.008 
2021-08-23 16:28:02.867：Mod_GetIdVer      0 Id=21876247 Fuse=0x0 V0=27.250  I0=6.300   V1=30.017  接收超时 0
2021-08-23 16:28:03.154：Mod_GetIdVer      0 Id=21876548 Fuse=0x0 V0=27.200  I0=6.300   V1=30.025  接收超时 0 Retry 1
2021-08-23 16:28:03.456：Mod_GetIdVer      0 Id=21876836 Fuse=0x0 V0=27.200  I0=6.300   V1=30.025  接收超时 0 Retry 2
2021-08-23 16:28:03.742：Mod_GetIdVer      0 Id=21877137 Fuse=0x0 V0=27.200  I0=6.300   V1=30.052  接收超时 0 Retry 3
2021-08-23 16:28:04.043：Mod_GetIdVer      0 Id=21877416 Fuse=0x0 V0=27.200  I0=6.300   V1=30.008  接收超时 0 Retry 4
2021-08-23 16:28:04.347：Mod_GetIdVer      0 Id=21877714 Fuse=0x0 V0=27.250  I0=6.300   V1=30.017  接收超时 0 Retry 5
2021-08-23 16:28:04.648：Mod_GetIdVer      0 Id=21878029 Fuse=0x0 V0=27.250  I0=6.300   V1=30.017  接收超时 0 Retry 6
2021-08-23 16:28:04.934：Mod_GetIdVer      0 Id=21878328 Fuse=0x0 V0=27.200  I0=6.300   V1=30.017  接收超时 0 Retry 7
2021-08-23 16:28:05.236：Mod_GetIdVer      0 Id=21878617 Fuse=0x0 V0=27.250  I0=6.300   V1=30.008  接收超时 0 Retry 8
2021-08-23 16:28:05.537：Mod_GetIdVer      0 Id=21878912 Fuse=0x0 V0=27.200  I0=6.000   V1=30.017  接收超时 0 Retry 9
2021-08-23 16:28:05.824：Mod_GetIdVer      0 Id=21879220 Fuse=0x0 V0=27.200  I0=6.300   V1=29.999  接收超时 0 Retry 10
2021-08-23 16:28:05.826：Dev_LEDCtrl       1 No=1 OnOff=0
2021-08-23 16:28:23.025：Dev_Reset         1
2021-08-23 16:29:10.599：Dev_Reset         1
2021-08-23 16:29:10.725：Dev_ModPower      1 OnOff=1
2021-08-23 16:29:11.971：Mod_GetIdVer      1 Id=20160566 Fuse=0x1 V0=27.000  I0=43.200  V1=30.017 
2021-08-23 16:29:12.092：Mod_NextCtrlOn    1 Id=20160566 V0=27.000  I0=43.200  V1=29.999 
2021-08-23 16:29:12.360：Mod_GetIdVer      1 Id=20160578 Fuse=0x1 V0=27.050  I0=43.500  V1=30.017 
2021-08-23 16:29:12.466：Mod_NextCtrlOn    1 Id=20160578 V0=27.050  I0=43.500  V1=30.008 
2021-08-23 16:29:12.734：Mod_GetIdVer      1 Id=20160599 Fuse=0x1 V0=27.050  I0=41.700  V1=30.025 
2021-08-23 16:29:12.841：Mod_NextCtrlOn    1 Id=20160599 V0=27.050  I0=41.700  V1=30.043 
2021-08-23 16:29:13.095：Mod_GetIdVer      1 Id=20160586 Fuse=0x1 V0=27.000  I0=43.800  V1=30.017 
2021-08-23 16:29:13.202：Mod_NextCtrlOn    1 Id=20160586 V0=27.000  I0=43.800  V1=29.955 
2021-08-23 16:29:13.456：Mod_GetIdVer      1 Id=20160550 Fuse=0x1 V0=27.000  I0=43.200  V1=30.025 
2021-08-23 16:29:13.563：Mod_NextCtrlOn    1 Id=20160550 V0=27.000  I0=43.200  V1=29.981 
2021-08-23 16:29:13.798：Mod_GetIdVer      1 Id=20160577 Fuse=0x1 V0=26.950  I0=45.600  V1=29.981 
2021-08-23 16:29:13.889：Mod_NextCtrlOn    1 Id=20160577 V0=26.950  I0=45.600  V1=30.025 
2021-08-23 16:29:14.169：Mod_GetIdVer      1 Id=20160593 Fuse=0x1 V0=27.000  I0=46.500  V1=30.034 
2021-08-23 16:29:14.261：Mod_NextCtrlOn    1 Id=20160593 V0=27.000  I0=46.500  V1=30.008 
2021-08-23 16:29:14.514：Mod_GetIdVer      1 Id=20160563 Fuse=0x1 V0=27.000  I0=45.300  V1=30.025 
2021-08-23 16:29:14.621：Mod_NextCtrlOn    1 Id=20160563 V0=27.000  I0=45.300  V1=30.008 
2021-08-23 16:29:14.876：Mod_GetIdVer      1 Id=20160568 Fuse=0x1 V0=26.950  I0=45.300  V1=29.999 
2021-08-23 16:29:14.983：Mod_NextCtrlOn    1 Id=20160568 V0=26.950  I0=45.300  V1=30.017 
2021-08-23 16:29:15.261：Mod_GetIdVer      1 Id=20160596 Fuse=0x1 V0=26.950  I0=45.300  V1=30.017 
2021-08-23 16:29:15.366：Mod_NextCtrlOn    1 Id=20160596 V0=26.950  I0=45.300  V1=30.008 
2021-08-23 16:29:15.586：Mod_GetIdVer      0 Id=21948955 Fuse=0x0 V0=27.150  I0=6.300   V1=30.043  接收超时 0
2021-08-23 16:29:15.887：Mod_GetIdVer      0 Id=21949262 Fuse=0x0 V0=27.200  I0=6.300   V1=30.008  接收超时 0 Retry 1
2021-08-23 16:29:16.188：Mod_GetIdVer      0 Id=21949564 Fuse=0x0 V0=27.200  I0=6.300   V1=30.017  接收超时 0 Retry 2
2021-08-23 16:29:16.474：Mod_GetIdVer      0 Id=21949851 Fuse=0x0 V0=27.250  I0=6.300   V1=30.025  接收超时 0 Retry 3
2021-08-23 16:29:16.776：Mod_GetIdVer      0 Id=21950140 Fuse=0x0 V0=27.250  I0=6.300   V1=30.034  接收超时 0 Retry 4
2021-08-23 16:29:17.078：Mod_GetIdVer      0 Id=21950462 Fuse=0x0 V0=27.200  I0=6.300   V1=30.034  接收超时 0 Retry 5
2021-08-23 16:29:17.364：Mod_GetIdVer      0 Id=21950764 Fuse=0x0 V0=27.250  I0=6.300   V1=30.017  接收超时 0 Retry 6
2021-08-23 16:29:17.666：Mod_GetIdVer      0 Id=21951049 Fuse=0x0 V0=27.200  I0=6.300   V1=30.008  接收超时 0 Retry 7
2021-08-23 16:29:17.968：Mod_GetIdVer      0 Id=21951340 Fuse=0x0 V0=27.200  I0=6.300   V1=29.990  接收超时 0 Retry 8
2021-08-23 16:29:18.256：Mod_GetIdVer      0 Id=21951646 Fuse=0x0 V0=27.200  I0=6.000   V1=30.017  接收超时 0 Retry 9
2021-08-23 16:29:18.542：Mod_GetIdVer      0 Id=21951938 Fuse=0x0 V0=27.150  I0=6.300   V1=30.008  接收超时 0 Retry 10
2021-08-23 16:29:18.560：Dev_LEDCtrl       1 No=1 OnOff=0
2021-08-23 16:29:30.197：Dev_Reset         1
2021-08-23 16:29:42.572：Dev_Reset         1
2021-08-23 16:29:42.691：Dev_ModPower      1 OnOff=1
2021-08-23 16:29:43.939：Mod_GetIdVer      1 Id=20160566 Fuse=0x1 V0=27.000  I0=43.200  V1=30.025 
2021-08-23 16:29:44.046：Mod_NextCtrlOn    1 Id=20160566 V0=27.000  I0=43.200  V1=30.008 
2021-08-23 16:29:44.322：Mod_GetIdVer      1 Id=20160578 Fuse=0x1 V0=27.000  I0=44.100  V1=30.008 
2021-08-23 16:29:44.413：Mod_NextCtrlOn    1 Id=20160578 V0=27.000  I0=44.100  V1=30.008 
2021-08-23 16:29:44.662：Mod_GetIdVer      1 Id=20160599 Fuse=0x1 V0=27.000  I0=43.800  V1=30.025 
2021-08-23 16:29:44.768：Mod_NextCtrlOn    1 Id=20160599 V0=27.000  I0=43.800  V1=30.025 
2021-08-23 16:29:45.037：Mod_GetIdVer      1 Id=20160586 Fuse=0x1 V0=27.000  I0=43.800  V1=30.008 
2021-08-23 16:29:45.143：Mod_NextCtrlOn    1 Id=20160586 V0=27.000  I0=43.800  V1=29.990 
2021-08-23 16:29:45.396：Mod_GetIdVer      1 Id=20160550 Fuse=0x1 V0=27.000  I0=39.600  V1=30.105 
2021-08-23 16:29:45.502：Mod_NextCtrlOn    1 Id=20160550 V0=27.000  I0=39.600  V1=30.070 
2021-08-23 16:29:45.767：Mod_GetIdVer      1 Id=20160577 Fuse=0x1 V0=26.950  I0=43.800  V1=30.025 
2021-08-23 16:29:45.873：Mod_NextCtrlOn    1 Id=20160577 V0=26.950  I0=43.800  V1=30.008 
2021-08-23 16:29:46.126：Mod_GetIdVer      1 Id=20160593 Fuse=0x1 V0=26.950  I0=44.400  V1=29.963 
2021-08-23 16:29:46.249：Mod_NextCtrlOn    1 Id=20160593 V0=26.950  I0=44.400  V1=30.043 
2021-08-23 16:29:46.485：Mod_GetIdVer      1 Id=20160563 Fuse=0x1 V0=26.950  I0=47.100  V1=30.008 
2021-08-23 16:29:46.592：Mod_NextCtrlOn    1 Id=20160563 V0=26.950  I0=47.100  V1=30.017 
2021-08-23 16:29:46.845：Mod_GetIdVer      1 Id=20160568 Fuse=0x1 V0=26.950  I0=45.300  V1=30.025 
2021-08-23 16:29:46.952：Mod_NextCtrlOn    1 Id=20160568 V0=26.950  I0=45.300  V1=30.017 
2021-08-23 16:29:47.220：Mod_GetIdVer      1 Id=20160596 Fuse=0x1 V0=26.950  I0=45.900  V1=30.052 
2021-08-23 16:29:47.226：Dev_LEDCtrl       1 No=1 OnOff=0
2021-08-23 16:29:58.000：Dev_Reset         1
2021-08-24 08:38:57.224：Dev_Reset         0
2021-08-24 08:38:57.939：Dev_GetInfo       1 Id=201313 Ver=0x2C Baudrate=460800
2021-08-24 08:39:00.560：Dev_Reset         1
2021-08-24 08:39:01.848：Dev_Reset         1
2021-08-24 08:39:01.948：Dev_ModPower      1 OnOff=1
2021-08-24 08:39:03.203：Mod_GetIdVer      1 Id=20160566 Fuse=0x1 V0=27.700  I0=43.200  V1=30.061 
2021-08-24 08:39:03.294：Mod_NextCtrlOn    1 Id=20160566 V0=27.700  I0=43.200  V1=30.061 
2021-08-24 08:39:03.557：Mod_GetIdVer      1 Id=20160578 Fuse=0x1 V0=27.650  I0=45.900  V1=30.070 
2021-08-24 08:39:03.648：Mod_NextCtrlOn    1 Id=20160578 V0=27.650  I0=45.900  V1=30.079 
2021-08-24 08:39:03.891：Mod_GetIdVer      1 Id=20160599 Fuse=0x1 V0=27.700  I0=42.900  V1=30.017 
2021-08-24 08:39:03.981：Mod_NextCtrlOn    1 Id=20160599 V0=27.700  I0=42.900  V1=30.052 
2021-08-24 08:39:04.234：Mod_GetIdVer      1 Id=20160586 Fuse=0x1 V0=27.650  I0=45.900  V1=30.043 
2021-08-24 08:39:04.339：Mod_NextCtrlOn    1 Id=20160586 V0=27.650  I0=45.900  V1=30.070 
2021-08-24 08:39:04.594：Mod_GetIdVer      1 Id=20160550 Fuse=0x1 V0=27.700  I0=47.100  V1=30.034 
2021-08-24 08:39:04.715：Mod_NextCtrlOn    1 Id=20160550 V0=27.700  I0=47.100  V1=30.070 
2021-08-24 08:39:04.968：Mod_GetIdVer      1 Id=20160577 Fuse=0x1 V0=27.700  I0=43.500  V1=30.052 
2021-08-24 08:39:05.059：Mod_NextCtrlOn    1 Id=20160577 V0=27.700  I0=43.500  V1=30.061 
2021-08-24 08:39:05.326：Mod_GetIdVer      1 Id=20160593 Fuse=0x1 V0=27.700  I0=44.400  V1=30.070 
2021-08-24 08:39:05.449：Mod_NextCtrlOn    1 Id=20160593 V0=27.700  I0=44.400  V1=30.061 
2021-08-24 08:39:05.688：Mod_GetIdVer      1 Id=20160563 Fuse=0x1 V0=27.600  I0=49.200  V1=30.025 
2021-08-24 08:39:05.779：Mod_NextCtrlOn    1 Id=20160563 V0=27.600  I0=49.200  V1=30.061 
2021-08-24 08:39:06.032：Mod_GetIdVer      1 Id=20160568 Fuse=0x1 V0=27.600  I0=48.600  V1=30.008 
2021-08-24 08:39:06.139：Mod_NextCtrlOn    1 Id=20160568 V0=27.600  I0=48.600  V1=30.025 
2021-08-24 08:39:06.375：Mod_GetIdVer      1 Id=20160596 Fuse=0x1 V0=27.700  I0=40.800  V1=30.052 
2021-08-24 08:39:06.398：Dev_LEDCtrl       1 No=1 OnOff=0
2021-08-24 08:39:11.752：Dev_Reset         1
2021-08-24 08:44:16.343：Dev_Reset         1
2021-08-24 08:44:16.448：Dev_ModPower      1 OnOff=1
2021-08-24 08:44:17.711：Mod_GetIdVer      1 Id=20160566 Fuse=0x1 V0=27.500  I0=42.300  V1=30.034 
2021-08-24 08:44:17.817：Mod_NextCtrlOn    1 Id=20160566 V0=27.500  I0=42.300  V1=30.070 
2021-08-24 08:44:18.077：Mod_GetIdVer      1 Id=20160578 Fuse=0x1 V0=27.500  I0=42.900  V1=30.034 
2021-08-24 08:44:18.184：Mod_NextCtrlOn    1 Id=20160578 V0=27.500  I0=42.900  V1=30.070 
2021-08-24 08:44:18.436：Mod_GetIdVer      1 Id=20160599 Fuse=0x1 V0=27.500  I0=37.500  V1=30.088 
2021-08-24 08:44:18.558：Mod_NextCtrlOn    1 Id=20160599 V0=27.500  I0=37.500  V1=30.034 
2021-08-24 08:44:18.832：Mod_GetIdVer      1 Id=20160586 Fuse=0x1 V0=27.500  I0=45.600  V1=30.034 
2021-08-24 08:44:18.923：Mod_NextCtrlOn    1 Id=20160586 V0=27.500  I0=45.600  V1=30.052 
2021-08-24 08:44:19.171：Mod_GetIdVer      1 Id=20160550 Fuse=0x1 V0=27.450  I0=45.600  V1=30.070 
2021-08-24 08:44:19.278：Mod_NextCtrlOn    1 Id=20160550 V0=27.450  I0=45.600  V1=30.043 
2021-08-24 08:44:19.515：Mod_GetIdVer      1 Id=20160577 Fuse=0x1 V0=27.450  I0=46.500  V1=30.061 
2021-08-24 08:44:19.607：Mod_NextCtrlOn    1 Id=20160577 V0=27.450  I0=46.500  V1=30.043 
2021-08-24 08:44:19.875：Mod_GetIdVer      1 Id=20160593 Fuse=0x1 V0=27.450  I0=47.100  V1=30.061 
2021-08-24 08:44:19.966：Mod_NextCtrlOn    1 Id=20160593 V0=27.450  I0=47.100  V1=30.008 
2021-08-24 08:44:20.234：Mod_GetIdVer      1 Id=20160563 Fuse=0x1 V0=27.450  I0=47.100  V1=30.052 
2021-08-24 08:44:20.325：Mod_NextCtrlOn    1 Id=20160563 V0=27.450  I0=47.100  V1=30.043 
2021-08-24 08:44:20.593：Mod_GetIdVer      1 Id=20160568 Fuse=0x1 V0=27.400  I0=47.400  V1=30.034 
2021-08-24 08:44:20.700：Mod_NextCtrlOn    1 Id=20160568 V0=27.400  I0=47.400  V1=30.043 
2021-08-24 08:44:20.936：Mod_GetIdVer      1 Id=20160596 Fuse=0x1 V0=27.450  I0=46.500  V1=30.052 
2021-08-24 08:44:20.954：Dev_LEDCtrl       1 No=1 OnOff=0
2021-08-24 09:13:33.169：Dev_Reset         1
2021-08-24 09:13:37.647：Dev_Reset         1
2021-08-24 09:13:37.759：Dev_ModPower      1 OnOff=1
2021-08-24 09:13:38.975：Mod_GetIdVer      0 Id=20043167 Fuse=0x0 V0=28.050  I0=0.900   V1=30.052  接收超时 0
2021-08-24 09:13:39.263：Mod_GetIdVer      0 Id=20043472 Fuse=0x0 V0=28.050  I0=0.900   V1=30.132  接收超时 0 Retry 1
2021-08-24 09:13:39.550：Mod_GetIdVer      0 Id=20043760 Fuse=0x0 V0=28.050  I0=0.900   V1=30.096  接收超时 0 Retry 2
2021-08-24 09:13:39.838：Mod_GetIdVer      0 Id=20044047 Fuse=0x0 V0=28.100  I0=0.900   V1=30.052  接收超时 0 Retry 3
2021-08-24 09:13:40.126：Mod_GetIdVer      0 Id=20044336 Fuse=0x0 V0=37.150  I0=36.000  V1=30.070  接收超时 0 Retry 4
2021-08-24 09:13:40.415：Mod_GetIdVer      0 Id=20044623 Fuse=0x0 V0=28.050  I0=0.900   V1=30.088  接收超时 0 Retry 5
2021-08-24 09:13:40.702：Mod_GetIdVer      0 Id=20044912 Fuse=0x0 V0=28.100  I0=0.900   V1=30.034  接收超时 0 Retry 6
2021-08-24 09:13:40.990：Mod_GetIdVer      0 Id=20045199 Fuse=0x0 V0=28.050  I0=0.900   V1=30.070  接收超时 0 Retry 7
2021-08-24 09:13:41.278：Mod_GetIdVer      0 Id=20045487 Fuse=0x0 V0=28.100  I0=0.900   V1=30.096  接收超时 0 Retry 8
2021-08-24 09:13:41.566：Mod_GetIdVer      0 Id=20045775 Fuse=0x0 V0=28.100  I0=0.900   V1=30.096  接收超时 0 Retry 9
2021-08-24 09:13:41.854：Mod_GetIdVer      0 Id=20046063 Fuse=0x0 V0=28.050  I0=0.900   V1=30.079  接收超时 0 Retry 10
2021-08-24 09:14:06.310：Dev_Reset         1
2021-08-24 09:14:06.423：Dev_ModPower      1 OnOff=1
2021-08-24 09:14:07.655：Mod_GetIdVer      1 Id=20160584 Fuse=0x1 V0=27.700  I0=44.400  V1=30.052 
2021-08-24 09:14:07.767：Mod_NextCtrlOn    1 Id=20160584 V0=27.700  I0=44.400  V1=30.088 
2021-08-24 09:14:08.055：Mod_GetIdVer      1 Id=20160569 Fuse=0x1 V0=27.700  I0=45.000  V1=30.061 
2021-08-24 09:14:08.166：Mod_NextCtrlOn    1 Id=20160569 V0=27.700  I0=45.000  V1=30.061 
2021-08-24 09:14:08.390：Mod_GetIdVer      0 Id=20072601 Fuse=0x0 V0=27.950  I0=0.600   V1=30.088  接收超时 0
2021-08-24 09:14:08.678：Mod_GetIdVer      0 Id=20072890 Fuse=0x0 V0=27.950  I0=0.600   V1=30.070  接收超时 0 Retry 1
2021-08-24 09:14:08.966：Mod_GetIdVer      0 Id=20073177 Fuse=0x0 V0=27.950  I0=0.600   V1=30.061  接收超时 0 Retry 2
2021-08-24 09:14:09.254：Mod_GetIdVer      0 Id=20073465 Fuse=0x0 V0=28.000  I0=0.600   V1=30.070  接收超时 0 Retry 3
2021-08-24 09:14:09.542：Mod_GetIdVer      0 Id=20073753 Fuse=0x0 V0=28.000  I0=0.600   V1=30.025  接收超时 0 Retry 4
2021-08-24 09:14:09.830：Mod_GetIdVer      0 Id=20074042 Fuse=0x0 V0=28.000  I0=0.600   V1=30.070  接收超时 0 Retry 5
2021-08-24 09:14:10.117：Mod_GetIdVer      0 Id=20074329 Fuse=0x0 V0=27.950  I0=0.600   V1=30.034  接收超时 0 Retry 6
2021-08-24 09:14:10.406：Mod_GetIdVer      0 Id=20074617 Fuse=0x0 V0=28.000  I0=0.600   V1=30.043  接收超时 0 Retry 7
2021-08-24 09:14:10.693：Mod_GetIdVer      0 Id=20074905 Fuse=0x0 V0=27.950  I0=0.600   V1=30.141  接收超时 0 Retry 8
2021-08-24 09:14:10.982：Mod_GetIdVer      0 Id=20075193 Fuse=0x0 V0=28.000  I0=0.600   V1=30.043  接收超时 0 Retry 9
2021-08-24 09:14:11.270：Mod_GetIdVer      0 Id=20075481 Fuse=0x0 V0=27.950  I0=0.600   V1=30.052  接收超时 0 Retry 10
2021-08-24 09:14:18.659：Dev_Reset         1
2021-08-24 09:14:24.722：Dev_Reset         1
2021-08-24 09:14:24.834：Dev_ModPower      1 OnOff=1
2021-08-24 09:14:26.066：Mod_GetIdVer      1 Id=20160584 Fuse=0x1 V0=27.700  I0=45.000  V1=30.043 
2021-08-24 09:14:26.177：Mod_NextCtrlOn    1 Id=20160584 V0=27.700  I0=45.000  V1=30.052 
2021-08-24 09:14:26.433：Mod_GetIdVer      1 Id=20160569 Fuse=0x1 V0=27.750  I0=39.300  V1=30.079 
2021-08-24 09:14:26.465：Dev_LEDCtrl       1 No=1 OnOff=0
2021-08-24 09:29:37.093：Dev_Reset         1
2021-08-24 09:29:37.205：Dev_ModPower      1 OnOff=1
2021-08-24 09:29:38.437：Mod_GetIdVer      1 Id=20160584 Fuse=0x1 V0=27.400  I0=39.000  V1=30.017 
2021-08-24 09:29:38.548：Mod_NextCtrlOn    1 Id=20160584 V0=27.400  I0=39.000  V1=30.061 
2021-08-24 09:29:38.805：Mod_GetIdVer      1 Id=20160569 Fuse=0x1 V0=27.350  I0=43.800  V1=30.008 
2021-08-24 09:29:38.837：Dev_LEDCtrl       1 No=1 OnOff=0
2021-08-24 09:40:07.143：Dev_Reset         1
2021-08-24 09:40:07.255：Dev_ModPower      1 OnOff=1
2021-08-24 09:40:08.486：Mod_GetIdVer      1 Id=20160584 Fuse=0x1 V0=27.200  I0=44.400  V1=30.043 
2021-08-24 09:40:08.599：Mod_NextCtrlOn    1 Id=20160584 V0=27.200  I0=44.400  V1=29.919 
2021-08-24 09:40:08.870：Mod_GetIdVer      1 Id=20160569 Fuse=0x1 V0=27.250  I0=43.500  V1=30.079 
2021-08-24 09:40:08.903：Dev_LEDCtrl       1 No=1 OnOff=0
2021-08-24 09:40:20.467：Mod_DetonCtrl15s  1 Id=20160569 V0=27.250  I0=42.900  V1=30.017 
2021-08-24 09:40:20.500：Dev_KA1Ctrl       1 KA1=1
2021-08-24 09:40:21.507：Dev_KA23Ctrl      1 KA2=1 KA3=1
2021-08-24 09:40:21.539：Dev_KA4Ctrl       1 KA4=1
2021-08-24 09:40:21.571：Dev_LEDCtrl       1 No=2 OnOff=1
2021-08-24 09:40:26.770：Dev_ModPower      1 OnOff=0
2021-08-24 09:40:26.802：Dev_KA4Ctrl       1 KA4=0
2021-08-24 09:40:26.834：Dev_KA23Ctrl      1 KA2=0 KA3=0
2021-08-24 09:40:27.042：Dev_KA1Ctrl       1 KA1=0
2021-08-24 09:40:27.074：Dev_LEDCtrl       1 No=2 OnOff=0
2021-08-24 09:40:27.106：Dev_Reset         1
2021-08-24 09:40:27.234：Dev_ModPower      1 OnOff=1
2021-08-24 09:40:28.481：Mod_GetIdVer      1 Id=20160584 Fuse=0x1 V0=27.250  I0=42.900  V1=30.025 
2021-08-24 09:40:28.514：Dev_LEDCtrl       1 No=1 OnOff=0
2021-08-24 09:40:30.528：Mod_DetonCtrl15s  1 Id=20160584 V0=27.300  I0=41.700  V1=30.096 
2021-08-24 09:40:30.561：Dev_KA1Ctrl       1 KA1=1
2021-08-24 09:40:31.569：Dev_KA23Ctrl      1 KA2=1 KA3=1
2021-08-24 09:40:31.601：Dev_KA4Ctrl       1 KA4=1
2021-08-24 09:40:31.633：Dev_LEDCtrl       1 No=2 OnOff=1
2021-08-24 09:40:35.632：Dev_ModPower      1 OnOff=0
2021-08-24 09:40:35.648：Dev_KA4Ctrl       1 KA4=0
2021-08-24 09:40:35.680：Dev_KA23Ctrl      1 KA2=0 KA3=0
2021-08-24 09:40:35.887：Dev_KA1Ctrl       1 KA1=0
2021-08-24 09:40:35.919：Dev_LEDCtrl       1 No=2 OnOff=0
2021-08-24 09:40:42.302：Dev_Reset         1
2021-08-24 09:40:43.613：Dev_Reset         1
2021-08-24 09:40:43.725：Dev_ModPower      1 OnOff=1
2021-08-24 09:40:44.957：Mod_GetIdVer      1 Id=20160584 Fuse=0x1 V0=27.250  I0=45.000  V1=30.008 
2021-08-24 09:40:45.069：Mod_NextCtrlOn    1 Id=20160584 V0=27.250  I0=45.000  V1=30.034 
2021-08-24 09:40:45.324：Mod_GetIdVer      1 Id=20160569 Fuse=0x1 V0=27.250  I0=42.600  V1=30.025 
2021-08-24 09:40:45.356：Dev_LEDCtrl       1 No=1 OnOff=0
2021-08-24 09:58:13.462：Dev_Reset         1
2021-08-24 09:58:13.591：Dev_ModPower      1 OnOff=1
2021-08-24 09:58:14.838：Mod_GetIdVer      1 Id=20160584 Fuse=0x1 V0=27.200  I0=44.100  V1=29.999 
2021-08-24 09:58:14.950：Mod_NextCtrlOn    1 Id=20160584 V0=27.200  I0=44.100  V1=29.910 
2021-08-24 09:58:15.206：Mod_GetIdVer      1 Id=20160569 Fuse=0x1 V0=27.150  I0=44.100  V1=29.955 
2021-08-24 09:58:15.238：Dev_LEDCtrl       1 No=1 OnOff=0
2021-08-24 09:58:54.187：Dev_Reset         1
2021-08-24 09:58:54.300：Dev_ModPower      1 OnOff=1
2021-08-24 09:58:55.531：Mod_GetIdVer      1 Id=20160584 Fuse=0x1 V0=27.300  I0=39.300  V1=30.017 
2021-08-24 09:58:55.642：Mod_NextCtrlOn    1 Id=20160584 V0=27.300  I0=39.300  V1=29.999 
2021-08-24 09:58:55.899：Mod_GetIdVer      1 Id=20160569 Fuse=0x1 V0=27.250  I0=43.200  V1=30.025 
2021-08-24 09:58:55.931：Dev_LEDCtrl       1 No=1 OnOff=0
2021-08-24 10:12:07.396：Dev_Reset         1
2021-08-24 10:12:07.507：Dev_ModPower      1 OnOff=1
2021-08-24 10:12:08.740：Mod_GetIdVer      1 Id=20160584 Fuse=0x1 V0=27.200  I0=45.000  V1=30.017 
2021-08-24 10:12:08.851：Mod_NextCtrlOn    1 Id=20160584 V0=27.200  I0=45.000  V1=30.034 
2021-08-24 10:12:09.139：Mod_GetIdVer      1 Id=20160569 Fuse=0x1 V0=27.150  I0=46.200  V1=30.025 
2021-08-24 10:12:09.172：Dev_LEDCtrl       1 No=1 OnOff=0
2021-08-24 10:32:28.157：Dev_Reset         1
2021-08-24 10:32:28.269：Dev_ModPower      1 OnOff=1
2021-08-24 10:32:29.501：Mod_GetIdVer      1 Id=20160584 Fuse=0x1 V0=27.300  I0=37.800  V1=30.017 
2021-08-24 10:32:29.612：Mod_NextCtrlOn    1 Id=20160584 V0=27.300  I0=37.800  V1=30.052 
2021-08-24 10:32:29.868：Mod_GetIdVer      1 Id=20160569 Fuse=0x1 V0=27.250  I0=41.700  V1=30.008 
2021-08-24 10:32:29.900：Dev_LEDCtrl       1 No=1 OnOff=0
2021-08-24 10:32:38.010：Mod_DetonCtrl15s  1 Id=20160569 V0=27.200  I0=44.700  V1=30.008 
2021-08-24 10:32:38.042：Dev_KA1Ctrl       1 KA1=1
2021-08-24 10:32:39.049：Dev_KA23Ctrl      1 KA2=1 KA3=1
2021-08-24 10:32:39.081：Dev_KA4Ctrl       1 KA4=1
2021-08-24 10:32:39.113：Dev_LEDCtrl       1 No=2 OnOff=1
2021-08-24 10:32:41.992：Dev_ModPower      1 OnOff=0
2021-08-24 10:32:42.025：Dev_KA4Ctrl       1 KA4=0
2021-08-24 10:32:42.057：Dev_KA23Ctrl      1 KA2=0 KA3=0
2021-08-24 10:32:42.264：Dev_KA1Ctrl       1 KA1=0
2021-08-24 10:32:42.280：Dev_LEDCtrl       1 No=2 OnOff=0
2021-08-24 10:32:42.312：Dev_Reset         1
2021-08-24 10:32:42.423：Dev_ModPower      1 OnOff=1
2021-08-24 10:32:43.655：Mod_GetIdVer      1 Id=20160584 Fuse=0x1 V0=27.450  I0=0.300   V1=30.034 
2021-08-24 10:32:43.687：Dev_LEDCtrl       1 No=1 OnOff=0
2021-08-24 10:32:45.062：Mod_DetonCtrl15s  1 Id=20160584 V0=27.200  I0=41.700  V1=29.990 
2021-08-24 10:32:45.095：Dev_KA1Ctrl       1 KA1=1
2021-08-24 10:32:46.103：Dev_KA23Ctrl      1 KA2=1 KA3=1
2021-08-24 10:32:46.135：Dev_KA4Ctrl       1 KA4=1
2021-08-24 10:32:46.166：Dev_LEDCtrl       1 No=2 OnOff=1
2021-08-24 10:32:48.774：Dev_ModPower      1 OnOff=0
2021-08-24 10:32:48.789：Dev_KA4Ctrl       1 KA4=0
2021-08-24 10:32:48.821：Dev_KA23Ctrl      1 KA2=0 KA3=0
2021-08-24 10:32:49.030：Dev_KA1Ctrl       1 KA1=0
2021-08-24 10:32:49.062：Dev_LEDCtrl       1 No=2 OnOff=0
2021-08-24 10:32:52.405：Dev_Reset         1
2021-08-24 10:32:53.796：Dev_Reset         1
2021-08-24 10:32:53.908：Dev_ModPower      1 OnOff=1
2021-08-24 10:32:55.139：Mod_GetIdVer      1 Id=20160584 Fuse=0x1 V0=27.200  I0=42.300  V1=30.052 
2021-08-24 10:32:55.251：Mod_NextCtrlOn    1 Id=20160584 V0=27.200  I0=42.300  V1=30.017 
