2021-08-24 11:02:04.591：Dev_GetInfo       1 Id=201313 Ver=0x2C Baudrate=460800
2021-08-24 11:02:16.553：Dev_Reset         1
2021-08-24 11:02:17.922：Dev_Reset         1
2021-08-24 11:02:18.030：Dev_ModPower      1 OnOff=1
2021-08-24 11:02:19.264：Mod_GetIdVer      1 Id=20160584 Fuse=0x1 V0=27.150  I0=44.400  V1=29.999 
2021-08-24 11:02:19.355：Mod_NextCtrlOn    1 Id=20160584 V0=27.150  I0=44.400  V1=30.025 
2021-08-24 11:02:19.591：Mod_GetIdVer      1 Id=20160569 Fuse=0x1 V0=27.200  I0=44.700  V1=30.052 
2021-08-24 11:02:19.698：Mod_NextCtrlOn    1 Id=20160569 V0=27.200  I0=44.700  V1=30.008 
2021-08-24 11:02:19.937：Mod_GetIdVer      0 Id=26564000 Fuse=0x0 V0=27.500  I0=0.300   V1=30.025  接收超时 0
2021-08-24 11:02:20.224：Mod_GetIdVer      0 Id=26564315 Fuse=0x0 V0=27.450  I0=0.300   V1=30.008  接收超时 0 Retry 1
2021-08-24 11:02:20.525：Mod_GetIdVer      0 Id=26564576 Fuse=0x0 V0=27.500  I0=0.300   V1=29.972  接收超时 0 Retry 2
2021-08-24 11:02:20.841：Mod_GetIdVer      0 Id=26564903 Fuse=0x0 V0=27.500  I0=0.300   V1=30.017  接收超时 0 Retry 3
2021-08-24 11:02:21.128：Mod_GetIdVer      0 Id=26565197 Fuse=0x0 V0=27.500  I0=0.300   V1=30.034  接收超时 0 Retry 4
2021-08-24 11:02:21.429：Mod_GetIdVer      0 Id=26565484 Fuse=0x0 V0=27.450  I0=0.300   V1=30.017  接收超时 0 Retry 5
2021-08-24 11:02:21.740：Mod_GetIdVer      0 Id=26565801 Fuse=0x0 V0=27.500  I0=0.300   V1=29.981  接收超时 0 Retry 6
2021-08-24 11:02:22.041：Mod_GetIdVer      0 Id=26566099 Fuse=0x0 V0=27.500  I0=0.300   V1=30.052  接收超时 0 Retry 7
2021-08-24 11:02:22.343：Mod_GetIdVer      0 Id=26566396 Fuse=0x0 V0=27.500  I0=0.300   V1=30.034  接收超时 0 Retry 8
2021-08-24 11:02:22.644：Mod_GetIdVer      0 Id=26566714 Fuse=0x0 V0=27.500  I0=0.300   V1=30.034  接收超时 0 Retry 9
2021-08-24 11:02:22.953：Mod_GetIdVer      0 Id=26567016 Fuse=0x0 V0=27.450  I0=0.300   V1=30.025  接收超时 0 Retry 10
2021-08-24 11:02:22.970：Dev_LEDCtrl       1 No=1 OnOff=0
2021-08-24 11:06:06.511：Dev_Reset         1
2021-08-24 11:06:06.622：Dev_ModPower      1 OnOff=1
2021-08-24 11:06:07.874：Mod_GetIdVer      1 Id=20160584 Fuse=0x1 V0=27.200  I0=45.600  V1=29.990 
2021-08-24 11:06:07.996：Mod_NextCtrlOn    1 Id=20160584 V0=27.200  I0=45.600  V1=30.052 
2021-08-24 11:06:08.247：Mod_GetIdVer      1 Id=20160569 Fuse=0x1 V0=27.200  I0=42.300  V1=30.025 
2021-08-24 11:06:08.279：Dev_LEDCtrl       1 No=1 OnOff=0
2021-08-24 11:06:13.017：Mod_DetonCtrl15s  1 Id=20160569 V0=27.200  I0=45.000  V1=30.017 
2021-08-24 11:06:13.050：Dev_KA1Ctrl       1 KA1=1
2021-08-24 11:06:14.055：Dev_KA23Ctrl      1 KA2=1 KA3=1
2021-08-24 11:06:14.072：Dev_KA4Ctrl       1 KA4=1
2021-08-24 11:06:14.073：Dev_LEDCtrl       1 No=2 OnOff=1
2021-08-24 11:06:19.267：Dev_ModPower      1 OnOff=0
2021-08-24 11:06:19.268：Dev_KA4Ctrl       1 KA4=0
2021-08-24 11:06:19.269：Dev_KA23Ctrl      1 KA2=0 KA3=0
2021-08-24 11:06:19.483：Dev_KA1Ctrl       1 KA1=0
2021-08-24 11:06:19.484：Dev_LEDCtrl       1 No=2 OnOff=0
2021-08-24 11:06:19.485：Dev_Reset         1
2021-08-24 11:06:19.592：Dev_ModPower      1 OnOff=1
2021-08-24 11:06:20.828：Mod_GetIdVer      1 Id=20160584 Fuse=0x1 V0=27.200  I0=44.700  V1=30.034 
2021-08-24 11:06:20.831：Dev_LEDCtrl       1 No=1 OnOff=0
2021-08-24 11:06:22.431：Mod_DetonCtrl15s  1 Id=20160584 V0=27.250  I0=42.000  V1=30.025 
2021-08-24 11:06:22.452：Dev_KA1Ctrl       1 KA1=1
2021-08-24 11:06:23.449：Dev_KA23Ctrl      1 KA2=1 KA3=1
2021-08-24 11:06:23.450：Dev_KA4Ctrl       1 KA4=1
2021-08-24 11:06:23.451：Dev_LEDCtrl       1 No=2 OnOff=1
2021-08-24 11:06:27.123：Dev_ModPower      1 OnOff=0
2021-08-24 11:06:27.124：Dev_KA4Ctrl       1 KA4=0
2021-08-24 11:06:27.141：Dev_KA23Ctrl      1 KA2=0 KA3=0
2021-08-24 11:06:27.346：Dev_KA1Ctrl       1 KA1=0
2021-08-24 11:06:27.363：Dev_LEDCtrl       1 No=2 OnOff=0
2021-08-24 11:06:31.747：Dev_Reset         1
2021-08-24 11:06:32.941：Dev_Reset         1
2021-08-24 11:06:33.070：Dev_ModPower      1 OnOff=1
2021-08-24 11:06:34.295：Mod_GetIdVer      1 Id=20160584 Fuse=0x1 V0=27.200  I0=44.100  V1=30.034 
2021-08-24 11:06:34.386：Mod_NextCtrlOn    1 Id=20160584 V0=27.200  I0=44.100  V1=30.008 
2021-08-24 11:06:34.624：Mod_GetIdVer      1 Id=20160569 Fuse=0x1 V0=27.150  I0=44.700  V1=30.034 
2021-08-24 11:06:34.722：Mod_NextCtrlOn    1 Id=20160569 V0=27.150  I0=44.700  V1=29.999 
2021-08-24 11:06:34.948：Mod_GetIdVer      0 Id=26819028 Fuse=0x0 V0=27.500  I0=0.300   V1=30.017  接收超时 0
2021-08-24 11:06:35.250：Mod_GetIdVer      0 Id=26819343 Fuse=0x0 V0=27.450  I0=0.300   V1=29.990  接收超时 0 Retry 1
2021-08-24 11:06:35.565：Mod_GetIdVer      0 Id=26819643 Fuse=0x0 V0=27.500  I0=0.300   V1=30.034  接收超时 0 Retry 2
2021-08-24 11:06:35.866：Mod_GetIdVer      0 Id=26819958 Fuse=0x0 V0=27.450  I0=0.300   V1=30.043  接收超时 0 Retry 3
2021-08-24 11:06:36.167：Mod_GetIdVer      0 Id=26820256 Fuse=0x0 V0=27.500  I0=0.300   V1=30.043  接收超时 0 Retry 4
2021-08-24 11:06:36.470：Mod_GetIdVer      0 Id=26820563 Fuse=0x0 V0=27.500  I0=0.300   V1=29.972  接收超时 0 Retry 5
2021-08-24 11:06:36.772：Mod_GetIdVer      0 Id=26820854 Fuse=0x0 V0=27.500  I0=0.300   V1=30.008  接收超时 0 Retry 6
2021-08-24 11:06:37.061：Mod_GetIdVer      0 Id=26821154 Fuse=0x0 V0=27.450  I0=0.300   V1=29.999  接收超时 0 Retry 7
2021-08-24 11:06:37.347：Mod_GetIdVer      0 Id=26821450 Fuse=0x0 V0=27.500  I0=0.300   V1=30.034  接收超时 0 Retry 8
2021-08-24 11:06:37.648：Mod_GetIdVer      0 Id=26821735 Fuse=0x0 V0=27.500  I0=0.300   V1=30.061  接收超时 0 Retry 9
2021-08-24 11:06:37.950：Mod_GetIdVer      0 Id=26822037 Fuse=0x0 V0=27.500  I0=0.300   V1=29.972  接收超时 0 Retry 10
2021-08-24 11:06:37.952：Dev_LEDCtrl       1 No=1 OnOff=0
2021-08-24 13:03:04.105：Dev_Reset         1
2021-08-24 13:03:04.214：Dev_ModPower      1 OnOff=1
2021-08-24 13:03:05.467：Mod_GetIdVer      1 Id=20160584 Fuse=0x1 V0=27.250  I0=43.500  V1=30.017 
2021-08-24 13:03:05.574：Mod_NextCtrlOn    1 Id=20160584 V0=27.250  I0=43.500  V1=30.008 
2021-08-24 13:03:05.826：Mod_GetIdVer      1 Id=20160569 Fuse=0x1 V0=27.200  I0=43.200  V1=30.025 
2021-08-24 13:03:05.847：Dev_LEDCtrl       1 No=1 OnOff=0
2021-08-24 13:06:17.414：Dev_Reset         1
2021-08-24 13:14:58.078：Dev_GetInfo       1 Id=201313 Ver=0x2C Baudrate=460800
2021-08-24 13:15:00.090：Dev_Reset         1
2021-08-24 13:15:00.882：Dev_Reset         1
2021-08-24 13:15:01.011：Dev_ModPower      1 OnOff=1
2021-08-24 13:15:02.227：Mod_GetIdVer      0 Id=20077726 Fuse=0x0 V0=27.750  I0=0.900   V1=30.043  接收超时 0
2021-08-24 13:15:02.530：Mod_GetIdVer      0 Id=20078018 Fuse=0x0 V0=27.800  I0=0.900   V1=30.061  接收超时 0 Retry 1
2021-08-24 13:15:02.816：Mod_GetIdVer      0 Id=20078322 Fuse=0x0 V0=27.800  I0=0.900   V1=30.096  接收超时 0 Retry 2
2021-08-24 13:15:03.103：Mod_GetIdVer      0 Id=20078606 Fuse=0x0 V0=27.750  I0=0.900   V1=30.034  接收超时 0 Retry 3
2021-08-24 13:15:03.389：Mod_GetIdVer      0 Id=20078893 Fuse=0x0 V0=27.800  I0=0.900   V1=30.061  接收超时 0 Retry 4
2021-08-24 13:15:03.675：Mod_GetIdVer      0 Id=20079180 Fuse=0x0 V0=27.800  I0=0.900   V1=30.043  接收超时 0 Retry 5
2021-08-24 13:15:03.961：Mod_GetIdVer      0 Id=20079469 Fuse=0x0 V0=27.800  I0=0.900   V1=30.052  接收超时 0 Retry 6
2021-08-24 13:15:04.247：Mod_GetIdVer      0 Id=20079748 Fuse=0x0 V0=27.750  I0=0.900   V1=30.017  接收超时 0 Retry 7
2021-08-24 13:15:04.533：Mod_GetIdVer      0 Id=20080041 Fuse=0x0 V0=27.800  I0=0.900   V1=30.079  接收超时 0 Retry 8
2021-08-24 13:15:04.820：Mod_GetIdVer      0 Id=20080324 Fuse=0x0 V0=27.750  I0=0.900   V1=30.052  接收超时 0 Retry 9
2021-08-24 13:15:05.106：Mod_GetIdVer      0 Id=20080615 Fuse=0x0 V0=27.800  I0=0.900   V1=30.052  接收超时 0 Retry 10
2021-08-24 13:16:26.866：Dev_Reset         1
2021-08-24 13:16:51.173：Dev_Reset         1
2021-08-24 13:16:51.277：Dev_ModPower      1 OnOff=1
2021-08-24 13:16:52.507：Mod_GetIdVer      0 Id=20188004 Fuse=0x0 V0=27.650  I0=0.900   V1=30.043  接收超时 0
2021-08-24 13:16:52.809：Mod_GetIdVer      0 Id=20188309 Fuse=0x0 V0=27.650  I0=0.900   V1=30.061  接收超时 0 Retry 1
2021-08-24 13:16:53.115：Mod_GetIdVer      0 Id=20188589 Fuse=0x0 V0=27.650  I0=0.900   V1=30.061  接收超时 0 Retry 2
2021-08-24 13:16:53.416：Mod_GetIdVer      0 Id=20188906 Fuse=0x0 V0=27.700  I0=0.900   V1=30.008  接收超时 0 Retry 3
2021-08-24 13:16:53.734：Mod_GetIdVer      0 Id=20189218 Fuse=0x0 V0=27.700  I0=0.900   V1=30.052  接收超时 0 Retry 4
2021-08-24 13:16:54.036：Mod_GetIdVer      0 Id=20189534 Fuse=0x0 V0=27.650  I0=0.900   V1=30.061  接收超时 0 Retry 5
2021-08-24 13:16:54.337：Mod_GetIdVer      0 Id=20189836 Fuse=0x0 V0=27.650  I0=0.900   V1=30.052  接收超时 0 Retry 6
2021-08-24 13:16:54.623：Mod_GetIdVer      0 Id=20190131 Fuse=0x0 V0=27.700  I0=0.900   V1=30.052  接收超时 0 Retry 7
2021-08-24 13:16:54.924：Mod_GetIdVer      0 Id=20190415 Fuse=0x0 V0=39.700  I0=71.400  V1=29.955  接收超时 0 Retry 8
2021-08-24 13:16:55.227：Mod_GetIdVer      0 Id=20190701 Fuse=0x0 V0=27.650  I0=1.800   V1=30.061  接收超时 0 Retry 9
2021-08-24 13:16:55.529：Mod_GetIdVer      0 Id=20191028 Fuse=0x0 V0=39.650  I0=72.000  V1=30.017  接收超时 0 Retry 10
2021-08-24 13:17:20.092：Dev_Reset         1
2021-08-24 13:18:30.793：Dev_GetInfo       1 Id=201313 Ver=0x2C Baudrate=460800
2021-08-24 13:18:32.957：Dev_Reset         1
2021-08-24 13:18:33.969：Dev_Reset         1
2021-08-24 13:18:34.089：Dev_ModPower      1 OnOff=1
2021-08-24 13:18:35.306：Mod_GetIdVer      0 Id=20290822 Fuse=0x0 V0=27.600  I0=0.900   V1=30.043  接收超时 0
2021-08-24 13:18:35.592：Mod_GetIdVer      0 Id=20291104 Fuse=0x0 V0=27.600  I0=1.200   V1=30.034  接收超时 0 Retry 1
2021-08-24 13:18:35.878：Mod_GetIdVer      0 Id=20291395 Fuse=0x0 V0=27.650  I0=0.900   V1=30.043  接收超时 0 Retry 2
2021-08-24 13:18:36.164：Mod_GetIdVer      0 Id=20291684 Fuse=0x0 V0=27.600  I0=0.900   V1=30.034  接收超时 0 Retry 3
2021-08-24 13:18:36.465：Mod_GetIdVer      0 Id=20291971 Fuse=0x0 V0=27.650  I0=0.900   V1=30.025  接收超时 0 Retry 4
2021-08-24 13:18:36.752：Mod_GetIdVer      0 Id=20292273 Fuse=0x0 V0=27.650  I0=0.900   V1=29.981  接收超时 0 Retry 5
2021-08-24 13:18:37.038：Mod_GetIdVer      0 Id=20292556 Fuse=0x0 V0=27.650  I0=0.900   V1=30.088  接收超时 0 Retry 6
2021-08-24 13:18:37.340：Mod_GetIdVer      0 Id=20292842 Fuse=0x0 V0=27.600  I0=0.900   V1=30.043  接收超时 0 Retry 7
2021-08-24 13:18:37.626：Mod_GetIdVer      0 Id=20293143 Fuse=0x0 V0=27.650  I0=0.900   V1=30.043  接收超时 0 Retry 8
2021-08-24 13:18:37.913：Mod_GetIdVer      0 Id=20293433 Fuse=0x0 V0=27.600  I0=0.900   V1=29.981  接收超时 0 Retry 9
2021-08-24 13:18:38.199：Mod_GetIdVer      0 Id=20293696 Fuse=0x0 V0=27.600  I0=0.900   V1=30.034  接收超时 0 Retry 10
2021-08-24 13:19:30.965：Dev_Reset         1
2021-08-24 13:19:31.099：Dev_ModPower      1 OnOff=1
2021-08-24 13:19:32.306：Mod_GetIdVer      0 Id=20347823 Fuse=0x0 V0=27.600  I0=0.300   V1=30.025  接收超时 0
2021-08-24 13:19:32.593：Mod_GetIdVer      0 Id=20348114 Fuse=0x0 V0=27.650  I0=0.300   V1=30.096  接收超时 0 Retry 1
2021-08-24 13:19:32.879：Mod_GetIdVer      0 Id=20348387 Fuse=0x0 V0=27.600  I0=0.300   V1=30.017  接收超时 0 Retry 2
2021-08-24 13:19:33.165：Mod_GetIdVer      0 Id=20348687 Fuse=0x0 V0=27.600  I0=0.300   V1=29.955  接收超时 0 Retry 3
2021-08-24 13:19:33.451：Mod_GetIdVer      0 Id=20348973 Fuse=0x0 V0=27.600  I0=0.300   V1=30.008  接收超时 0 Retry 4
2021-08-24 13:19:33.737：Mod_GetIdVer      0 Id=20349258 Fuse=0x0 V0=27.600  I0=0.300   V1=30.043  接收超时 0 Retry 5
2021-08-24 13:19:34.040：Mod_GetIdVer      0 Id=20349550 Fuse=0x0 V0=27.650  I0=3.600   V1=30.025  接收超时 0 Retry 6
2021-08-24 13:19:34.342：Mod_GetIdVer      0 Id=20349848 Fuse=0x0 V0=27.600  I0=0.300   V1=30.043  接收超时 0 Retry 7
2021-08-24 13:19:34.643：Mod_GetIdVer      0 Id=20350144 Fuse=0x0 V0=27.650  I0=0.300   V1=30.079  接收超时 0 Retry 8
2021-08-24 13:19:34.945：Mod_GetIdVer      0 Id=20350451 Fuse=0x0 V0=27.650  I0=0.300   V1=30.034  接收超时 0 Retry 9
2021-08-24 13:19:35.248：Mod_GetIdVer      0 Id=20350753 Fuse=0x0 V0=27.600  I0=0.300   V1=30.070  接收超时 0 Retry 10
2021-08-24 13:21:22.243：Dev_Reset         1
2021-08-24 13:51:20.870：Dev_GetInfo       1 Id=201313 Ver=0x2C Baudrate=460800
2021-08-24 13:52:16.889：Dev_Reset         1
2021-08-24 13:52:16.996：Dev_ModPower      1 OnOff=1
2021-08-24 13:52:18.249：Mod_GetIdVer      1 Id=20160584 Fuse=0x1 V0=27.300  I0=43.200  V1=30.017 
2021-08-24 13:52:18.371：Mod_NextCtrlOn    1 Id=20160584 V0=27.300  I0=43.200  V1=30.017 
2021-08-24 13:52:18.639：Mod_GetIdVer      1 Id=20160569 Fuse=0x1 V0=27.250  I0=44.100  V1=30.088 
2021-08-24 13:52:18.746：Mod_NextCtrlOn    1 Id=20160569 V0=27.250  I0=44.100  V1=30.025 
2021-08-24 13:52:18.976：Mod_GetIdVer      0 Id=20096141 Fuse=0x0 V0=27.500  I0=0.300   V1=30.052  接收超时 0
2021-08-24 13:52:19.291：Mod_GetIdVer      0 Id=20096446 Fuse=0x0 V0=27.500  I0=0.300   V1=30.025  接收超时 0 Retry 1
2021-08-24 13:52:19.594：Mod_GetIdVer      0 Id=20096757 Fuse=0x0 V0=27.500  I0=0.300   V1=30.070  接收超时 0 Retry 2
2021-08-24 13:52:19.881：Mod_GetIdVer      0 Id=20097051 Fuse=0x0 V0=27.500  I0=0.300   V1=30.025  接收超时 0 Retry 3
2021-08-24 13:52:20.179：Mod_GetIdVer      0 Id=20097349 Fuse=0x0 V0=27.500  I0=0.300   V1=30.034  接收超时 0 Retry 4
2021-08-24 13:52:20.490：Mod_GetIdVer      0 Id=20097646 Fuse=0x0 V0=27.550  I0=0.300   V1=30.017  接收超时 0 Retry 5
2021-08-24 13:52:20.801：Mod_GetIdVer      0 Id=20097956 Fuse=0x0 V0=27.550  I0=0.300   V1=30.034  接收超时 0 Retry 6
2021-08-24 13:52:21.103：Mod_GetIdVer      0 Id=20098257 Fuse=0x0 V0=27.500  I0=0.300   V1=30.025  接收超时 0 Retry 7
2021-08-24 13:52:21.406：Mod_GetIdVer      0 Id=20098576 Fuse=0x0 V0=27.500  I0=0.300   V1=30.043  接收超时 0 Retry 8
2021-08-24 13:52:21.708：Mod_GetIdVer      0 Id=20098872 Fuse=0x0 V0=27.500  I0=0.300   V1=30.105  接收超时 0 Retry 9
2021-08-24 13:52:22.009：Mod_GetIdVer      0 Id=20099173 Fuse=0x0 V0=27.550  I0=0.300   V1=30.052  接收超时 0 Retry 10
2021-08-24 13:52:22.011：Dev_LEDCtrl       1 No=1 OnOff=0
2021-08-24 13:52:28.461：Dev_Reset         1
2021-08-24 13:52:33.984：Dev_Reset         1
2021-08-24 13:52:34.093：Dev_ModPower      1 OnOff=1
2021-08-24 13:52:35.348：Mod_GetIdVer      1 Id=20160584 Fuse=0x1 V0=27.450  I0=0.300   V1=30.025 
2021-08-24 13:52:35.470：Mod_NextCtrlOn    1 Id=20160584 V0=27.450  I0=0.300   V1=30.025 
2021-08-24 13:52:35.735：Mod_GetIdVer      1 Id=20160569 Fuse=0x1 V0=27.200  I0=45.000  V1=30.017 
2021-08-24 13:52:35.757：Dev_LEDCtrl       1 No=1 OnOff=0
2021-08-24 13:53:54.405：Dev_Reset         1
2021-08-24 13:53:54.533：Dev_ModPower      1 OnOff=1
2021-08-24 13:53:55.763：Mod_GetIdVer      1 Id=20160584 Fuse=0x1 V0=27.200  I0=43.800  V1=29.981 
2021-08-24 13:53:55.886：Mod_NextCtrlOn    1 Id=20160584 V0=27.200  I0=43.800  V1=30.034 
2021-08-24 13:53:56.138：Mod_GetIdVer      1 Id=20160569 Fuse=0x1 V0=27.250  I0=41.700  V1=30.025 
2021-08-24 13:53:56.171：Dev_LEDCtrl       1 No=1 OnOff=0
2021-08-24 13:53:59.749：Mod_DetonCtrl15s  1 Id=20160569 V0=27.150  I0=42.300  V1=30.017 
2021-08-24 13:53:59.766：Dev_KA1Ctrl       1 KA1=1
2021-08-24 13:54:00.762：Dev_KA23Ctrl      1 KA2=1 KA3=1
2021-08-24 13:54:00.763：Dev_KA4Ctrl       1 KA4=1
2021-08-24 13:54:00.766：Dev_LEDCtrl       1 No=2 OnOff=1
2021-08-24 13:54:15.586：Dev_ModPower      1 OnOff=0
2021-08-24 13:54:15.603：Dev_KA4Ctrl       1 KA4=0
2021-08-24 13:54:15.605：Dev_KA23Ctrl      1 KA2=0 KA3=0
2021-08-24 13:54:15.807：Dev_KA1Ctrl       1 KA1=0
2021-08-24 13:54:15.807：Dev_LEDCtrl       1 No=2 OnOff=0
2021-08-24 13:54:15.808：Dev_Reset         1
2021-08-24 13:54:15.917：Dev_ModPower      1 OnOff=1
2021-08-24 13:54:17.154：Mod_GetIdVer      1 Id=20160584 Fuse=0x1 V0=27.200  I0=43.500  V1=30.017 
2021-08-24 13:54:17.178：Dev_LEDCtrl       1 No=1 OnOff=0
2021-08-24 13:54:21.597：Mod_DetonCtrl15s  1 Id=20160584 V0=27.150  I0=44.100  V1=30.052 
2021-08-24 13:54:21.613：Dev_KA1Ctrl       1 KA1=1
2021-08-24 13:54:22.604：Dev_KA23Ctrl      1 KA2=1 KA3=1
2021-08-24 13:54:22.607：Dev_KA4Ctrl       1 KA4=1
2021-08-24 13:54:22.608：Dev_LEDCtrl       1 No=2 OnOff=1
2021-08-24 13:54:26.560：Dev_ModPower      1 OnOff=0
2021-08-24 13:54:26.562：Dev_KA4Ctrl       1 KA4=0
2021-08-24 13:54:26.563：Dev_KA23Ctrl      1 KA2=0 KA3=0
2021-08-24 13:54:26.765：Dev_KA1Ctrl       1 KA1=0
2021-08-24 13:54:26.766：Dev_LEDCtrl       1 No=2 OnOff=0
2021-08-24 13:54:30.283：Dev_Reset         1
2021-08-24 13:54:33.222：Dev_Reset         1
2021-08-24 13:54:33.339：Dev_ModPower      1 OnOff=1
2021-08-24 13:54:34.591：Mod_GetIdVer      1 Id=20160584 Fuse=0x1 V0=27.200  I0=42.600  V1=30.034 
2021-08-24 13:54:34.683：Mod_NextCtrlOn    1 Id=20160584 V0=27.200  I0=42.600  V1=30.034 
2021-08-24 13:54:34.945：Mod_GetIdVer      1 Id=20160569 Fuse=0x1 V0=27.200  I0=45.900  V1=30.017 
2021-08-24 13:54:34.966：Dev_LEDCtrl       1 No=1 OnOff=0
2021-08-24 13:56:03.830：Dev_Reset         1
2021-08-24 13:56:03.947：Dev_ModPower      1 OnOff=1
2021-08-24 13:56:05.200：Mod_GetIdVer      1 Id=20160584 Fuse=0x1 V0=27.150  I0=44.100  V1=30.008 
2021-08-24 13:56:05.292：Mod_NextCtrlOn    1 Id=20160584 V0=27.150  I0=44.100  V1=30.114 
2021-08-24 13:56:05.560：Mod_GetIdVer      1 Id=20160569 Fuse=0x1 V0=27.200  I0=42.600  V1=30.088 
2021-08-24 13:56:05.594：Dev_LEDCtrl       1 No=1 OnOff=0
2021-08-24 13:56:09.064：Mod_DetonCtrl15s  1 Id=20160569 V0=27.200  I0=42.600  V1=30.052 
2021-08-24 13:56:09.071：Dev_KA1Ctrl       1 KA1=1
2021-08-24 13:56:10.071：Dev_KA23Ctrl      1 KA2=1 KA3=1
2021-08-24 13:56:10.072：Dev_KA4Ctrl       1 KA4=1
2021-08-24 13:56:10.074：Dev_LEDCtrl       1 No=2 OnOff=1
2021-08-24 13:56:14.308：Dev_ModPower      1 OnOff=0
2021-08-24 13:56:14.309：Dev_KA4Ctrl       1 KA4=0
2021-08-24 13:56:14.310：Dev_KA23Ctrl      1 KA2=0 KA3=0
2021-08-24 13:56:14.512：Dev_KA1Ctrl       1 KA1=0
2021-08-24 13:56:14.513：Dev_LEDCtrl       1 No=2 OnOff=0
2021-08-24 13:56:14.515：Dev_Reset         1
2021-08-24 13:56:14.621：Dev_ModPower      1 OnOff=1
2021-08-24 13:56:15.857：Mod_GetIdVer      1 Id=20160584 Fuse=0x1 V0=27.150  I0=44.400  V1=30.008 
2021-08-24 13:56:15.875：Dev_LEDCtrl       1 No=1 OnOff=0
2021-08-24 13:56:18.226：Mod_DetonCtrl15s  1 Id=20160584 V0=27.200  I0=41.700  V1=30.034 
2021-08-24 13:56:18.259：Dev_KA1Ctrl       1 KA1=1
2021-08-24 13:56:19.246：Dev_KA23Ctrl      1 KA2=1 KA3=1
2021-08-24 13:56:19.247：Dev_KA4Ctrl       1 KA4=1
2021-08-24 13:56:19.249：Dev_LEDCtrl       1 No=2 OnOff=1
2021-08-24 13:56:24.589：Dev_ModPower      1 OnOff=0
2021-08-24 13:56:24.606：Dev_KA4Ctrl       1 KA4=0
2021-08-24 13:56:24.607：Dev_KA23Ctrl      1 KA2=0 KA3=0
2021-08-24 13:56:24.810：Dev_KA1Ctrl       1 KA1=0
2021-08-24 13:56:24.811：Dev_LEDCtrl       1 No=2 OnOff=0
2021-08-24 13:56:29.741：Dev_Reset         1
2021-08-24 13:56:31.183：Dev_Reset         1
2021-08-24 13:56:31.293：Dev_ModPower      1 OnOff=1
2021-08-24 13:56:32.530：Mod_GetIdVer      1 Id=20160584 Fuse=0x1 V0=27.200  I0=40.500  V1=30.017 
2021-08-24 13:56:32.621：Mod_NextCtrlOn    1 Id=20160584 V0=27.200  I0=40.500  V1=30.034 
2021-08-24 13:56:32.888：Mod_GetIdVer      1 Id=20160569 Fuse=0x1 V0=27.450  I0=0.600   V1=30.070 
2021-08-24 13:56:32.906：Dev_LEDCtrl       1 No=1 OnOff=0
2021-08-24 13:59:56.532：Mod_DetonCtrl15s  1 Id=20160569 V0=27.200  I0=41.700  V1=29.999 
2021-08-24 13:59:56.549：Dev_KA1Ctrl       1 KA1=1
2021-08-24 13:59:57.544：Dev_KA23Ctrl      1 KA2=1 KA3=1
2021-08-24 13:59:57.545：Dev_KA4Ctrl       1 KA4=1
2021-08-24 13:59:57.546：Dev_LEDCtrl       1 No=2 OnOff=1
2021-08-24 14:00:05.402：Dev_ModPower      1 OnOff=0
2021-08-24 14:00:05.420：Dev_KA4Ctrl       1 KA4=0
2021-08-24 14:00:05.421：Dev_KA23Ctrl      1 KA2=0 KA3=0
2021-08-24 14:00:05.623：Dev_KA1Ctrl       1 KA1=0
2021-08-24 14:00:05.624：Dev_LEDCtrl       1 No=2 OnOff=0
2021-08-24 14:00:05.625：Dev_Reset         1
2021-08-24 14:00:05.731：Dev_ModPower      1 OnOff=1
2021-08-24 14:00:06.968：Mod_GetIdVer      1 Id=20160584 Fuse=0x1 V0=27.150  I0=43.500  V1=29.999 
2021-08-24 14:00:06.997：Dev_LEDCtrl       1 No=1 OnOff=0
2021-08-24 14:00:09.409：Mod_DetonCtrl15s  1 Id=20160584 V0=27.250  I0=36.600  V1=30.008 
2021-08-24 14:00:09.427：Dev_KA1Ctrl       1 KA1=1
2021-08-24 14:00:10.418：Dev_KA23Ctrl      1 KA2=1 KA3=1
2021-08-24 14:00:10.419：Dev_KA4Ctrl       1 KA4=1
2021-08-24 14:00:10.420：Dev_LEDCtrl       1 No=2 OnOff=1
2021-08-24 14:00:13.606：Dev_ModPower      1 OnOff=0
2021-08-24 14:00:13.608：Dev_KA4Ctrl       1 KA4=0
2021-08-24 14:00:13.610：Dev_KA23Ctrl      1 KA2=0 KA3=0
2021-08-24 14:00:13.811：Dev_KA1Ctrl       1 KA1=0
2021-08-24 14:00:13.812：Dev_LEDCtrl       1 No=2 OnOff=0
2021-08-24 14:01:08.069：Dev_Reset         1
2021-08-24 14:01:09.487：Dev_Reset         1
2021-08-24 14:01:09.589：Dev_ModPower      1 OnOff=1
2021-08-24 14:01:10.826：Mod_GetIdVer      1 Id=20160584 Fuse=0x1 V0=27.200  I0=43.200  V1=30.025 
2021-08-24 14:01:10.933：Mod_NextCtrlOn    1 Id=20160584 V0=27.200  I0=43.200  V1=29.990 
2021-08-24 14:01:11.185：Mod_GetIdVer      1 Id=20160569 Fuse=0x1 V0=27.150  I0=45.000  V1=30.008 
2021-08-24 14:01:11.202：Dev_LEDCtrl       1 No=1 OnOff=0
2021-08-24 14:02:31.662：Dev_Reset         1
2021-08-24 14:02:31.780：Dev_ModPower      1 OnOff=1
2021-08-24 14:02:33.015：Mod_GetIdVer      1 Id=20160584 Fuse=0x1 V0=27.150  I0=43.200  V1=30.025 
2021-08-24 14:02:33.121：Mod_NextCtrlOn    1 Id=20160584 V0=27.150  I0=43.200  V1=30.008 
2021-08-24 14:02:33.357：Mod_GetIdVer      1 Id=20160569 Fuse=0x1 V0=27.200  I0=42.300  V1=29.999 
2021-08-24 14:02:33.378：Dev_LEDCtrl       1 No=1 OnOff=0
2021-08-24 14:02:36.494：Mod_DetonCtrl15s  1 Id=20160569 V0=27.150  I0=42.900  V1=30.017 
2021-08-24 14:02:36.499：Dev_KA1Ctrl       1 KA1=1
2021-08-24 14:02:37.496：Dev_KA23Ctrl      1 KA2=1 KA3=1
2021-08-24 14:02:37.498：Dev_KA4Ctrl       1 KA4=1
2021-08-24 14:02:37.498：Dev_LEDCtrl       1 No=2 OnOff=1
2021-08-24 14:02:41.429：Dev_ModPower      1 OnOff=0
2021-08-24 14:02:41.430：Dev_KA4Ctrl       1 KA4=0
2021-08-24 14:02:41.431：Dev_KA23Ctrl      1 KA2=0 KA3=0
2021-08-24 14:02:41.632：Dev_KA1Ctrl       1 KA1=0
2021-08-24 14:02:41.634：Dev_LEDCtrl       1 No=2 OnOff=0
2021-08-24 14:02:41.635：Dev_Reset         1
2021-08-24 14:02:41.745：Dev_ModPower      1 OnOff=1
2021-08-24 14:02:42.983：Mod_GetIdVer      1 Id=20160584 Fuse=0x1 V0=27.200  I0=41.700  V1=30.034 
2021-08-24 14:02:43.007：Dev_LEDCtrl       1 No=1 OnOff=0
2021-08-24 14:02:44.498：Mod_DetonCtrl15s  1 Id=20160584 V0=27.200  I0=41.100  V1=30.052 
2021-08-24 14:02:44.515：Dev_KA1Ctrl       1 KA1=1
2021-08-24 14:02:45.512：Dev_KA23Ctrl      1 KA2=1 KA3=1
2021-08-24 14:02:45.513：Dev_KA4Ctrl       1 KA4=1
2021-08-24 14:02:45.514：Dev_LEDCtrl       1 No=2 OnOff=1
2021-08-24 14:02:48.971：Dev_ModPower      1 OnOff=0
2021-08-24 14:02:48.972：Dev_KA4Ctrl       1 KA4=0
2021-08-24 14:02:48.972：Dev_KA23Ctrl      1 KA2=0 KA3=0
2021-08-24 14:02:49.175：Dev_KA1Ctrl       1 KA1=0
2021-08-24 14:02:49.191：Dev_LEDCtrl       1 No=2 OnOff=0
2021-08-24 14:18:59.229：Dev_Reset         0
2021-08-24 14:19:01.990：Dev_Reset         0
2021-08-24 14:19:02.806：Dev_GetInfo       1 Id=201313 Ver=0x2C Baudrate=460800
2021-08-24 14:19:05.184：Dev_Reset         1
2021-08-24 14:19:06.742：Dev_Reset         1
2021-08-24 14:19:06.858：Dev_ModPower      1 OnOff=1
2021-08-24 14:19:08.117：Mod_GetIdVer      1 Id=20134139 Fuse=0x1 V0=27.600  I0=45.900  V1=30.070 
2021-08-24 14:19:08.209：Mod_NextCtrlOn    1 Id=20134139 V0=27.600  I0=45.900  V1=30.052 
2021-08-24 14:19:08.430：Mod_GetIdVer      0 Id=20073605 Fuse=0x0 V0=27.850  I0=0.300   V1=30.070  接收超时 0
2021-08-24 14:19:08.731：Mod_GetIdVer      0 Id=20073894 Fuse=0x0 V0=27.850  I0=0.300   V1=30.061  接收超时 0 Retry 1
2021-08-24 14:19:09.032：Mod_GetIdVer      0 Id=20074195 Fuse=0x0 V0=27.850  I0=0.300   V1=30.052  接收超时 0 Retry 2
2021-08-24 14:19:09.318：Mod_GetIdVer      0 Id=20074495 Fuse=0x0 V0=27.850  I0=0.300   V1=30.052  接收超时 0 Retry 3
2021-08-24 14:19:09.604：Mod_GetIdVer      0 Id=20074765 Fuse=0x0 V0=27.900  I0=0.300   V1=30.088  接收超时 0 Retry 4
2021-08-24 14:19:09.906：Mod_GetIdVer      0 Id=20075051 Fuse=0x0 V0=27.850  I0=0.300   V1=30.025  接收超时 0 Retry 5
2021-08-24 14:19:10.221：Mod_GetIdVer      0 Id=20075372 Fuse=0x0 V0=27.850  I0=0.300   V1=30.061  接收超时 0 Retry 6
2021-08-24 14:19:10.507：Mod_GetIdVer      0 Id=20075684 Fuse=0x0 V0=27.900  I0=0.300   V1=30.025  接收超时 0 Retry 7
2021-08-24 14:19:10.810：Mod_GetIdVer      0 Id=20075963 Fuse=0x0 V0=27.850  I0=0.300   V1=30.070  接收超时 0 Retry 8
2021-08-24 14:19:11.111：Mod_GetIdVer      0 Id=20076258 Fuse=0x0 V0=27.850  I0=0.300   V1=30.043  接收超时 0 Retry 9
2021-08-24 14:19:11.415：Mod_GetIdVer      0 Id=20076568 Fuse=0x0 V0=27.900  I0=0.300   V1=30.070  接收超时 0 Retry 10
2021-08-24 14:21:26.105：Dev_Reset         0
2021-08-24 14:21:26.229：Dev_ModPower      0 OnOff=1
2021-08-24 14:21:27.260：Mod_GetIdVer      0 Id=20000000 Fuse=0x0 V0=0.000   I0=0.000   V1=0.000  
2021-08-24 14:21:27.361：Mod_GetIdVer      0 Id=20000000 Fuse=0x0 V0=0.000   I0=0.000   V1=0.000   Retry 1
2021-08-24 14:21:27.461：Mod_GetIdVer      0 Id=20000000 Fuse=0x0 V0=0.000   I0=0.000   V1=0.000   Retry 2
2021-08-24 14:21:27.562：Mod_GetIdVer      0 Id=20000000 Fuse=0x0 V0=0.000   I0=0.000   V1=0.000   Retry 3
2021-08-24 14:21:27.663：Mod_GetIdVer      0 Id=20000000 Fuse=0x0 V0=0.000   I0=0.000   V1=0.000   Retry 4
2021-08-24 14:21:27.764：Mod_GetIdVer      0 Id=20000000 Fuse=0x0 V0=0.000   I0=0.000   V1=0.000   Retry 5
2021-08-24 14:21:27.864：Mod_GetIdVer      0 Id=20000000 Fuse=0x0 V0=0.000   I0=0.000   V1=0.000   Retry 6
2021-08-24 14:21:27.965：Mod_GetIdVer      0 Id=20000000 Fuse=0x0 V0=0.000   I0=0.000   V1=0.000   Retry 7
2021-08-24 14:21:28.066：Mod_GetIdVer      0 Id=20000000 Fuse=0x0 V0=0.000   I0=0.000   V1=0.000   Retry 8
2021-08-24 14:21:28.166：Mod_GetIdVer      0 Id=20000000 Fuse=0x0 V0=0.000   I0=0.000   V1=0.000   Retry 9
2021-08-24 14:21:28.267：Mod_GetIdVer      0 Id=20000000 Fuse=0x0 V0=0.000   I0=0.000   V1=0.000   Retry 10
2021-08-24 14:21:34.483：Dev_Reset         0
2021-08-24 14:21:34.604：Dev_ModPower      0 OnOff=1
2021-08-24 14:21:35.635：Mod_GetIdVer      0 Id=20000000 Fuse=0x0 V0=0.000   I0=0.000   V1=0.000  
2021-08-24 14:21:35.736：Mod_GetIdVer      0 Id=20000000 Fuse=0x0 V0=0.000   I0=0.000   V1=0.000   Retry 1
2021-08-24 14:21:35.836：Mod_GetIdVer      0 Id=20000000 Fuse=0x0 V0=0.000   I0=0.000   V1=0.000   Retry 2
2021-08-24 14:21:35.937：Mod_GetIdVer      0 Id=20000000 Fuse=0x0 V0=0.000   I0=0.000   V1=0.000   Retry 3
2021-08-24 14:21:36.038：Mod_GetIdVer      0 Id=20000000 Fuse=0x0 V0=0.000   I0=0.000   V1=0.000   Retry 4
2021-08-24 14:21:36.139：Mod_GetIdVer      0 Id=20000000 Fuse=0x0 V0=0.000   I0=0.000   V1=0.000   Retry 5
2021-08-24 14:21:36.239：Mod_GetIdVer      0 Id=20000000 Fuse=0x0 V0=0.000   I0=0.000   V1=0.000   Retry 6
2021-08-24 14:21:36.340：Mod_GetIdVer      0 Id=20000000 Fuse=0x0 V0=0.000   I0=0.000   V1=0.000   Retry 7
2021-08-24 14:21:36.441：Mod_GetIdVer      0 Id=20000000 Fuse=0x0 V0=0.000   I0=0.000   V1=0.000   Retry 8
2021-08-24 14:21:36.542：Mod_GetIdVer      0 Id=20000000 Fuse=0x0 V0=0.000   I0=0.000   V1=0.000   Retry 9
2021-08-24 14:21:36.642：Mod_GetIdVer      0 Id=20000000 Fuse=0x0 V0=0.000   I0=0.000   V1=0.000   Retry 10
2021-08-24 14:22:22.015：Dev_Reset         0
2021-08-24 14:22:22.135：Dev_ModPower      0 OnOff=1
2021-08-24 14:22:23.166：Mod_GetIdVer      0 Id=20000000 Fuse=0x0 V0=0.000   I0=0.000   V1=0.000  
2021-08-24 14:22:23.267：Mod_GetIdVer      0 Id=20000000 Fuse=0x0 V0=0.000   I0=0.000   V1=0.000   Retry 1
2021-08-24 14:22:23.368：Mod_GetIdVer      0 Id=20000000 Fuse=0x0 V0=0.000   I0=0.000   V1=0.000   Retry 2
2021-08-24 14:22:23.468：Mod_GetIdVer      0 Id=20000000 Fuse=0x0 V0=0.000   I0=0.000   V1=0.000   Retry 3
2021-08-24 14:22:23.569：Mod_GetIdVer      0 Id=20000000 Fuse=0x0 V0=0.000   I0=0.000   V1=0.000   Retry 4
2021-08-24 14:22:23.670：Mod_GetIdVer      0 Id=20000000 Fuse=0x0 V0=0.000   I0=0.000   V1=0.000   Retry 5
2021-08-24 14:22:23.771：Mod_GetIdVer      0 Id=20000000 Fuse=0x0 V0=0.000   I0=0.000   V1=0.000   Retry 6
2021-08-24 14:22:23.871：Mod_GetIdVer      0 Id=20000000 Fuse=0x0 V0=0.000   I0=0.000   V1=0.000   Retry 7
2021-08-24 14:22:23.972：Mod_GetIdVer      0 Id=20000000 Fuse=0x0 V0=0.000   I0=0.000   V1=0.000   Retry 8
2021-08-24 14:22:24.073：Mod_GetIdVer      0 Id=20000000 Fuse=0x0 V0=0.000   I0=0.000   V1=0.000   Retry 9
2021-08-24 14:22:24.174：Mod_GetIdVer      0 Id=20000000 Fuse=0x0 V0=0.000   I0=0.000   V1=0.000   Retry 10
2021-08-24 14:22:29.010：Dev_Reset         0
2021-08-24 14:22:33.635：Dev_Reset         0
2021-08-24 14:22:34.583：Dev_Reset         0
2021-08-24 14:22:36.864：Dev_Reset         0
2021-08-24 14:22:38.431：Dev_Reset         0
2021-08-24 14:22:39.382：Dev_Reset         0
2021-08-24 14:22:55.568：Dev_GetInfo       1 Id=201313 Ver=0x2C Baudrate=460800
2021-08-24 14:22:55.647：Dev_Reset         1
2021-08-24 14:22:55.827：Dev_GetInfo       1 Id=201313 Ver=0x2C Baudrate=460800
2021-08-24 14:22:55.886：Dev_Reset         1
2021-08-24 14:22:57.105：Dev_GetInfo       1 Id=201313 Ver=0x2C Baudrate=460800
2021-08-24 14:22:58.348：Dev_Reset         1
2021-08-24 14:22:58.461：Dev_ModPower      1 OnOff=1
2021-08-24 14:22:59.666：Mod_GetIdVer      0 Id=20304170 Fuse=0x0 V0=27.700  I0=0.900   V1=30.061  接收超时 0
2021-08-24 14:22:59.952：Mod_GetIdVer      0 Id=20304453 Fuse=0x0 V0=27.700  I0=0.900   V1=30.043  接收超时 0 Retry 1
2021-08-24 14:23:00.253：Mod_GetIdVer      0 Id=20304740 Fuse=0x0 V0=27.650  I0=0.900   V1=30.096  接收超时 0 Retry 2
2021-08-24 14:23:00.541：Mod_GetIdVer      0 Id=20305042 Fuse=0x0 V0=27.650  I0=0.900   V1=30.025  接收超时 0 Retry 3
2021-08-24 14:23:00.842：Mod_GetIdVer      0 Id=20305328 Fuse=0x0 V0=27.650  I0=0.900   V1=30.105  接收超时 0 Retry 4
2021-08-24 14:23:01.143：Mod_GetIdVer      0 Id=20305623 Fuse=0x0 V0=27.700  I0=0.900   V1=30.079  接收超时 0 Retry 5
2021-08-24 14:23:01.430：Mod_GetIdVer      0 Id=20305934 Fuse=0x0 V0=27.700  I0=0.900   V1=30.025  接收超时 0 Retry 6
2021-08-24 14:23:01.716：Mod_GetIdVer      0 Id=20306218 Fuse=0x0 V0=27.650  I0=0.900   V1=30.061  接收超时 0 Retry 7
2021-08-24 14:23:02.017：Mod_GetIdVer      0 Id=20306503 Fuse=0x0 V0=27.700  I0=0.900   V1=30.034  接收超时 0 Retry 8
2021-08-24 14:23:02.304：Mod_GetIdVer      0 Id=20306805 Fuse=0x0 V0=27.700  I0=0.900   V1=30.043  接收超时 0 Retry 9
2021-08-24 14:23:02.606：Mod_GetIdVer      0 Id=20307091 Fuse=0x0 V0=27.650  I0=0.900   V1=30.070  接收超时 0 Retry 10
2021-08-24 14:23:14.942：Dev_Reset         1
2021-08-24 14:23:16.104：Dev_Reset         1
2021-08-24 14:23:16.231：Dev_ModPower      1 OnOff=1
2021-08-24 14:23:17.462：Mod_GetIdVer      0 Id=20321949 Fuse=0x0 V0=27.700  I0=0.900   V1=30.052  接收超时 0
2021-08-24 14:23:17.749：Mod_GetIdVer      0 Id=20322233 Fuse=0x0 V0=27.650  I0=0.900   V1=30.025  接收超时 0 Retry 1
2021-08-24 14:23:18.035：Mod_GetIdVer      0 Id=20322531 Fuse=0x0 V0=27.650  I0=0.900   V1=30.034  接收超时 0 Retry 2
2021-08-24 14:23:18.337：Mod_GetIdVer      0 Id=20322824 Fuse=0x0 V0=27.650  I0=0.900   V1=29.999  接收超时 0 Retry 3
2021-08-24 14:23:18.639：Mod_GetIdVer      0 Id=20323125 Fuse=0x0 V0=27.650  I0=0.900   V1=30.025  接收超时 0 Retry 4
2021-08-24 14:23:18.941：Mod_GetIdVer      0 Id=20323427 Fuse=0x0 V0=27.700  I0=0.900   V1=30.034  接收超时 0 Retry 5
2021-08-24 14:23:19.228：Mod_GetIdVer      0 Id=20323733 Fuse=0x0 V0=27.700  I0=0.900   V1=30.017  接收超时 0 Retry 6
2021-08-24 14:23:19.529：Mod_GetIdVer      0 Id=20324011 Fuse=0x0 V0=27.650  I0=0.900   V1=30.017  接收超时 0 Retry 7
2021-08-24 14:23:19.816：Mod_GetIdVer      0 Id=20324321 Fuse=0x0 V0=27.650  I0=0.900   V1=30.043  接收超时 0 Retry 8
2021-08-24 14:23:20.120：Mod_GetIdVer      0 Id=20324596 Fuse=0x0 V0=27.650  I0=0.900   V1=30.043  接收超时 0 Retry 9
2021-08-24 14:23:20.423：Mod_GetIdVer      0 Id=20324896 Fuse=0x0 V0=27.650  I0=0.900   V1=29.990  接收超时 0 Retry 10
2021-08-24 14:23:37.527：Dev_Reset         1
2021-08-24 14:23:37.659：Dev_ModPower      1 OnOff=1
2021-08-24 14:23:38.867：Mod_GetIdVer      0 Id=20343369 Fuse=0x0 V0=27.700  I0=0.900   V1=30.008  接收超时 0
2021-08-24 14:23:39.169：Mod_GetIdVer      0 Id=20343661 Fuse=0x0 V0=27.650  I0=0.900   V1=30.008  接收超时 0 Retry 1
2021-08-24 14:23:39.472：Mod_GetIdVer      0 Id=20343947 Fuse=0x0 V0=27.650  I0=0.900   V1=30.034  接收超时 0 Retry 2
2021-08-24 14:23:39.774：Mod_GetIdVer      0 Id=20344256 Fuse=0x0 V0=27.650  I0=0.900   V1=30.150  接收超时 0 Retry 3
2021-08-24 14:23:40.075：Mod_GetIdVer      0 Id=20344563 Fuse=0x0 V0=27.700  I0=0.900   V1=30.061  接收超时 0 Retry 4
2021-08-24 14:23:40.363：Mod_GetIdVer      0 Id=20344865 Fuse=0x0 V0=27.650  I0=0.900   V1=30.034  接收超时 0 Retry 5
2021-08-24 14:23:40.665：Mod_GetIdVer      0 Id=20345156 Fuse=0x0 V0=27.650  I0=0.900   V1=30.034  接收超时 0 Retry 6
2021-08-24 14:23:40.951：Mod_GetIdVer      0 Id=20345458 Fuse=0x0 V0=27.650  I0=0.900   V1=30.079  接收超时 0 Retry 7
2021-08-24 14:23:41.237：Mod_GetIdVer      0 Id=20345744 Fuse=0x0 V0=27.650  I0=0.900   V1=30.052  接收超时 0 Retry 8
2021-08-24 14:23:41.524：Mod_GetIdVer      0 Id=20346023 Fuse=0x0 V0=27.650  I0=0.900   V1=30.114  接收超时 0 Retry 9
2021-08-24 14:23:41.825：Mod_GetIdVer      0 Id=20346293 Fuse=0x0 V0=27.700  I0=0.900   V1=30.025  接收超时 0 Retry 10
2021-08-24 14:24:01.668：Dev_Reset         1
2021-08-24 14:24:01.777：Dev_ModPower      1 OnOff=1
2021-08-24 14:24:03.014：Mod_GetIdVer      1 Id=20160565 Fuse=0x1 V0=27.400  I0=44.700  V1=30.088 
2021-08-24 14:24:03.120：Mod_NextCtrlOn    1 Id=20160565 V0=27.400  I0=44.700  V1=30.070 
2021-08-24 14:24:03.377：Mod_GetIdVer      0 Id=20367855 Fuse=0x0 V0=27.650  I0=0.300   V1=30.017  接收超时 0
2021-08-24 14:24:03.663：Mod_GetIdVer      0 Id=20368171 Fuse=0x0 V0=27.650  I0=0.300   V1=30.043  接收超时 0 Retry 1
2021-08-24 14:24:03.964：Mod_GetIdVer      0 Id=20368454 Fuse=0x0 V0=27.650  I0=0.300   V1=30.017  接收超时 0 Retry 2
2021-08-24 14:24:04.265：Mod_GetIdVer      0 Id=20368758 Fuse=0x0 V0=27.650  I0=0.300   V1=30.123  接收超时 0 Retry 3
2021-08-24 14:24:04.566：Mod_GetIdVer      0 Id=20369059 Fuse=0x0 V0=27.650  I0=0.300   V1=30.043  接收超时 0 Retry 4
2021-08-24 14:24:04.868：Mod_GetIdVer      0 Id=20369352 Fuse=0x0 V0=27.700  I0=0.300   V1=30.061  接收超时 0 Retry 5
2021-08-24 14:24:05.168：Mod_GetIdVer      0 Id=20369662 Fuse=0x0 V0=27.650  I0=0.300   V1=30.043  接收超时 0 Retry 6
2021-08-24 14:24:05.470：Mod_GetIdVer      0 Id=20369954 Fuse=0x0 V0=27.650  I0=0.300   V1=30.043  接收超时 0 Retry 7
2021-08-24 14:24:05.757：Mod_GetIdVer      0 Id=20370264 Fuse=0x0 V0=27.650  I0=0.300   V1=30.052  接收超时 0 Retry 8
2021-08-24 14:24:06.043：Mod_GetIdVer      0 Id=20370552 Fuse=0x0 V0=27.650  I0=0.300   V1=30.025  接收超时 0 Retry 9
2021-08-24 14:24:06.345：Mod_GetIdVer      0 Id=20370837 Fuse=0x0 V0=27.650  I0=0.300   V1=30.034  接收超时 0 Retry 10
2021-08-24 14:24:52.318：Dev_Reset         1
2021-08-24 14:24:52.433：Dev_ModPower      1 OnOff=1
2021-08-24 14:24:53.684：Mod_GetIdVer      1 Id=20134139 Fuse=0x1 V0=27.400  I0=42.600  V1=30.043 
2021-08-24 14:24:53.791：Mod_NextCtrlOn    1 Id=20134139 V0=27.400  I0=42.600  V1=30.061 
2021-08-24 14:24:54.024：Mod_GetIdVer      0 Id=20418517 Fuse=0x0 V0=27.650  I0=0.300   V1=30.043  接收超时 0
2021-08-24 14:24:54.311：Mod_GetIdVer      0 Id=20418819 Fuse=0x0 V0=27.650  I0=0.300   V1=30.025  接收超时 0 Retry 1
2021-08-24 14:24:54.597：Mod_GetIdVer      0 Id=20419109 Fuse=0x0 V0=27.650  I0=0.300   V1=30.043  接收超时 0 Retry 2
2021-08-24 14:24:54.883：Mod_GetIdVer      0 Id=20419392 Fuse=0x0 V0=27.650  I0=0.300   V1=30.052  接收超时 0 Retry 3
2021-08-24 14:24:55.196：Mod_GetIdVer      0 Id=20419676 Fuse=0x0 V0=27.650  I0=0.300   V1=30.034  接收超时 0 Retry 4
2021-08-24 14:24:55.482：Mod_GetIdVer      0 Id=20419970 Fuse=0x0 V0=27.650  I0=0.300   V1=30.025  接收超时 0 Retry 5
2021-08-24 14:24:55.783：Mod_GetIdVer      0 Id=20420272 Fuse=0x0 V0=27.650  I0=0.300   V1=30.034  接收超时 0 Retry 6
2021-08-24 14:24:56.069：Mod_GetIdVer      0 Id=20420572 Fuse=0x0 V0=27.650  I0=0.300   V1=30.025  接收超时 0 Retry 7
2021-08-24 14:24:56.356：Mod_GetIdVer      0 Id=20420859 Fuse=0x0 V0=27.650  I0=0.300   V1=30.017  接收超时 0 Retry 8
2021-08-24 14:24:56.642：Mod_GetIdVer      0 Id=20421150 Fuse=0x0 V0=27.650  I0=0.300   V1=30.052  接收超时 0 Retry 9
2021-08-24 14:24:56.928：Mod_GetIdVer      0 Id=20421439 Fuse=0x0 V0=27.650  I0=0.300   V1=30.034  接收超时 0 Retry 10
2021-08-24 14:25:15.963：Dev_Reset         1
2021-08-24 14:25:16.074：Dev_ModPower      1 OnOff=1
2021-08-24 14:25:17.289：Mod_GetIdVer      0 Id=20441796 Fuse=0x0 V0=27.600  I0=0.900   V1=30.008  接收超时 0
2021-08-24 14:25:17.591：Mod_GetIdVer      0 Id=20442088 Fuse=0x0 V0=27.650  I0=0.900   V1=30.070  接收超时 0 Retry 1
2021-08-24 14:25:17.898：Mod_GetIdVer      0 Id=20442382 Fuse=0x0 V0=27.650  I0=0.900   V1=30.043  接收超时 0 Retry 2
2021-08-24 14:25:18.200：Mod_GetIdVer      0 Id=20442696 Fuse=0x0 V0=27.700  I0=0.900   V1=30.034  接收超时 0 Retry 3
2021-08-24 14:25:18.501：Mod_GetIdVer      0 Id=20442998 Fuse=0x0 V0=27.650  I0=0.900   V1=30.052  接收超时 0 Retry 4
2021-08-24 14:25:18.804：Mod_GetIdVer      0 Id=20443300 Fuse=0x0 V0=27.650  I0=0.900   V1=30.052  接收超时 0 Retry 5
2021-08-24 14:25:19.116：Mod_GetIdVer      0 Id=20443599 Fuse=0x0 V0=27.650  I0=0.900   V1=30.034  接收超时 0 Retry 6
2021-08-24 14:25:19.417：Mod_GetIdVer      0 Id=20443906 Fuse=0x0 V0=27.650  I0=0.900   V1=30.043  接收超时 0 Retry 7
2021-08-24 14:25:19.704：Mod_GetIdVer      0 Id=20444214 Fuse=0x0 V0=27.650  I0=0.900   V1=30.017  接收超时 0 Retry 8
2021-08-24 14:25:20.004：Mod_GetIdVer      0 Id=20444479 Fuse=0x0 V0=27.650  I0=0.900   V1=30.025  接收超时 0 Retry 9
2021-08-24 14:25:20.306：Mod_GetIdVer      0 Id=20444804 Fuse=0x0 V0=27.650  I0=0.900   V1=30.043  接收超时 0 Retry 10
2021-08-24 14:25:54.525：Dev_Reset         1
2021-08-24 14:25:54.664：Dev_ModPower      1 OnOff=1
2021-08-24 14:25:55.903：Mod_GetIdVer      1 Id=20160584 Fuse=0x1 V0=27.350  I0=45.000  V1=30.034 
2021-08-24 14:25:56.010：Mod_NextCtrlOn    1 Id=20160584 V0=27.350  I0=45.000  V1=30.034 
2021-08-24 14:25:56.264：Mod_GetIdVer      1 Id=20160569 Fuse=0x1 V0=27.350  I0=44.100  V1=30.025 
2021-08-24 14:25:56.281：Dev_LEDCtrl       1 No=1 OnOff=0
2021-08-24 14:26:05.614：Dev_Reset         1
2021-08-24 14:26:05.716：Dev_ModPower      1 OnOff=1
2021-08-24 14:26:06.952：Mod_GetIdVer      1 Id=20160584 Fuse=0x1 V0=27.350  I0=44.100  V1=30.061 
2021-08-24 14:26:07.074：Mod_NextCtrlOn    1 Id=20160584 V0=27.350  I0=44.100  V1=30.034 
2021-08-24 14:26:07.326：Mod_GetIdVer      1 Id=20160569 Fuse=0x1 V0=27.400  I0=45.000  V1=30.052 
2021-08-24 14:26:07.348：Dev_LEDCtrl       1 No=1 OnOff=0
2021-08-24 14:26:41.350：Dev_Reset         1
2021-08-24 14:26:41.449：Dev_ModPower      1 OnOff=1
2021-08-24 14:26:42.700：Mod_GetIdVer      1 Id=20160584 Fuse=0x1 V0=27.400  I0=44.100  V1=30.034 
2021-08-24 14:26:42.791：Mod_NextCtrlOn    1 Id=20160584 V0=27.400  I0=44.100  V1=30.025 
2021-08-24 14:26:43.046：Mod_GetIdVer      1 Id=20160569 Fuse=0x1 V0=27.350  I0=43.200  V1=30.043 
2021-08-24 14:26:43.067：Dev_LEDCtrl       1 No=1 OnOff=0
2021-08-24 14:35:17.667：Dev_Reset         1
2021-08-24 14:35:17.789：Dev_ModPower      1 OnOff=1
2021-08-24 14:35:18.995：Mod_GetIdVer      0 Id=21043546 Fuse=0x0 V0=27.550  I0=0.900   V1=30.008  接收超时 0
2021-08-24 14:35:19.281：Mod_GetIdVer      0 Id=21043831 Fuse=0x0 V0=27.550  I0=0.900   V1=29.981  接收超时 0 Retry 1
2021-08-24 14:35:19.568：Mod_GetIdVer      0 Id=21044109 Fuse=0x0 V0=27.550  I0=0.900   V1=30.017  接收超时 0 Retry 2
2021-08-24 14:35:19.854：Mod_GetIdVer      0 Id=21044387 Fuse=0x0 V0=27.550  I0=0.900   V1=30.017  接收超时 0 Retry 3
2021-08-24 14:35:20.155：Mod_GetIdVer      0 Id=21044690 Fuse=0x0 V0=27.550  I0=1.200   V1=30.017  接收超时 0 Retry 4
2021-08-24 14:35:20.442：Mod_GetIdVer      0 Id=21044992 Fuse=0x0 V0=27.550  I0=0.600   V1=30.034  接收超时 0 Retry 5
2021-08-24 14:35:20.764：Mod_GetIdVer      1 Id=20160584 Fuse=0x1 V0=27.300  I0=44.400  V1=30.008  Retry 6
2021-08-24 14:35:20.870：Mod_NextCtrlOn    1 Id=20160584 V0=27.300  I0=44.400  V1=30.088 
2021-08-24 14:35:22.484：Dev_Reset         1
2021-08-24 14:35:22.838：Mod_GetIdVer      0 Id=21047390 Fuse=0x0 V0=0.000   I0=0.000   V1=30.052  接收超时 0
2021-08-24 14:35:23.159：Mod_GetIdVer      0 Id=21047674 Fuse=0x0 V0=0.000   I0=0.000   V1=30.034  接收超时 0 Retry 1
2021-08-24 14:35:23.460：Mod_GetIdVer      0 Id=21047987 Fuse=0x0 V0=0.000   I0=0.000   V1=30.025  接收超时 0 Retry 2
2021-08-24 14:35:23.762：Mod_GetIdVer      0 Id=21048296 Fuse=0x0 V0=0.000   I0=0.000   V1=30.034  接收超时 0 Retry 3
2021-08-24 14:35:24.064：Mod_GetIdVer      0 Id=21048598 Fuse=0x0 V0=0.000   I0=0.000   V1=30.025  接收超时 0 Retry 4
2021-08-24 14:35:24.350：Mod_GetIdVer      0 Id=21048901 Fuse=0x0 V0=0.000   I0=0.000   V1=30.034  接收超时 0 Retry 5
2021-08-24 14:35:24.637：Mod_GetIdVer      0 Id=21049188 Fuse=0x0 V0=0.000   I0=0.000   V1=30.034  接收超时 0 Retry 6
2021-08-24 14:35:24.938：Mod_GetIdVer      0 Id=21049473 Fuse=0x0 V0=0.000   I0=0.000   V1=30.025  接收超时 0 Retry 7
2021-08-24 14:35:25.225：Mod_GetIdVer      0 Id=21049773 Fuse=0x0 V0=0.000   I0=0.000   V1=30.043  接收超时 0 Retry 8
2021-08-24 14:35:25.512：Mod_GetIdVer      0 Id=21050040 Fuse=0x0 V0=0.000   I0=0.000   V1=29.999  接收超时 0 Retry 9
2021-08-24 14:35:25.798：Mod_GetIdVer      0 Id=21050349 Fuse=0x0 V0=0.000   I0=0.000   V1=30.025  接收超时 0 Retry 10
2021-08-24 14:35:29.425：Dev_Reset         1
2021-08-24 14:35:30.466：Dev_GetInfo       1 Id=201313 Ver=0x2C Baudrate=460800
2021-08-24 14:35:32.799：Dev_Reset         1
2021-08-24 14:35:33.952：Dev_Reset         1
2021-08-24 14:35:34.061：Dev_ModPower      1 OnOff=1
2021-08-24 14:35:35.310：Mod_GetIdVer      1 Id=20160584 Fuse=0x1 V0=27.300  I0=43.200  V1=30.017 
2021-08-24 14:35:35.418：Mod_NextCtrlOn    1 Id=20160584 V0=27.300  I0=43.200  V1=30.043 
2021-08-24 14:35:35.665：Mod_GetIdVer      0 Id=21060195 Fuse=0x0 V0=27.550  I0=3.000   V1=30.061  接收超时 0
2021-08-24 14:35:35.975：Mod_GetIdVer      0 Id=21060497 Fuse=0x0 V0=27.550  I0=3.000   V1=30.061  接收超时 0 Retry 1
2021-08-24 14:35:36.262：Mod_GetIdVer      0 Id=21060803 Fuse=0x0 V0=27.550  I0=3.000   V1=29.990  接收超时 0 Retry 2
2021-08-24 14:35:36.563：Mod_GetIdVer      0 Id=21061099 Fuse=0x0 V0=27.550  I0=0.600   V1=29.955  接收超时 0 Retry 3
2021-08-24 14:35:36.866：Mod_GetIdVer      0 Id=21061401 Fuse=0x0 V0=27.550  I0=0.600   V1=30.025  接收超时 0 Retry 4
2021-08-24 14:35:37.176：Mod_GetIdVer      0 Id=21061698 Fuse=0x0 V0=27.550  I0=3.000   V1=29.955  接收超时 0 Retry 5
2021-08-24 14:35:37.478：Mod_GetIdVer      0 Id=21061990 Fuse=0x0 V0=27.500  I0=3.000   V1=30.141  接收超时 0 Retry 6
2021-08-24 14:35:37.765：Mod_GetIdVer      0 Id=21062292 Fuse=0x0 V0=27.550  I0=3.000   V1=30.025  接收超时 0 Retry 7
2021-08-24 14:35:38.067：Mod_GetIdVer      0 Id=21062593 Fuse=0x0 V0=27.600  I0=0.600   V1=30.034  接收超时 0 Retry 8
2021-08-24 14:35:38.353：Mod_GetIdVer      0 Id=21062896 Fuse=0x0 V0=36.650  I0=33.900  V1=30.017  接收超时 0 Retry 9
2021-08-24 14:35:38.655：Mod_GetIdVer      0 Id=21063188 Fuse=0x0 V0=27.550  I0=3.000   V1=29.999  接收超时 0 Retry 10
2021-08-24 14:35:43.119：Dev_Reset         1
2021-08-24 14:35:44.761：Dev_Reset         1
2021-08-24 14:35:44.872：Dev_ModPower      1 OnOff=1
2021-08-24 14:35:46.124：Mod_GetIdVer      1 Id=20160584 Fuse=0x1 V0=27.300  I0=46.500  V1=30.017 
2021-08-24 14:35:46.215：Mod_NextCtrlOn    1 Id=20160584 V0=27.300  I0=46.500  V1=30.017 
2021-08-24 14:35:46.460：Mod_GetIdVer      0 Id=21070977 Fuse=0x0 V0=27.550  I0=0.600   V1=30.008  接收超时 0
2021-08-24 14:35:46.747：Mod_GetIdVer      0 Id=21071294 Fuse=0x0 V0=27.550  I0=3.000   V1=30.025  接收超时 0 Retry 1
2021-08-24 14:35:47.049：Mod_GetIdVer      0 Id=21071582 Fuse=0x0 V0=27.550  I0=0.600   V1=30.008  接收超时 0 Retry 2
2021-08-24 14:35:47.336：Mod_GetIdVer      0 Id=21071880 Fuse=0x0 V0=27.600  I0=0.600   V1=30.025  接收超时 0 Retry 3
2021-08-24 14:35:47.637：Mod_GetIdVer      0 Id=21072164 Fuse=0x0 V0=27.550  I0=3.000   V1=30.017  接收超时 0 Retry 4
2021-08-24 14:35:47.924：Mod_GetIdVer      0 Id=21072468 Fuse=0x0 V0=27.550  I0=3.000   V1=29.990  接收超时 0 Retry 5
2021-08-24 14:35:48.225：Mod_GetIdVer      0 Id=21072753 Fuse=0x0 V0=27.550  I0=0.600   V1=30.025  接收超时 0 Retry 6
2021-08-24 14:35:48.512：Mod_GetIdVer      0 Id=21073057 Fuse=0x0 V0=27.550  I0=0.600   V1=30.034  接收超时 0 Retry 7
2021-08-24 14:35:48.799：Mod_GetIdVer      0 Id=21073351 Fuse=0x0 V0=27.550  I0=3.000   V1=30.008  接收超时 0 Retry 8
2021-08-24 14:35:49.100：Mod_GetIdVer      0 Id=21073629 Fuse=0x0 V0=27.550  I0=0.600   V1=30.043  接收超时 0 Retry 9
2021-08-24 14:35:49.401：Mod_GetIdVer      0 Id=21073917 Fuse=0x0 V0=27.550  I0=0.600   V1=30.017  接收超时 0 Retry 10
2021-08-24 14:36:07.966：Dev_Reset         1
2021-08-24 14:36:08.088：Dev_ModPower      1 OnOff=1
2021-08-24 14:36:09.312：Mod_GetIdVer      1 Id=20160584 Fuse=0x1 V0=27.250  I0=47.100  V1=30.025 
2021-08-24 14:36:09.402：Mod_NextCtrlOn    1 Id=20160584 V0=27.250  I0=47.100  V1=30.017 
2021-08-24 14:36:09.634：Mod_GetIdVer      0 Id=21094167 Fuse=0x0 V0=27.600  I0=3.000   V1=30.025  接收超时 0
2021-08-24 14:36:09.950：Mod_GetIdVer      0 Id=21094474 Fuse=0x0 V0=27.550  I0=3.000   V1=30.025  接收超时 0 Retry 1
2021-08-24 14:36:10.238：Mod_GetIdVer      0 Id=21094791 Fuse=0x0 V0=27.500  I0=3.000   V1=30.025  接收超时 0 Retry 2
2021-08-24 14:36:10.540：Mod_GetIdVer      0 Id=21095074 Fuse=0x0 V0=36.600  I0=35.700  V1=29.990  接收超时 0 Retry 3
2021-08-24 14:36:10.826：Mod_GetIdVer      0 Id=21095379 Fuse=0x0 V0=36.650  I0=35.400  V1=30.025  接收超时 0 Retry 4
2021-08-24 14:36:11.127：Mod_GetIdVer      0 Id=21095663 Fuse=0x0 V0=27.550  I0=3.000   V1=30.008  接收超时 0 Retry 5
2021-08-24 14:36:11.429：Mod_GetIdVer      0 Id=21095968 Fuse=0x0 V0=27.550  I0=3.000   V1=30.052  接收超时 0 Retry 6
2021-08-24 14:36:11.736：Mod_GetIdVer      0 Id=21096260 Fuse=0x0 V0=27.550  I0=3.000   V1=30.034  接收超时 0 Retry 7
2021-08-24 14:36:12.022：Mod_GetIdVer      0 Id=21096567 Fuse=0x0 V0=27.550  I0=3.000   V1=30.008  接收超时 0 Retry 8
2021-08-24 14:36:12.309：Mod_GetIdVer      0 Id=21096862 Fuse=0x0 V0=27.550  I0=0.600   V1=30.025  接收超时 0 Retry 9
2021-08-24 14:36:12.611：Mod_GetIdVer      0 Id=21097147 Fuse=0x0 V0=27.550  I0=3.000   V1=30.043  接收超时 0 Retry 10
2021-08-24 14:36:50.179：Dev_Reset         1
2021-08-24 14:36:50.292：Dev_ModPower      1 OnOff=1
2021-08-24 14:36:51.530：Mod_GetIdVer      1 Id=20160569 Fuse=0x1 V0=27.300  I0=44.700  V1=30.034 
2021-08-24 14:36:51.636：Mod_NextCtrlOn    1 Id=20160569 V0=27.300  I0=44.700  V1=30.025 
2021-08-24 14:36:51.867：Mod_GetIdVer      0 Id=21136419 Fuse=0x0 V0=27.550  I0=0.300   V1=29.937  接收超时 0
2021-08-24 14:36:52.170：Mod_GetIdVer      0 Id=21136711 Fuse=0x0 V0=27.550  I0=0.300   V1=29.999  接收超时 0 Retry 1
2021-08-24 14:36:52.456：Mod_GetIdVer      0 Id=21137003 Fuse=0x0 V0=27.550  I0=0.300   V1=30.052  接收超时 0 Retry 2
2021-08-24 14:36:52.757：Mod_GetIdVer      0 Id=21137282 Fuse=0x0 V0=27.600  I0=0.300   V1=30.034  接收超时 0 Retry 3
2021-08-24 14:36:53.058：Mod_GetIdVer      0 Id=21137600 Fuse=0x0 V0=27.550  I0=0.300   V1=30.061  接收超时 0 Retry 4
2021-08-24 14:36:53.345：Mod_GetIdVer      0 Id=21137901 Fuse=0x0 V0=27.550  I0=0.300   V1=30.017  接收超时 0 Retry 5
2021-08-24 14:36:53.645：Mod_GetIdVer      0 Id=21138188 Fuse=0x0 V0=27.600  I0=0.300   V1=30.043  接收超时 0 Retry 6
2021-08-24 14:36:53.947：Mod_GetIdVer      0 Id=21138482 Fuse=0x0 V0=27.550  I0=0.300   V1=30.043  接收超时 0 Retry 7
2021-08-24 14:36:54.249：Mod_GetIdVer      0 Id=21138789 Fuse=0x0 V0=27.550  I0=0.300   V1=30.034  接收超时 0 Retry 8
2021-08-24 14:36:54.536：Mod_GetIdVer      0 Id=21139084 Fuse=0x0 V0=27.600  I0=0.300   V1=30.008  接收超时 0 Retry 9
2021-08-24 14:36:54.838：Mod_GetIdVer      0 Id=21139370 Fuse=0x0 V0=27.550  I0=0.300   V1=30.017  接收超时 0 Retry 10
2021-08-24 14:37:00.223：Dev_Reset         1
2021-08-24 14:37:00.323：Dev_ModPower      1 OnOff=1
2021-08-24 14:37:01.560：Mod_GetIdVer      1 Id=20160584 Fuse=0x1 V0=27.350  I0=41.700  V1=30.008 
2021-08-24 14:37:01.652：Mod_NextCtrlOn    1 Id=20160584 V0=27.350  I0=41.700  V1=30.025 
2021-08-24 14:37:01.884：Mod_GetIdVer      0 Id=21146435 Fuse=0x0 V0=27.550  I0=0.300   V1=30.025  接收超时 0
2021-08-24 14:37:02.185：Mod_GetIdVer      0 Id=21146727 Fuse=0x0 V0=27.550  I0=0.300   V1=30.034  接收超时 0 Retry 1
2021-08-24 14:37:02.472：Mod_GetIdVer      0 Id=21147008 Fuse=0x0 V0=27.550  I0=0.300   V1=30.043  接收超时 0 Retry 2
2021-08-24 14:37:02.773：Mod_GetIdVer      0 Id=21147306 Fuse=0x0 V0=27.550  I0=0.300   V1=30.025  接收超时 0 Retry 3
2021-08-24 14:37:03.074：Mod_GetIdVer      0 Id=21147615 Fuse=0x0 V0=27.550  I0=0.300   V1=30.034  接收超时 0 Retry 4
2021-08-24 14:37:03.361：Mod_GetIdVer      0 Id=21147907 Fuse=0x0 V0=27.600  I0=0.300   V1=30.043  接收超时 0 Retry 5
2021-08-24 14:37:03.661：Mod_GetIdVer      0 Id=21148181 Fuse=0x0 V0=27.550  I0=0.300   V1=30.034  接收超时 0 Retry 6
2021-08-24 14:37:03.948：Mod_GetIdVer      0 Id=21148504 Fuse=0x0 V0=27.600  I0=0.300   V1=30.096  接收超时 0 Retry 7
2021-08-24 14:37:04.252：Mod_GetIdVer      0 Id=21148780 Fuse=0x0 V0=27.600  I0=0.900   V1=30.017  接收超时 0 Retry 8
2021-08-24 14:37:04.555：Mod_GetIdVer      0 Id=21149097 Fuse=0x0 V0=27.600  I0=0.900   V1=29.990  接收超时 0 Retry 9
2021-08-24 14:37:04.856：Mod_GetIdVer      0 Id=21149397 Fuse=0x0 V0=27.600  I0=0.900   V1=30.034  接收超时 0 Retry 10
2021-08-24 14:38:02.817：Dev_Reset         1
2021-08-24 14:38:02.933：Dev_ModPower      1 OnOff=1
2021-08-24 14:38:04.185：Mod_GetIdVer      1 Id=20160569 Fuse=0x1 V0=27.400  I0=40.800  V1=29.972 
2021-08-24 14:38:04.291：Mod_NextCtrlOn    1 Id=20160569 V0=27.400  I0=40.800  V1=29.999 
2021-08-24 14:38:04.530：Mod_GetIdVer      1 Id=20160584 Fuse=0x1 V0=27.300  I0=41.100  V1=30.017 
2021-08-24 14:38:04.553：Dev_LEDCtrl       1 No=1 OnOff=0
2021-08-24 14:42:27.171：Dev_Reset         1
2021-08-24 14:42:45.742：Dev_GetInfo       1 Id=201313 Ver=0x2C Baudrate=460800
2021-08-24 14:42:47.853：Dev_Reset         1
2021-08-24 14:42:48.829：Dev_Reset         1
2021-08-24 14:42:48.933：Dev_ModPower      1 OnOff=1
2021-08-24 14:42:50.185：Mod_GetIdVer      1 Id=20160569 Fuse=0x1 V0=27.250  I0=43.800  V1=30.017 
2021-08-24 14:42:50.306：Mod_NextCtrlOn    1 Id=20160569 V0=27.250  I0=43.800  V1=30.043 
2021-08-24 14:42:50.560：Mod_GetIdVer      1 Id=20160584 Fuse=0x1 V0=27.300  I0=44.700  V1=30.008 
2021-08-24 14:42:50.593：Dev_LEDCtrl       1 No=1 OnOff=0
2021-08-24 14:43:05.526：Dev_Reset         1
2021-08-24 14:43:05.636：Dev_ModPower      1 OnOff=1
2021-08-24 14:43:06.872：Mod_GetIdVer      1 Id=20160569 Fuse=0x1 V0=27.300  I0=43.200  V1=30.070 
2021-08-24 14:43:06.978：Mod_NextCtrlOn    1 Id=20160569 V0=27.300  I0=43.200  V1=30.025 
2021-08-24 14:43:07.239：Mod_GetIdVer      1 Id=20160584 Fuse=0x1 V0=27.300  I0=44.100  V1=30.008 
2021-08-24 14:43:07.245：Dev_LEDCtrl       1 No=1 OnOff=0
2021-08-24 14:43:23.142：Dev_Reset         1
2021-08-24 14:43:23.261：Dev_ModPower      1 OnOff=1
2021-08-24 14:43:24.514：Mod_GetIdVer      1 Id=20160569 Fuse=0x1 V0=27.300  I0=44.400  V1=30.052 
2021-08-24 14:43:24.636：Mod_NextCtrlOn    1 Id=20160569 V0=27.300  I0=44.400  V1=30.034 
2021-08-24 14:43:24.886：Mod_GetIdVer      1 Id=20160584 Fuse=0x1 V0=27.300  I0=42.900  V1=30.017 
2021-08-24 14:43:24.919：Dev_LEDCtrl       1 No=1 OnOff=0
2021-08-24 14:43:55.210：Dev_Reset         1
2021-08-24 14:43:55.310：Dev_ModPower      1 OnOff=1
2021-08-24 14:43:56.560：Mod_GetIdVer      1 Id=20160569 Fuse=0x1 V0=27.300  I0=41.700  V1=30.017 
2021-08-24 14:43:56.650：Mod_NextCtrlOn    1 Id=20160569 V0=27.300  I0=41.700  V1=30.034 
2021-08-24 14:43:56.916：Mod_GetIdVer      1 Id=20160584 Fuse=0x1 V0=27.300  I0=43.200  V1=30.008 
2021-08-24 14:43:56.949：Dev_LEDCtrl       1 No=1 OnOff=0
2021-08-24 14:43:58.730：Dev_Reset         1
2021-08-24 14:43:58.839：Dev_ModPower      1 OnOff=1
2021-08-24 14:44:00.075：Mod_GetIdVer      1 Id=20160569 Fuse=0x1 V0=27.300  I0=42.900  V1=30.008 
2021-08-24 14:44:00.182：Mod_NextCtrlOn    1 Id=20160569 V0=27.300  I0=42.900  V1=30.017 
2021-08-24 14:44:00.450：Mod_GetIdVer      1 Id=20160584 Fuse=0x1 V0=27.300  I0=42.600  V1=30.017 
2021-08-24 14:44:00.483：Dev_LEDCtrl       1 No=1 OnOff=0
2021-08-24 14:44:11.743：Dev_Reset         1
2021-08-24 14:44:11.855：Dev_ModPower      1 OnOff=1
2021-08-24 14:44:13.091：Mod_GetIdVer      1 Id=20160569 Fuse=0x1 V0=27.250  I0=43.800  V1=30.034 
2021-08-24 14:44:13.197：Mod_NextCtrlOn    1 Id=20160569 V0=27.250  I0=43.800  V1=30.025 
2021-08-24 14:44:13.458：Mod_GetIdVer      1 Id=20160584 Fuse=0x1 V0=27.300  I0=42.600  V1=30.017 
2021-08-24 14:44:13.465：Dev_LEDCtrl       1 No=1 OnOff=0
2021-08-24 14:44:15.953：Dev_Reset         1
2021-08-24 14:44:16.059：Dev_ModPower      1 OnOff=1
2021-08-24 14:44:17.295：Mod_GetIdVer      1 Id=20160569 Fuse=0x1 V0=27.300  I0=44.700  V1=30.034 
2021-08-24 14:44:17.385：Mod_NextCtrlOn    1 Id=20160569 V0=27.300  I0=44.700  V1=30.025 
2021-08-24 14:44:17.639：Mod_GetIdVer      1 Id=20160584 Fuse=0x1 V0=27.350  I0=39.000  V1=30.088 
2021-08-24 14:44:17.645：Dev_LEDCtrl       1 No=1 OnOff=0
2021-08-24 14:44:42.713：Dev_Reset         1
2021-08-24 14:44:42.828：Dev_ModPower      1 OnOff=1
2021-08-24 14:44:44.061：Mod_GetIdVer      1 Id=20160569 Fuse=0x1 V0=27.250  I0=45.900  V1=30.025 
2021-08-24 14:44:44.152：Mod_NextCtrlOn    1 Id=20160569 V0=27.250  I0=45.900  V1=30.034 
2021-08-24 14:44:44.405：Mod_GetIdVer      1 Id=20160584 Fuse=0x1 V0=27.300  I0=46.500  V1=30.079 
2021-08-24 14:44:44.427：Dev_LEDCtrl       1 No=1 OnOff=0
2021-08-24 14:44:59.735：Dev_Reset         1
2021-08-24 14:44:59.839：Dev_ModPower      1 OnOff=1
2021-08-24 14:45:01.075：Mod_GetIdVer      1 Id=20160569 Fuse=0x1 V0=27.350  I0=43.800  V1=30.034 
2021-08-24 14:45:01.166：Mod_NextCtrlOn    1 Id=20160569 V0=27.350  I0=43.800  V1=30.025 
2021-08-24 14:45:01.425：Mod_GetIdVer      1 Id=20160584 Fuse=0x1 V0=27.300  I0=43.200  V1=30.034 
2021-08-24 14:45:01.446：Dev_LEDCtrl       1 No=1 OnOff=0
2021-08-24 14:45:42.238：Dev_Reset         1
2021-08-24 14:45:42.354：Dev_ModPower      1 OnOff=1
2021-08-24 14:45:43.592：Mod_GetIdVer      1 Id=20160569 Fuse=0x1 V0=27.300  I0=44.700  V1=30.052 
2021-08-24 14:45:43.683：Mod_NextCtrlOn    1 Id=20160569 V0=27.300  I0=44.700  V1=30.017 
2021-08-24 14:45:43.968：Mod_GetIdVer      1 Id=20160584 Fuse=0x1 V0=27.250  I0=46.500  V1=29.999 
2021-08-24 14:45:44.002：Dev_LEDCtrl       1 No=1 OnOff=0
2021-08-24 14:46:30.581：Dev_Reset         1
2021-08-24 14:46:30.707：Dev_ModPower      1 OnOff=1
2021-08-24 14:46:31.938：Mod_GetIdVer      1 Id=20160569 Fuse=0x1 V0=27.500  I0=0.300   V1=30.052 
2021-08-24 14:46:32.028：Mod_NextCtrlOn    1 Id=20160569 V0=27.500  I0=0.300   V1=30.025 
2021-08-24 14:46:32.278：Mod_GetIdVer      1 Id=20160584 Fuse=0x1 V0=27.300  I0=42.900  V1=30.025 
2021-08-24 14:46:32.284：Dev_LEDCtrl       1 No=1 OnOff=0
2021-08-24 14:46:58.583：Dev_Reset         1
2021-08-24 14:46:58.697：Dev_ModPower      1 OnOff=1
2021-08-24 14:46:59.919：Mod_GetIdVer      1 Id=20160569 Fuse=0x1 V0=27.300  I0=43.800  V1=30.034 
2021-08-24 14:47:00.026：Mod_NextCtrlOn    1 Id=20160569 V0=27.300  I0=43.800  V1=30.025 
2021-08-24 14:47:00.276：Mod_GetIdVer      1 Id=20160584 Fuse=0x1 V0=27.300  I0=44.700  V1=30.052 
2021-08-24 14:47:00.310：Dev_LEDCtrl       1 No=1 OnOff=0
2021-08-24 14:53:32.816：Dev_Reset         0
2021-08-24 14:53:32.932：Dev_ModPower      0 OnOff=1
2021-08-24 14:53:33.964：Mod_GetIdVer      0 Id=20000000 Fuse=0x0 V0=0.000   I0=0.000   V1=0.000  
2021-08-24 14:53:34.065：Mod_GetIdVer      0 Id=20000000 Fuse=0x0 V0=0.000   I0=0.000   V1=0.000   Retry 1
2021-08-24 14:53:34.166：Mod_GetIdVer      0 Id=20000000 Fuse=0x0 V0=0.000   I0=0.000   V1=0.000   Retry 2
2021-08-24 14:53:34.267：Mod_GetIdVer      0 Id=20000000 Fuse=0x0 V0=0.000   I0=0.000   V1=0.000   Retry 3
2021-08-24 14:53:34.367：Mod_GetIdVer      0 Id=20000000 Fuse=0x0 V0=0.000   I0=0.000   V1=0.000   Retry 4
2021-08-24 14:53:34.468：Mod_GetIdVer      0 Id=20000000 Fuse=0x0 V0=0.000   I0=0.000   V1=0.000   Retry 5
2021-08-24 14:53:34.569：Mod_GetIdVer      0 Id=20000000 Fuse=0x0 V0=0.000   I0=0.000   V1=0.000   Retry 6
2021-08-24 14:53:34.669：Mod_GetIdVer      0 Id=20000000 Fuse=0x0 V0=0.000   I0=0.000   V1=0.000   Retry 7
2021-08-24 14:53:34.770：Mod_GetIdVer      0 Id=20000000 Fuse=0x0 V0=0.000   I0=0.000   V1=0.000   Retry 8
2021-08-24 14:53:34.871：Mod_GetIdVer      0 Id=20000000 Fuse=0x0 V0=0.000   I0=0.000   V1=0.000   Retry 9
2021-08-24 14:53:34.972：Mod_GetIdVer      0 Id=20000000 Fuse=0x0 V0=0.000   I0=0.000   V1=0.000   Retry 10
2021-08-24 14:53:40.495：Dev_Reset         0
2021-08-24 14:53:43.289：Dev_Reset         0
2021-08-24 14:53:43.938：Dev_GetInfo       1 Id=201313 Ver=0x2C Baudrate=460800
2021-08-24 14:53:46.248：Dev_Reset         1
2021-08-24 14:53:47.565：Dev_Reset         1
2021-08-24 14:53:47.669：Dev_ModPower      1 OnOff=1
2021-08-24 14:53:48.904：Mod_GetIdVer      1 Id=20160569 Fuse=0x1 V0=27.300  I0=45.300  V1=30.034 
2021-08-24 14:53:48.995：Mod_NextCtrlOn    1 Id=20160569 V0=27.300  I0=45.300  V1=29.981 
2021-08-24 14:53:49.249：Mod_GetIdVer      1 Id=20160584 Fuse=0x1 V0=27.250  I0=45.000  V1=30.025 
2021-08-24 14:53:49.265：Dev_LEDCtrl       1 No=1 OnOff=0
2021-08-24 14:53:51.379：Dev_Reset         1
2021-08-24 14:53:51.494：Dev_ModPower      1 OnOff=1
2021-08-24 14:53:52.734：Mod_GetIdVer      1 Id=20160569 Fuse=0x1 V0=27.300  I0=45.000  V1=30.034 
2021-08-24 14:53:52.840：Mod_NextCtrlOn    1 Id=20160569 V0=27.300  I0=45.000  V1=30.025 
2021-08-24 14:53:53.091：Mod_GetIdVer      1 Id=20160584 Fuse=0x1 V0=27.250  I0=45.600  V1=30.017 
2021-08-24 14:53:53.097：Dev_LEDCtrl       1 No=1 OnOff=0
2021-08-24 14:53:56.110：Dev_Reset         1
2021-08-24 14:53:56.215：Dev_ModPower      1 OnOff=1
2021-08-24 14:53:57.473：Mod_GetIdVer      1 Id=20160569 Fuse=0x1 V0=27.300  I0=41.400  V1=30.088 
2021-08-24 14:53:57.580：Mod_NextCtrlOn    1 Id=20160569 V0=27.300  I0=41.400  V1=29.990 
2021-08-24 14:53:57.841：Mod_GetIdVer      1 Id=20160584 Fuse=0x1 V0=27.300  I0=44.700  V1=30.025 
2021-08-24 14:53:57.862：Dev_LEDCtrl       1 No=1 OnOff=0
2021-08-24 15:04:42.123：Dev_Reset         1
2021-08-24 15:04:42.232：Dev_ModPower      1 OnOff=1
2021-08-24 15:04:43.467：Mod_GetIdVer      1 Id=20160569 Fuse=0x1 V0=27.300  I0=45.000  V1=30.034 
2021-08-24 15:04:43.573：Mod_NextCtrlOn    1 Id=20160569 V0=27.300  I0=45.000  V1=29.981 
2021-08-24 15:04:43.826：Mod_GetIdVer      1 Id=20160584 Fuse=0x1 V0=27.300  I0=45.300  V1=30.017 
2021-08-24 15:04:43.848：Dev_LEDCtrl       1 No=1 OnOff=0
2021-08-24 15:04:45.763：Dev_Reset         1
2021-08-24 15:04:47.162：Dev_Reset         1
2021-08-24 15:04:47.262：Dev_ModPower      1 OnOff=1
2021-08-24 15:04:48.498：Mod_GetIdVer      1 Id=20160569 Fuse=0x1 V0=27.350  I0=43.800  V1=30.043 
2021-08-24 15:04:48.603：Mod_NextCtrlOn    1 Id=20160569 V0=27.350  I0=43.800  V1=30.034 
2021-08-24 15:04:48.857：Mod_GetIdVer      1 Id=20160584 Fuse=0x1 V0=27.300  I0=43.800  V1=29.981 
2021-08-24 15:04:48.873：Dev_LEDCtrl       1 No=1 OnOff=0
2021-08-24 15:06:10.810：Dev_Reset         1
2021-08-24 15:06:10.918：Dev_ModPower      1 OnOff=1
2021-08-24 15:06:12.169：Mod_GetIdVer      1 Id=20160569 Fuse=0x1 V0=27.300  I0=43.800  V1=30.105 
2021-08-24 15:06:12.276：Mod_NextCtrlOn    1 Id=20160569 V0=27.300  I0=43.800  V1=30.043 
2021-08-24 15:06:12.530：Mod_GetIdVer      1 Id=20160584 Fuse=0x1 V0=27.300  I0=45.300  V1=30.025 
2021-08-24 15:06:12.563：Dev_LEDCtrl       1 No=1 OnOff=0
2021-08-24 15:06:19.161：Dev_Reset         1
2021-08-24 15:13:42.885：Dev_Reset         0
2021-08-24 15:13:43.967：Dev_Reset         0
2021-08-24 15:13:44.088：Dev_ModPower      0 OnOff=1
2021-08-24 15:13:45.119：Mod_GetIdVer      0 Id=20000000 Fuse=0x0 V0=0.000   I0=0.000   V1=0.000  
2021-08-24 15:13:45.220：Mod_GetIdVer      0 Id=20000000 Fuse=0x0 V0=0.000   I0=0.000   V1=0.000   Retry 1
2021-08-24 15:13:45.321：Mod_GetIdVer      0 Id=20000000 Fuse=0x0 V0=0.000   I0=0.000   V1=0.000   Retry 2
2021-08-24 15:13:45.421：Mod_GetIdVer      0 Id=20000000 Fuse=0x0 V0=0.000   I0=0.000   V1=0.000   Retry 3
2021-08-24 15:13:45.522：Mod_GetIdVer      0 Id=20000000 Fuse=0x0 V0=0.000   I0=0.000   V1=0.000   Retry 4
2021-08-24 15:13:45.623：Mod_GetIdVer      0 Id=20000000 Fuse=0x0 V0=0.000   I0=0.000   V1=0.000   Retry 5
2021-08-24 15:13:45.723：Mod_GetIdVer      0 Id=20000000 Fuse=0x0 V0=0.000   I0=0.000   V1=0.000   Retry 6
2021-08-24 15:13:45.824：Mod_GetIdVer      0 Id=20000000 Fuse=0x0 V0=0.000   I0=0.000   V1=0.000   Retry 7
2021-08-24 15:13:45.925：Mod_GetIdVer      0 Id=20000000 Fuse=0x0 V0=0.000   I0=0.000   V1=0.000   Retry 8
2021-08-24 15:13:46.025：Mod_GetIdVer      0 Id=20000000 Fuse=0x0 V0=0.000   I0=0.000   V1=0.000   Retry 9
2021-08-24 15:13:46.126：Mod_GetIdVer      0 Id=20000000 Fuse=0x0 V0=0.000   I0=0.000   V1=0.000   Retry 10
2021-08-24 15:13:58.994：Dev_Reset         0
2021-08-24 15:14:00.437：Dev_Reset         0
2021-08-24 15:14:01.156：Dev_GetInfo       1 Id=201313 Ver=0x2C Baudrate=460800
2021-08-24 15:14:03.044：Dev_Reset         1
2021-08-24 15:14:03.152：Dev_ModPower      1 OnOff=1
2021-08-24 15:14:04.368：Mod_GetIdVer      0 Id=20178926 Fuse=0x0 V0=27.700  I0=0.900   V1=30.034  接收超时 0
2021-08-24 15:14:04.655：Mod_GetIdVer      0 Id=20179214 Fuse=0x0 V0=27.700  I0=0.900   V1=30.052  接收超时 0 Retry 1
2021-08-24 15:14:04.942：Mod_GetIdVer      0 Id=20179504 Fuse=0x0 V0=27.700  I0=0.900   V1=30.096  接收超时 0 Retry 2
2021-08-24 15:14:05.243：Mod_GetIdVer      0 Id=20179789 Fuse=0x0 V0=27.700  I0=0.900   V1=30.176  接收超时 0 Retry 3
2021-08-24 15:14:05.544：Mod_GetIdVer      0 Id=20180084 Fuse=0x0 V0=27.700  I0=0.900   V1=30.052  接收超时 0 Retry 4
2021-08-24 15:14:05.830：Mod_GetIdVer      0 Id=20180385 Fuse=0x0 V0=27.750  I0=0.900   V1=30.070  接收超时 0 Retry 5
2021-08-24 15:14:06.116：Mod_GetIdVer      0 Id=20180678 Fuse=0x0 V0=27.750  I0=0.900   V1=30.105  接收超时 0 Retry 6
2021-08-24 15:14:06.403：Mod_GetIdVer      0 Id=20180968 Fuse=0x0 V0=27.700  I0=0.900   V1=30.079  接收超时 0 Retry 7
2021-08-24 15:14:06.689：Mod_GetIdVer      0 Id=20181249 Fuse=0x0 V0=27.700  I0=0.900   V1=30.043  接收超时 0 Retry 8
2021-08-24 15:14:06.991：Mod_GetIdVer      0 Id=20181540 Fuse=0x0 V0=27.750  I0=0.900   V1=30.158  接收超时 0 Retry 9
2021-08-24 15:14:07.278：Mod_GetIdVer      0 Id=20181842 Fuse=0x0 V0=27.700  I0=0.900   V1=30.061  接收超时 0 Retry 10
2021-08-24 15:14:15.109：Dev_Reset         1
2021-08-24 15:15:42.817：Dev_GetInfo       1 Id=201313 Ver=0x2C Baudrate=460800
2021-08-24 15:15:46.011：Dev_Reset         1
2021-08-24 15:15:47.365：Dev_Reset         1
2021-08-24 15:15:47.465：Dev_ModPower      1 OnOff=1
2021-08-24 15:15:48.680：Mod_GetIdVer      0 Id=20283245 Fuse=0x0 V0=27.650  I0=0.300   V1=30.061  接收超时 0
2021-08-24 15:15:48.982：Mod_GetIdVer      0 Id=20283528 Fuse=0x0 V0=27.600  I0=0.300   V1=30.025  接收超时 0 Retry 1
2021-08-24 15:15:49.279：Mod_GetIdVer      0 Id=20283835 Fuse=0x0 V0=27.650  I0=0.300   V1=30.025  接收超时 0 Retry 2
2021-08-24 15:15:49.566：Mod_GetIdVer      0 Id=20284133 Fuse=0x0 V0=27.700  I0=0.300   V1=30.052  接收超时 0 Retry 3
2021-08-24 15:15:49.852：Mod_GetIdVer      0 Id=20284422 Fuse=0x0 V0=27.700  I0=0.300   V1=30.017  接收超时 0 Retry 4
2021-08-24 15:15:50.154：Mod_GetIdVer      0 Id=20284706 Fuse=0x0 V0=27.650  I0=0.300   V1=30.052  接收超时 0 Retry 5
2021-08-24 15:15:50.439：Mod_GetIdVer      0 Id=20285011 Fuse=0x0 V0=27.650  I0=0.300   V1=30.052  接收超时 0 Retry 6
2021-08-24 15:15:50.743：Mod_GetIdVer      0 Id=20285287 Fuse=0x0 V0=27.650  I0=0.300   V1=29.999  接收超时 0 Retry 7
2021-08-24 15:15:51.049：Mod_GetIdVer      0 Id=20285591 Fuse=0x0 V0=27.700  I0=0.300   V1=30.043  接收超时 0 Retry 8
2021-08-24 15:15:51.336：Mod_GetIdVer      0 Id=20285899 Fuse=0x0 V0=27.700  I0=0.300   V1=29.990  接收超时 0 Retry 9
2021-08-24 15:15:51.638：Mod_GetIdVer      0 Id=20286190 Fuse=0x0 V0=27.650  I0=0.300   V1=30.034  接收超时 0 Retry 10
2021-08-24 15:15:57.425：Dev_Reset         1
2021-08-24 15:16:00.343：Dev_Reset         1
2021-08-24 15:19:37.381：Dev_Reset         0
2021-08-24 15:22:58.113：Dev_Reset         0
